{"C:\\StrayCare\\straycare-backend\\src\\controllers\\adminAuthController.ts": {"path":"C:\\StrayCare\\straycare-backend\\src\\controllers\\adminAuthController.ts","statementMap":{"0":{"start":{"line":1,"column":0},"end":{"line":1,"column":49}},"1":{"start":{"line":3,"column":14},"end":{"line":3,"column":40}},"2":{"start":{"line":4,"column":35},"end":{"line":4,"column":67}},"3":{"start":{"line":6,"column":0},"end":{"line":6,"column":52}},"4":{"start":{"line":7,"column":0},"end":{"line":7,"column":62}},"5":{"start":{"line":10,"column":0},"end":{"line":31,"column":5}},"6":{"start":{"line":11,"column":32},"end":{"line":11,"column":40}},"7":{"start":{"line":13,"column":18},"end":{"line":13,"column":48}},"8":{"start":{"line":14,"column":4},"end":{"line":17,"column":5}},"9":{"start":{"line":15,"column":6},"end":{"line":15,"column":61}},"10":{"start":{"line":16,"column":6},"end":{"line":16,"column":13}},"11":{"start":{"line":19,"column":18},"end":{"line":19,"column":81}},"12":{"start":{"line":20,"column":4},"end":{"line":23,"column":5}},"13":{"start":{"line":21,"column":6},"end":{"line":21,"column":61}},"14":{"start":{"line":22,"column":6},"end":{"line":22,"column":13}},"15":{"start":{"line":25,"column":18},"end":{"line":27,"column":null}},"16":{"start":{"line":30,"column":4},"end":{"line":30,"column":96}},"17":{"start":{"line":33,"column":0},"end":{"line":52,"column":5}},"18":{"start":{"line":34,"column":22},"end":{"line":34,"column":30}},"19":{"start":{"line":36,"column":18},"end":{"line":36,"column":48}},"20":{"start":{"line":38,"column":4},"end":{"line":41,"column":5}},"21":{"start":{"line":39,"column":6},"end":{"line":39,"column":81}},"22":{"start":{"line":40,"column":6},"end":{"line":40,"column":13}},"23":{"start":{"line":43,"column":18},"end":{"line":43,"column":59}},"24":{"start":{"line":44,"column":4},"end":{"line":44,"column":29}},"25":{"start":{"line":45,"column":4},"end":{"line":45,"column":60}},"26":{"start":{"line":46,"column":4},"end":{"line":46,"column":23}},"27":{"start":{"line":48,"column":22},"end":{"line":48,"column":81}},"28":{"start":{"line":49,"column":4},"end":{"line":49,"column":51}},"29":{"start":{"line":51,"column":4},"end":{"line":51,"column":79}},"30":{"start":{"line":54,"column":0},"end":{"line":96,"column":5}},"31":{"start":{"line":55,"column":35},"end":{"line":55,"column":43}},"32":{"start":{"line":57,"column":4},"end":{"line":60,"column":5}},"33":{"start":{"line":58,"column":6},"end":{"line":58,"column":77}},"34":{"start":{"line":59,"column":6},"end":{"line":59,"column":13}},"35":{"start":{"line":63,"column":4},"end":{"line":68,"column":5}},"36":{"start":{"line":64,"column":6},"end":{"line":64,"column":46}},"37":{"start":{"line":66,"column":6},"end":{"line":66,"column":66}},"38":{"start":{"line":67,"column":6},"end":{"line":67,"column":13}},"39":{"start":{"line":70,"column":18},"end":{"line":73,"column":6}},"40":{"start":{"line":75,"column":4},"end":{"line":78,"column":5}},"41":{"start":{"line":76,"column":6},"end":{"line":76,"column":66}},"42":{"start":{"line":77,"column":6},"end":{"line":77,"column":13}},"43":{"start":{"line":80,"column":4},"end":{"line":83,"column":5}},"44":{"start":{"line":81,"column":6},"end":{"line":81,"column":80}},"45":{"start":{"line":82,"column":6},"end":{"line":82,"column":13}},"46":{"start":{"line":85,"column":4},"end":{"line":85,"column":33}},"47":{"start":{"line":86,"column":4},"end":{"line":86,"column":28}},"48":{"start":{"line":87,"column":4},"end":{"line":87,"column":34}},"49":{"start":{"line":89,"column":4},"end":{"line":92,"column":5}},"50":{"start":{"line":90,"column":6},"end":{"line":90,"column":30}},"51":{"start":{"line":91,"column":6},"end":{"line":91,"column":35}},"52":{"start":{"line":94,"column":4},"end":{"line":94,"column":23}},"53":{"start":{"line":95,"column":4},"end":{"line":95,"column":55}}},"fnMap":{"0":{"name":"(anonymous_0)","decl":{"start":{"line":10,"column":27},"end":{"line":10,"column":32}},"loc":{"start":{"line":10,"column":100},"end":{"line":31,"column":3}}},"1":{"name":"(anonymous_1)","decl":{"start":{"line":33,"column":36},"end":{"line":33,"column":41}},"loc":{"start":{"line":33,"column":109},"end":{"line":52,"column":3}}},"2":{"name":"(anonymous_2)","decl":{"start":{"line":54,"column":35},"end":{"line":54,"column":40}},"loc":{"start":{"line":54,"column":108},"end":{"line":96,"column":3}}}},"branchMap":{"0":{"loc":{"start":{"line":14,"column":4},"end":{"line":17,"column":5}},"type":"if","locations":[{"start":{"line":14,"column":4},"end":{"line":17,"column":5}},{"start":{},"end":{}}]},"1":{"loc":{"start":{"line":14,"column":8},"end":{"line":14,"column":33}},"type":"binary-expr","locations":[{"start":{"line":14,"column":8},"end":{"line":14,"column":14}},{"start":{"line":14,"column":18},"end":{"line":14,"column":33}}]},"2":{"loc":{"start":{"line":20,"column":4},"end":{"line":23,"column":5}},"type":"if","locations":[{"start":{"line":20,"column":4},"end":{"line":23,"column":5}},{"start":{},"end":{}}]},"3":{"loc":{"start":{"line":38,"column":4},"end":{"line":41,"column":5}},"type":"if","locations":[{"start":{"line":38,"column":4},"end":{"line":41,"column":5}},{"start":{},"end":{}}]},"4":{"loc":{"start":{"line":57,"column":4},"end":{"line":60,"column":5}},"type":"if","locations":[{"start":{"line":57,"column":4},"end":{"line":60,"column":5}},{"start":{},"end":{}}]},"5":{"loc":{"start":{"line":57,"column":8},"end":{"line":57,"column":30}},"type":"binary-expr","locations":[{"start":{"line":57,"column":8},"end":{"line":57,"column":14}},{"start":{"line":57,"column":18},"end":{"line":57,"column":30}}]},"6":{"loc":{"start":{"line":75,"column":4},"end":{"line":78,"column":5}},"type":"if","locations":[{"start":{"line":75,"column":4},"end":{"line":78,"column":5}},{"start":{},"end":{}}]},"7":{"loc":{"start":{"line":80,"column":4},"end":{"line":83,"column":5}},"type":"if","locations":[{"start":{"line":80,"column":4},"end":{"line":83,"column":5}},{"start":{},"end":{}}]},"8":{"loc":{"start":{"line":89,"column":4},"end":{"line":92,"column":5}},"type":"if","locations":[{"start":{"line":89,"column":4},"end":{"line":92,"column":5}},{"start":{},"end":{}}]}},"s":{"0":7,"1":7,"2":7,"3":7,"4":7,"5":7,"6":0,"7":0,"8":0,"9":0,"10":0,"11":0,"12":0,"13":0,"14":0,"15":0,"16":0,"17":7,"18":0,"19":0,"20":0,"21":0,"22":0,"23":0,"24":0,"25":0,"26":0,"27":0,"28":0,"29":0,"30":7,"31":0,"32":0,"33":0,"34":0,"35":0,"36":0,"37":0,"38":0,"39":0,"40":0,"41":0,"42":0,"43":0,"44":0,"45":0,"46":0,"47":0,"48":0,"49":0,"50":0,"51":0,"52":0,"53":0},"f":{"0":0,"1":0,"2":0},"b":{"0":[0,0],"1":[0,0],"2":[0,0],"3":[0,0],"4":[0,0],"5":[0,0],"6":[0,0],"7":[0,0],"8":[0,0]}}
,"C:\\StrayCare\\straycare-backend\\src\\controllers\\authController.ts": {"path":"C:\\StrayCare\\straycare-backend\\src\\controllers\\authController.ts","statementMap":{"0":{"start":{"line":1,"column":0},"end":{"line":1,"column":49}},"1":{"start":{"line":2,"column":15},"end":{"line":2,"column":32}},"2":{"start":{"line":3,"column":14},"end":{"line":3,"column":43}},"3":{"start":{"line":4,"column":13},"end":{"line":4,"column":38}},"4":{"start":{"line":5,"column":19},"end":{"line":5,"column":50}},"5":{"start":{"line":6,"column":25},"end":{"line":6,"column":62}},"6":{"start":{"line":7,"column":19},"end":{"line":7,"column":50}},"7":{"start":{"line":8,"column":27},"end":{"line":8,"column":66}},"8":{"start":{"line":10,"column":0},"end":{"line":10,"column":42}},"9":{"start":{"line":11,"column":0},"end":{"line":11,"column":60}},"10":{"start":{"line":12,"column":0},"end":{"line":12,"column":52}},"11":{"start":{"line":13,"column":0},"end":{"line":13,"column":62}},"12":{"start":{"line":14,"column":0},"end":{"line":14,"column":70}},"13":{"start":{"line":15,"column":39},"end":{"line":15,"column":71}},"14":{"start":{"line":17,"column":21},"end":{"line":17,"column":54}},"15":{"start":{"line":19,"column":24},"end":{"line":86,"column":1}},"16":{"start":{"line":21,"column":2},"end":{"line":85,"column":3}},"17":{"start":{"line":22,"column":45},"end":{"line":22,"column":53}},"18":{"start":{"line":24,"column":4},"end":{"line":24,"column":66}},"19":{"start":{"line":26,"column":23},"end":{"line":26,"column":74}},"20":{"start":{"line":27,"column":4},"end":{"line":30,"column":5}},"21":{"start":{"line":28,"column":6},"end":{"line":28,"column":60}},"22":{"start":{"line":29,"column":6},"end":{"line":29,"column":13}},"23":{"start":{"line":32,"column":25},"end":{"line":32,"column":54}},"24":{"start":{"line":34,"column":4},"end":{"line":37,"column":5}},"25":{"start":{"line":35,"column":6},"end":{"line":35,"column":68}},"26":{"start":{"line":36,"column":6},"end":{"line":36,"column":13}},"27":{"start":{"line":39,"column":27},"end":{"line":39,"column":75}},"28":{"start":{"line":41,"column":4},"end":{"line":47,"column":7}},"29":{"start":{"line":49,"column":18},"end":{"line":49,"column":77}},"30":{"start":{"line":51,"column":4},"end":{"line":56,"column":6}},"31":{"start":{"line":58,"column":4},"end":{"line":71,"column":7}},"32":{"start":{"line":73,"column":4},"end":{"line":73,"column":44}},"33":{"start":{"line":75,"column":4},"end":{"line":82,"column":5}},"34":{"start":{"line":76,"column":6},"end":{"line":81,"column":7}},"35":{"start":{"line":77,"column":8},"end":{"line":77,"column":47}},"36":{"start":{"line":78,"column":8},"end":{"line":78,"column":69}},"37":{"start":{"line":80,"column":8},"end":{"line":80,"column":57}},"38":{"start":{"line":84,"column":4},"end":{"line":84,"column":16}},"39":{"start":{"line":19,"column":13},"end":{"line":19,"column":24}},"40":{"start":{"line":88,"column":14},"end":{"line":126,"column":2}},"41":{"start":{"line":89,"column":30},"end":{"line":89,"column":38}},"42":{"start":{"line":91,"column":2},"end":{"line":94,"column":3}},"43":{"start":{"line":92,"column":4},"end":{"line":92,"column":73}},"44":{"start":{"line":93,"column":4},"end":{"line":93,"column":11}},"45":{"start":{"line":96,"column":15},"end":{"line":96,"column":44}},"46":{"start":{"line":98,"column":2},"end":{"line":101,"column":3}},"47":{"start":{"line":99,"column":4},"end":{"line":99,"column":59}},"48":{"start":{"line":100,"column":4},"end":{"line":100,"column":11}},"49":{"start":{"line":103,"column":18},"end":{"line":103,"column":80}},"50":{"start":{"line":105,"column":2},"end":{"line":108,"column":3}},"51":{"start":{"line":106,"column":4},"end":{"line":106,"column":67}},"52":{"start":{"line":107,"column":4},"end":{"line":107,"column":11}},"53":{"start":{"line":110,"column":16},"end":{"line":110,"column":75}},"54":{"start":{"line":112,"column":2},"end":{"line":125,"column":5}},"55":{"start":{"line":128,"column":19},"end":{"line":162,"column":2}},"56":{"start":{"line":129,"column":17},"end":{"line":129,"column":29}},"57":{"start":{"line":130,"column":19},"end":{"line":130,"column":27}},"58":{"start":{"line":132,"column":23},"end":{"line":132,"column":66}},"59":{"start":{"line":134,"column":2},"end":{"line":137,"column":3}},"60":{"start":{"line":135,"column":4},"end":{"line":135,"column":58}},"61":{"start":{"line":136,"column":4},"end":{"line":136,"column":11}},"62":{"start":{"line":139,"column":2},"end":{"line":142,"column":3}},"63":{"start":{"line":140,"column":4},"end":{"line":140,"column":63}},"64":{"start":{"line":141,"column":4},"end":{"line":141,"column":11}},"65":{"start":{"line":144,"column":15},"end":{"line":148,"column":23}},"66":{"start":{"line":150,"column":2},"end":{"line":153,"column":3}},"67":{"start":{"line":151,"column":4},"end":{"line":151,"column":56}},"68":{"start":{"line":152,"column":4},"end":{"line":152,"column":11}},"69":{"start":{"line":155,"column":16},"end":{"line":155,"column":75}},"70":{"start":{"line":157,"column":2},"end":{"line":161,"column":5}},"71":{"start":{"line":164,"column":14},"end":{"line":179,"column":2}},"72":{"start":{"line":165,"column":20},"end":{"line":165,"column":80}},"73":{"start":{"line":166,"column":2},"end":{"line":169,"column":3}},"74":{"start":{"line":167,"column":4},"end":{"line":167,"column":56}},"75":{"start":{"line":168,"column":4},"end":{"line":168,"column":11}},"76":{"start":{"line":171,"column":2},"end":{"line":176,"column":3}},"77":{"start":{"line":172,"column":23},"end":{"line":172,"column":69}},"78":{"start":{"line":173,"column":4},"end":{"line":175,"column":5}},"79":{"start":{"line":174,"column":6},"end":{"line":174,"column":49}},"80":{"start":{"line":178,"column":2},"end":{"line":178,"column":29}},"81":{"start":{"line":181,"column":23},"end":{"line":206,"column":2}},"82":{"start":{"line":182,"column":20},"end":{"line":182,"column":28}},"83":{"start":{"line":183,"column":15},"end":{"line":183,"column":44}},"84":{"start":{"line":187,"column":20},"end":{"line":187,"column":74}},"85":{"start":{"line":188,"column":21},"end":{"line":188,"column":80}},"86":{"start":{"line":190,"column":2},"end":{"line":200,"column":3}},"87":{"start":{"line":191,"column":4},"end":{"line":191,"column":41}},"88":{"start":{"line":192,"column":4},"end":{"line":192,"column":52}},"89":{"start":{"line":193,"column":4},"end":{"line":193,"column":22}},"90":{"start":{"line":195,"column":4},"end":{"line":199,"column":5}},"91":{"start":{"line":196,"column":6},"end":{"line":196,"column":62}},"92":{"start":{"line":198,"column":6},"end":{"line":198,"column":55}},"93":{"start":{"line":203,"column":2},"end":{"line":205,"column":5}},"94":{"start":{"line":208,"column":22},"end":{"line":231,"column":2}},"95":{"start":{"line":209,"column":33},"end":{"line":209,"column":41}},"96":{"start":{"line":211,"column":21},"end":{"line":211,"column":76}},"97":{"start":{"line":213,"column":15},"end":{"line":216,"column":4}},"98":{"start":{"line":218,"column":2},"end":{"line":221,"column":3}},"99":{"start":{"line":219,"column":4},"end":{"line":219,"column":71}},"100":{"start":{"line":220,"column":4},"end":{"line":220,"column":11}},"101":{"start":{"line":223,"column":25},"end":{"line":223,"column":76}},"102":{"start":{"line":224,"column":2},"end":{"line":224,"column":33}},"103":{"start":{"line":225,"column":2},"end":{"line":225,"column":38}},"104":{"start":{"line":226,"column":2},"end":{"line":226,"column":40}},"105":{"start":{"line":228,"column":2},"end":{"line":228,"column":20}},"106":{"start":{"line":230,"column":2},"end":{"line":230,"column":65}},"107":{"start":{"line":233,"column":23},"end":{"line":256,"column":2}},"108":{"start":{"line":234,"column":43},"end":{"line":234,"column":51}},"109":{"start":{"line":235,"column":17},"end":{"line":235,"column":29}},"110":{"start":{"line":237,"column":15},"end":{"line":237,"column":42}},"111":{"start":{"line":239,"column":2},"end":{"line":242,"column":3}},"112":{"start":{"line":240,"column":4},"end":{"line":240,"column":56}},"113":{"start":{"line":241,"column":4},"end":{"line":241,"column":11}},"114":{"start":{"line":244,"column":18},"end":{"line":244,"column":87}},"115":{"start":{"line":246,"column":2},"end":{"line":249,"column":3}},"116":{"start":{"line":247,"column":4},"end":{"line":247,"column":68}},"117":{"start":{"line":248,"column":4},"end":{"line":248,"column":11}},"118":{"start":{"line":251,"column":25},"end":{"line":251,"column":76}},"119":{"start":{"line":252,"column":2},"end":{"line":252,"column":33}},"120":{"start":{"line":253,"column":2},"end":{"line":253,"column":20}},"121":{"start":{"line":255,"column":2},"end":{"line":255,"column":69}},"122":{"start":{"line":258,"column":22},"end":{"line":282,"column":2}},"123":{"start":{"line":259,"column":17},"end":{"line":259,"column":29}},"124":{"start":{"line":260,"column":15},"end":{"line":260,"column":42}},"125":{"start":{"line":262,"column":2},"end":{"line":265,"column":3}},"126":{"start":{"line":263,"column":4},"end":{"line":263,"column":56}},"127":{"start":{"line":264,"column":4},"end":{"line":264,"column":11}},"128":{"start":{"line":267,"column":2},"end":{"line":275,"column":3}},"129":{"start":{"line":268,"column":4},"end":{"line":268,"column":50}},"130":{"start":{"line":269,"column":9},"end":{"line":275,"column":3}},"131":{"start":{"line":270,"column":4},"end":{"line":270,"column":56}},"132":{"start":{"line":271,"column":9},"end":{"line":275,"column":3}},"133":{"start":{"line":272,"column":4},"end":{"line":272,"column":50}},"134":{"start":{"line":273,"column":9},"end":{"line":275,"column":3}},"135":{"start":{"line":274,"column":4},"end":{"line":274,"column":58}},"136":{"start":{"line":277,"column":2},"end":{"line":277,"column":39}},"137":{"start":{"line":279,"column":2},"end":{"line":279,"column":44}},"138":{"start":{"line":281,"column":2},"end":{"line":281,"column":88}},"139":{"start":{"line":284,"column":19},"end":{"line":358,"column":2}},"140":{"start":{"line":285,"column":22},"end":{"line":285,"column":30}},"141":{"start":{"line":287,"column":2},"end":{"line":290,"column":3}},"142":{"start":{"line":288,"column":4},"end":{"line":288,"column":71}},"143":{"start":{"line":289,"column":4},"end":{"line":289,"column":11}},"144":{"start":{"line":294,"column":2},"end":{"line":300,"column":3}},"145":{"start":{"line":295,"column":4},"end":{"line":295,"column":61}},"146":{"start":{"line":297,"column":4},"end":{"line":297,"column":72}},"147":{"start":{"line":298,"column":4},"end":{"line":298,"column":75}},"148":{"start":{"line":299,"column":4},"end":{"line":299,"column":11}},"149":{"start":{"line":302,"column":53},"end":{"line":302,"column":65}},"150":{"start":{"line":304,"column":2},"end":{"line":309,"column":3}},"151":{"start":{"line":305,"column":4},"end":{"line":307,"column":7}},"152":{"start":{"line":308,"column":4},"end":{"line":308,"column":11}},"153":{"start":{"line":312,"column":13},"end":{"line":312,"column":42}},"154":{"start":{"line":313,"column":18},"end":{"line":313,"column":23}},"155":{"start":{"line":315,"column":2},"end":{"line":338,"column":3}},"156":{"start":{"line":317,"column":4},"end":{"line":317,"column":44}},"157":{"start":{"line":317,"column":24},"end":{"line":317,"column":44}},"158":{"start":{"line":318,"column":4},"end":{"line":318,"column":55}},"159":{"start":{"line":318,"column":33},"end":{"line":318,"column":55}},"160":{"start":{"line":319,"column":4},"end":{"line":319,"column":22}},"161":{"start":{"line":322,"column":4},"end":{"line":322,"column":21}},"162":{"start":{"line":323,"column":4},"end":{"line":330,"column":7}},"163":{"start":{"line":332,"column":4},"end":{"line":337,"column":6}},"164":{"start":{"line":340,"column":16},"end":{"line":340,"column":75}},"165":{"start":{"line":342,"column":2},"end":{"line":357,"column":5}},"166":{"start":{"line":360,"column":0},"end":{"line":370,"column":2}}},"fnMap":{"0":{"name":"(anonymous_0)","decl":{"start":{"line":19,"column":24},"end":{"line":19,"column":29}},"loc":{"start":{"line":19,"column":97},"end":{"line":86,"column":1}}},"1":{"name":"(anonymous_1)","decl":{"start":{"line":88,"column":25},"end":{"line":88,"column":30}},"loc":{"start":{"line":88,"column":98},"end":{"line":126,"column":1}}},"2":{"name":"(anonymous_2)","decl":{"start":{"line":128,"column":30},"end":{"line":128,"column":35}},"loc":{"start":{"line":128,"column":103},"end":{"line":162,"column":1}}},"3":{"name":"(anonymous_3)","decl":{"start":{"line":164,"column":25},"end":{"line":164,"column":30}},"loc":{"start":{"line":164,"column":98},"end":{"line":179,"column":1}}},"4":{"name":"(anonymous_4)","decl":{"start":{"line":181,"column":34},"end":{"line":181,"column":39}},"loc":{"start":{"line":181,"column":107},"end":{"line":206,"column":1}}},"5":{"name":"(anonymous_5)","decl":{"start":{"line":208,"column":33},"end":{"line":208,"column":38}},"loc":{"start":{"line":208,"column":106},"end":{"line":231,"column":1}}},"6":{"name":"(anonymous_6)","decl":{"start":{"line":233,"column":34},"end":{"line":233,"column":39}},"loc":{"start":{"line":233,"column":107},"end":{"line":256,"column":1}}},"7":{"name":"(anonymous_7)","decl":{"start":{"line":258,"column":33},"end":{"line":258,"column":38}},"loc":{"start":{"line":258,"column":106},"end":{"line":282,"column":1}}},"8":{"name":"(anonymous_8)","decl":{"start":{"line":284,"column":30},"end":{"line":284,"column":35}},"loc":{"start":{"line":284,"column":103},"end":{"line":358,"column":1}}}},"branchMap":{"0":{"loc":{"start":{"line":27,"column":4},"end":{"line":30,"column":5}},"type":"if","locations":[{"start":{"line":27,"column":4},"end":{"line":30,"column":5}},{"start":{},"end":{}}]},"1":{"loc":{"start":{"line":34,"column":4},"end":{"line":37,"column":5}},"type":"if","locations":[{"start":{"line":34,"column":4},"end":{"line":37,"column":5}},{"start":{},"end":{}}]},"2":{"loc":{"start":{"line":75,"column":4},"end":{"line":82,"column":5}},"type":"if","locations":[{"start":{"line":75,"column":4},"end":{"line":82,"column":5}},{"start":{},"end":{}}]},"3":{"loc":{"start":{"line":75,"column":8},"end":{"line":75,"column":24}},"type":"binary-expr","locations":[{"start":{"line":75,"column":8},"end":{"line":75,"column":12}},{"start":{"line":75,"column":16},"end":{"line":75,"column":24}}]},"4":{"loc":{"start":{"line":91,"column":2},"end":{"line":94,"column":3}},"type":"if","locations":[{"start":{"line":91,"column":2},"end":{"line":94,"column":3}},{"start":{},"end":{}}]},"5":{"loc":{"start":{"line":91,"column":6},"end":{"line":91,"column":25}},"type":"binary-expr","locations":[{"start":{"line":91,"column":6},"end":{"line":91,"column":12}},{"start":{"line":91,"column":16},"end":{"line":91,"column":25}}]},"6":{"loc":{"start":{"line":98,"column":2},"end":{"line":101,"column":3}},"type":"if","locations":[{"start":{"line":98,"column":2},"end":{"line":101,"column":3}},{"start":{},"end":{}}]},"7":{"loc":{"start":{"line":105,"column":2},"end":{"line":108,"column":3}},"type":"if","locations":[{"start":{"line":105,"column":2},"end":{"line":108,"column":3}},{"start":{},"end":{}}]},"8":{"loc":{"start":{"line":134,"column":2},"end":{"line":137,"column":3}},"type":"if","locations":[{"start":{"line":134,"column":2},"end":{"line":137,"column":3}},{"start":{},"end":{}}]},"9":{"loc":{"start":{"line":139,"column":2},"end":{"line":142,"column":3}},"type":"if","locations":[{"start":{"line":139,"column":2},"end":{"line":142,"column":3}},{"start":{},"end":{}}]},"10":{"loc":{"start":{"line":150,"column":2},"end":{"line":153,"column":3}},"type":"if","locations":[{"start":{"line":150,"column":2},"end":{"line":153,"column":3}},{"start":{},"end":{}}]},"11":{"loc":{"start":{"line":166,"column":2},"end":{"line":169,"column":3}},"type":"if","locations":[{"start":{"line":166,"column":2},"end":{"line":169,"column":3}},{"start":{},"end":{}}]},"12":{"loc":{"start":{"line":171,"column":2},"end":{"line":176,"column":3}},"type":"if","locations":[{"start":{"line":171,"column":2},"end":{"line":176,"column":3}},{"start":{},"end":{}}]},"13":{"loc":{"start":{"line":173,"column":4},"end":{"line":175,"column":5}},"type":"if","locations":[{"start":{"line":173,"column":4},"end":{"line":175,"column":5}},{"start":{},"end":{}}]},"14":{"loc":{"start":{"line":190,"column":2},"end":{"line":200,"column":3}},"type":"if","locations":[{"start":{"line":190,"column":2},"end":{"line":200,"column":3}},{"start":{},"end":{}}]},"15":{"loc":{"start":{"line":218,"column":2},"end":{"line":221,"column":3}},"type":"if","locations":[{"start":{"line":218,"column":2},"end":{"line":221,"column":3}},{"start":{},"end":{}}]},"16":{"loc":{"start":{"line":239,"column":2},"end":{"line":242,"column":3}},"type":"if","locations":[{"start":{"line":239,"column":2},"end":{"line":242,"column":3}},{"start":{},"end":{}}]},"17":{"loc":{"start":{"line":246,"column":2},"end":{"line":249,"column":3}},"type":"if","locations":[{"start":{"line":246,"column":2},"end":{"line":249,"column":3}},{"start":{},"end":{}}]},"18":{"loc":{"start":{"line":262,"column":2},"end":{"line":265,"column":3}},"type":"if","locations":[{"start":{"line":262,"column":2},"end":{"line":265,"column":3}},{"start":{},"end":{}}]},"19":{"loc":{"start":{"line":267,"column":2},"end":{"line":275,"column":3}},"type":"if","locations":[{"start":{"line":267,"column":2},"end":{"line":275,"column":3}},{"start":{"line":269,"column":9},"end":{"line":275,"column":3}}]},"20":{"loc":{"start":{"line":269,"column":9},"end":{"line":275,"column":3}},"type":"if","locations":[{"start":{"line":269,"column":9},"end":{"line":275,"column":3}},{"start":{"line":271,"column":9},"end":{"line":275,"column":3}}]},"21":{"loc":{"start":{"line":271,"column":9},"end":{"line":275,"column":3}},"type":"if","locations":[{"start":{"line":271,"column":9},"end":{"line":275,"column":3}},{"start":{"line":273,"column":9},"end":{"line":275,"column":3}}]},"22":{"loc":{"start":{"line":273,"column":9},"end":{"line":275,"column":3}},"type":"if","locations":[{"start":{"line":273,"column":9},"end":{"line":275,"column":3}},{"start":{},"end":{}}]},"23":{"loc":{"start":{"line":287,"column":2},"end":{"line":290,"column":3}},"type":"if","locations":[{"start":{"line":287,"column":2},"end":{"line":290,"column":3}},{"start":{},"end":{}}]},"24":{"loc":{"start":{"line":304,"column":2},"end":{"line":309,"column":3}},"type":"if","locations":[{"start":{"line":304,"column":2},"end":{"line":309,"column":3}},{"start":{},"end":{}}]},"25":{"loc":{"start":{"line":315,"column":2},"end":{"line":338,"column":3}},"type":"if","locations":[{"start":{"line":315,"column":2},"end":{"line":338,"column":3}},{"start":{"line":320,"column":9},"end":{"line":338,"column":3}}]},"26":{"loc":{"start":{"line":317,"column":4},"end":{"line":317,"column":44}},"type":"if","locations":[{"start":{"line":317,"column":4},"end":{"line":317,"column":44}},{"start":{},"end":{}}]},"27":{"loc":{"start":{"line":318,"column":4},"end":{"line":318,"column":55}},"type":"if","locations":[{"start":{"line":318,"column":4},"end":{"line":318,"column":55}},{"start":{},"end":{}}]},"28":{"loc":{"start":{"line":318,"column":8},"end":{"line":318,"column":31}},"type":"binary-expr","locations":[{"start":{"line":318,"column":8},"end":{"line":318,"column":20}},{"start":{"line":318,"column":24},"end":{"line":318,"column":31}}]},"29":{"loc":{"start":{"line":324,"column":12},"end":{"line":324,"column":46}},"type":"binary-expr","locations":[{"start":{"line":324,"column":12},"end":{"line":324,"column":23}},{"start":{"line":324,"column":27},"end":{"line":324,"column":46}}]},"30":{"loc":{"start":{"line":328,"column":14},"end":{"line":328,"column":27}},"type":"binary-expr","locations":[{"start":{"line":328,"column":14},"end":{"line":328,"column":21}},{"start":{"line":328,"column":25},"end":{"line":328,"column":27}}]},"31":{"loc":{"start":{"line":344,"column":13},"end":{"line":344,"column":76}},"type":"cond-expr","locations":[{"start":{"line":344,"column":25},"end":{"line":344,"column":55}},{"start":{"line":344,"column":58},"end":{"line":344,"column":76}}]}},"s":{"0":7,"1":7,"2":7,"3":7,"4":7,"5":7,"6":7,"7":7,"8":7,"9":7,"10":7,"11":7,"12":7,"13":7,"14":7,"15":7,"16":49,"17":49,"18":49,"19":49,"20":49,"21":1,"22":1,"23":48,"24":48,"25":1,"26":1,"27":47,"28":47,"29":47,"30":47,"31":47,"32":0,"33":0,"34":0,"35":0,"36":0,"37":0,"38":0,"39":7,"40":7,"41":5,"42":5,"43":0,"44":0,"45":5,"46":5,"47":1,"48":1,"49":4,"50":4,"51":1,"52":1,"53":3,"54":3,"55":7,"56":0,"57":0,"58":0,"59":0,"60":0,"61":0,"62":0,"63":0,"64":0,"65":0,"66":0,"67":0,"68":0,"69":0,"70":0,"71":7,"72":2,"73":2,"74":0,"75":0,"76":2,"77":0,"78":0,"79":0,"80":2,"81":7,"82":0,"83":0,"84":0,"85":0,"86":0,"87":0,"88":0,"89":0,"90":0,"91":0,"92":0,"93":0,"94":7,"95":0,"96":0,"97":0,"98":0,"99":0,"100":0,"101":0,"102":0,"103":0,"104":0,"105":0,"106":0,"107":7,"108":0,"109":0,"110":0,"111":0,"112":0,"113":0,"114":0,"115":0,"116":0,"117":0,"118":0,"119":0,"120":0,"121":0,"122":7,"123":0,"124":0,"125":0,"126":0,"127":0,"128":0,"129":0,"130":0,"131":0,"132":0,"133":0,"134":0,"135":0,"136":0,"137":0,"138":0,"139":7,"140":0,"141":0,"142":0,"143":0,"144":0,"145":0,"146":0,"147":0,"148":0,"149":0,"150":0,"151":0,"152":0,"153":0,"154":0,"155":0,"156":0,"157":0,"158":0,"159":0,"160":0,"161":0,"162":0,"163":0,"164":0,"165":0,"166":7},"f":{"0":49,"1":5,"2":0,"3":2,"4":0,"5":0,"6":0,"7":0,"8":0},"b":{"0":[1,48],"1":[1,47],"2":[0,0],"3":[0,0],"4":[0,5],"5":[5,5],"6":[1,4],"7":[1,3],"8":[0,0],"9":[0,0],"10":[0,0],"11":[0,2],"12":[0,2],"13":[0,0],"14":[0,0],"15":[0,0],"16":[0,0],"17":[0,0],"18":[0,0],"19":[0,0],"20":[0,0],"21":[0,0],"22":[0,0],"23":[0,0],"24":[0,0],"25":[0,0],"26":[0,0],"27":[0,0],"28":[0,0],"29":[0,0],"30":[0,0],"31":[0,0]}}
,"C:\\StrayCare\\straycare-backend\\src\\controllers\\callLogController.ts": {"path":"C:\\StrayCare\\straycare-backend\\src\\controllers\\callLogController.ts","statementMap":{"0":{"start":{"line":2,"column":0},"end":{"line":2,"column":56}},"1":{"start":{"line":3,"column":0},"end":{"line":3,"column":51}},"2":{"start":{"line":9,"column":9},"end":{"line":23,"column":4}},"3":{"start":{"line":10,"column":4},"end":{"line":22,"column":5}},"4":{"start":{"line":11,"column":22},"end":{"line":11,"column":42}},"5":{"start":{"line":12,"column":6},"end":{"line":15,"column":7}},"6":{"start":{"line":13,"column":8},"end":{"line":13,"column":58}},"7":{"start":{"line":14,"column":8},"end":{"line":14,"column":15}},"8":{"start":{"line":17,"column":22},"end":{"line":17,"column":61}},"9":{"start":{"line":18,"column":6},"end":{"line":18,"column":36}},"10":{"start":{"line":20,"column":6},"end":{"line":20,"column":72}},"11":{"start":{"line":21,"column":6},"end":{"line":21,"column":65}},"12":{"start":{"line":28,"column":9},"end":{"line":48,"column":4}},"13":{"start":{"line":29,"column":4},"end":{"line":47,"column":5}},"14":{"start":{"line":30,"column":22},"end":{"line":30,"column":42}},"15":{"start":{"line":31,"column":17},"end":{"line":31,"column":40}},"16":{"start":{"line":33,"column":6},"end":{"line":36,"column":7}},"17":{"start":{"line":34,"column":8},"end":{"line":34,"column":58}},"18":{"start":{"line":35,"column":8},"end":{"line":35,"column":15}},"19":{"start":{"line":38,"column":22},"end":{"line":38,"column":64}},"20":{"start":{"line":39,"column":6},"end":{"line":43,"column":7}},"21":{"start":{"line":40,"column":8},"end":{"line":40,"column":70}},"22":{"start":{"line":42,"column":8},"end":{"line":42,"column":75}},"23":{"start":{"line":45,"column":6},"end":{"line":45,"column":68}},"24":{"start":{"line":46,"column":6},"end":{"line":46,"column":65}},"25":{"start":{"line":53,"column":9},"end":{"line":67,"column":4}},"26":{"start":{"line":54,"column":4},"end":{"line":66,"column":5}},"27":{"start":{"line":55,"column":22},"end":{"line":55,"column":42}},"28":{"start":{"line":56,"column":6},"end":{"line":59,"column":7}},"29":{"start":{"line":57,"column":8},"end":{"line":57,"column":58}},"30":{"start":{"line":58,"column":8},"end":{"line":58,"column":15}},"31":{"start":{"line":61,"column":6},"end":{"line":61,"column":48}},"32":{"start":{"line":62,"column":6},"end":{"line":62,"column":72}},"33":{"start":{"line":64,"column":6},"end":{"line":64,"column":72}},"34":{"start":{"line":65,"column":6},"end":{"line":65,"column":65}},"35":{"start":{"line":72,"column":9},"end":{"line":86,"column":4}},"36":{"start":{"line":73,"column":4},"end":{"line":85,"column":5}},"37":{"start":{"line":74,"column":22},"end":{"line":74,"column":42}},"38":{"start":{"line":75,"column":6},"end":{"line":78,"column":7}},"39":{"start":{"line":76,"column":8},"end":{"line":76,"column":58}},"40":{"start":{"line":77,"column":8},"end":{"line":77,"column":15}},"41":{"start":{"line":80,"column":6},"end":{"line":80,"column":44}},"42":{"start":{"line":81,"column":6},"end":{"line":81,"column":58}},"43":{"start":{"line":83,"column":6},"end":{"line":83,"column":71}},"44":{"start":{"line":84,"column":6},"end":{"line":84,"column":65}},"45":{"start":{"line":89,"column":0},"end":{"line":89,"column":39}}},"fnMap":{"0":{"name":"(anonymous_1)","decl":{"start":{"line":5,"column":0},"end":{"line":5,"column":6}},"loc":{"start":{"line":5,"column":0},"end":{"line":87,"column":1}}},"1":{"name":"(anonymous_2)","decl":{"start":{"line":9,"column":22},"end":{"line":9,"column":27}},"loc":{"start":{"line":9,"column":75},"end":{"line":23,"column":3}}},"2":{"name":"(anonymous_3)","decl":{"start":{"line":28,"column":21},"end":{"line":28,"column":26}},"loc":{"start":{"line":28,"column":74},"end":{"line":48,"column":3}}},"3":{"name":"(anonymous_4)","decl":{"start":{"line":53,"column":24},"end":{"line":53,"column":29}},"loc":{"start":{"line":53,"column":77},"end":{"line":67,"column":3}}},"4":{"name":"(anonymous_5)","decl":{"start":{"line":72,"column":20},"end":{"line":72,"column":25}},"loc":{"start":{"line":72,"column":73},"end":{"line":86,"column":3}}}},"branchMap":{"0":{"loc":{"start":{"line":12,"column":6},"end":{"line":15,"column":7}},"type":"if","locations":[{"start":{"line":12,"column":6},"end":{"line":15,"column":7}},{"start":{},"end":{}}]},"1":{"loc":{"start":{"line":33,"column":6},"end":{"line":36,"column":7}},"type":"if","locations":[{"start":{"line":33,"column":6},"end":{"line":36,"column":7}},{"start":{},"end":{}}]},"2":{"loc":{"start":{"line":39,"column":6},"end":{"line":43,"column":7}},"type":"if","locations":[{"start":{"line":39,"column":6},"end":{"line":43,"column":7}},{"start":{"line":41,"column":13},"end":{"line":43,"column":7}}]},"3":{"loc":{"start":{"line":56,"column":6},"end":{"line":59,"column":7}},"type":"if","locations":[{"start":{"line":56,"column":6},"end":{"line":59,"column":7}},{"start":{},"end":{}}]},"4":{"loc":{"start":{"line":75,"column":6},"end":{"line":78,"column":7}},"type":"if","locations":[{"start":{"line":75,"column":6},"end":{"line":78,"column":7}},{"start":{},"end":{}}]}},"s":{"0":8,"1":8,"2":8,"3":4,"4":4,"5":4,"6":1,"7":1,"8":3,"9":2,"10":1,"11":1,"12":8,"13":6,"14":6,"15":6,"16":6,"17":1,"18":1,"19":5,"20":4,"21":2,"22":2,"23":1,"24":1,"25":8,"26":4,"27":4,"28":4,"29":1,"30":1,"31":3,"32":2,"33":1,"34":1,"35":8,"36":4,"37":4,"38":4,"39":1,"40":1,"41":3,"42":2,"43":1,"44":1,"45":8},"f":{"0":8,"1":4,"2":6,"3":4,"4":4},"b":{"0":[1,3],"1":[1,5],"2":[2,2],"3":[1,3],"4":[1,3]}}
,"C:\\StrayCare\\straycare-backend\\src\\controllers\\chatController.ts": {"path":"C:\\StrayCare\\straycare-backend\\src\\controllers\\chatController.ts","statementMap":{"0":{"start":{"line":1,"column":0},"end":{"line":1,"column":49}},"1":{"start":{"line":3,"column":21},"end":{"line":3,"column":54}},"2":{"start":{"line":4,"column":16},"end":{"line":4,"column":44}},"3":{"start":{"line":5,"column":13},"end":{"line":5,"column":38}},"4":{"start":{"line":9,"column":0},"end":{"line":9,"column":56}},"5":{"start":{"line":13,"column":0},"end":{"line":13,"column":42}},"6":{"start":{"line":15,"column":43},"end":{"line":20,"column":2}},"7":{"start":{"line":22,"column":31},"end":{"line":34,"column":1}},"8":{"start":{"line":23,"column":2},"end":{"line":33,"column":3}},"9":{"start":{"line":24,"column":18},"end":{"line":24,"column":37}},"10":{"start":{"line":25,"column":4},"end":{"line":28,"column":5}},"11":{"start":{"line":26,"column":22},"end":{"line":26,"column":65}},"12":{"start":{"line":27,"column":6},"end":{"line":27,"column":41}},"13":{"start":{"line":29,"column":4},"end":{"line":29,"column":14}},"14":{"start":{"line":31,"column":4},"end":{"line":31,"column":66}},"15":{"start":{"line":32,"column":4},"end":{"line":32,"column":14}},"16":{"start":{"line":36,"column":25},"end":{"line":39,"column":1}},"17":{"start":{"line":37,"column":13},"end":{"line":37,"column":30}},"18":{"start":{"line":38,"column":2},"end":{"line":38,"column":36}},"19":{"start":{"line":43,"column":25},"end":{"line":75,"column":2}},"20":{"start":{"line":44,"column":19},"end":{"line":44,"column":31}},"21":{"start":{"line":45,"column":4},"end":{"line":45,"column":73}},"22":{"start":{"line":47,"column":26},"end":{"line":53,"column":13}},"23":{"start":{"line":56,"column":23},"end":{"line":56,"column":54}},"24":{"start":{"line":57,"column":4},"end":{"line":71,"column":5}},"25":{"start":{"line":58,"column":6},"end":{"line":70,"column":7}},"26":{"start":{"line":59,"column":8},"end":{"line":69,"column":9}},"27":{"start":{"line":60,"column":10},"end":{"line":62,"column":11}},"28":{"start":{"line":61,"column":12},"end":{"line":61,"column":44}},"29":{"start":{"line":63,"column":10},"end":{"line":68,"column":11}},"30":{"start":{"line":64,"column":28},"end":{"line":64,"column":96}},"31":{"start":{"line":65,"column":12},"end":{"line":67,"column":13}},"32":{"start":{"line":66,"column":14},"end":{"line":66,"column":39}},"33":{"start":{"line":73,"column":4},"end":{"line":73,"column":102}},"34":{"start":{"line":74,"column":4},"end":{"line":74,"column":40}},"35":{"start":{"line":80,"column":32},"end":{"line":170,"column":2}},"36":{"start":{"line":81,"column":19},"end":{"line":81,"column":31}},"37":{"start":{"line":82,"column":63},"end":{"line":82,"column":71}},"38":{"start":{"line":83,"column":4},"end":{"line":83,"column":111}},"39":{"start":{"line":85,"column":4},"end":{"line":88,"column":5}},"40":{"start":{"line":86,"column":6},"end":{"line":86,"column":69}},"41":{"start":{"line":87,"column":6},"end":{"line":87,"column":13}},"42":{"start":{"line":90,"column":4},"end":{"line":93,"column":5}},"43":{"start":{"line":91,"column":6},"end":{"line":91,"column":85}},"44":{"start":{"line":92,"column":6},"end":{"line":92,"column":13}},"45":{"start":{"line":96,"column":26},"end":{"line":96,"column":80}},"46":{"start":{"line":99,"column":28},"end":{"line":103,"column":13}},"47":{"start":{"line":105,"column":4},"end":{"line":131,"column":5}},"48":{"start":{"line":107,"column":6},"end":{"line":109,"column":7}},"49":{"start":{"line":108,"column":8},"end":{"line":108,"column":98}},"50":{"start":{"line":111,"column":25},"end":{"line":111,"column":56}},"51":{"start":{"line":112,"column":6},"end":{"line":124,"column":7}},"52":{"start":{"line":113,"column":8},"end":{"line":123,"column":9}},"53":{"start":{"line":114,"column":10},"end":{"line":116,"column":11}},"54":{"start":{"line":115,"column":12},"end":{"line":115,"column":44}},"55":{"start":{"line":117,"column":10},"end":{"line":122,"column":11}},"56":{"start":{"line":118,"column":28},"end":{"line":118,"column":96}},"57":{"start":{"line":119,"column":12},"end":{"line":121,"column":13}},"58":{"start":{"line":120,"column":14},"end":{"line":120,"column":39}},"59":{"start":{"line":125,"column":6},"end":{"line":125,"column":89}},"60":{"start":{"line":126,"column":6},"end":{"line":129,"column":9}},"61":{"start":{"line":130,"column":6},"end":{"line":130,"column":13}},"62":{"start":{"line":137,"column":4},"end":{"line":137,"column":121}},"63":{"start":{"line":138,"column":28},"end":{"line":143,"column":6}},"64":{"start":{"line":145,"column":4},"end":{"line":147,"column":14}},"65":{"start":{"line":150,"column":23},"end":{"line":150,"column":54}},"66":{"start":{"line":151,"column":4},"end":{"line":163,"column":5}},"67":{"start":{"line":152,"column":6},"end":{"line":162,"column":7}},"68":{"start":{"line":153,"column":8},"end":{"line":155,"column":9}},"69":{"start":{"line":154,"column":10},"end":{"line":154,"column":42}},"70":{"start":{"line":156,"column":8},"end":{"line":161,"column":9}},"71":{"start":{"line":157,"column":26},"end":{"line":157,"column":94}},"72":{"start":{"line":158,"column":10},"end":{"line":160,"column":11}},"73":{"start":{"line":159,"column":12},"end":{"line":159,"column":37}},"74":{"start":{"line":165,"column":4},"end":{"line":165,"column":80}},"75":{"start":{"line":166,"column":4},"end":{"line":169,"column":7}},"76":{"start":{"line":175,"column":20},"end":{"line":226,"column":2}},"77":{"start":{"line":176,"column":19},"end":{"line":176,"column":31}},"78":{"start":{"line":177,"column":31},"end":{"line":177,"column":41}},"79":{"start":{"line":178,"column":35},"end":{"line":178,"column":44}},"80":{"start":{"line":179,"column":4},"end":{"line":179,"column":118}},"81":{"start":{"line":182,"column":25},"end":{"line":185,"column":13}},"82":{"start":{"line":187,"column":4},"end":{"line":191,"column":5}},"83":{"start":{"line":188,"column":6},"end":{"line":188,"column":111}},"84":{"start":{"line":189,"column":6},"end":{"line":189,"column":66}},"85":{"start":{"line":190,"column":6},"end":{"line":190,"column":13}},"86":{"start":{"line":193,"column":23},"end":{"line":196,"column":6}},"87":{"start":{"line":197,"column":4},"end":{"line":199,"column":5}},"88":{"start":{"line":198,"column":6},"end":{"line":198,"column":34}},"89":{"start":{"line":201,"column":21},"end":{"line":205,"column":13}},"90":{"start":{"line":207,"column":30},"end":{"line":222,"column":6}},"91":{"start":{"line":208,"column":6},"end":{"line":220,"column":7}},"92":{"start":{"line":209,"column":8},"end":{"line":219,"column":10}},"93":{"start":{"line":221,"column":6},"end":{"line":221,"column":17}},"94":{"start":{"line":224,"column":4},"end":{"line":224,"column":117}},"95":{"start":{"line":225,"column":4},"end":{"line":225,"column":44}},"96":{"start":{"line":230,"column":20},"end":{"line":337,"column":2}},"97":{"start":{"line":231,"column":19},"end":{"line":231,"column":31}},"98":{"start":{"line":239,"column":8},"end":{"line":239,"column":16}},"99":{"start":{"line":240,"column":4},"end":{"line":240,"column":116}},"100":{"start":{"line":242,"column":4},"end":{"line":245,"column":5}},"101":{"start":{"line":243,"column":6},"end":{"line":243,"column":70}},"102":{"start":{"line":244,"column":6},"end":{"line":244,"column":13}},"103":{"start":{"line":248,"column":25},"end":{"line":251,"column":6}},"104":{"start":{"line":253,"column":4},"end":{"line":257,"column":5}},"105":{"start":{"line":254,"column":6},"end":{"line":254,"column":111}},"106":{"start":{"line":255,"column":6},"end":{"line":255,"column":66}},"107":{"start":{"line":256,"column":6},"end":{"line":256,"column":13}},"108":{"start":{"line":260,"column":31},"end":{"line":260,"column":98}},"109":{"start":{"line":260,"column":74},"end":{"line":260,"column":97}},"110":{"start":{"line":261,"column":4},"end":{"line":268,"column":5}},"111":{"start":{"line":262,"column":28},"end":{"line":262,"column":98}},"112":{"start":{"line":263,"column":6},"end":{"line":267,"column":7}},"113":{"start":{"line":264,"column":8},"end":{"line":264,"column":95}},"114":{"start":{"line":265,"column":8},"end":{"line":265,"column":64}},"115":{"start":{"line":266,"column":8},"end":{"line":266,"column":15}},"116":{"start":{"line":271,"column":20},"end":{"line":280,"column":6}},"117":{"start":{"line":284,"column":6},"end":{"line":284,"column":86}},"118":{"start":{"line":286,"column":4},"end":{"line":291,"column":6}},"119":{"start":{"line":294,"column":4},"end":{"line":300,"column":5}},"120":{"start":{"line":295,"column":28},"end":{"line":295,"column":39}},"121":{"start":{"line":296,"column":6},"end":{"line":299,"column":7}},"122":{"start":{"line":297,"column":24},"end":{"line":297,"column":73}},"123":{"start":{"line":298,"column":8},"end":{"line":298,"column":66}},"124":{"start":{"line":302,"column":4},"end":{"line":302,"column":33}},"125":{"start":{"line":304,"column":4},"end":{"line":304,"column":30}},"126":{"start":{"line":305,"column":4},"end":{"line":305,"column":101}},"127":{"start":{"line":308,"column":29},"end":{"line":310,"column":13}},"128":{"start":{"line":315,"column":26},"end":{"line":315,"column":47}},"129":{"start":{"line":316,"column":4},"end":{"line":334,"column":5}},"130":{"start":{"line":317,"column":22},"end":{"line":320,"column":8}},"131":{"start":{"line":323,"column":6},"end":{"line":323,"column":68}},"132":{"start":{"line":328,"column":6},"end":{"line":331,"column":7}},"133":{"start":{"line":329,"column":30},"end":{"line":329,"column":41}},"134":{"start":{"line":330,"column":8},"end":{"line":330,"column":79}},"135":{"start":{"line":333,"column":6},"end":{"line":333,"column":153}},"136":{"start":{"line":336,"column":4},"end":{"line":336,"column":43}},"137":{"start":{"line":341,"column":19},"end":{"line":383,"column":2}},"138":{"start":{"line":342,"column":19},"end":{"line":342,"column":31}},"139":{"start":{"line":343,"column":31},"end":{"line":343,"column":41}},"140":{"start":{"line":344,"column":4},"end":{"line":344,"column":100}},"141":{"start":{"line":347,"column":25},"end":{"line":350,"column":6}},"142":{"start":{"line":352,"column":4},"end":{"line":356,"column":5}},"143":{"start":{"line":353,"column":6},"end":{"line":353,"column":111}},"144":{"start":{"line":354,"column":6},"end":{"line":354,"column":66}},"145":{"start":{"line":355,"column":6},"end":{"line":355,"column":13}},"146":{"start":{"line":359,"column":25},"end":{"line":364,"column":null}},"147":{"start":{"line":368,"column":4},"end":{"line":368,"column":45}},"148":{"start":{"line":369,"column":4},"end":{"line":369,"column":30}},"149":{"start":{"line":370,"column":4},"end":{"line":370,"column":130}},"150":{"start":{"line":373,"column":26},"end":{"line":373,"column":47}},"151":{"start":{"line":374,"column":4},"end":{"line":380,"column":5}},"152":{"start":{"line":375,"column":6},"end":{"line":378,"column":9}},"153":{"start":{"line":379,"column":6},"end":{"line":379,"column":91}},"154":{"start":{"line":382,"column":4},"end":{"line":382,"column":65}},"155":{"start":{"line":387,"column":27},"end":{"line":404,"column":2}},"156":{"start":{"line":388,"column":19},"end":{"line":388,"column":31}},"157":{"start":{"line":389,"column":31},"end":{"line":389,"column":41}},"158":{"start":{"line":391,"column":25},"end":{"line":394,"column":null}},"159":{"start":{"line":397,"column":4},"end":{"line":400,"column":5}},"160":{"start":{"line":398,"column":6},"end":{"line":398,"column":83}},"161":{"start":{"line":399,"column":6},"end":{"line":399,"column":13}},"162":{"start":{"line":402,"column":4},"end":{"line":402,"column":104}},"163":{"start":{"line":403,"column":4},"end":{"line":403,"column":91}},"164":{"start":{"line":408,"column":22},"end":{"line":476,"column":2}},"165":{"start":{"line":409,"column":19},"end":{"line":409,"column":31}},"166":{"start":{"line":410,"column":26},"end":{"line":410,"column":36}},"167":{"start":{"line":411,"column":21},"end":{"line":411,"column":29}},"168":{"start":{"line":413,"column":20},"end":{"line":413,"column":53}},"169":{"start":{"line":414,"column":4},"end":{"line":417,"column":5}},"170":{"start":{"line":415,"column":6},"end":{"line":415,"column":61}},"171":{"start":{"line":416,"column":6},"end":{"line":416,"column":13}},"172":{"start":{"line":420,"column":25},"end":{"line":423,"column":6}},"173":{"start":{"line":424,"column":4},"end":{"line":427,"column":5}},"174":{"start":{"line":425,"column":6},"end":{"line":425,"column":57}},"175":{"start":{"line":426,"column":6},"end":{"line":426,"column":13}},"176":{"start":{"line":429,"column":4},"end":{"line":473,"column":5}},"177":{"start":{"line":431,"column":6},"end":{"line":431,"column":88}},"178":{"start":{"line":432,"column":6},"end":{"line":432,"column":90}},"179":{"start":{"line":433,"column":11},"end":{"line":473,"column":5}},"180":{"start":{"line":435,"column":6},"end":{"line":438,"column":7}},"181":{"start":{"line":436,"column":8},"end":{"line":436,"column":95}},"182":{"start":{"line":437,"column":8},"end":{"line":437,"column":15}},"183":{"start":{"line":440,"column":6},"end":{"line":440,"column":42}},"184":{"start":{"line":442,"column":6},"end":{"line":442,"column":49}},"185":{"start":{"line":443,"column":6},"end":{"line":443,"column":35}},"186":{"start":{"line":444,"column":6},"end":{"line":444,"column":40}},"187":{"start":{"line":445,"column":6},"end":{"line":445,"column":35}},"188":{"start":{"line":446,"column":6},"end":{"line":446,"column":28}},"189":{"start":{"line":447,"column":6},"end":{"line":447,"column":27}},"190":{"start":{"line":450,"column":6},"end":{"line":454,"column":7}},"191":{"start":{"line":451,"column":8},"end":{"line":451,"column":68}},"192":{"start":{"line":452,"column":8},"end":{"line":452,"column":47}},"193":{"start":{"line":453,"column":8},"end":{"line":453,"column":34}},"194":{"start":{"line":456,"column":6},"end":{"line":456,"column":84}},"195":{"start":{"line":459,"column":28},"end":{"line":459,"column":49}},"196":{"start":{"line":460,"column":6},"end":{"line":469,"column":7}},"197":{"start":{"line":461,"column":24},"end":{"line":464,"column":10}},"198":{"start":{"line":465,"column":8},"end":{"line":465,"column":92}},"199":{"start":{"line":466,"column":8},"end":{"line":468,"column":9}},"200":{"start":{"line":467,"column":10},"end":{"line":467,"column":74}},"201":{"start":{"line":471,"column":6},"end":{"line":471,"column":63}},"202":{"start":{"line":472,"column":6},"end":{"line":472,"column":13}},"203":{"start":{"line":475,"column":4},"end":{"line":475,"column":81}},"204":{"start":{"line":478,"column":0},"end":{"line":486,"column":2}}},"fnMap":{"0":{"name":"(anonymous_1)","decl":{"start":{"line":22,"column":31},"end":{"line":22,"column":36}},"loc":{"start":{"line":22,"column":84},"end":{"line":34,"column":1}}},"1":{"name":"(anonymous_2)","decl":{"start":{"line":36,"column":25},"end":{"line":36,"column":26}},"loc":{"start":{"line":36,"column":47},"end":{"line":39,"column":1}}},"2":{"name":"(anonymous_3)","decl":{"start":{"line":43,"column":36},"end":{"line":43,"column":41}},"loc":{"start":{"line":43,"column":109},"end":{"line":75,"column":1}}},"3":{"name":"(anonymous_4)","decl":{"start":{"line":80,"column":43},"end":{"line":80,"column":48}},"loc":{"start":{"line":80,"column":116},"end":{"line":170,"column":1}}},"4":{"name":"(anonymous_5)","decl":{"start":{"line":175,"column":31},"end":{"line":175,"column":36}},"loc":{"start":{"line":175,"column":104},"end":{"line":226,"column":1}}},"5":{"name":"(anonymous_6)","decl":{"start":{"line":207,"column":43},"end":{"line":207,"column":44}},"loc":{"start":{"line":207,"column":56},"end":{"line":222,"column":5}}},"6":{"name":"(anonymous_7)","decl":{"start":{"line":230,"column":31},"end":{"line":230,"column":36}},"loc":{"start":{"line":230,"column":104},"end":{"line":337,"column":1}}},"7":{"name":"(anonymous_8)","decl":{"start":{"line":260,"column":62},"end":{"line":260,"column":63}},"loc":{"start":{"line":260,"column":74},"end":{"line":260,"column":97}}},"8":{"name":"(anonymous_9)","decl":{"start":{"line":341,"column":30},"end":{"line":341,"column":35}},"loc":{"start":{"line":341,"column":103},"end":{"line":383,"column":1}}},"9":{"name":"(anonymous_10)","decl":{"start":{"line":387,"column":38},"end":{"line":387,"column":43}},"loc":{"start":{"line":387,"column":111},"end":{"line":404,"column":1}}},"10":{"name":"(anonymous_11)","decl":{"start":{"line":408,"column":33},"end":{"line":408,"column":38}},"loc":{"start":{"line":408,"column":106},"end":{"line":476,"column":1}}}},"branchMap":{"0":{"loc":{"start":{"line":25,"column":4},"end":{"line":28,"column":5}},"type":"if","locations":[{"start":{"line":25,"column":4},"end":{"line":28,"column":5}},{"start":{},"end":{}}]},"1":{"loc":{"start":{"line":27,"column":13},"end":{"line":27,"column":40}},"type":"binary-expr","locations":[{"start":{"line":27,"column":13},"end":{"line":27,"column":34}},{"start":{"line":27,"column":38},"end":{"line":27,"column":40}}]},"2":{"loc":{"start":{"line":38,"column":9},"end":{"line":38,"column":35}},"type":"cond-expr","locations":[{"start":{"line":38,"column":14},"end":{"line":38,"column":28}},{"start":{"line":38,"column":31},"end":{"line":38,"column":35}}]},"3":{"loc":{"start":{"line":58,"column":6},"end":{"line":70,"column":7}},"type":"if","locations":[{"start":{"line":58,"column":6},"end":{"line":70,"column":7}},{"start":{},"end":{}}]},"4":{"loc":{"start":{"line":60,"column":10},"end":{"line":62,"column":11}},"type":"if","locations":[{"start":{"line":60,"column":10},"end":{"line":62,"column":11}},{"start":{},"end":{}}]},"5":{"loc":{"start":{"line":61,"column":29},"end":{"line":61,"column":43}},"type":"binary-expr","locations":[{"start":{"line":61,"column":29},"end":{"line":61,"column":37}},{"start":{"line":61,"column":41},"end":{"line":61,"column":43}}]},"6":{"loc":{"start":{"line":63,"column":10},"end":{"line":68,"column":11}},"type":"if","locations":[{"start":{"line":63,"column":10},"end":{"line":68,"column":11}},{"start":{},"end":{}}]},"7":{"loc":{"start":{"line":65,"column":12},"end":{"line":67,"column":13}},"type":"if","locations":[{"start":{"line":65,"column":12},"end":{"line":67,"column":13}},{"start":{},"end":{}}]},"8":{"loc":{"start":{"line":65,"column":16},"end":{"line":65,"column":42}},"type":"binary-expr","locations":[{"start":{"line":65,"column":16},"end":{"line":65,"column":23}},{"start":{"line":65,"column":27},"end":{"line":65,"column":42}}]},"9":{"loc":{"start":{"line":85,"column":4},"end":{"line":88,"column":5}},"type":"if","locations":[{"start":{"line":85,"column":4},"end":{"line":88,"column":5}},{"start":{},"end":{}}]},"10":{"loc":{"start":{"line":90,"column":4},"end":{"line":93,"column":5}},"type":"if","locations":[{"start":{"line":90,"column":4},"end":{"line":93,"column":5}},{"start":{},"end":{}}]},"11":{"loc":{"start":{"line":105,"column":4},"end":{"line":131,"column":5}},"type":"if","locations":[{"start":{"line":105,"column":4},"end":{"line":131,"column":5}},{"start":{},"end":{}}]},"12":{"loc":{"start":{"line":107,"column":6},"end":{"line":109,"column":7}},"type":"if","locations":[{"start":{"line":107,"column":6},"end":{"line":109,"column":7}},{"start":{},"end":{}}]},"13":{"loc":{"start":{"line":107,"column":10},"end":{"line":107,"column":77}},"type":"binary-expr","locations":[{"start":{"line":107,"column":10},"end":{"line":107,"column":33}},{"start":{"line":107,"column":37},"end":{"line":107,"column":77}}]},"14":{"loc":{"start":{"line":112,"column":6},"end":{"line":124,"column":7}},"type":"if","locations":[{"start":{"line":112,"column":6},"end":{"line":124,"column":7}},{"start":{},"end":{}}]},"15":{"loc":{"start":{"line":114,"column":10},"end":{"line":116,"column":11}},"type":"if","locations":[{"start":{"line":114,"column":10},"end":{"line":116,"column":11}},{"start":{},"end":{}}]},"16":{"loc":{"start":{"line":115,"column":29},"end":{"line":115,"column":43}},"type":"binary-expr","locations":[{"start":{"line":115,"column":29},"end":{"line":115,"column":37}},{"start":{"line":115,"column":41},"end":{"line":115,"column":43}}]},"17":{"loc":{"start":{"line":117,"column":10},"end":{"line":122,"column":11}},"type":"if","locations":[{"start":{"line":117,"column":10},"end":{"line":122,"column":11}},{"start":{},"end":{}}]},"18":{"loc":{"start":{"line":119,"column":12},"end":{"line":121,"column":13}},"type":"if","locations":[{"start":{"line":119,"column":12},"end":{"line":121,"column":13}},{"start":{},"end":{}}]},"19":{"loc":{"start":{"line":119,"column":16},"end":{"line":119,"column":42}},"type":"binary-expr","locations":[{"start":{"line":119,"column":16},"end":{"line":119,"column":23}},{"start":{"line":119,"column":27},"end":{"line":119,"column":42}}]},"20":{"loc":{"start":{"line":140,"column":24},"end":{"line":140,"column":52}},"type":"binary-expr","locations":[{"start":{"line":140,"column":24},"end":{"line":140,"column":40}},{"start":{"line":140,"column":44},"end":{"line":140,"column":52}}]},"21":{"loc":{"start":{"line":141,"column":21},"end":{"line":141,"column":47}},"type":"binary-expr","locations":[{"start":{"line":141,"column":21},"end":{"line":141,"column":34}},{"start":{"line":141,"column":38},"end":{"line":141,"column":47}}]},"22":{"loc":{"start":{"line":151,"column":4},"end":{"line":163,"column":5}},"type":"if","locations":[{"start":{"line":151,"column":4},"end":{"line":163,"column":5}},{"start":{},"end":{}}]},"23":{"loc":{"start":{"line":151,"column":8},"end":{"line":151,"column":49}},"type":"binary-expr","locations":[{"start":{"line":151,"column":8},"end":{"line":151,"column":20}},{"start":{"line":151,"column":24},"end":{"line":151,"column":49}}]},"24":{"loc":{"start":{"line":153,"column":8},"end":{"line":155,"column":9}},"type":"if","locations":[{"start":{"line":153,"column":8},"end":{"line":155,"column":9}},{"start":{},"end":{}}]},"25":{"loc":{"start":{"line":154,"column":27},"end":{"line":154,"column":41}},"type":"binary-expr","locations":[{"start":{"line":154,"column":27},"end":{"line":154,"column":35}},{"start":{"line":154,"column":39},"end":{"line":154,"column":41}}]},"26":{"loc":{"start":{"line":156,"column":8},"end":{"line":161,"column":9}},"type":"if","locations":[{"start":{"line":156,"column":8},"end":{"line":161,"column":9}},{"start":{},"end":{}}]},"27":{"loc":{"start":{"line":158,"column":10},"end":{"line":160,"column":11}},"type":"if","locations":[{"start":{"line":158,"column":10},"end":{"line":160,"column":11}},{"start":{},"end":{}}]},"28":{"loc":{"start":{"line":158,"column":14},"end":{"line":158,"column":40}},"type":"binary-expr","locations":[{"start":{"line":158,"column":14},"end":{"line":158,"column":21}},{"start":{"line":158,"column":25},"end":{"line":158,"column":40}}]},"29":{"loc":{"start":{"line":178,"column":20},"end":{"line":178,"column":30}},"type":"default-arg","locations":[{"start":{"line":178,"column":28},"end":{"line":178,"column":30}}]},"30":{"loc":{"start":{"line":187,"column":4},"end":{"line":191,"column":5}},"type":"if","locations":[{"start":{"line":187,"column":4},"end":{"line":191,"column":5}},{"start":{},"end":{}}]},"31":{"loc":{"start":{"line":197,"column":4},"end":{"line":199,"column":5}},"type":"if","locations":[{"start":{"line":197,"column":4},"end":{"line":199,"column":5}},{"start":{},"end":{}}]},"32":{"loc":{"start":{"line":208,"column":6},"end":{"line":220,"column":7}},"type":"if","locations":[{"start":{"line":208,"column":6},"end":{"line":220,"column":7}},{"start":{},"end":{}}]},"33":{"loc":{"start":{"line":235,"column":6},"end":{"line":235,"column":19}},"type":"default-arg","locations":[{"start":{"line":235,"column":13},"end":{"line":235,"column":19}}]},"34":{"loc":{"start":{"line":242,"column":4},"end":{"line":245,"column":5}},"type":"if","locations":[{"start":{"line":242,"column":4},"end":{"line":245,"column":5}},{"start":{},"end":{}}]},"35":{"loc":{"start":{"line":253,"column":4},"end":{"line":257,"column":5}},"type":"if","locations":[{"start":{"line":253,"column":4},"end":{"line":257,"column":5}},{"start":{},"end":{}}]},"36":{"loc":{"start":{"line":261,"column":4},"end":{"line":268,"column":5}},"type":"if","locations":[{"start":{"line":261,"column":4},"end":{"line":268,"column":5}},{"start":{},"end":{}}]},"37":{"loc":{"start":{"line":263,"column":6},"end":{"line":267,"column":7}},"type":"if","locations":[{"start":{"line":263,"column":6},"end":{"line":267,"column":7}},{"start":{},"end":{}}]},"38":{"loc":{"start":{"line":274,"column":12},"end":{"line":274,"column":22}},"type":"binary-expr","locations":[{"start":{"line":274,"column":12},"end":{"line":274,"column":16}},{"start":{"line":274,"column":20},"end":{"line":274,"column":22}}]},"39":{"loc":{"start":{"line":284,"column":6},"end":{"line":284,"column":86}},"type":"cond-expr","locations":[{"start":{"line":284,"column":25},"end":{"line":284,"column":35}},{"start":{"line":284,"column":38},"end":{"line":284,"column":86}}]},"40":{"loc":{"start":{"line":284,"column":38},"end":{"line":284,"column":86}},"type":"cond-expr","locations":[{"start":{"line":284,"column":60},"end":{"line":284,"column":73}},{"start":{"line":284,"column":76},"end":{"line":284,"column":86}}]},"41":{"loc":{"start":{"line":284,"column":76},"end":{"line":284,"column":86}},"type":"binary-expr","locations":[{"start":{"line":284,"column":76},"end":{"line":284,"column":80}},{"start":{"line":284,"column":84},"end":{"line":284,"column":86}}]},"42":{"loc":{"start":{"line":296,"column":6},"end":{"line":299,"column":7}},"type":"if","locations":[{"start":{"line":296,"column":6},"end":{"line":299,"column":7}},{"start":{},"end":{}}]},"43":{"loc":{"start":{"line":297,"column":24},"end":{"line":297,"column":73}},"type":"binary-expr","locations":[{"start":{"line":297,"column":24},"end":{"line":297,"column":68}},{"start":{"line":297,"column":72},"end":{"line":297,"column":73}}]},"44":{"loc":{"start":{"line":316,"column":4},"end":{"line":334,"column":5}},"type":"if","locations":[{"start":{"line":316,"column":4},"end":{"line":334,"column":5}},{"start":{},"end":{}}]},"45":{"loc":{"start":{"line":352,"column":4},"end":{"line":356,"column":5}},"type":"if","locations":[{"start":{"line":352,"column":4},"end":{"line":356,"column":5}},{"start":{},"end":{}}]},"46":{"loc":{"start":{"line":374,"column":4},"end":{"line":380,"column":5}},"type":"if","locations":[{"start":{"line":374,"column":4},"end":{"line":380,"column":5}},{"start":{},"end":{}}]},"47":{"loc":{"start":{"line":397,"column":4},"end":{"line":400,"column":5}},"type":"if","locations":[{"start":{"line":397,"column":4},"end":{"line":400,"column":5}},{"start":{},"end":{}}]},"48":{"loc":{"start":{"line":414,"column":4},"end":{"line":417,"column":5}},"type":"if","locations":[{"start":{"line":414,"column":4},"end":{"line":417,"column":5}},{"start":{},"end":{}}]},"49":{"loc":{"start":{"line":424,"column":4},"end":{"line":427,"column":5}},"type":"if","locations":[{"start":{"line":424,"column":4},"end":{"line":427,"column":5}},{"start":{},"end":{}}]},"50":{"loc":{"start":{"line":429,"column":4},"end":{"line":473,"column":5}},"type":"if","locations":[{"start":{"line":429,"column":4},"end":{"line":473,"column":5}},{"start":{"line":433,"column":11},"end":{"line":473,"column":5}}]},"51":{"loc":{"start":{"line":433,"column":11},"end":{"line":473,"column":5}},"type":"if","locations":[{"start":{"line":433,"column":11},"end":{"line":473,"column":5}},{"start":{"line":470,"column":11},"end":{"line":473,"column":5}}]},"52":{"loc":{"start":{"line":435,"column":6},"end":{"line":438,"column":7}},"type":"if","locations":[{"start":{"line":435,"column":6},"end":{"line":438,"column":7}},{"start":{},"end":{}}]},"53":{"loc":{"start":{"line":450,"column":6},"end":{"line":454,"column":7}},"type":"if","locations":[{"start":{"line":450,"column":6},"end":{"line":454,"column":7}},{"start":{},"end":{}}]},"54":{"loc":{"start":{"line":450,"column":10},"end":{"line":450,"column":114}},"type":"binary-expr","locations":[{"start":{"line":450,"column":10},"end":{"line":450,"column":34}},{"start":{"line":450,"column":38},"end":{"line":450,"column":114}}]},"55":{"loc":{"start":{"line":460,"column":6},"end":{"line":469,"column":7}},"type":"if","locations":[{"start":{"line":460,"column":6},"end":{"line":469,"column":7}},{"start":{},"end":{}}]}},"s":{"0":8,"1":8,"2":8,"3":8,"4":8,"5":8,"6":8,"7":8,"8":0,"9":0,"10":0,"11":0,"12":0,"13":0,"14":0,"15":0,"16":8,"17":10,"18":10,"19":8,"20":1,"21":1,"22":1,"23":1,"24":1,"25":1,"26":1,"27":2,"28":2,"29":2,"30":0,"31":0,"32":0,"33":1,"34":1,"35":8,"36":9,"37":9,"38":9,"39":9,"40":1,"41":1,"42":8,"43":1,"44":1,"45":7,"46":7,"47":7,"48":1,"49":0,"50":1,"51":1,"52":1,"53":2,"54":2,"55":2,"56":1,"57":1,"58":1,"59":1,"60":1,"61":1,"62":6,"63":6,"64":6,"65":6,"66":6,"67":6,"68":12,"69":12,"70":12,"71":0,"72":0,"73":0,"74":6,"75":6,"76":8,"77":1,"78":1,"79":1,"80":1,"81":1,"82":1,"83":0,"84":0,"85":0,"86":1,"87":1,"88":0,"89":1,"90":1,"91":2,"92":0,"93":2,"94":1,"95":1,"96":8,"97":8,"98":8,"99":8,"100":8,"101":0,"102":0,"103":8,"104":8,"105":1,"106":1,"107":1,"108":7,"109":13,"110":7,"111":7,"112":7,"113":1,"114":1,"115":1,"116":6,"117":6,"118":6,"119":6,"120":12,"121":12,"122":6,"123":6,"124":6,"125":6,"126":6,"127":6,"128":6,"129":6,"130":6,"131":6,"132":6,"133":12,"134":12,"135":6,"136":6,"137":8,"138":2,"139":2,"140":2,"141":2,"142":2,"143":0,"144":0,"145":0,"146":2,"147":2,"148":2,"149":2,"150":2,"151":2,"152":2,"153":2,"154":2,"155":8,"156":0,"157":0,"158":0,"159":0,"160":0,"161":0,"162":0,"163":0,"164":8,"165":2,"166":2,"167":2,"168":2,"169":2,"170":0,"171":0,"172":2,"173":2,"174":0,"175":0,"176":2,"177":0,"178":0,"179":2,"180":2,"181":0,"182":0,"183":2,"184":2,"185":2,"186":2,"187":2,"188":2,"189":2,"190":2,"191":2,"192":2,"193":2,"194":2,"195":2,"196":2,"197":2,"198":2,"199":2,"200":4,"201":0,"202":0,"203":2,"204":8},"f":{"0":0,"1":10,"2":1,"3":9,"4":1,"5":2,"6":8,"7":13,"8":2,"9":0,"10":2},"b":{"0":[0,0],"1":[0,0],"2":[10,0],"3":[1,0],"4":[2,0],"5":[2,2],"6":[0,2],"7":[0,0],"8":[0,0],"9":[1,8],"10":[1,7],"11":[1,6],"12":[0,1],"13":[1,0],"14":[1,0],"15":[2,0],"16":[2,2],"17":[1,1],"18":[1,0],"19":[1,1],"20":[6,6],"21":[6,6],"22":[6,0],"23":[6,6],"24":[12,0],"25":[12,12],"26":[0,12],"27":[0,0],"28":[0,0],"29":[1],"30":[0,1],"31":[0,1],"32":[0,2],"33":[8],"34":[0,8],"35":[1,7],"36":[7,0],"37":[1,6],"38":[6,0],"39":[0,6],"40":[0,6],"41":[6,0],"42":[6,6],"43":[6,6],"44":[6,0],"45":[0,2],"46":[2,0],"47":[0,0],"48":[0,2],"49":[0,2],"50":[0,2],"51":[2,0],"52":[0,2],"53":[2,0],"54":[2,2],"55":[2,0]}}
,"C:\\StrayCare\\straycare-backend\\src\\controllers\\commentController.ts": {"path":"C:\\StrayCare\\straycare-backend\\src\\controllers\\commentController.ts","statementMap":{"0":{"start":{"line":1,"column":0},"end":{"line":1,"column":49}},"1":{"start":{"line":7,"column":22},"end":{"line":7,"column":56}},"2":{"start":{"line":17,"column":0},"end":{"line":53,"column":5}},"3":{"start":{"line":18,"column":19},"end":{"line":18,"column":29}},"4":{"start":{"line":19,"column":4},"end":{"line":19,"column":66}},"5":{"start":{"line":22,"column":24},"end":{"line":24,"column":6}},"6":{"start":{"line":27,"column":28},"end":{"line":27,"column":30}},"7":{"start":{"line":28,"column":44},"end":{"line":28,"column":46}},"8":{"start":{"line":30,"column":4},"end":{"line":41,"column":5}},"9":{"start":{"line":31,"column":18},"end":{"line":31,"column":36}},"10":{"start":{"line":32,"column":6},"end":{"line":32,"column":23}},"11":{"start":{"line":34,"column":6},"end":{"line":40,"column":7}},"12":{"start":{"line":35,"column":8},"end":{"line":35,"column":27}},"13":{"start":{"line":37,"column":25},"end":{"line":37,"column":52}},"14":{"start":{"line":38,"column":8},"end":{"line":38,"column":57}},"15":{"start":{"line":38,"column":33},"end":{"line":38,"column":57}},"16":{"start":{"line":39,"column":8},"end":{"line":39,"column":37}},"17":{"start":{"line":44,"column":4},"end":{"line":47,"column":5}},"18":{"start":{"line":45,"column":23},"end":{"line":45,"column":41}},"19":{"start":{"line":46,"column":6},"end":{"line":46,"column":48}},"20":{"start":{"line":49,"column":4},"end":{"line":51,"column":6}},"21":{"start":{"line":52,"column":4},"end":{"line":52,"column":23}},"22":{"start":{"line":60,"column":0},"end":{"line":85,"column":5}},"23":{"start":{"line":61,"column":19},"end":{"line":61,"column":29}},"24":{"start":{"line":62,"column":51},"end":{"line":62,"column":59}},"25":{"start":{"line":64,"column":4},"end":{"line":67,"column":5}},"26":{"start":{"line":65,"column":6},"end":{"line":65,"column":66}},"27":{"start":{"line":66,"column":6},"end":{"line":66,"column":13}},"28":{"start":{"line":69,"column":4},"end":{"line":69,"column":62}},"29":{"start":{"line":71,"column":20},"end":{"line":78,"column":6}},"30":{"start":{"line":80,"column":19},"end":{"line":80,"column":37}},"31":{"start":{"line":81,"column":4},"end":{"line":81,"column":24}},"32":{"start":{"line":83,"column":4},"end":{"line":83,"column":60}},"33":{"start":{"line":84,"column":4},"end":{"line":84,"column":33}},"34":{"start":{"line":92,"column":0},"end":{"line":123,"column":5}},"35":{"start":{"line":93,"column":30},"end":{"line":93,"column":40}},"36":{"start":{"line":94,"column":51},"end":{"line":94,"column":59}},"37":{"start":{"line":96,"column":4},"end":{"line":99,"column":5}},"38":{"start":{"line":97,"column":6},"end":{"line":97,"column":64}},"39":{"start":{"line":98,"column":6},"end":{"line":98,"column":13}},"40":{"start":{"line":102,"column":26},"end":{"line":102,"column":65}},"41":{"start":{"line":103,"column":4},"end":{"line":106,"column":5}},"42":{"start":{"line":104,"column":6},"end":{"line":104,"column":66}},"43":{"start":{"line":105,"column":6},"end":{"line":105,"column":13}},"44":{"start":{"line":108,"column":4},"end":{"line":110,"column":6}},"45":{"start":{"line":112,"column":18},"end":{"line":119,"column":6}},"46":{"start":{"line":121,"column":4},"end":{"line":121,"column":57}},"47":{"start":{"line":122,"column":4},"end":{"line":122,"column":43}}},"fnMap":{"0":{"name":"(anonymous_0)","decl":{"start":{"line":17,"column":33},"end":{"line":17,"column":38}},"loc":{"start":{"line":17,"column":106},"end":{"line":53,"column":3}}},"1":{"name":"(anonymous_1)","decl":{"start":{"line":60,"column":32},"end":{"line":60,"column":37}},"loc":{"start":{"line":60,"column":105},"end":{"line":85,"column":3}}},"2":{"name":"(anonymous_2)","decl":{"start":{"line":92,"column":30},"end":{"line":92,"column":35}},"loc":{"start":{"line":92,"column":103},"end":{"line":123,"column":3}}}},"branchMap":{"0":{"loc":{"start":{"line":34,"column":6},"end":{"line":40,"column":7}},"type":"if","locations":[{"start":{"line":34,"column":6},"end":{"line":40,"column":7}},{"start":{"line":36,"column":13},"end":{"line":40,"column":7}}]},"1":{"loc":{"start":{"line":38,"column":8},"end":{"line":38,"column":57}},"type":"if","locations":[{"start":{"line":38,"column":8},"end":{"line":38,"column":57}},{"start":{},"end":{}}]},"2":{"loc":{"start":{"line":46,"column":23},"end":{"line":46,"column":47}},"type":"binary-expr","locations":[{"start":{"line":46,"column":23},"end":{"line":46,"column":41}},{"start":{"line":46,"column":45},"end":{"line":46,"column":47}}]},"3":{"loc":{"start":{"line":64,"column":4},"end":{"line":67,"column":5}},"type":"if","locations":[{"start":{"line":64,"column":4},"end":{"line":67,"column":5}},{"start":{},"end":{}}]},"4":{"loc":{"start":{"line":64,"column":8},"end":{"line":64,"column":29}},"type":"binary-expr","locations":[{"start":{"line":64,"column":8},"end":{"line":64,"column":13}},{"start":{"line":64,"column":17},"end":{"line":64,"column":29}}]},"5":{"loc":{"start":{"line":73,"column":14},"end":{"line":73,"column":36}},"type":"binary-expr","locations":[{"start":{"line":73,"column":14},"end":{"line":73,"column":20}},{"start":{"line":73,"column":24},"end":{"line":73,"column":36}}]},"6":{"loc":{"start":{"line":74,"column":16},"end":{"line":74,"column":33}},"type":"binary-expr","locations":[{"start":{"line":74,"column":16},"end":{"line":74,"column":24}},{"start":{"line":74,"column":28},"end":{"line":74,"column":33}}]},"7":{"loc":{"start":{"line":75,"column":18},"end":{"line":75,"column":34}},"type":"binary-expr","locations":[{"start":{"line":75,"column":18},"end":{"line":75,"column":28}},{"start":{"line":75,"column":32},"end":{"line":75,"column":34}}]},"8":{"loc":{"start":{"line":96,"column":4},"end":{"line":99,"column":5}},"type":"if","locations":[{"start":{"line":96,"column":4},"end":{"line":99,"column":5}},{"start":{},"end":{}}]},"9":{"loc":{"start":{"line":96,"column":8},"end":{"line":96,"column":29}},"type":"binary-expr","locations":[{"start":{"line":96,"column":8},"end":{"line":96,"column":13}},{"start":{"line":96,"column":17},"end":{"line":96,"column":29}}]},"10":{"loc":{"start":{"line":103,"column":4},"end":{"line":106,"column":5}},"type":"if","locations":[{"start":{"line":103,"column":4},"end":{"line":106,"column":5}},{"start":{},"end":{}}]},"11":{"loc":{"start":{"line":114,"column":14},"end":{"line":114,"column":36}},"type":"binary-expr","locations":[{"start":{"line":114,"column":14},"end":{"line":114,"column":20}},{"start":{"line":114,"column":24},"end":{"line":114,"column":36}}]},"12":{"loc":{"start":{"line":115,"column":16},"end":{"line":115,"column":33}},"type":"binary-expr","locations":[{"start":{"line":115,"column":16},"end":{"line":115,"column":24}},{"start":{"line":115,"column":28},"end":{"line":115,"column":33}}]},"13":{"loc":{"start":{"line":116,"column":18},"end":{"line":116,"column":34}},"type":"binary-expr","locations":[{"start":{"line":116,"column":18},"end":{"line":116,"column":28}},{"start":{"line":116,"column":32},"end":{"line":116,"column":34}}]}},"s":{"0":7,"1":7,"2":7,"3":0,"4":0,"5":0,"6":0,"7":0,"8":0,"9":0,"10":0,"11":0,"12":0,"13":0,"14":0,"15":0,"16":0,"17":0,"18":0,"19":0,"20":0,"21":0,"22":7,"23":0,"24":0,"25":0,"26":0,"27":0,"28":0,"29":0,"30":0,"31":0,"32":0,"33":0,"34":7,"35":0,"36":0,"37":0,"38":0,"39":0,"40":0,"41":0,"42":0,"43":0,"44":0,"45":0,"46":0,"47":0},"f":{"0":0,"1":0,"2":0},"b":{"0":[0,0],"1":[0,0],"2":[0,0],"3":[0,0],"4":[0,0],"5":[0,0],"6":[0,0],"7":[0,0],"8":[0,0],"9":[0,0],"10":[0,0],"11":[0,0],"12":[0,0],"13":[0,0]}}
,"C:\\StrayCare\\straycare-backend\\src\\controllers\\donationController.ts": {"path":"C:\\StrayCare\\straycare-backend\\src\\controllers\\donationController.ts","statementMap":{"0":{"start":{"line":1,"column":0},"end":{"line":1,"column":28}},"1":{"start":{"line":2,"column":0},"end":{"line":2,"column":32}},"2":{"start":{"line":3,"column":0},"end":{"line":3,"column":35}},"3":{"start":{"line":5,"column":0},"end":{"line":5,"column":49}},"4":{"start":{"line":6,"column":0},"end":{"line":6,"column":68}},"5":{"start":{"line":8,"column":17},"end":{"line":8,"column":46}},"6":{"start":{"line":9,"column":19},"end":{"line":9,"column":50}},"7":{"start":{"line":10,"column":19},"end":{"line":10,"column":50}},"8":{"start":{"line":36,"column":9},"end":{"line":100,"column":5}},"9":{"start":{"line":37,"column":15},"end":{"line":37,"column":37}},"10":{"start":{"line":38,"column":6},"end":{"line":41,"column":7}},"11":{"start":{"line":39,"column":8},"end":{"line":39,"column":79}},"12":{"start":{"line":40,"column":8},"end":{"line":40,"column":15}},"13":{"start":{"line":43,"column":24},"end":{"line":43,"column":55}},"14":{"start":{"line":44,"column":28},"end":{"line":44,"column":63}},"15":{"start":{"line":46,"column":6},"end":{"line":62,"column":7}},"16":{"start":{"line":47,"column":8},"end":{"line":61,"column":9}},"17":{"start":{"line":49,"column":12},"end":{"line":50,"column":102}},"18":{"start":{"line":52,"column":10},"end":{"line":58,"column":11}},"19":{"start":{"line":53,"column":12},"end":{"line":53,"column":41}},"20":{"start":{"line":54,"column":12},"end":{"line":54,"column":49}},"21":{"start":{"line":55,"column":12},"end":{"line":55,"column":63}},"22":{"start":{"line":57,"column":12},"end":{"line":57,"column":72}},"23":{"start":{"line":60,"column":10},"end":{"line":60,"column":86}},"24":{"start":{"line":64,"column":6},"end":{"line":67,"column":7}},"25":{"start":{"line":65,"column":8},"end":{"line":65,"column":90}},"26":{"start":{"line":66,"column":8},"end":{"line":66,"column":15}},"27":{"start":{"line":69,"column":26},"end":{"line":69,"column":63}},"28":{"start":{"line":70,"column":6},"end":{"line":73,"column":7}},"29":{"start":{"line":71,"column":8},"end":{"line":71,"column":58}},"30":{"start":{"line":72,"column":8},"end":{"line":72,"column":15}},"31":{"start":{"line":75,"column":21},"end":{"line":75,"column":43}},"32":{"start":{"line":76,"column":23},"end":{"line":76,"column":28}},"33":{"start":{"line":77,"column":23},"end":{"line":77,"column":44}},"34":{"start":{"line":79,"column":27},"end":{"line":79,"column":103}},"35":{"start":{"line":80,"column":19},"end":{"line":83,"column":22}},"36":{"start":{"line":85,"column":6},"end":{"line":99,"column":7}},"37":{"start":{"line":102,"column":9},"end":{"line":131,"column":4}},"38":{"start":{"line":107,"column":8},"end":{"line":107,"column":17}},"39":{"start":{"line":109,"column":21},"end":{"line":129,"column":22}},"40":{"start":{"line":130,"column":4},"end":{"line":130,"column":23}},"41":{"start":{"line":133,"column":9},"end":{"line":151,"column":5}},"42":{"start":{"line":134,"column":97},"end":{"line":134,"column":105}},"43":{"start":{"line":136,"column":20},"end":{"line":136,"column":40}},"44":{"start":{"line":138,"column":21},"end":{"line":149,"column":6}},"45":{"start":{"line":150,"column":4},"end":{"line":150,"column":42}},"46":{"start":{"line":153,"column":9},"end":{"line":156,"column":4}},"47":{"start":{"line":154,"column":4},"end":{"line":154,"column":45}},"48":{"start":{"line":155,"column":4},"end":{"line":155,"column":24}},"49":{"start":{"line":158,"column":9},"end":{"line":163,"column":5}},"50":{"start":{"line":159,"column":20},"end":{"line":159,"column":32}},"51":{"start":{"line":161,"column":22},"end":{"line":161,"column":78}},"52":{"start":{"line":162,"column":4},"end":{"line":162,"column":24}},"53":{"start":{"line":165,"column":9},"end":{"line":173,"column":5}},"54":{"start":{"line":166,"column":22},"end":{"line":166,"column":32}},"55":{"start":{"line":167,"column":21},"end":{"line":170,"column":8}},"56":{"start":{"line":171,"column":26},"end":{"line":171,"column":65}},"57":{"start":{"line":172,"column":4},"end":{"line":172,"column":37}},"58":{"start":{"line":175,"column":9},"end":{"line":179,"column":5}},"59":{"start":{"line":176,"column":22},"end":{"line":176,"column":32}},"60":{"start":{"line":177,"column":22},"end":{"line":177,"column":111}},"61":{"start":{"line":178,"column":4},"end":{"line":178,"column":24}},"62":{"start":{"line":181,"column":9},"end":{"line":208,"column":5}},"63":{"start":{"line":182,"column":19},"end":{"line":182,"column":31}},"64":{"start":{"line":183,"column":17},"end":{"line":183,"column":31}},"65":{"start":{"line":185,"column":26},"end":{"line":185,"column":30}},"66":{"start":{"line":187,"column":4},"end":{"line":194,"column":5}},"67":{"start":{"line":188,"column":6},"end":{"line":188,"column":56}},"68":{"start":{"line":189,"column":11},"end":{"line":194,"column":5}},"69":{"start":{"line":190,"column":6},"end":{"line":190,"column":56}},"70":{"start":{"line":192,"column":6},"end":{"line":192,"column":88}},"71":{"start":{"line":193,"column":6},"end":{"line":193,"column":13}},"72":{"start":{"line":196,"column":4},"end":{"line":199,"column":5}},"73":{"start":{"line":197,"column":6},"end":{"line":197,"column":72}},"74":{"start":{"line":198,"column":6},"end":{"line":198,"column":13}},"75":{"start":{"line":201,"column":18},"end":{"line":201,"column":43}},"76":{"start":{"line":203,"column":22},"end":{"line":203,"column":111}},"77":{"start":{"line":205,"column":21},"end":{"line":205,"column":73}},"78":{"start":{"line":207,"column":4},"end":{"line":207,"column":23}},"79":{"start":{"line":210,"column":9},"end":{"line":213,"column":5}},"80":{"start":{"line":211,"column":22},"end":{"line":211,"column":67}},"81":{"start":{"line":212,"column":4},"end":{"line":212,"column":24}},"82":{"start":{"line":33,"column":0},"end":{"line":33,"column":13}},"83":{"start":{"line":34,"column":26},"end":{"line":34,"column":99}},"84":{"start":{"line":216,"column":13},"end":{"line":216,"column":59}}},"fnMap":{"0":{"name":"(anonymous_1)","decl":{"start":{"line":33,"column":0},"end":{"line":33,"column":13}},"loc":{"start":{"line":33,"column":0},"end":{"line":214,"column":1}}},"1":{"name":"(anonymous_2)","decl":{"start":{"line":36,"column":39},"end":{"line":36,"column":44}},"loc":{"start":{"line":36,"column":146},"end":{"line":100,"column":3}}},"2":{"name":"(anonymous_3)","decl":{"start":{"line":102,"column":26},"end":{"line":102,"column":27}},"loc":{"start":{"line":102,"column":64},"end":{"line":131,"column":3}}},"3":{"name":"(anonymous_4)","decl":{"start":{"line":133,"column":35},"end":{"line":133,"column":40}},"loc":{"start":{"line":133,"column":138},"end":{"line":151,"column":3}}},"4":{"name":"(anonymous_5)","decl":{"start":{"line":153,"column":25},"end":{"line":153,"column":26}},"loc":{"start":{"line":153,"column":63},"end":{"line":156,"column":3}}},"5":{"name":"(anonymous_6)","decl":{"start":{"line":158,"column":33},"end":{"line":158,"column":38}},"loc":{"start":{"line":158,"column":106},"end":{"line":163,"column":3}}},"6":{"name":"(anonymous_7)","decl":{"start":{"line":165,"column":37},"end":{"line":165,"column":42}},"loc":{"start":{"line":165,"column":110},"end":{"line":173,"column":3}}},"7":{"name":"(anonymous_8)","decl":{"start":{"line":175,"column":39},"end":{"line":175,"column":44}},"loc":{"start":{"line":175,"column":112},"end":{"line":179,"column":3}}},"8":{"name":"(anonymous_9)","decl":{"start":{"line":181,"column":43},"end":{"line":181,"column":48}},"loc":{"start":{"line":181,"column":116},"end":{"line":208,"column":3}}},"9":{"name":"(anonymous_10)","decl":{"start":{"line":210,"column":38},"end":{"line":210,"column":43}},"loc":{"start":{"line":210,"column":111},"end":{"line":213,"column":3}}}},"branchMap":{"0":{"loc":{"start":{"line":38,"column":6},"end":{"line":41,"column":7}},"type":"if","locations":[{"start":{"line":38,"column":6},"end":{"line":41,"column":7}},{"start":{},"end":{}}]},"1":{"loc":{"start":{"line":46,"column":6},"end":{"line":62,"column":7}},"type":"if","locations":[{"start":{"line":46,"column":6},"end":{"line":62,"column":7}},{"start":{},"end":{}}]},"2":{"loc":{"start":{"line":49,"column":12},"end":{"line":50,"column":102}},"type":"binary-expr","locations":[{"start":{"line":49,"column":12},"end"
[...]
tions":[{"start":{"line":116,"column":18},"end":{"line":116,"column":36}},{"start":{"line":116,"column":40},"end":{"line":116,"column":56}}]},"13":{"loc":{"start":{"line":117,"column":19},"end":{"line":117,"column":66}},"type":"binary-expr","locations":[{"start":{"line":117,"column":19},"end":{"line":117,"column":38}},{"start":{"line":117,"column":42},"end":{"line":117,"column":66}}]},"14":{"loc":{"start":{"line":119,"column":20},"end":{"line":119,"column":54}},"type":"binary-expr","locations":[{"start":{"line":119,"column":20},"end":{"line":119,"column":40}},{"start":{"line":119,"column":44},"end":{"line":119,"column":54}}]},"15":{"loc":{"start":{"line":120,"column":21},"end":{"line":120,"column":48}},"type":"binary-expr","locations":[{"start":{"line":120,"column":21},"end":{"line":120,"column":42}},{"start":{"line":120,"column":46},"end":{"line":120,"column":48}}]},"16":{"loc":{"start":{"line":121,"column":22},"end":{"line":121,"column":50}},"type":"binary-expr","locations":[{"start":{"line":121,"column":22},"end":{"line":121,"column":44}},{"start":{"line":121,"column":48},"end":{"line":121,"column":50}}]},"17":{"loc":{"start":{"line":122,"column":24},"end":{"line":122,"column":61}},"type":"binary-expr","locations":[{"start":{"line":122,"column":24},"end":{"line":122,"column":48}},{"start":{"line":122,"column":52},"end":{"line":122,"column":61}}]},"18":{"loc":{"start":{"line":123,"column":22},"end":{"line":123,"column":57}},"type":"binary-expr","locations":[{"start":{"line":123,"column":22},"end":{"line":123,"column":44}},{"start":{"line":123,"column":48},"end":{"line":123,"column":57}}]},"19":{"loc":{"start":{"line":124,"column":18},"end":{"line":124,"column":44}},"type":"binary-expr","locations":[{"start":{"line":124,"column":18},"end":{"line":124,"column":36}},{"start":{"line":124,"column":40},"end":{"line":124,"column":44}}]},"20":{"loc":{"start":{"line":125,"column":18},"end":{"line":125,"column":44}},"type":"binary-expr","locations":[{"start":{"line":125,"column":18},"end":{"line":125,"column":36}},{"start":{"line":125,"column":40},"end":{"line":125,"column":44}}]},"21":{"loc":{"start":{"line":126,"column":15},"end":{"line":126,"column":58}},"type":"binary-expr","locations":[{"start":{"line":126,"column":15},"end":{"line":126,"column":30}},{"start":{"line":126,"column":34},"end":{"line":126,"column":58}}]},"22":{"loc":{"start":{"line":128,"column":20},"end":{"line":128,"column":39}},"type":"binary-expr","locations":[{"start":{"line":128,"column":20},"end":{"line":128,"column":33}},{"start":{"line":128,"column":37},"end":{"line":128,"column":39}}]},"23":{"loc":{"start":{"line":129,"column":21},"end":{"line":129,"column":41}},"type":"binary-expr","locations":[{"start":{"line":129,"column":21},"end":{"line":129,"column":35}},{"start":{"line":129,"column":39},"end":{"line":129,"column":41}}]},"24":{"loc":{"start":{"line":134,"column":4},"end":{"line":144,"column":5}},"type":"if","locations":[{"start":{"line":134,"column":4},"end":{"line":144,"column":5}},{"start":{},"end":{}}]},"25":{"loc":{"start":{"line":138,"column":38},"end":{"line":138,"column":74}},"type":"binary-expr","locations":[{"start":{"line":138,"column":38},"end":{"line":138,"column":56}},{"start":{"line":138,"column":60},"end":{"line":138,"column":74}}]},"26":{"loc":{"start":{"line":141,"column":8},"end":{"line":141,"column":28}},"type":"binary-expr","locations":[{"start":{"line":141,"column":8},"end":{"line":141,"column":22}},{"start":{"line":141,"column":26},"end":{"line":141,"column":28}}]},"27":{"loc":{"start":{"line":146,"column":4},"end":{"line":170,"column":5}},"type":"if","locations":[{"start":{"line":146,"column":4},"end":{"line":170,"column":5}},{"start":{"line":168,"column":11},"end":{"line":170,"column":5}}]},"28":{"loc":{"start":{"line":150,"column":27},"end":{"line":150,"column":83}},"type":"cond-expr","locations":[{"start":{"line":150,"column":38},"end":{"line":150,"column":59}},{"start":{"line":150,"column":62},"end":{"line":150,"column":83}}]},"29":{"loc":{"start":{"line":155,"column":10},"end":{"line":163,"column":11}},"type":"if","locations":[{"start":{"line":155,"column":10},"end":{"line":163,"column":11}},{"start":{},"end":{}}]},"30":{"loc":{"start":{"line":155,"column":14},"end":{"line":155,"column":91}},"type":"binary-expr","locations":[{"start":{"line":155,"column":14},"end":{"line":155,"column":22}},{"start":{"line":155,"column":26},"end":{"line":155,"column":40}},{"start":{"line":155,"column":44},"end":{"line":155,"column":91}}]}},"s":{"0":7,"1":7,"2":7,"3":7,"4":7,"5":7,"6":0,"7":0,"8":0,"9":0,"10":0,"11":0,"12":0,"13":0,"14":0,"15":0,"16":0,"17":0,"18":0,"19":0,"20":0,"21":0,"22":0,"23":0,"24":0,"25":0,"26":0,"27":0,"28":0,"29":0,"30":0,"31":0,"32":0,"33":0,"34":0,"35":0,"36":0,"37":0,"38":0,"39":0,"40":0,"41":0,"42":0,"43":0,"44":0,"45":0,"46":0,"47":0,"48":0,"49":0,"50":0,"51":0,"52":0,"53":0,"54":0,"55":7},"f":{"0":0,"1":0,"2":0,"3":0,"4":0},"b":{"0":[0,0],"1":[0,0],"2":[0,0],"3":[0,0],"4":[0,0,0],"5":[0,0],"6":[0,0],"7":[0,0],"8":[0,0],"9":[0,0],"10":[0,0],"11":[0,0],"12":[0,0],"13":[0,0],"14":[0,0],"15":[0,0],"16":[0,0],"17":[0,0],"18":[0,0],"19":[0,0],"20":[0,0],"21":[0,0],"22":[0,0],"23":[0,0],"24":[0,0],"25":[0,0],"26":[0,0],"27":[0,0],"28":[0,0],"29":[0,0],"30":[0,0,0]}}
,"C:\\StrayCare\\straycare-backend\\src\\utils\\catchAsync.ts": {"path":"C:\\StrayCare\\straycare-backend\\src\\utils\\catchAsync.ts","statementMap":{"0":{"start":{"line":3,"column":26},"end":{"line":7,"column":1}},"1":{"start":{"line":4,"column":2},"end":{"line":6,"column":4}},"2":{"start":{"line":5,"column":4},"end":{"line":5,"column":35}},"3":{"start":{"line":3,"column":13},"end":{"line":3,"column":26}}},"fnMap":{"0":{"name":"(anonymous_0)","decl":{"start":{"line":3,"column":26},"end":{"line":3,"column":27}},"loc":{"start":{"line":3,"column":100},"end":{"line":7,"column":1}}},"1":{"name":"(anonymous_1)","decl":{"start":{"line":4,"column":9},"end":{"line":4,"column":10}},"loc":{"start":{"line":4,"column":61},"end":{"line":6,"column":3}}}},"branchMap":{},"s":{"0":7,"1":546,"2":33,"3":7},"f":{"0":546,"1":33},"b":{}}
,"C:\\StrayCare\\straycare-backend\\src\\utils\\cloudinaryUpload.ts": {"path":"C:\\StrayCare\\straycare-backend\\src\\utils\\cloudinaryUpload.ts","statementMap":{"0":{"start":{"line":1,"column":31},"end":{"line":44,"column":1}},"1":{"start":{"line":3,"column":4},"end":{"line":5,"column":37}},"2":{"start":{"line":7,"column":2},"end":{"line":43,"column":3}},"3":{"start":{"line":8,"column":27},"end":{"line":8,"column":58}},"4":{"start":{"line":9,"column":4},"end":{"line":22,"column":7}},"5":{"start":{"line":10,"column":21},"end":{"line":18,"column":null}},"6":{"start":{"line":16,"column":10},"end":{"line":16,"column":42}},"7":{"start":{"line":16,"column":21},"end":{"line":16,"column":42}},"8":{"start":{"line":17,"column":10},"end":{"line":17,"column":51}},"9":{"start":{"line":20,"column":27},"end":{"line":20,"column":44}},"10":{"start":{"line":21,"column":6},"end":{"line":21,"column":46}},"11":{"start":{"line":25,"column":4},"end":{"line":25,"column":80}},"12":{"start":{"line":26,"column":21},"end":{"line":26,"column":35}},"13":{"start":{"line":27,"column":17},"end":{"line":27,"column":81}},"14":{"start":{"line":28,"column":4},"end":{"line":28,"column":53}},"15":{"start":{"line":29,"column":4},"end":{"line":29,"column":64}},"16":{"start":{"line":31,"column":21},"end":{"line":34,"column":6}},"17":{"start":{"line":36,"column":4},"end":{"line":39,"column":5}},"18":{"start":{"line":37,"column":22},"end":{"line":37,"column":43}},"19":{"start":{"line":38,"column":6},"end":{"line":38,"column":71}},"20":{"start":{"line":41,"column":20},"end":{"line":41,"column":41}},"21":{"start":{"line":42,"column":4},"end":{"line":42,"column":43}},"22":{"start":{"line":46,"column":0},"end":{"line":46,"column":44}}},"fnMap":{"0":{"name":"(anonymous_0)","decl":{"start":{"line":1,"column":31},"end":{"line":1,"column":36}},"loc":{"start":{"line":1,"column":84},"end":{"line":44,"column":1}}},"1":{"name":"(anonymous_1)","decl":{"start":{"line":9,"column":31},"end":{"line":9,"column":32}},"loc":{"start":{"line":9,"column":51},"end":{"line":22,"column":5}}},"2":{"name":"(anonymous_2)","decl":{"start":{"line":15,"column":8},"end":{"line":15,"column":9}},"loc":{"start":{"line":15,"column":78},"end":{"line":18,"column":9}}}},"branchMap":{"0":{"loc":{"start":{"line":3,"column":4},"end":{"line":5,"column":37}},"type":"binary-expr","locations":[{"start":{"line":3,"column":4},"end":{"line":3,"column":37}},{"start":{"line":4,"column":4},"end":{"line":4,"column":34}},{"start":{"line":5,"column":4},"end":{"line":5,"column":37}}]},"1":{"loc":{"start":{"line":7,"column":2},"end":{"line":43,"column":3}},"type":"if","locations":[{"start":{"line":7,"column":2},"end":{"line":43,"column":3}},{"start":{"line":23,"column":9},"end":{"line":43,"column":3}}]},"2":{"loc":{"start":{"line":16,"column":10},"end":{"line":16,"column":42}},"type":"if","locations":[{"start":{"line":16,"column":10},"end":{"line":16,"column":42}},{"start":{},"end":{}}]},"3":{"loc":{"start":{"line":17,"column":18},"end":{"line":17,"column":49}},"type":"binary-expr","locations":[{"start":{"line":17,"column":18},"end":{"line":17,"column":35}},{"start":{"line":17,"column":39},"end":{"line":17,"column":49}}]},"4":{"loc":{"start":{"line":36,"column":4},"end":{"line":39,"column":5}},"type":"if","locations":[{"start":{"line":36,"column":4},"end":{"line":39,"column":5}},{"start":{},"end":{}}]},"5":{"loc":{"start":{"line":42,"column":11},"end":{"line":42,"column":42}},"type":"binary-expr","locations":[{"start":{"line":42,"column":11},"end":{"line":42,"column":28}},{"start":{"line":42,"column":32},"end":{"line":42,"column":42}}]}},"s":{"0":7,"1":0,"2":0,"3":0,"4":0,"5":0,"6":0,"7":0,"8":0,"9":0,"10":0,"11":0,"12":0,"13":0,"14":0,"15":0,"16":0,"17":0,"18":0,"19":0,"20":0,"21":0,"22":7},"f":{"0":0,"1":0,"2":0},"b":{"0":[0,0,0],"1":[0,0],"2":[0,0],"3":[0,0],"4":[0,0],"5":[0,0]}}
,"C:\\StrayCare\\straycare-backend\\src\\utils\\distance.ts": {"path":"C:\\StrayCare\\straycare-backend\\src\\utils\\distance.ts","statementMap":{"0":{"start":{"line":9,"column":12},"end":{"line":9,"column":16}},"1":{"start":{"line":12,"column":15},"end":{"line":12,"column":46}},"2":{"start":{"line":13,"column":15},"end":{"line":13,"column":46}},"3":{"start":{"line":17,"column":4},"end":{"line":20,"column":29}},"4":{"start":{"line":23,"column":2},"end":{"line":23,"column":60}},"5":{"start":{"line":26,"column":0},"end":{"line":26,"column":33}}},"fnMap":{"0":{"name":"getDistance","decl":{"start":{"line":8,"column":9},"end":{"line":8,"column":20}},"loc":{"start":{"line":8,"column":75},"end":{"line":24,"column":1}}}},"branchMap":{},"s":{"0":0,"1":0,"2":0,"3":0,"4":0,"5":7},"f":{"0":0},"b":{}}
,"C:\\StrayCare\\straycare-backend\\src\\utils\\logger.ts": {"path":"C:\\StrayCare\\straycare-backend\\src\\utils\\logger.ts","statementMap":{"0":{"start":{"line":7,"column":22},"end":{"line":7,"column":46}},"1":{"start":{"line":8,"column":4},"end":{"line":8,"column":64}},"2":{"start":{"line":15,"column":22},"end":{"line":15,"column":46}},"3":{"start":{"line":16,"column":4},"end":{"line":16,"column":65}},"4":{"start":{"line":23,"column":22},"end":{"line":23,"column":46}},"5":{"start":{"line":24,"column":4},"end":{"line":24,"column":68}},"6":{"start":{"line":1,"column":0},"end":{"line":1,"column":13}}},"fnMap":{"0":{"name":"(anonymous_0)","decl":{"start":{"line":6,"column":9},"end":{"line":6,"column":15}},"loc":{"start":{"line":6,"column":48},"end":{"line":9,"column":3}}},"1":{"name":"(anonymous_1)","decl":{"start":{"line":14,"column":9},"end":{"line":14,"column":15}},"loc":{"start":{"line":14,"column":48},"end":{"line":17,"column":3}}},"2":{"name":"(anonymous_2)","decl":{"start":{"line":22,"column":9},"end":{"line":22,"column":15}},"loc":{"start":{"line":22,"column":50},"end":{"line":25,"column":3}}}},"branchMap":{"0":{"loc":{"start":{"line":8,"column":52},"end":{"line":8,"column":62}},"type":"binary-expr","locations":[{"start":{"line":8,"column":52},"end":{"line":8,"column":56}},{"start":{"line":8,"column":60},"end":{"line":8,"column":62}}]},"1":{"loc":{"start":{"line":16,"column":53},"end":{"line":16,"column":63}},"type":"binary-expr","locations":[{"start":{"line":16,"column":53},"end":{"line":16,"column":57}},{"start":{"line":16,"column":61},"end":{"line":16,"column":63}}]},"2":{"loc":{"start":{"line":24,"column":55},"end":{"line":24,"column":66}},"type":"binary-expr","locations":[{"start":{"line":24,"column":55},"end":{"line":24,"column":60}},{"start":{"line":24,"column":64},"end":{"line":24,"column":66}}]}},"s":{"0":0,"1":0,"2":0,"3":0,"4":0,"5":0,"6":7},"f":{"0":0,"1":0,"2":0},"b":{"0":[0,0],"1":[0,0],"2":[0,0]}}
,"C:\\StrayCare\\straycare-backend\\src\\utils\\rescueMathHelper.ts": {"path":"C:\\StrayCare\\straycare-backend\\src\\utils\\rescueMathHelper.ts","statementMap":{"0":{"start":{"line":11,"column":19},"end":{"line":11,"column":32}},"1":{"start":{"line":12,"column":4},"end":{"line":12,"column":55}},"2":{"start":{"line":16,"column":4},"end":{"line":29,"column":5}},"3":{"start":{"line":17,"column":23},"end":{"line":17,"column":83}},"4":{"start":{"line":18,"column":24},"end":{"line":18,"column":85}},"5":{"start":{"line":20,"column":6},"end":{"line":28,"column":7}},"6":{"start":{"line":21,"column":8},"end":{"line":27,"column":10}},"7":{"start":{"line":31,"column":4},"end":{"line":37,"column":6}},"8":{"start":{"line":41,"column":4},"end":{"line":41,"column":31}},"9":{"start":{"line":41,"column":22},"end":{"line":41,"column":31}},"10":{"start":{"line":42,"column":28},"end":{"line":42,"column":49}},"11":{"start":{"line":43,"column":4},"end":{"line":43,"column":100}},"12":{"start":{"line":47,"column":4},"end":{"line":47,"column":51}},"13":{"start":{"line":3,"column":0},"end":{"line":3,"column":13}},"14":{"start":{"line":4,"column":26},"end":{"line":8,"column":4}}},"fnMap":{"0":{"name":"(anonymous_0)","decl":{"start":{"line":10,"column":9},"end":{"line":10,"column":15}},"loc":{"start":{"line":10,"column":67},"end":{"line":13,"column":3}}},"1":{"name":"(anonymous_1)","decl":{"start":{"line":15,"column":9},"end":{"line":15,"column":15}},"loc":{"start":{"line":15,"column":123},"end":{"line":38,"column":3}}},"2":{"name":"(anonymous_2)","decl":{"start":{"line":40,"column":9},"end":{"line":40,"column":15}},"loc":{"start":{"line":40,"column":49},"end":{"line":44,"column":3}}},"3":{"name":"(anonymous_3)","decl":{"start":{"line":46,"column":9},"end":{"line":46,"column":15}},"loc":{"start":{"line":46,"column":44},"end":{"line":48,"column":3}}}},"branchMap":{"0":{"loc":{"start":{"line":10,"column":37},"end":{"line":10,"column":67}},"type":"default-arg","locations":[{"start":{"line":10,"column":63},"end":{"line":10,"column":67}}]},"1":{"loc":{"start":{"line":12,"column":11},"end":{"line":12,"column":54}},"type":"cond-expr","locations":[{"start":{"line":12,"column":37},"end":{"line":12,"column":43}},{"start":{"line":12,"column":46},"end":{"line":12,"column":54}}]},"2":{"loc":{"start":{"line":15,"column":46},"end":{"line":15,"column":103}},"type":"default-arg","locations":[{"start":{"line":15,"column":62},"end":{"line":15,"column":103}}]},"3":{"loc":{"start":{"line":15,"column":105},"end":{"line":15,"column":123}},"type":"default-arg","locations":[{"start":{"line":15,"column":122},"end":{"line":15,"column":123}}]},"4":{"loc":{"start":{"line":16,"column":4},"end":{"line":29,"column":5}},"type":"if","locations":[{"start":{"line":16,"column":4},"end":{"line":29,"column":5}},{"start":{},"end":{}}]},"5":{"loc":{"start":{"line":16,"column":8},"end":{"line":16,"column":42}},"type":"binary-expr","locations":[{"start":{"line":16,"column":8},"end":{"line":16,"column":13}},{"start":{"line":16,"column":17},"end":{"line":16,"column":42}}]},"6":{"loc":{"start":{"line":17,"column":49},"end":{"line":17,"column":76}},"type":"binary-expr","locations":[{"start":{"line":17,"column":49},"end":{"line":17,"column":63}},{"start":{"line":17,"column":67},"end":{"line":17,"column":76}}]},"7":{"loc":{"start":{"line":18,"column":50},"end":{"line":18,"column":78}},"type":"binary-expr","locations":[{"start":{"line":18,"column":50},"end":{"line":18,"column":65}},{"start":{"line":18,"column":69},"end":{"line":18,"column":78}}]},"8":{"loc":{"start":{"line":20,"column":6},"end":{"line":28,"column":7}},"type":"if","locations":[{"start":{"line":20,"column":6},"end":{"line":28,"column":7}},{"start":{},"end":{}}]},"9":{"loc":{"start":{"line":20,"column":10},"end":{"line":20,"column":49}},"type":"binary-expr","locations":[{"start":{"line":20,"column":10},"end":{"line":20,"column":27}},{"start":{"line":20,"column":31},"end":{"line":20,"column":49}}]},"10":{"loc":{"start":{"line":26,"column":19},"end":{"line":26,"column":38}},"type":"binary-expr","locations":[{"start":{"line":26,"column":19},"end":{"line":26,"column":32}},{"start":{"line":26,"column":36},"end":{"line":26,"column":38}}]},"11":{"loc":{"start":{"line":36,"column":15},"end":{"line":36,"column":55}},"type":"binary-expr","locations":[{"start":{"line":36,"column":15},"end":{"line":36,"column":29}},{"start":{"line":36,"column":33},"end":{"line":36,"column":49}},{"start":{"line":36,"column":53},"end":{"line":36,"column":55}}]},"12":{"loc":{"start":{"line":41,"column":4},"end":{"line":41,"column":31}},"type":"if","locations":[{"start":{"line":41,"column":4},"end":{"line":41,"column":31}},{"start":{},"end":{}}]},"13":{"loc":{"start":{"line":41,"column":8},"end":{"line":41,"column":20}},"type":"binary-expr","locations":[{"start":{"line":41,"column":8},"end":{"line":41,"column":13}},{"start":{"line":41,"column":17},"end":{"line":41,"column":20}}]}},"s":{"0":0,"1":0,"2":0,"3":0,"4":0,"5":0,"6":0,"7":0,"8":0,"9":0,"10":0,"11":0,"12":0,"13":7,"14":7},"f":{"0":0,"1":0,"2":0,"3":0},"b":{"0":[0],"1":[0,0],"2":[0],"3":[0],"4":[0,0],"5":[0,0],"6":[0,0],"7":[0,0],"8":[0,0],"9":[0,0],"10":[0,0],"11":[0,0,0],"12":[0,0],"13":[0,0]}}
,"C:\\StrayCare\\straycare-backend\\src\\validators\\authValidator.ts": {"path":"C:\\StrayCare\\straycare-backend\\src\\validators\\authValidator.ts","statementMap":{"0":{"start":{"line":8,"column":45},"end":{"line":8,"column":52}},"1":{"start":{"line":10,"column":4},"end":{"line":12,"column":5}},"2":{"start":{"line":11,"column":6},"end":{"line":11,"column":68}},"3":{"start":{"line":14,"column":4},"end":{"line":16,"column":5}},"4":{"start":{"line":15,"column":6},"end":{"line":15,"column":88}},"5":{"start":{"line":18,"column":23},"end":{"line":18,"column":51}},"6":{"start":{"line":19,"column":4},"end":{"line":21,"column":5}},"7":{"start":{"line":20,"column":6},"end":{"line":20,"column":65}},"8":{"start":{"line":23,"column":4},"end":{"line":23,"column":29}},"9":{"start":{"line":3,"column":0},"end":{"line":3,"column":13}}},"fnMap":{"0":{"name":"(anonymous_0)","decl":{"start":{"line":7,"column":9},"end":{"line":7,"column":15}},"loc":{"start":{"line":7,"column":56},"end":{"line":24,"column":3}}}},"branchMap":{"0":{"loc":{"start":{"line":10,"column":4},"end":{"line":12,"column":5}},"type":"if","locations":[{"start":{"line":10,"column":4},"end":{"line":12,"column":5}},{"start":{},"end":{}}]},"1":{"loc":{"start":{"line":10,"column":8},"end":{"line":10,"column":46}},"type":"binary-expr","locations":[{"start":{"line":10,"column":8},"end":{"line":10,"column":13}},{"start":{"line":10,"column":17},"end":{"line":10,"column":23}},{"start":{"line":10,"column":27},"end":{"line":10,"column":33}},{"start":{"line":10,"column":37},"end":{"line":10,"column":46}}]},"2":{"loc":{"start":{"line":14,"column":4},"end":{"line":16,"column":5}},"type":"if","locations":[{"start":{"line":14,"column":4},"end":{"line":16,"column":5}},{"start":{},"end":{}}]},"3":{"loc":{"start":{"line":19,"column":4},"end":{"line":21,"column":5}},"type":"if","locations":[{"start":{"line":19,"column":4},"end":{"line":21,"column":5}},{"start":{},"end":{}}]}},"s":{"0":56,"1":56,"2":4,"3":52,"4":2,"5":50,"6":50,"7":1,"8":49,"9":8},"f":{"0":56},"b":{"0":[4,52],"1":[56,55,54,53],"2":[2,50],"3":[1,49]}}
}
