{"C:\\StrayCare\\straycare-backend\\src\\controllers\\adminAuthController.ts": {"path":"C:\\StrayCare\\straycare-backend\\src\\controllers\\adminAuthController.ts","statementMap":{"0":{"start":{"line":1,"column":0},"end":{"line":1,"column":49}},"1":{"start":{"line":3,"column":14},"end":{"line":3,"column":40}},"2":{"start":{"line":4,"column":35},"end":{"line":4,"column":67}},"3":{"start":{"line":6,"column":0},"end":{"line":6,"column":52}},"4":{"start":{"line":7,"column":0},"end":{"line":7,"column":62}},"5":{"start":{"line":10,"column":0},"end":{"line":31,"column":5}},"6":{"start":{"line":11,"column":32},"end":{"line":11,"column":40}},"7":{"start":{"line":13,"column":18},"end":{"line":13,"column":48}},"8":{"start":{"line":14,"column":4},"end":{"line":17,"column":5}},"9":{"start":{"line":15,"column":6},"end":{"line":15,"column":61}},"10":{"start":{"line":16,"column":6},"end":{"line":16,"column":13}},"11":{"start":{"line":19,"column":18},"end":{"line":19,"column":81}},"12":{"start":{"line":20,"column":4},"end":{"line":23,"column":5}},"13":{"start":{"line":21,"column":6},"end":{"line":21,"column":61}},"14":{"start":{"line":22,"column":6},"end":{"line":22,"column":13}},"15":{"start":{"line":25,"column":18},"end":{"line":27,"column":null}},"16":{"start":{"line":30,"column":4},"end":{"line":30,"column":96}},"17":{"start":{"line":33,"column":0},"end":{"line":52,"column":5}},"18":{"start":{"line":34,"column":22},"end":{"line":34,"column":30}},"19":{"start":{"line":36,"column":18},"end":{"line":36,"column":48}},"20":{"start":{"line":38,"column":4},"end":{"line":41,"column":5}},"21":{"start":{"line":39,"column":6},"end":{"line":39,"column":81}},"22":{"start":{"line":40,"column":6},"end":{"line":40,"column":13}},"23":{"start":{"line":43,"column":18},"end":{"line":43,"column":59}},"24":{"start":{"line":44,"column":4},"end":{"line":44,"column":29}},"25":{"start":{"line":45,"column":4},"end":{"line":45,"column":60}},"26":{"start":{"line":46,"column":4},"end":{"line":46,"column":23}},"27":{"start":{"line":48,"column":22},"end":{"line":48,"column":81}},"28":{"start":{"line":49,"column":4},"end":{"line":49,"column":51}},"29":{"start":{"line":51,"column":4},"end":{"line":51,"column":79}},"30":{"start":{"line":54,"column":0},"end":{"line":96,"column":5}},"31":{"start":{"line":55,"column":35},"end":{"line":55,"column":43}},"32":{"start":{"line":57,"column":4},"end":{"line":60,"column":5}},"33":{"start":{"line":58,"column":6},"end":{"line":58,"column":77}},"34":{"start":{"line":59,"column":6},"end":{"line":59,"column":13}},"35":{"start":{"line":63,"column":4},"end":{"line":68,"column":5}},"36":{"start":{"line":64,"column":6},"end":{"line":64,"column":46}},"37":{"start":{"line":66,"column":6},"end":{"line":66,"column":66}},"38":{"start":{"line":67,"column":6},"end":{"line":67,"column":13}},"39":{"start":{"line":70,"column":18},"end":{"line":73,"column":6}},"40":{"start":{"line":75,"column":4},"end":{"line":78,"column":5}},"41":{"start":{"line":76,"column":6},"end":{"line":76,"column":66}},"42":{"start":{"line":77,"column":6},"end":{"line":77,"column":13}},"43":{"start":{"line":80,"column":4},"end":{"line":83,"column":5}},"44":{"start":{"line":81,"column":6},"end":{"line":81,"column":80}},"45":{"start":{"line":82,"column":6},"end":{"line":82,"column":13}},"46":{"start":{"line":85,"column":4},"end":{"line":85,"column":33}},"47":{"start":{"line":86,"column":4},"end":{"line":86,"column":28}},"48":{"start":{"line":87,"column":4},"end":{"line":87,"column":34}},"49":{"start":{"line":89,"column":4},"end":{"line":92,"column":5}},"50":{"start":{"line":90,"column":6},"end":{"line":90,"column":30}},"51":{"start":{"line":91,"column":6},"end":{"line":91,"column":35}},"52":{"start":{"line":94,"column":4},"end":{"line":94,"column":23}},"53":{"start":{"line":95,"column":4},"end":{"line":95,"column":55}}},"fnMap":{"0":{"name":"(anonymous_0)","decl":{"start":{"line":10,"column":27},"end":{"line":10,"column":32}},"loc":{"start":{"line":10,"column":100},"end":{"line":31,"column":3}}},"1":{"name":"(anonymous_1)","decl":{"start":{"line":33,"column":36},"end":{"line":33,"column":41}},"loc":{"start":{"line":33,"column":109},"end":{"line":52,"column":3}}},"2":{"name":"(anonymous_2)","decl":{"start":{"line":54,"column":35},"end":{"line":54,"column":40}},"loc":{"start":{"line":54,"column":108},"end":{"line":96,"column":3}}}},"branchMap":{"0":{"loc":{"start":{"line":14,"column":4},"end":{"line":17,"column":5}},"type":"if","locations":[{"start":{"line":14,"column":4},"end":{"line":17,"column":5}},{"start":{},"end":{}}]},"1":{"loc":{"start":{"line":14,"column":8},"end":{"line":14,"column":33}},"type":"binary-expr","locations":[{"start":{"line":14,"column":8},"end":{"line":14,"column":14}},{"start":{"line":14,"column":18},"end":{"line":14,"column":33}}]},"2":{"loc":{"start":{"line":20,"column":4},"end":{"line":23,"column":5}},"type":"if","locations":[{"start":{"line":20,"column":4},"end":{"line":23,"column":5}},{"start":{},"end":{}}]},"3":{"loc":{"start":{"line":38,"column":4},"end":{"line":41,"column":5}},"type":"if","locations":[{"start":{"line":38,"column":4},"end":{"line":41,"column":5}},{"start":{},"end":{}}]},"4":{"loc":{"start":{"line":57,"column":4},"end":{"line":60,"column":5}},"type":"if","locations":[{"start":{"line":57,"column":4},"end":{"line":60,"column":5}},{"start":{},"end":{}}]},"5":{"loc":{"start":{"line":57,"column":8},"end":{"line":57,"column":30}},"type":"binary-expr","locations":[{"start":{"line":57,"column":8},"end":{"line":57,"column":14}},{"start":{"line":57,"column":18},"end":{"line":57,"column":30}}]},"6":{"loc":{"start":{"line":75,"column":4},"end":{"line":78,"column":5}},"type":"if","locations":[{"start":{"line":75,"column":4},"end":{"line":78,"column":5}},{"start":{},"end":{}}]},"7":{"loc":{"start":{"line":80,"column":4},"end":{"line":83,"column":5}},"type":"if","locations":[{"start":{"line":80,"column":4},"end":{"line":83,"column":5}},{"start":{},"end":{}}]},"8":{"loc":{"start":{"line":89,"column":4},"end":{"line":92,"column":5}},"type":"if","locations":[{"start":{"line":89,"column":4},"end":{"line":92,"column":5}},{"start":{},"end":{}}]}},"s":{"0":7,"1":7,"2":7,"3":7,"4":7,"5":7,"6":0,"7":0,"8":0,"9":0,"10":0,"11":0,"12":0,"13":0,"14":0,"15":0,"16":0,"17":7,"18":0,"19":0,"20":0,"21":0,"22":0,"23":0,"24":0,"25":0,"26":0,"27":0,"28":0,"29":0,"30":7,"31":0,"32":0,"33":0,"34":0,"35":0,"36":0,"37":0,"38":0,"39":0,"40":0,"41":0,"42":0,"43":0,"44":0,"45":0,"46":0,"47":0,"48":0,"49":0,"50":0,"51":0,"52":0,"53":0},"f":{"0":0,"1":0,"2":0},"b":{"0":[0,0],"1":[0,0],"2":[0,0],"3":[0,0],"4":[0,0],"5":[0,0],"6":[0,0],"7":[0,0],"8":[0,0]}}
,"C:\\StrayCare\\straycare-backend\\src\\controllers\\authController.ts": {"path":"C:\\StrayCare\\straycare-backend\\src\\controllers\\authController.ts","statementMap":{"0":{"start":{"line":1,"column":0},"end":{"line":1,"column":49}},"1":{"start":{"line":2,"column":15},"end":{"line":2,"column":32}},"2":{"start":{"line":3,"column":14},"end":{"line":3,"column":43}},"3":{"start":{"line":4,"column":13},"end":{"line":4,"column":38}},"4":{"start":{"line":5,"column":19},"end":{"line":5,"column":50}},"5":{"start":{"line":6,"column":25},"end":{"line":6,"column":62}},"6":{"start":{"line":7,"column":19},"end":{"line":7,"column":50}},"7":{"start":{"line":8,"column":27},"end":{"line":8,"column":66}},"8":{"start":{"line":10,"column":0},"end":{"line":10,"column":42}},"9":{"start":{"line":11,"column":0},"end":{"line":11,"column":60}},"10":{"start":{"line":12,"column":0},"end":{"line":12,"column":52}},"11":{"start":{"line":13,"column":0},"end":{"line":13,"column":62}},"12":{"start":{"line":14,"column":0},"end":{"line":14,"column":70}},"13":{"start":{"line":15,"column":39},"end":{"line":15,"column":71}},"14":{"start":{"line":17,"column":21},"end":{"line":17,"column":54}},"15":{"start":{"line":19,"column":24},"end":{"line":86,"column":1}},"16":{"start":{"line":21,"column":2},"end":{"line":85,"column":3}},"17":{"start":{"line":22,"column":45},"end":{"line":22,"column":53}},"18":{"start":{"line":24,"column":4},"end":{"line":24,"column":66}},"19":{"start":{"line":26,"column":23},"end":{"line":26,"column":74}},"20":{"start":{"line":27,"column":4},"end":{"line":30,"column":5}},"21":{"start":{"line":28,"column":6},"end":{"line":28,"column":60}},"22":{"start":{"line":29,"column":6},"end":{"line":29,"column":13}},"23":{"start":{"line":32,"column":25},"end":{"line":32,"column":54}},"24":{"start":{"line":34,"column":4},"end":{"line":37,"column":5}},"25":{"start":{"line":35,"column":6},"end":{"line":35,"column":68}},"26":{"start":{"line":36,"column":6},"end":{"line":36,"column":13}},"27":{"start":{"line":39,"column":27},"end":{"line":39,"column":75}},"28":{"start":{"line":41,"column":4},"end":{"line":47,"column":7}},"29":{"start":{"line":49,"column":18},"end":{"line":49,"column":77}},"30":{"start":{"line":51,"column":4},"end":{"line":56,"column":6}},"31":{"start":{"line":58,"column":4},"end":{"line":71,"column":7}},"32":{"start":{"line":73,"column":4},"end":{"line":73,"column":44}},"33":{"start":{"line":75,"column":4},"end":{"line":82,"column":5}},"34":{"start":{"line":76,"column":6},"end":{"line":81,"column":7}},"35":{"start":{"line":77,"column":8},"end":{"line":77,"column":47}},"36":{"start":{"line":78,"column":8},"end":{"line":78,"column":69}},"37":{"start":{"line":80,"column":8},"end":{"line":80,"column":57}},"38":{"start":{"line":84,"column":4},"end":{"line":84,"column":16}},"39":{"start":{"line":19,"column":13},"end":{"line":19,"column":24}},"40":{"start":{"line":88,"column":14},"end":{"line":148,"column":2}},"41":{"start":{"line":89,"column":30},"end":{"line":89,"column":38}},"42":{"start":{"line":91,"column":2},"end":{"line":94,"column":3}},"43":{"start":{"line":92,"column":4},"end":{"line":92,"column":73}},"44":{"start":{"line":93,"column":4},"end":{"line":93,"column":11}},"45":{"start":{"line":96,"column":15},"end":{"line":96,"column":44}},"46":{"start":{"line":98,"column":2},"end":{"line":101,"column":3}},"47":{"start":{"line":99,"column":4},"end":{"line":99,"column":59}},"48":{"start":{"line":100,"column":4},"end":{"line":100,"column":11}},"49":{"start":{"line":103,"column":18},"end":{"line":103,"column":80}},"50":{"start":{"line":105,"column":2},"end":{"line":108,"column":3}},"51":{"start":{"line":106,"column":4},"end":{"line":106,"column":67}},"52":{"start":{"line":107,"column":4},"end":{"line":107,"column":11}},"53":{"start":{"line":111,"column":37},"end":{"line":111,"column":63}},"54":{"start":{"line":113,"column":2},"end":{"line":122,"column":3}},"55":{"start":{"line":114,"column":23},"end":{"line":114,"column":69}},"56":{"start":{"line":115,"column":4},"end":{"line":115,"column":76}},"57":{"start":{"line":115,"column":35},"end":{"line":115,"column":76}},"58":{"start":{"line":116,"column":9},"end":{"line":122,"column":3}},"59":{"start":{"line":117,"column":23},"end":{"line":117,"column":69}},"60":{"start":{"line":118,"column":4},"end":{"line":118,"column":76}},"61":{"start":{"line":118,"column":35},"end":{"line":118,"column":76}},"62":{"start":{"line":119,"column":9},"end":{"line":122,"column":3}},"63":{"start":{"line":120,"column":29},"end":{"line":120,"column":81}},"64":{"start":{"line":121,"column":4},"end":{"line":121,"column":88}},"65":{"start":{"line":121,"column":41},"end":{"line":121,"column":88}},"66":{"start":{"line":124,"column":2},"end":{"line":127,"column":3}},"67":{"start":{"line":125,"column":4},"end":{"line":125,"column":74}},"68":{"start":{"line":126,"column":4},"end":{"line":126,"column":11}},"69":{"start":{"line":129,"column":16},"end":{"line":129,"column":75}},"70":{"start":{"line":131,"column":2},"end":{"line":147,"column":5}},"71":{"start":{"line":150,"column":19},"end":{"line":184,"column":2}},"72":{"start":{"line":151,"column":17},"end":{"line":151,"column":29}},"73":{"start":{"line":152,"column":19},"end":{"line":152,"column":27}},"74":{"start":{"line":154,"column":23},"end":{"line":154,"column":66}},"75":{"start":{"line":156,"column":2},"end":{"line":159,"column":3}},"76":{"start":{"line":157,"column":4},"end":{"line":157,"column":58}},"77":{"start":{"line":158,"column":4},"end":{"line":158,"column":11}},"78":{"start":{"line":161,"column":2},"end":{"line":164,"column":3}},"79":{"start":{"line":162,"column":4},"end":{"line":162,"column":63}},"80":{"start":{"line":163,"column":4},"end":{"line":163,"column":11}},"81":{"start":{"line":166,"column":15},"end":{"line":170,"column":23}},"82":{"start":{"line":172,"column":2},"end":{"line":175,"column":3}},"83":{"start":{"line":173,"column":4},"end":{"line":173,"column":56}},"84":{"start":{"line":174,"column":4},"end":{"line":174,"column":11}},"85":{"start":{"line":177,"column":16},"end":{"line":177,"column":75}},"86":{"start":{"line":179,"column":2},"end":{"line":183,"column":5}},"87":{"start":{"line":186,"column":14},"end":{"line":201,"column":2}},"88":{"start":{"line":187,"column":20},"end":{"line":187,"column":80}},"89":{"start":{"line":188,"column":2},"end":{"line":191,"column":3}},"90":{"start":{"line":189,"column":4},"end":{"line":189,"column":56}},"91":{"start":{"line":190,"column":4},"end":{"line":190,"column":11}},"92":{"start":{"line":193,"column":2},"end":{"line":198,"column":3}},"93":{"start":{"line":194,"column":23},"end":{"line":194,"column":69}},"94":{"start":{"line":195,"column":4},"end":{"line":197,"column":5}},"95":{"start":{"line":196,"column":6},"end":{"line":196,"column":49}},"96":{"start":{"line":200,"column":2},"end":{"line":200,"column":29}},"97":{"start":{"line":203,"column":23},"end":{"line":228,"column":2}},"98":{"start":{"line":204,"column":20},"end":{"line":204,"column":28}},"99":{"start":{"line":205,"column":15},"end":{"line":205,"column":44}},"100":{"start":{"line":209,"column":20},"end":{"line":209,"column":74}},"101":{"start":{"line":210,"column":21},"end":{"line":210,"column":80}},"102":{"start":{"line":212,"column":2},"end":{"line":222,"column":3}},"103":{"start":{"line":213,"column":4},"end":{"line":213,"column":41}},"104":{"start":{"line":214,"column":4},"end":{"line":214,"column":52}},"105":{"start":{"line":215,"column":4},"end":{"line":215,"column":22}},"106":{"start":{"line":217,"column":4},"end":{"line":221,"column":5}},"107":{"start":{"line":218,"column":6},"end":{"line":218,"column":62}},"108":{"start":{"line":220,"column":6},"end":{"line":220,"column":55}},"109":{"start":{"line":225,"column":2},"end":{"line":227,"column":5}},"110":{"start":{"line":230,"column":22},"end":{"line":253,"column":2}},"111":{"start":{"line":231,"column":33},"end":{"line":231,"column":41}},"112":{"start":{"line":233,"column":21},"end":{"line":233,"column":76}},"113":{"start":{"line":235,"column":15},"end":{"line":238,"column":4}},"114":{"start":{"line":240,"column":2},"end":{"line":243,"column":3}},"115":{"start":{"line":241,"column":4},"end":{"line":241,"column":71}},"116":{"start":{"line":242,"column":4},"end":{"line":242,"column":11}},"117":{"start":{"line":245,"column":25},"end":{"line":245,"column":76}},"118":{"start":{"line":246,"column":2},"end":{"line":246,"column":33}},"119":{"start":{"line":247,"column":2},"end":{"line":247,"column":38}},"120":{"start":{"line":248,"column":2},"end":{"line":248,"column":40}},"121":{"start":{"line":250,"column":2},"end":{"line":250,"column":20}},"122":{"start":{"line":252,"column":2},"end":{"line":252,"column":65}},"123":{"start":{"line":255,"column":23},"end":{"line":278,"column":2}},"124":{"start":{"line":256,"column":43},"end":{"line":256,"column":51}},"125":{"start":{"line":257,"column":17},"end":{"line":257,"column":29}},"126":{"start":{"line":259,"column":15},"end":{"line":259,"column":42}},"127":{"start":{"line":261,"column":2},"end":{"line":264,"column":3}},"128":{"start":{"line":262,"column":4},"end":{"line":262,"column":56}},"129":{"start":{"line":263,"column":4},"end":{"line":263,"column":11}},"130":{"start":{"line":266,"column":18},"end":{"line":266,"column":87}},"131":{"start":{"line":268,"column":2},"end":{"line":271,"column":3}},"132":{"start":{"line":269,"column":4},"end":{"line":269,"column":68}},"133":{"start":{"line":270,"column":4},"end":{"line":270,"column":11}},"134":{"start":{"line":273,"column":25},"end":{"line":273,"column":76}},"135":{"start":{"line":274,"column":2},"end":{"line":274,"column":33}},"136":{"start":{"line":275,"column":2},"end":{"line":275,"column":20}},"137":{"start":{"line":277,"column":2},"end":{"line":277,"column":69}},"138":{"start":{"line":280,"column":22},"end":{"line":304,"column":2}},"139":{"start":{"line":281,"column":17},"end":{"line":281,"column":29}},"140":{"start":{"line":282,"column":15},"end":{"line":282,"column":42}},"141":{"start":{"line":284,"column":2},"end":{"line":287,"column":3}},"142":{"start":{"line":285,"column":4},"end":{"line":285,"column":56}},"143":{"start":{"line":286,"column":4},"end":{"line":286,"column":11}},"144":{"start":{"line":289,"column":2},"end":{"line":297,"column":3}},"145":{"start":{"line":290,"column":4},"end":{"line":290,"column":50}},"146":{"start":{"line":291,"column":9},"end":{"line":297,"column":3}},"147":{"start":{"line":292,"column":4},"end":{"line":292,"column":56}},"148":{"start":{"line":293,"column":9},"end":{"line":297,"column":3}},"149":{"start":{"line":294,"column":4},"end":{"line":294,"column":50}},"150":{"start":{"line":295,"column":9},"end":{"line":297,"column":3}},"151":{"start":{"line":296,"column":4},"end":{"line":296,"column":58}},"152":{"start":{"line":299,"column":2},"end":{"line":299,"column":39}},"153":{"start":{"line":301,"column":2},"end":{"line":301,"column":44}},"154":{"start":{"line":303,"column":2},"end":{"line":303,"column":88}},"155":{"start":{"line":306,"column":19},"end":{"line":380,"column":2}},"156":{"start":{"line":307,"column":22},"end":{"line":307,"column":30}},"157":{"start":{"line":309,"column":2},"end":{"line":312,"column":3}},"158":{"start":{"line":310,"column":4},"end":{"line":310,"column":71}},"159":{"start":{"line":311,"column":4},"end":{"line":311,"column":11}},"160":{"start":{"line":316,"column":2},"end":{"line":322,"column":3}},"161":{"start":{"line":317,"column":4},"end":{"line":317,"column":61}},"162":{"start":{"line":319,"column":4},"end":{"line":319,"column":72}},"163":{"start":{"line":320,"column":4},"end":{"line":320,"column":75}},"164":{"start":{"line":321,"column":4},"end":{"line":321,"column":11}},"165":{"start":{"line":324,"column":53},"end":{"line":324,"column":65}},"166":{"start":{"line":326,"column":2},"end":{"line":331,"column":3}},"167":{"start":{"line":327,"column":4},"end":{"line":329,"column":7}},"168":{"start":{"line":330,"column":4},"end":{"line":330,"column":11}},"169":{"start":{"line":334,"column":13},"end":{"line":334,"column":42}},"170":{"start":{"line":335,"column":18},"end":{"line":335,"column":23}},"171":{"start":{"line":337,"column":2},"end":{"line":360,"column":3}},"172":{"start":{"line":339,"column":4},"end":{"line":339,"column":44}},"173":{"start":{"line":339,"column":24},"end":{"line":339,"column":44}},"174":{"start":{"line":340,"column":4},"end":{"line":340,"column":55}},"175":{"start":{"line":340,"column":33},"end":{"line":340,"column":55}},"176":{"start":{"line":341,"column":4},"end":{"line":341,"column":22}},"177":{"start":{"line":344,"column":4},"end":{"line":344,"column":21}},"178":{"start":{"line":345,"column":4},"end":{"line":352,"column":7}},"179":{"start":{"line":354,"column":4},"end":{"line":359,"column":6}},"180":{"start":{"line":362,"column":16},"end":{"line":362,"column":75}},"181":{"start":{"line":364,"column":2},"end":{"line":379,"column":5}},"182":{"start":{"line":382,"column":0},"end":{"line":392,"column":2}}},"fnMap":{"0":{"name":"(anonymous_0)","decl":{"start":{"line":19,"column":24},"end":{"line":19,"column":29}},"loc":{"start":{"line":19,"column":97},"end":{"line":86,"column":1}}},"1":{"name":"(anonymous_1)","decl":{"start":{"line":88,"column":25},"end":{"line":88,"column":30}},"loc":{"start":{"line":88,"column":98},"end":{"line":148,"column":1}}},"2":{"name":"(anonymous_2)","decl":{"start":{"line":150,"column":30},"end":{"line":150,"column":35}},"loc":{"start":{"line":150,"column":103},"end":{"line":184,"column":1}}},"3":{"name":"(anonymous_3)","decl":{"start":{"line":186,"column":25},"end":{"line":186,"column":30}},"loc":{"start":{"line":186,"column":98},"end":{"line":201,"column":1}}},"4":{"name":"(anonymous_4)","decl":{"start":{"line":203,"column":34},"end":{"line":203,"column":39}},"loc":{"start":{"line":203,"column":107},"end":{"line":228,"column":1}}},"5":{"name":"(anonymous_5)","decl":{"start":{"line":230,"column":33},"end":{"line":230,"column":38}},"loc":{"start":{"line":230,"column":106},"end":{"line":253,"column":1}}},"6":{"name":"(anonymous_6)","decl":{"start":{"line":255,"column":34},"end":{"line":255,"column":39}},"loc":{"start":{"line":255,"column":107},"end":{"line":278,"column":1}}},"7":{"name":"(anonymous_7)","decl":{"start":{"line":280,"column":33},"end":{"line":280,"column":38}},"loc":{"start":{"line":280,"column":106},"end":{"line":304,"column":1}}},"8":{"name":"(anonymous_8)","decl":{"start":{"line":306,"column":30},"end":{"line":306,"column":35}},"loc":{"start":{"line":306,"column":103},"end":{"line":380,"column":1}}}},"branchMap":{"0":{"loc":{"start":{"line":27,"column":4},"end":{"line":30,"column":5}},"type":"if","locations":[{"start":{"line":27,"column":4},"end":{"line":30,"column":5}},{"start":{},"end":{}}]},"1":{"loc":{"start":{"line":34,"column":4},"end":{"line":37,"column":5}},"type":"if","locations":[{"start":{"line":34,"column":4},"end":{"line":37,"column":5}},{"start":{},"end":{}}]},"2":{"loc":{"start":{"line":75,"column":4},"end":{"line":82,"column":5}},"type":"if","locations":[{"start":{"line":75,"column":4},"end":{"line":82,"column":5}},{"start":{},"end":{}}]},"3":{"loc":{"start":{"line":75,"column":8},"end":{"line":75,"column":24}},"type":"binary-expr","locations":[{"start":{"line":75,"column":8},"end":{"line":75,"column":12}},{"start":{"line":75,"column":16},"end":{"line":75,"column":24}}]},"4":{"loc":{"start":{"line":91,"column":2},"end":{"line":94,"column":3}},"type":"if","locations":[{"start":{"line":91,"column":2},"end":{"line":94,"column":3}},{"start":{},"end":{}}]},"5":{"loc":{"start":{"line":91,"column":6},"end":{"line":91,"column":25}},"type":"binary-expr","locations":[{"start":{"line":91,"column":6},"end":{"line":91,"column":12}},{"start":{"line":91,"column":16},"end":{"line":91,"column":25}}]},"6":{"loc":{"start":{"line":98,"column":2},"end":{"line":101,"column":3}},"type":"if","locations":[{"start":{"line":98,"column":2},"end":{"line":101,"column":3}},{"start":{},"end":{}}]},"7":{"loc":{"start":{"line":105,"column":2},"end":{"line":108,"column":3}},"type":"if","locations":[{"start":{"line":105,"column":2},"end":{"line":108,"column":3}},{"start":{},"end":{}}]},"8":{"loc":{"start":{"line":111,"column":37},"end":{"line":111,"column":63}},"type":"binary-expr","locations":[{"start":{"line":111,"column":37},"end":{"line":111,"column":55}},{"start":{"line":111,"column":59},"end":{"line":111,"column":63}}]},"9":{"loc":{"start":{"line":113,"column":2},"end":{"line":122,"column":3}},"type":"if","locations":[{"start":{"line":113,"column":2},"end":{"line":122,"column":3}},{"start":{"line":116,"column":9},"end":{"line":122,"column":3}}]},"10":{"loc":{"start":{"line":115,"column":4},"end":{"line":115,"column":76}},"type":"if","locations":[{"start":{"line":115,"column":4},"end":{"line":115,"column":76}},{"start":{},"end":{}}]},"11":{"loc":{"start":{"line":116,"column":9},"end":{"line":122,"column":3}},"type":"if","locations":[{"start":{"line":116,"column":9},"end":{"line":122,"column":3}},{"start":{"line":119,"column":9},"end":{"line":122,"column":3}}]},"12":{"loc":{"start":{"line":118,"column":4},"end":{"line":118,"column":76}},"type":"if","locations":[{"start":{"line":118,"column":4},"end":{"line":118,"column":76}},{"start":{},"end":{}}]},"13":{"loc":{"start":{"line":119,"column":9},"end":{"line":122,"column":3}},"type":"if","locations":[{"start":{"line":119,"column":9},"end":{"line":122,"column":3}},{"start":{},"end":{}}]},"14":{"loc":{"start":{"line":121,"column":4},"end":{"line":121,"column":88}},"type":"if","locations":[{"start":{"line":121,"column":4},"end":{"line":121,"column":88}},{"start":{},"end":{}}]},"15":{"loc":{"start":{"line":124,"column":2},"end":{"line":127,"column":3}},"type":"if","locations":[{"start":{"line":124,"column":2},"end":{"line":127,"column":3}},{"start":{},"end":{}}]},"16":{"loc":{"start":{"line":144,"column":8},"end":{"line":146,"column":6}},"type":"binary-expr","locations":[{"start":{"line":144,"column":8},"end":{"line":144,"column":34}},{"start":{"line":144,"column":38},"end":{"line":146,"column":6}}]},"17":{"loc":{"start":{"line":156,"column":2},"end":{"line":159,"column":3}},"type":"if","locations":[{"start":{"line":156,"column":2},"end":{"line":159,"column":3}},{"start":{},"end":{}}]},"18":{"loc":{"start":{"line":161,"column":2},"end":{"line":164,"column":3}},"type":"if","locations":[{"start":{"line":161,"column":2},"end":{"line":164,"column":3}},{"start":{},"end":{}}]},"19":{"loc":{"start":{"line":172,"column":2},"end":{"line":175,"column":3}},"type":"if","locations":[{"start":{"line":172,"column":2},"end":{"line":175,"column":3}},{"start":{},"end":{}}]},"20":{"loc":{"start":{"line":188,"column":2},"end":{"line":191,"column":3}},"type":"if","locations":[{"start":{"line":188,"column":2},"end":{"line":191,"column":3}},{"start":{},"end":{}}]},"21":{"loc":{"start":{"line":193,"column":2},"end":{"line":198,"column":3}},"type":"if","locations":[{"start":{"line":193,"column":2},"end":{"line":198,"column":3}},{"start":{},"end":{}}]},"22":{"loc":{"start":{"line":195,"column":4},"end":{"line":197,"column":5}},"type":"if","locations":[{"start":{"line":195,"column":4},"end":{"line":197,"column":5}},{"start":{},"end":{}}]},"23":{"loc":{"start":{"line":212,"column":2},"end":{"line":222,"column":3}},"type":"if","locations":[{"start":{"line":212,"column":2},"end":{"line":222,"column":3}},{"start":{},"end":{}}]},"24":{"loc":{"start":{"line":240,"column":2},"end":{"line":243,"column":3}},"type":"if","locations":[{"start":{"line":240,"column":2},"end":{"line":243,"column":3}},{"start":{},"end":{}}]},"25":{"loc":{"start":{"line":261,"column":2},"end":{"line":264,"column":3}},"type":"if","locations":[{"start":{"line":261,"column":2},"end":{"line":264,"column":3}},{"start":{},"end":{}}]},"26":{"loc":{"start":{"line":268,"column":2},"end":{"line":271,"column":3}},"type":"if","locations":[{"start":{"line":268,"column":2},"end":{"line":271,"column":3}},{"start":{},"end":{}}]},"27":{"loc":{"start":{"line":284,"column":2},"end":{"line":287,"column":3}},"type":"if","locations":[{"start":{"line":284,"column":2},"end":{"line":287,"column":3}},{"start":{},"end":{}}]},"28":{"loc":{"start":{"line":289,"column":2},"end":{"line":297,"column":3}},"type":"if","locations":[{"start":{"line":289,"column":2},"end":{"line":297,"column":3}},{"start":{"line":291,"column":9},"end":{"line":297,"column":3}}]},"29":{"loc":{"start":{"line":291,"column":9},"end":{"line":297,"column":3}},"type":"if","locations":[{"start":{"line":291,"column":9},"end":{"line":297,"column":3}},{"start":{"line":293,"column":9},"end":{"line":297,"column":3}}]},"30":{"loc":{"start":{"line":293,"column":9},"end":{"line":297,"column":3}},"type":"if","locations":[{"start":{"line":293,"column":9},"end":{"line":297,"column":3}},{"start":{"line":295,"column":9},"end":{"line":297,"column":3}}]},"31":{"loc":{"start":{"line":295,"column":9},"end":{"line":297,"column":3}},"type":"if","locations":[{"start":{"line":295,"column":9},"end":{"line":297,"column":3}},{"start":{},"end":{}}]},"32":{"loc":{"start":{"line":309,"column":2},"end":{"line":312,"column":3}},"type":"if","locations":[{"start":{"line":309,"column":2},"end":{"line":312,"column":3}},{"start":{},"end":{}}]},"33":{"loc":{"start":{"line":326,"column":2},"end":{"line":331,"column":3}},"type":"if","locations":[{"start":{"line":326,"column":2},"end":{"line":331,"column":3}},{"start":{},"end":{}}]},"34":{"loc":{"start":{"line":337,"column":2},"end":{"line":360,"column":3}},"type":"if","locations":[{"start":{"line":337,"column":2},"end":{"line":360,"column":3}},{"start":{"line":342,"column":9},"end":{"line":360,"column":3}}]},"35":{"loc":{"start":{"line":339,"column":4},"end":{"line":339,"column":44}},"type":"if","locations":[{"start":{"line":339,"column":4},"end":{"line":339,"column":44}},{"start":{},"end":{}}]},"36":{"loc":{"start":{"line":340,"column":4},"end":{"line":340,"column":55}},"type":"if","locations":[{"start":{"line":340,"column":4},"end":{"line":340,"column":55}},{"start":{},"end":{}}]},"37":{"loc":{"start":{"line":340,"column":8},"end":{"line":340,"column":31}},"type":"binary-expr","locations":[{"start":{"line":340,"column":8},"end":{"line":340,"column":20}},{"start":{"line":340,"column":24},"end":{"line":340,"column":31}}]},"38":{"loc":{"start":{"line":346,"column":12},"end":{"line":346,"column":46}},"type":"binary-expr","locations":[{"start":{"line":346,"column":12},"end":{"line":346,"column":23}},{"start":{"line":346,"column":27},"end":{"line":346,"column":46}}]},"39":{"loc":{"start":{"line":350,"column":14},"end":{"line":350,"column":27}},"type":"binary-expr","locations":[{"start":{"line":350,"column":14},"end":{"line":350,"column":21}},{"start":{"line":350,"column":25},"end":{"line":350,"column":27}}]},"40":{"loc":{"start":{"line":366,"column":13},"end":{"line":366,"column":76}},"type":"cond-expr","locations":[{"start":{"line":366,"column":25},"end":{"line":366,"column":55}},{"start":{"line":366,"column":58},"end":{"line":366,"column":76}}]}},"s":{"0":7,"1":7,"2":7,"3":7,"4":7,"5":7,"6":7,"7":7,"8":7,"9":7,"10":7,"11":7,"12":7,"13":7,"14":7,"15":7,"16":0,"17":0,"18":0,"19":0,"20":0,"21":0,"22":0,"23":0,"24":0,"25":0,"26":0,"27":0,"28":0,"29":0,"30":0,"31":0,"32":0,"33":0,"34":0,"35":0,"36":0,"37":0,"38":0,"39":7,"40":7,"41":0,"42":0,"43":0,"44":0,"45":0,"46":0,"47":0,"48":0,"49":0,"50":0,"51":0,"52":0,"53":0,"54":0,"55":0,"56":0,"57":0,"58":0,"59":0,"60":0,"61":0,"62":0,"63":0,"64":0,"65":0,"66":0,"67":0,"68":0,"69":0,"70":0,"71":7,"72":0,"73":0,"74":0,"75":0,"76":0,"77":0,"78":0,"79":0,"80":0,"81":0,"82":0,"83":0,"84":0,"85":0,"86":0,"87":7,"88":0,"89":0,"90":0,"91":0,"92":0,"93":0,"94":0,"95":0,"96":0,"97":7,"98":0,"99":0,"100":0,"101":0,"102":0,"103":0,"104":0,"105":0,"106":0,"107":0,"108":0,"109":0,"110":7,"111":0,"112":0,"113":0,"114":0,"115":0,"116":0,"117":0,"118":0,"119":0,"120":0,"121":0,"122":0,"123":7,"124":0,"125":0,"126":0,"127":0,"128":0,"129":0,"130":0,"131":0,"132":0,"133":0,"134":0,"135":0,"136":0,"137":0,"138":7,"139":0,"140":0,"141":0,"142":0,"143":0,"144":0,"145":0,"146":0,"147":0,"148":0,"149":0,"150":0,"151":0,"152":0,"153":0,"154":0,"155":7,"156":0,"157":0,"158":0,"159":0,"160":0,"161":0,"162":0,"163":0,"164":0,"165":0,"166":0,"167":0,"168":0,"169":0,"170":0,"171":0,"172":0,"173":0,"174":0,"175":0,"176":0,"177":0,"178":0,"179":0,"180":0,"181":0,"182":7},"f":{"0":0,"1":0,"2":0,"3":0,"4":0,"5":0,"6":0,"7":0,"8":0},"b":{"0":[0,0],"1":[0,0],"2":[0,0],"3":[0,0],"4":[0,0],"5":[0,0],"6":[0,0],"7":[0,0],"8":[0,0],"9":[0,0],"10":[0,0],"11":[0,0],"12":[0,0],"13":[0,0],"14":[0,0],"15":[0,0],"16":[0,0],"17":[0,0],"18":[0,0],"19":[0,0],"20":[0,0],"21":[0,0],"22":[0,0],"23":[0,0],"24":[0,0],"25":[0,0],"26":[0,0],"27":[0,0],"28":[0,0],"29":[0,0],"30":[0,0],"31":[0,0],"32":[0,0],"33":[0,0],"34":[0,0],"35":[0,0],"36":[0,0],"37":[0,0],"38":[0,0],"39":[0,0],"40":[0,0]}}
,"C:\\StrayCare\\straycare-backend\\src\\controllers\\callLogController.ts": {"path":"C:\\StrayCare\\straycare-backend\\src\\controllers\\callLogController.ts","statementMap":{"0":{"start":{"line":2,"column":0},"end":{"line":2,"column":56}},"1":{"start":{"line":3,"column":0},"end":{"line":3,"column":51}},"2":{"start":{"line":9,"column":9},"end":{"line":23,"column":4}},"3":{"start":{"line":10,"column":4},"end":{"line":22,"column":5}},"4":{"start":{"line":11,"column":22},"end":{"line":11,"column":42}},"5":{"start":{"line":12,"column":6},"end":{"line":15,"column":7}},"6":{"start":{"line":13,"column":8},"end":{"line":13,"column":58}},"7":{"start":{"line":14,"column":8},"end":{"line":14,"column":15}},"8":{"start":{"line":17,"column":22},"end":{"line":17,"column":61}},"9":{"start":{"line":18,"column":6},"end":{"line":18,"column":36}},"10":{"start":{"line":20,"column":6},"end":{"line":20,"column":72}},"11":{"start":{"line":21,"column":6},"end":{"line":21,"column":65}},"12":{"start":{"line":28,"column":9},"end":{"line":48,"column":4}},"13":{"start":{"line":29,"column":4},"end":{"line":47,"column":5}},"14":{"start":{"line":30,"column":22},"end":{"line":30,"column":42}},"15":{"start":{"line":31,"column":17},"end":{"line":31,"column":40}},"16":{"start":{"line":33,"column":6},"end":{"line":36,"column":7}},"17":{"start":{"line":34,"column":8},"end":{"line":34,"column":58}},"18":{"start":{"line":35,"column":8},"end":{"line":35,"column":15}},"19":{"start":{"line":38,"column":22},"end":{"line":38,"column":64}},"20":{"start":{"line":39,"column":6},"end":{"line":43,"column":7}},"21":{"start":{"line":40,"column":8},"end":{"line":40,"column":70}},"22":{"start":{"line":42,"column":8},"end":{"line":42,"column":75}},"23":{"start":{"line":45,"column":6},"end":{"line":45,"column":68}},"24":{"start":{"line":46,"column":6},"end":{"line":46,"column":65}},"25":{"start":{"line":53,"column":9},"end":{"line":67,"column":4}},"26":{"start":{"line":54,"column":4},"end":{"line":66,"column":5}},"27":{"start":{"line":55,"column":22},"end":{"line":55,"column":42}},"28":{"start":{"line":56,"column":6},"end":{"line":59,"column":7}},"29":{"start":{"line":57,"column":8},"end":{"line":57,"column":58}},"30":{"start":{"line":58,"column":8},"end":{"line":58,"column":15}},"31":{"start":{"line":61,"column":6},"end":{"line":61,"column":48}},"32":{"start":{"line":62,"column":6},"end":{"line":62,"column":72}},"33":{"start":{"line":64,"column":6},"end":{"line":64,"column":72}},"34":{"start":{"line":65,"column":6},"end":{"line":65,"column":65}},"35":{"start":{"line":72,"column":9},"end":{"line":86,"column":4}},"36":{"start":{"line":73,"column":4},"end":{"line":85,"column":5}},"37":{"start":{"line":74,"column":22},"end":{"line":74,"column":42}},"38":{"start":{"line":75,"column":6},"end":{"line":78,"column":7}},"39":{"start":{"line":76,"column":8},"end":{"line":76,"column":58}},"40":{"start":{"line":77,"column":8},"end":{"line":77,"column":15}},"41":{"start":{"line":80,"column":6},"end":{"line":80,"column":44}},"42":{"start":{"line":81,"column":6},"end":{"line":81,"column":58}},"43":{"start":{"line":83,"column":6},"end":{"line":83,"column":71}},"44":{"start":{"line":84,"column":6},"end":{"line":84,"column":65}},"45":{"start":{"line":89,"column":0},"end":{"line":89,"column":39}}},"fnMap":{"0":{"name":"(anonymous_1)","decl":{"start":{"line":5,"column":0},"end":{"line":5,"column":6}},"loc":{"start":{"line":5,"column":0},"end":{"line":87,"column":1}}},"1":{"name":"(anonymous_2)","decl":{"start":{"line":9,"column":22},"end":{"line":9,"column":27}},"loc":{"start":{"line":9,"column":75},"end":{"line":23,"column":3}}},"2":{"name":"(anonymous_3)","decl":{"start":{"line":28,"column":21},"end":{"line":28,"column":26}},"loc":{"start":{"line":28,"column":74},"end":{"line":48,"column":3}}},"3":{"name":"(anonymous_4)","decl":{"start":{"line":53,"column":24},"end":{"line":53,"column":29}},"loc":{"start":{"line":53,"column":77},"end":{"line":67,"column":3}}},"4":{"name":"(anonymous_5)","decl":{"start":{"line":72,"column":20},"end":{"line":72,"column":25}},"loc":{"start":{"line":72,"column":73},"end":{"line":86,"column":3}}}},"branchMap":{"0":{"loc":{"start":{"line":12,"column":6},"end":{"line":15,"column":7}},"type":"if","locations":[{"start":{"line":12,"column":6},"end":{"line":15,"column":7}},{"start":{},"end":{}}]},"1":{"loc":{"start":{"line":33,"column":6},"end":{"line":36,"column":7}},"type":"if","locations":[{"start":{"line":33,"column":6},"end":{"line":36,"column":7}},{"start":{},"end":{}}]},"2":{"loc":{"start":{"line":39,"column":6},"end":{"line":43,"column":7}},"type":"if","locations":[{"start":{"line":39,"column":6},"end":{"line":43,"column":7}},{"start":{"line":41,"column":13},"end":{"line":43,"column":7}}]},"3":{"loc":{"start":{"line":56,"column":6},"end":{"line":59,"column":7}},"type":"if","locations":[{"start":{"line":56,"column":6},"end":{"line":59,"column":7}},{"start":{},"end":{}}]},"4":{"loc":{"start":{"line":75,"column":6},"end":{"line":78,"column":7}},"type":"if","locations":[{"start":{"line":75,"column":6},"end":{"line":78,"column":7}},{"start":{},"end":{}}]}},"s":{"0":8,"1":8,"2":8,"3":0,"4":0,"5":0,"6":0,"7":0,"8":0,"9":0,"10":0,"11":0,"12":8,"13":0,"14":0,"15":0,"16":0,"17":0,"18":0,"19":0,"20":0,"21":0,"22":0,"23":0,"24":0,"25":8,"26":0,"27":0,"28":0,"29":0,"30":0,"31":0,"32":0,"33":0,"34":0,"35":8,"36":0,"37":0,"38":0,"39":0,"40":0,"41":0,"42":0,"43":0,"44":0,"45":8},"f":{"0":8,"1":0,"2":0,"3":0,"4":0},"b":{"0":[0,0],"1":[0,0],"2":[0,0],"3":[0,0],"4":[0,0]}}
,"C:\\StrayCare\\straycare-backend\\src\\controllers\\chatController.ts": {"path":"C:\\StrayCare\\straycare-backend\\src\\controllers\\chatController.ts","statementMap":{"0":{"start":{"line":1,"column":0},"end":{"line":1,"column":49}},"1":{"start":{"line":3,"column":21},"end":{"line":3,"column":54}},"2":{"start":{"line":4,"column":16},"end":{"line":4,"column":44}},"3":{"start":{"line":5,"column":13},"end":{"line":5,"column":38}},"4":{"start":{"line":9,"column":0},"end":{"line":9,"column":56}},"5":{"start":{"line":10,"column":0},"end":{"line":10,"column":86}},"6":{"start":{"line":14,"column":0},"end":{"line":14,"column":42}},"7":{"start":{"line":16,"column":43},"end":{"line":21,"column":2}},"8":{"start":{"line":23,"column":31},"end":{"line":35,"column":1}},"9":{"start":{"line":24,"column":2},"end":{"line":34,"column":3}},"10":{"start":{"line":25,"column":18},"end":{"line":25,"column":37}},"11":{"start":{"line":26,"column":4},"end":{"line":29,"column":5}},"12":{"start":{"line":27,"column":22},"end":{"line":27,"column":65}},"13":{"start":{"line":28,"column":6},"end":{"line":28,"column":41}},"14":{"start":{"line":30,"column":4},"end":{"line":30,"column":14}},"15":{"start":{"line":32,"column":4},"end":{"line":32,"column":66}},"16":{"start":{"line":33,"column":4},"end":{"line":33,"column":14}},"17":{"start":{"line":37,"column":25},"end":{"line":40,"column":1}},"18":{"start":{"line":38,"column":13},"end":{"line":38,"column":30}},"19":{"start":{"line":39,"column":2},"end":{"line":39,"column":36}},"20":{"start":{"line":44,"column":25},"end":{"line":86,"column":2}},"21":{"start":{"line":45,"column":19},"end":{"line":45,"column":31}},"22":{"start":{"line":46,"column":4},"end":{"line":46,"column":73}},"23":{"start":{"line":48,"column":26},"end":{"line":54,"column":13}},"24":{"start":{"line":57,"column":23},"end":{"line":57,"column":54}},"25":{"start":{"line":58,"column":4},"end":{"line":82,"column":5}},"26":{"start":{"line":59,"column":6},"end":{"line":71,"column":7}},"27":{"start":{"line":60,"column":8},"end":{"line":70,"column":9}},"28":{"start":{"line":61,"column":10},"end":{"line":63,"column":11}},"29":{"start":{"line":62,"column":12},"end":{"line":62,"column":44}},"30":{"start":{"line":64,"column":10},"end":{"line":69,"column":11}},"31":{"start":{"line":65,"column":28},"end":{"line":65,"column":96}},"32":{"start":{"line":66,"column":12},"end":{"line":68,"column":13}},"33":{"start":{"line":67,"column":14},"end":{"line":67,"column":39}},"34":{"start":{"line":73,"column":6},"end":{"line":81,"column":7}},"35":{"start":{"line":74,"column":8},"end":{"line":79,"column":9}},"36":{"start":{"line":75,"column":10},"end":{"line":75,"column":81}},"37":{"start":{"line":77,"column":10},"end":{"line":77,"column":82}},"38":{"start":{"line":78,"column":10},"end":{"line":78,"column":61}},"39":{"start":{"line":80,"column":8},"end":{"line":80,"column":46}},"40":{"start":{"line":84,"column":4},"end":{"line":84,"column":102}},"41":{"start":{"line":85,"column":4},"end":{"line":85,"column":40}},"42":{"start":{"line":91,"column":32},"end":{"line":192,"column":2}},"43":{"start":{"line":92,"column":19},"end":{"line":92,"column":31}},"44":{"start":{"line":93,"column":63},"end":{"line":93,"column":71}},"45":{"start":{"line":94,"column":4},"end":{"line":94,"column":111}},"46":{"start":{"line":96,"column":4},"end":{"line":99,"column":5}},"47":{"start":{"line":97,"column":6},"end":{"line":97,"column":69}},"48":{"start":{"line":98,"column":6},"end":{"line":98,"column":13}},"49":{"start":{"line":101,"column":4},"end":{"line":104,"column":5}},"50":{"start":{"line":102,"column":6},"end":{"line":102,"column":85}},"51":{"start":{"line":103,"column":6},"end":{"line":103,"column":13}},"52":{"start":{"line":107,"column":26},"end":{"line":107,"column":80}},"53":{"start":{"line":110,"column":28},"end":{"line":114,"column":13}},"54":{"start":{"line":116,"column":4},"end":{"line":153,"column":5}},"55":{"start":{"line":118,"column":6},"end":{"line":120,"column":7}},"56":{"start":{"line":119,"column":8},"end":{"line":119,"column":98}},"57":{"start":{"line":122,"column":25},"end":{"line":122,"column":56}},"58":{"start":{"line":123,"column":6},"end":{"line":135,"column":7}},"59":{"start":{"line":124,"column":8},"end":{"line":134,"column":9}},"60":{"start":{"line":125,"column":10},"end":{"line":127,"column":11}},"61":{"start":{"line":126,"column":12},"end":{"line":126,"column":44}},"62":{"start":{"line":128,"column":10},"end":{"line":133,"column":11}},"63":{"start":{"line":129,"column":28},"end":{"line":129,"column":96}},"64":{"start":{"line":130,"column":12},"end":{"line":132,"column":13}},"65":{"start":{"line":131,"column":14},"end":{"line":131,"column":39}},"66":{"start":{"line":137,"column":6},"end":{"line":145,"column":7}},"67":{"start":{"line":138,"column":8},"end":{"line":143,"column":9}},"68":{"start":{"line":139,"column":10},"end":{"line":139,"column":97}},"69":{"start":{"line":141,"column":10},"end":{"line":141,"column":90}},"70":{"start":{"line":142,"column":10},"end":{"line":142,"column":69}},"71":{"start":{"line":144,"column":8},"end":{"line":144,"column":54}},"72":{"start":{"line":147,"column":6},"end":{"line":147,"column":89}},"73":{"start":{"line":148,"column":6},"end":{"line":151,"column":9}},"74":{"start":{"line":152,"column":6},"end":{"line":152,"column":13}},"75":{"start":{"line":159,"column":4},"end":{"line":159,"column":121}},"76":{"start":{"line":160,"column":28},"end":{"line":165,"column":6}},"77":{"start":{"line":167,"column":4},"end":{"line":169,"column":14}},"78":{"start":{"line":172,"column":23},"end":{"line":172,"column":54}},"79":{"start":{"line":173,"column":4},"end":{"line":185,"column":5}},"80":{"start":{"line":174,"column":6},"end":{"line":184,"column":7}},"81":{"start":{"line":175,"column":8},"end":{"line":177,"column":9}},"82":{"start":{"line":176,"column":10},"end":{"line":176,"column":42}},"83":{"start":{"line":178,"column":8},"end":{"line":183,"column":9}},"84":{"start":{"line":179,"column":26},"end":{"line":179,"column":94}},"85":{"start":{"line":180,"column":10},"end":{"line":182,"column":11}},"86":{"start":{"line":181,"column":12},"end":{"line":181,"column":37}},"87":{"start":{"line":187,"column":4},"end":{"line":187,"column":80}},"88":{"start":{"line":188,"column":4},"end":{"line":191,"column":7}},"89":{"start":{"line":197,"column":20},"end":{"line":257,"column":2}},"90":{"start":{"line":198,"column":19},"end":{"line":198,"column":31}},"91":{"start":{"line":199,"column":31},"end":{"line":199,"column":41}},"92":{"start":{"line":200,"column":35},"end":{"line":200,"column":44}},"93":{"start":{"line":201,"column":4},"end":{"line":201,"column":118}},"94":{"start":{"line":204,"column":25},"end":{"line":207,"column":13}},"95":{"start":{"line":209,"column":4},"end":{"line":213,"column":5}},"96":{"start":{"line":210,"column":6},"end":{"line":210,"column":111}},"97":{"start":{"line":211,"column":6},"end":{"line":211,"column":66}},"98":{"start":{"line":212,"column":6},"end":{"line":212,"column":13}},"99":{"start":{"line":215,"column":23},"end":{"line":218,"column":6}},"100":{"start":{"line":219,"column":4},"end":{"line":221,"column":5}},"101":{"start":{"line":220,"column":6},"end":{"line":220,"column":34}},"102":{"start":{"line":223,"column":21},"end":{"line":227,"column":13}},"103":{"start":{"line":229,"column":30},"end":{"line":253,"column":6}},"104":{"start":{"line":230,"column":6},"end":{"line":242,"column":7}},"105":{"start":{"line":231,"column":8},"end":{"line":241,"column":10}},"106":{"start":{"line":243,"column":6},"end":{"line":251,"column":7}},"107":{"start":{"line":244,"column":8},"end":{"line":249,"column":9}},"108":{"start":{"line":245,"column":10},"end":{"line":245,"column":55}},"109":{"start":{"line":247,"column":10},"end":{"line":247,"column":68}},"110":{"start":{"line":248,"column":10},"end":{"line":248,"column":48}},"111":{"start":{"line":250,"column":8},"end":{"line":250,"column":33}},"112":{"start":{"line":252,"column":6},"end":{"line":252,"column":17}},"113":{"start":{"line":255,"column":4},"end":{"line":255,"column":117}},"114":{"start":{"line":256,"column":4},"end":{"line":256,"column":44}},"115":{"start":{"line":261,"column":20},"end":{"line":378,"column":2}},"116":{"start":{"line":262,"column":19},"end":{"line":262,"column":31}},"117":{"start":{"line":270,"column":8},"end":{"line":270,"column":16}},"118":{"start":{"line":271,"column":4},"end":{"line":271,"column":116}},"119":{"start":{"line":273,"column":4},"end":{"line":276,"column":5}},"120":{"start":{"line":274,"column":6},"end":{"line":274,"column":70}},"121":{"start":{"line":275,"column":6},"end":{"line":275,"column":13}},"122":{"start":{"line":279,"column":25},"end":{"line":282,"column":6}},"123":{"start":{"line":284,"column":4},"end":{"line":288,"column":5}},"124":{"start":{"line":285,"column":6},"end":{"line":285,"column":111}},"125":{"start":{"line":286,"column":6},"end":{"line":286,"column":66}},"126":{"start":{"line":287,"column":6},"end":{"line":287,"column":13}},"127":{"start":{"line":291,"column":31},"end":{"line":291,"column":98}},"128":{"start":{"line":291,"column":74},"end":{"line":291,"column":97}},"129":{"start":{"line":292,"column":4},"end":{"line":299,"column":5}},"130":{"start":{"line":293,"column":28},"end":{"line":293,"column":98}},"131":{"start":{"line":294,"column":6},"end":{"line":298,"column":7}},"132":{"start":{"line":295,"column":8},"end":{"line":295,"column":95}},"133":{"start":{"line":296,"column":8},"end":{"line":296,"column":64}},"134":{"start":{"line":297,"column":8},"end":{"line":297,"column":15}},"135":{"start":{"line":302,"column":20},"end":{"line":311,"column":6}},"136":{"start":{"line":315,"column":6},"end":{"line":315,"column":90}},"137":{"start":{"line":317,"column":4},"end":{"line":322,"column":6}},"138":{"start":{"line":325,"column":4},"end":{"line":331,"column":5}},"139":{"start":{"line":326,"column":28},"end":{"line":326,"column":39}},"140":{"start":{"line":327,"column":6},"end":{"line":330,"column":7}},"141":{"start":{"line":328,"column":24},"end":{"line":328,"column":73}},"142":{"start":{"line":329,"column":8},"end":{"line":329,"column":66}},"143":{"start":{"line":333,"column":4},"end":{"line":333,"column":33}},"144":{"start":{"line":335,"column":4},"end":{"line":335,"column":30}},"145":{"start":{"line":336,"column":4},"end":{"line":336,"column":103}},"146":{"start":{"line":339,"column":29},"end":{"line":341,"column":13}},"147":{"start":{"line":343,"column":4},"end":{"line":351,"column":5}},"148":{"start":{"line":344,"column":6},"end":{"line":349,"column":7}},"149":{"start":{"line":345,"column":8},"end":{"line":345,"column":79}},"150":{"start":{"line":347,"column":8},"end":{"line":347,"column":98}},"151":{"start":{"line":348,"column":8},"end":{"line":348,"column":59}},"152":{"start":{"line":350,"column":6},"end":{"line":350,"column":44}},"153":{"start":{"line":356,"column":26},"end":{"line":356,"column":47}},"154":{"start":{"line":357,"column":4},"end":{"line":375,"column":5}},"155":{"start":{"line":358,"column":22},"end":{"line":361,"column":8}},"156":{"start":{"line":364,"column":6},"end":{"line":364,"column":68}},"157":{"start":{"line":369,"column":6},"end":{"line":372,"column":7}},"158":{"start":{"line":370,"column":30},"end":{"line":370,"column":41}},"159":{"start":{"line":371,"column":8},"end":{"line":371,"column":79}},"160":{"start":{"line":374,"column":6},"end":{"line":374,"column":155}},"161":{"start":{"line":377,"column":4},"end":{"line":377,"column":43}},"162":{"start":{"line":382,"column":19},"end":{"line":424,"column":2}},"163":{"start":{"line":383,"column":19},"end":{"line":383,"column":31}},"164":{"start":{"line":384,"column":31},"end":{"line":384,"column":41}},"165":{"start":{"line":385,"column":4},"end":{"line":385,"column":102}},"166":{"start":{"line":388,"column":25},"end":{"line":391,"column":6}},"167":{"start":{"line":393,"column":4},"end":{"line":397,"column":5}},"168":{"start":{"line":394,"column":6},"end":{"line":394,"column":113}},"169":{"start":{"line":395,"column":6},"end":{"line":395,"column":66}},"170":{"start":{"line":396,"column":6},"end":{"line":396,"column":13}},"171":{"start":{"line":400,"column":25},"end":{"line":405,"column":null}},"172":{"start":{"line":409,"column":4},"end":{"line":409,"column":45}},"173":{"start":{"line":410,"column":4},"end":{"line":410,"column":30}},"174":{"start":{"line":411,"column":4},"end":{"line":411,"column":132}},"175":{"start":{"line":414,"column":26},"end":{"line":414,"column":47}},"176":{"start":{"line":415,"column":4},"end":{"line":421,"column":5}},"177":{"start":{"line":416,"column":6},"end":{"line":419,"column":9}},"178":{"start":{"line":420,"column":6},"end":{"line":420,"column":93}},"179":{"start":{"line":423,"column":4},"end":{"line":423,"column":65}},"180":{"start":{"line":428,"column":27},"end":{"line":445,"column":2}},"181":{"start":{"line":429,"column":19},"end":{"line":429,"column":31}},"182":{"start":{"line":430,"column":31},"end":{"line":430,"column":41}},"183":{"start":{"line":432,"column":25},"end":{"line":435,"column":null}},"184":{"start":{"line":438,"column":4},"end":{"line":441,"column":5}},"185":{"start":{"line":439,"column":6},"end":{"line":439,"column":83}},"186":{"start":{"line":440,"column":6},"end":{"line":440,"column":13}},"187":{"start":{"line":443,"column":4},"end":{"line":443,"column":108}},"188":{"start":{"line":444,"column":4},"end":{"line":444,"column":91}},"189":{"start":{"line":449,"column":22},"end":{"line":517,"column":2}},"190":{"start":{"line":450,"column":19},"end":{"line":450,"column":31}},"191":{"start":{"line":451,"column":26},"end":{"line":451,"column":36}},"192":{"start":{"line":452,"column":21},"end":{"line":452,"column":29}},"193":{"start":{"line":454,"column":20},"end":{"line":454,"column":53}},"194":{"start":{"line":455,"column":4},"end":{"line":458,"column":5}},"195":{"start":{"line":456,"column":6},"end":{"line":456,"column":61}},"196":{"start":{"line":457,"column":6},"end":{"line":457,"column":13}},"197":{"start":{"line":461,"column":25},"end":{"line":464,"column":6}},"198":{"start":{"line":465,"column":4},"end":{"line":468,"column":5}},"199":{"start":{"line":466,"column":6},"end":{"line":466,"column":57}},"200":{"start":{"line":467,"column":6},"end":{"line":467,"column":13}},"201":{"start":{"line":470,"column":4},"end":{"line":514,"column":5}},"202":{"start":{"line":472,"column":6},"end":{"line":472,"column":88}},"203":{"start":{"line":473,"column":6},"end":{"line":473,"column":94}},"204":{"start":{"line":474,"column":11},"end":{"line":514,"column":5}},"205":{"start":{"line":476,"column":6},"end":{"line":479,"column":7}},"206":{"start":{"line":477,"column":8},"end":{"line":477,"column":95}},"207":{"start":{"line":478,"column":8},"end":{"line":478,"column":15}},"208":{"start":{"line":481,"column":6},"end":{"line":481,"column":42}},"209":{"start":{"line":483,"column":6},"end":{"line":483,"column":49}},"210":{"start":{"line":484,"column":6},"end":{"line":484,"column":35}},"211":{"start":{"line":485,"column":6},"end":{"line":485,"column":40}},"212":{"start":{"line":486,"column":6},"end":{"line":486,"column":35}},"213":{"start":{"line":487,"column":6},"end":{"line":487,"column":28}},"214":{"start":{"line":488,"column":6},"end":{"line":488,"column":27}},"215":{"start":{"line":491,"column":6},"end":{"line":495,"column":7}},"216":{"start":{"line":492,"column":8},"end":{"line":492,"column":68}},"217":{"start":{"line":493,"column":8},"end":{"line":493,"column":47}},"218":{"start":{"line":494,"column":8},"end":{"line":494,"column":34}},"219":{"start":{"line":497,"column":6},"end":{"line":497,"column":88}},"220":{"start":{"line":500,"column":28},"end":{"line":500,"column":49}},"221":{"start":{"line":501,"column":6},"end":{"line":510,"column":7}},"222":{"start":{"line":502,"column":24},"end":{"line":505,"column":10}},"223":{"start":{"line":506,"column":8},"end":{"line":506,"column":92}},"224":{"start":{"line":507,"column":8},"end":{"line":509,"column":9}},"225":{"start":{"line":508,"column":10},"end":{"line":508,"column":74}},"226":{"start":{"line":512,"column":6},"end":{"line":512,"column":63}},"227":{"start":{"line":513,"column":6},"end":{"line":513,"column":13}},"228":{"start":{"line":516,"column":4},"end":{"line":516,"column":81}},"229":{"start":{"line":519,"column":0},"end":{"line":527,"column":2}}},"fnMap":{"0":{"name":"(anonymous_1)","decl":{"start":{"line":23,"column":31},"end":{"line":23,"column":36}},"loc":{"start":{"line":23,"column":84},"end":{"line":35,"column":1}}},"1":{"name":"(anonymous_2)","decl":{"start":{"line":37,"column":25},"end":{"line":37,"column":26}},"loc":{"start":{"line":37,"column":47},"end":{"line":40,"column":1}}},"2":{"name":"(anonymous_3)","decl":{"start":{"line":44,"column":36},"end":{"line":44,"column":41}},"loc":{"start":{"line":44,"column":109},"end":{"line":86,"column":1}}},"3":{"name":"(anonymous_4)","decl":{"start":{"line":91,"column":43},"end":{"line":91,"column":48}},"loc":{"start":{"line":91,"column":116},"end":{"line":192,"column":1}}},"4":{"name":"(anonymous_5)","decl":{"start":{"line":197,"column":31},"end":{"line":197,"column":36}},"loc":{"start":{"line":197,"column":104},"end":{"line":257,"column":1}}},"5":{"name":"(anonymous_6)","decl":{"start":{"line":229,"column":43},"end":{"line":229,"column":44}},"loc":{"start":{"line":229,"column":56},"end":{"line":253,"column":5}}},"6":{"name":"(anonymous_7)","decl":{"start":{"line":261,"column":31},"end":{"line":261,"column":36}},"loc":{"start":{"line":261,"column":104},"end":{"line":378,"column":1}}},"7":{"name":"(anonymous_8)","decl":{"start":{"line":291,"column":62},"end":{"line":291,"column":63}},"loc":{"start":{"line":291,"column":74},"end":{"line":291,"column":97}}},"8":{"name":"(anonymous_9)","decl":{"start":{"line":382,"column":30},"end":{"line":382,"column":35}},"loc":{"start":{"line":382,"column":103},"end":{"line":424,"column":1}}},"9":{"name":"(anonymous_10)","decl":{"start":{"line":428,"column":38},"end":{"line":428,"column":43}},"loc":{"start":{"line":428,"column":111},"end":{"line":445,"column":1}}},"10":{"name":"(anonymous_11)","decl":{"start":{"line":449,"column":33},"end":{"line":449,"column":38}},"loc":{"start":{"line":449,"column":106},"end":{"line":517,"column":1}}}},"branchMap":{"0":{"loc":{"start":{"line":26,"column":4},"end":{"line":29,"column":5}},"type":"if","locations":[{"start":{"line":26,"column":4},"end":{"line":29,"column":5}},{"start":{},"end":{}}]},"1":{"loc":{"start":{"line":28,"column":13},"end":{"line":28,"column":40}},"type":"binary-expr","locations":[{"start":{"line":28,"column":13},"end":{"line":28,"column":34}},{"start":{"line":28,"column":38},"end":{"line":28,"column":40}}]},"2":{"loc":{"start":{"line":39,"column":9},"end":{"line":39,"column":35}},"type":"cond-expr","locations":[{"start":{"line":39,"column":14},"end":{"line":39,"column":28}},{"start":{"line":39,"column":31},"end":{"line":39,"column":35}}]},"3":{"loc":{"start":{"line":59,"column":6},"end":{"line":71,"column":7}},"type":"if","locations":[{"start":{"line":59,"column":6},"end":{"line":71,"column":7}},{"start":{},"end":{}}]},"4":{"loc":{"start":{"line":61,"column":10},"end":{"line":63,"column":11}},"type":"if","locations":[{"start":{"line":61,"column":10},"end":{"line":63,"column":11}},{"start":{},"end":{}}]},"5":{"loc":{"start":{"line":62,"column":29},"end":{"line":62,"column":43}},"type":"binary-expr","locations":[{"start":{"line":62,"column":29},"end":{"line":62,"column":37}},{"start":{"line":62,"column":41},"end":{"line":62,"column":43}}]},"6":{"loc":{"start":{"line":64,"column":10},"end":{"line":69,"column":11}},"type":"if","locations":[{"start":{"line":64,"column":10},"end":{"line":69,"column":11}},{"start":{},"end":{}}]},"7":{"loc":{"start":{"line":66,"column":12},"end":{"line":68,"column":13}},"type":"if","locations":[{"start":{"line":66,"column":12},"end":{"line":68,"column":13}},{"start":{},"end":{}}]},"8":{"loc":{"start":{"line":66,"column":16},"end":{"line":66,"column":42}},"type":"binary-expr","locations":[{"start":{"line":66,"column":16},"end":{"line":66,"column":23}},{"start":{"line":66,"column":27},"end":{"line":66,"column":42}}]},"9":{"loc":{"start":{"line":73,"column":6},"end":{"line":81,"column":7}},"type":"if","locations":[{"start":{"line":73,"column":6},"end":{"line":81,"column":7}},{"start":{},"end":{}}]},"10":{"loc":{"start":{"line":73,"column":10},"end":{"line":73,"column":74}},"type":"binary-expr","locations":[{"start":{"line":73,"column":10},"end":{"line":73,"column":39}},{"start":{"line":73,"column":43},"end":{"line":73,"column":74}}]},"11":{"loc":{"start":{"line":96,"column":4},"end":{"line":99,"column":5}},"type":"if","locations":[{"start":{"line":96,"column":4},"end":{"line":99,"column":5}},{"start":{},"end":{}}]},"12":{"loc":{"start":{"line":101,"column":4},"end":{"line":104,"column":5}},"type":"if","locations":[{"start":{"line":101,"column":4},"end":{"line":104,"column":5}},{"start":{},"end":{}}]},"13":{"loc":{"start":{"line":116,"column":4},"end":{"line":153,"column":5}},"type":"if","locations":[{"start":{"line":116,"column":4},"end":{"line":153,"column":5}},{"start":{},"end":{}}]},"14":{"loc":{"start":{"line":118,"column":6},"end":{"line":120,"column":7}},"type":"if","locations":[{"start":{"line":118,"column":6},"end":{"line":120,"column":7}},{"start":{},"end":{}}]},"15":{"loc":{"start":{"line":118,"column":10},"end":{"line":118,"column":77}},"type":"binary-expr","locations":[{"start":{"line":118,"column":10},"end":{"line":118,"column":33}},{"start":{"line":118,"column":37},"end":{"line":118,"column":77}}]},"16":{"loc":{"start":{"line":123,"column":6},"end":{"line":135,"column":7}},"type":"if","locations":[{"start":{"line":123,"column":6},"end":{"line":135,"column":7}},{"start":{},"end":{}}]},"17":{"loc":{"start":{"line":125,"column":10},"end":{"line":127,"column":11}},"type":"if","locations":[{"start":{"line":125,"column":10},"end":{"line":127,"column":11}},{"start":{},"end":{}}]},"18":{"loc":{"start":{"line":126,"column":29},"end":{"line":126,"column":43}},"type":"binary-expr","locations":[{"start":{"line":126,"column":29},"end":{"line":126,"column":37}},{"start":{"line":126,"column":41},"end":{"line":126,"column":43}}]},"19":{"loc":{"start":{"line":128,"column":10},"end":{"line":133,"column":11}},"type":"if","locations":[{"start":{"line":128,"column":10},"end":{"line":133,"column":11}},{"start":{},"end":{}}]},"20":{"loc":{"start":{"line":130,"column":12},"end":{"line":132,"column":13}},"type":"if","locations":[{"start":{"line":130,"column":12},"end":{"line":132,"column":13}},{"start":{},"end":{}}]},"21":{"loc":{"start":{"line":130,"column":16},"end":{"line":130,"column":42}},"type":"binary-expr","locations":[{"start":{"line":130,"column":16},"end":{"line":130,"column":23}},{"start":{"line":130,"column":27},"end":{"line":130,"column":42}}]},"22":{"loc":{"start":{"line":137,"column":6},"end":{"line":145,"column":7}},"type":"if","locations":[{"start":{"line":137,"column":6},"end":{"line":145,"column":7}},{"start":{},"end":{}}]},"23":{"loc":{"start":{"line":137,"column":10},"end":{"line":137,"column":90}},"type":"binary-expr","locations":[{"start":{"line":137,"column":10},"end":{"line":137,"column":47}},{"start":{"line":137,"column":51},"end":{"line":137,"column":90}}]},"24":{"loc":{"start":{"line":162,"column":24},"end":{"line":162,"column":52}},"type":"binary-expr","locations":[{"start":{"line":162,"column":24},"end":{"line":162,"column":40}},{"start":{"line":162,"column":44},"end":{"line":162,"column":52}}]},"25":{"loc":{"start":{"line":163,"column":21},"end":{"line":163,"column":47}},"type":"binary-expr","locations":[{"start":{"line":163,"column":21},"end":{"line":163,"column":34}},{"start":{"line":163,"column":38},"end":{"line":163,"column":47}}]},"26":{"loc":{"start":{"line":173,"column":4},"end":{"line":185,"column":5}},"type":"if","locations":[{"start":{"line":173,"column":4},"end":{"line":185,"column":5}},{"start":{},"end":{}}]},"27":{"loc":{"start":{"line":173,"column":8},"end":{"line":173,"column":49}},"type":"binary-expr","locations":[{"start":{"line":173,"column":8},"end":{"line":173,"column":20}},{"start":{"line":173,"column":24},"end":{"line":173,"column":49}}]},"28":{"loc":{"start":{"line":175,"column":8},"end":{"line":177,"column":9}},"type":"if","locations":[{"start":{"line":175,"column":8},"end":{"line":177,"column":9}},{"start":{},"end":{}}]},"29":{"loc":{"start":{"line":176,"column":27},"end":{"line":176,"column":41}},"type":"binary-expr","locations":[{"start":{"line":176,"column":27},"end":{"line":176,"column":35}},{"start":{"line":176,"column":39},"end":{"line":176,"column":41}}]},"30":{"loc":{"start":{"line":178,"column":8},"end":{"line":183,"column":9}},"type":"if","locations":[{"start":{"line":178,"column":8},"end":{"line":183,"column":9}},{"start":{},"end":{}}]},"31":{"loc":{"start":{"line":180,"column":10},"end":{"line":182,"column":11}},"type":"if","locations":[{"start":{"line":180,"column":10},"end":{"line":182,"column":11}},{"start":{},"end":{}}]},"32":{"loc":{"start":{"line":180,"column":14},"end":{"line":180,"column":40}},"type":"binary-expr","locations":[{"start":{"line":180,"column":14},"end":{"line":180,"column":21}},{"start":{"line":180,"column":25},"end":{"line":180,"column":40}}]},"33":{"loc":{"start":{"line":200,"column":20},"end":{"line":200,"column":30}},"type":"default-arg","locations":[{"start":{"line":200,"column":28},"end":{"line":200,"column":30}}]},"34":{"loc":{"start":{"line":209,"column":4},"end":{"line":213,"column":5}},"type":"if","locations":[{"start":{"line":209,"column":4},"end":{"line":213,"column":5}},{"start":{},"end":{}}]},"35":{"loc":{"start":{"line":219,"column":4},"end":{"line":221,"column":5}},"type":"if","locations":[{"start":{"line":219,"column":4},"end":{"line":221,"column":5}},{"start":{},"end":{}}]},"36":{"loc":{"start":{"line":230,"column":6},"end":{"line":242,"column":7}},"type":"if","locations":[{"start":{"line":230,"column":6},"end":{"line":242,"column":7}},{"start":{},"end":{}}]},"37":{"loc":{"start":{"line":243,"column":6},"end":{"line":251,"column":7}},"type":"if","locations":[{"start":{"line":243,"column":6},"end":{"line":251,"column":7}},{"start":{},"end":{}}]},"38":{"loc":{"start":{"line":243,"column":10},"end":{"line":243,"column":46}},"type":"binary-expr","locations":[{"start":{"line":243,"column":10},"end":{"line":243,"column":25}},{"start":{"line":243,"column":29},"end":{"line":243,"column":46}}]},"39":{"loc":{"start":{"line":266,"column":6},"end":{"line":266,"column":19}},"type":"default-arg","locations":[{"start":{"line":266,"column":13},"end":{"line":266,"column":19}}]},"40":{"loc":{"start":{"line":273,"column":4},"end":{"line":276,"column":5}},"type":"if","locations":[{"start":{"line":273,"column":4},"end":{"line":276,"column":5}},{"start":{},"end":{}}]},"41":{"loc":{"start":{"line":284,"column":4},"end":{"line":288,"column":5}},"type":"if","locations":[{"start":{"line":284,"column":4},"end":{"line":288,"column":5}},{"start":{},"end":{}}]},"42":{"loc":{"start":{"line":292,"column":4},"end":{"line":299,"column":5}},"type":"if","locations":[{"start":{"line":292,"column":4},"end":{"line":299,"column":5}},{"start":{},"end":{}}]},"43":{"loc":{"start":{"line":294,"column":6},"end":{"line":298,"column":7}},"type":"if","locations":[{"start":{"line":294,"column":6},"end":{"line":298,"column":7}},{"start":{},"end":{}}]},"44":{"loc":{"start":{"line":305,"column":12},"end":{"line":305,"column":22}},"type":"binary-expr","locations":[{"start":{"line":305,"column":12},"end":{"line":305,"column":16}},{"start":{"line":305,"column":20},"end":{"line":305,"column":22}}]},"45":{"loc":{"start":{"line":315,"column":6},"end":{"line":315,"column":90}},"type":"cond-expr","locations":[{"start":{"line":315,"column":25},"end":{"line":315,"column":37}},{"start":{"line":315,"column":40},"end":{"line":315,"column":90}}]},"46":{"loc":{"start":{"line":315,"column":40},"end":{"line":315,"column":90}},"type":"cond-expr","locations":[{"start":{"line":315,"column":62},"end":{"line":315,"column":77}},{"start":{"line":315,"column":80},"end":{"line":315,"column":90}}]},"47":{"loc":{"start":{"line":315,"column":80},"end":{"line":315,"column":90}},"type":"binary-expr","locations":[{"start":{"line":315,"column":80},"end":{"line":315,"column":84}},{"start":{"line":315,"column":88},"end":{"line":315,"column":90}}]},"48":{"loc":{"start":{"line":327,"column":6},"end":{"line":330,"column":7}},"type":"if","locations":[{"start":{"line":327,"column":6},"end":{"line":330,"column":7}},{"start":{},"end":{}}]},"49":{"loc":{"start":{"line":328,"column":24},"end":{"line":328,"column":73}},"type":"binary-expr","locations":[{"start":{"line":328,"column":24},"end":{"line":328,"column":68}},{"start":{"line":328,"column":72},"end":{"line":328,"column":73}}]},"50":{"loc":{"start":{"line":343,"column":4},"end":{"line":351,"column":5}},"type":"if","locations":[{"start":{"line":343,"column":4},"end":{"line":351,"column":5}},{"start":{},"end":{}}]},"51":{"loc":{"start":{"line":343,"column":8},"end":{"line":343,"column":90}},"type":"binary-expr","locations":[{"start":{"line":343,"column":8},"end":{"line":343,"column":24}},{"start":{"line":343,"column":28},"end":{"line":343,"column":56}},{"start":{"line":343,"column":60},"end":{"line":343,"column":90}}]},"52":{"loc":{"start":{"line":357,"column":4},"end":{"line":375,"column":5}},"type":"if","locations":[{"start":{"line":357,"column":4},"end":{"line":375,"column":5}},{"start":{},"end":{}}]},"53":{"loc":{"start":{"line":393,"column":4},"end":{"line":397,"column":5}},"type":"if","locations":[{"start":{"line":393,"column":4},"end":{"line":397,"column":5}},{"start":{},"end":{}}]},"54":{"loc":{"start":{"line":415,"column":4},"end":{"line":421,"column":5}},"type":"if","locations":[{"start":{"line":415,"column":4},"end":{"line":421,"column":5}},{"start":{},"end":{}}]},"55":{"loc":{"start":{"line":438,"column":4},"end":{"line":441,"column":5}},"type":"if","locations":[{"start":{"line":438,"column":4},"end":{"line":441,"column":5}},{"start":{},"end":{}}]},"56":{"loc":{"start":{"line":455,"column":4},"end":{"line":458,"column":5}},"type":"if","locations":[{"start":{"line":455,"column":4},"end":{"line":458,"column":5}},{"start":{},"end":{}}]},"57":{"loc":{"start":{"line":465,"column":4},"end":{"line":468,"column":5}},"type":"if","locations":[{"start":{"line":465,"column":4},"end":{"line":468,"column":5}},{"start":{},"end":{}}]},"58":{"loc":{"start":{"line":470,"column":4},"end":{"line":514,"column":5}},"type":"if","locations":[{"start":{"line":470,"column":4},"end":{"line":514,"column":5}},{"start":{"line":474,"column":11},"end":{"line":514,"column":5}}]},"59":{"loc":{"start":{"line":474,"column":11},"end":{"line":514,"column":5}},"type":"if","locations":[{"start":{"line":474,"column":11},"end":{"line":514,"column":5}},{"start":{"line":511,"column":11},"end":{"line":514,"column":5}}]},"60":{"loc":{"start":{"line":476,"column":6},"end":{"line":479,"column":7}},"type":"if","locations":[{"start":{"line":476,"column":6},"end":{"line":479,"column":7}},{"start":{},"end":{}}]},"61":{"loc":{"start":{"line":491,"column":6},"end":{"line":495,"column":7}},"type":"if","locations":[{"start":{"line":491,"column":6},"end":{"line":495,"column":7}},{"start":{},"end":{}}]},"62":{"loc":{"start":{"line":491,"column":10},"end":{"line":491,"column":114}},"type":"binary-expr","locations":[{"start":{"line":491,"column":10},"end":{"line":491,"column":34}},{"start":{"line":491,"column":38},"end":{"line":491,"column":114}}]},"63":{"loc":{"start":{"line":501,"column":6},"end":{"line":510,"column":7}},"type":"if","locations":[{"start":{"line":501,"column":6},"end":{"line":510,"column":7}},{"start":{},"end":{}}]}},"s":{"0":8,"1":8,"2":8,"3":8,"4":8,"5":8,"6":8,"7":8,"8":8,"9":0,"10":0,"11":0,"12":0,"13":0,"14":0,"15":0,"16":0,"17":8,"18":0,"19":0,"20":8,"21":0,"22":0,"23":0,"24":0,"25":0,"26":0,"27":0,"28":0,"29":0,"30":0,"31":0,"32":0,"33":0,"34":0,"35":0,"36":0,"37":0,"38":0,"39":0,"40":0,"41":0,"42":8,"43":0,"44":0,"45":0,"46":0,"47":0,"48":0,"49":0,"50":0,"51":0,"52":0,"53":0,"54":0,"55":0,"56":0,"57":0,"58":0,"59":0,"60":0,"61":0,"62":0,"63":0,"64":0,"65":0,"66":0,"67":0,"68":0,"69":0,"70":0,"71":0,"72":0,"73":0,"74":0,"75":0,"76":0,"77":0,"78":0,"79":0,"80":0,"81":0,"82":0,"83":0,"84":0,"85":0,"86":0,"87":0,"88":0,"89":8,"90":0,"91":0,"92":0,"93":0,"94":0,"95":0,"96":0,"97":0,"98":0,"99":0,"100":0,"101":0,"102":0,"103":0,"104":0,"105":0,"106":0,"107":0,"108":0,"109":0,"110":0,"111":0,"112":0,"113":0,"114":0,"115":8,"116":0,"117":0,"118":0,"119":0,"120":0,"121":0,"122":0,"123":0,"124":0,"125":0,"126":0,"127":0,"128":0,"129":0,"130":0,"131":0,"132":0,"133":0,"134":0,"135":0,"136":0,"137":0,"138":0,"139":0,"140":0,"141":0,"142":0,"143":0,"144":0,"145":0,"146":0,"147":0,"148":0,"149":0,"150":0,"151":0,"152":0,"153":0,"154":0,"155":0,"156":0,"157":0,"158":0,"159":0,"160":0,"161":0,"162":8,"163":0,"164":0,"165":0,"166":0,"167":0,"168":0,"169":0,"170":0,"171":0,"172":0,"173":0,"174":0,"175":0,"176":0,"177":0,"178":0,"179":0,"180":8,"181":0,"182":0,"183":0,"184":0,"185":0,"186":0,"187":0,"188":0,"189":8,"190":0,"191":0,"192":0,"193":0,"194":0,"195":0,"196":0,"197":0,"198":0,"199":0,"200":0,"201":0,"202":0,"203":0,"204":0,"205":0,"206":0,"207":0,"208":0,"209":0,"210":0,"211":0,"212":0,"213":0,"214":0,"215":0,"216":0,"217":0,"218":0,"219":0,"220":0,"221":0,"222":0,"223":0,"224":0,"225":0,"226":0,"227":0,"228":0,"229":8},"f":{"0":0,"1":0,"2":0,"3":0,"4":0,"5":0,"6":0,"7":0,"8":0,"9":0,"10":0},"b":{"0":[0,0],"1":[0,0],"2":[0,0],"3":[0,0],"4":[0,0],"5":[0,0],"6":[0,0],"7":[0,0],"8":[0,0],"9":[0,0],"10":[0,0],"11":[0,0],"12":[0,0],"13":[0,0],"14":[0,0],"15":[0,0],"16":[0,0],"17":[0,0],"18":[0,0],"19":[0,0],"20":[0,0],"21":[0,0],"22":[0,0],"23":[0,0],"24":[0,0],"25":[0,0],"26":[0,0],"27":[0,0],"28":[0,0],"29":[0,0],"30":[0,0],"31":[0,0],"32":[0,0],"33":[0],"34":[0,0],"35":[0,0],"36":[0,0],"37":[0,0],"38":[0,0],"39":[0],"40":[0,0],"41":[0,0],"42":[0,0],"43":[0,0],"44":[0,0],"45":[0,0],"46":[0,0],"47":[0,0],"48":[0,0],"49":[0,0],"50":[0,0],"51":[0,0,0],"52":[0,0],"53":[0,0],"54":[0,0],"55":[0,0],"56":[0,0],"57":[0,0],"58":[0,0],"59":[0,0],"60":[0,0],"61":[0,0],"62":[0,0],"63":[0,0]}}
,"C:\\StrayCare\\straycare-backend\\src\\controllers\\commentController.ts": {"path":"C:\\StrayCare\\straycare-backend\\src\\controllers\\commentController.ts","statementMap":{"0":{"start":{"line":1,"column":0},"end":{"line":1,"column":49}},"1":{"start":{"line":7,"column":22},"end":{"line":7,"column":56}},"2":{"start":{"line":17,"column":0},"end":{"line":78,"column":5}},"3":{"start":{"line":18,"column":21},"end":{"line":18,"column":42}},"4":{"start":{"line":19,"column":4},"end":{"line":19,"column":72}},"5":{"start":{"line":21,"column":21},"end":{"line":21,"column":40}},"6":{"start":{"line":22,"column":26},"end":{"line":22,"column":60}},"7":{"start":{"line":23,"column":29},"end":{"line":23,"column":39}},"8":{"start":{"line":25,"column":4},"end":{"line":39,"column":5}},"9":{"start":{"line":26,"column":22},"end":{"line":26,"column":63}},"10":{"start":{"line":27,"column":21},"end":{"line":32,"column":8}},"11":{"start":{"line":33,"column":6},"end":{"line":36,"column":7}},"12":{"start":{"line":34,"column":8},"end":{"line":34,"column":58}},"13":{"start":{"line":34,"column":24},"end":{"line":34,"column":58}},"14":{"start":{"line":35,"column":8},"end":{"line":35,"column":56}},"15":{"start":{"line":35,"column":27},"end":{"line":35,"column":56}},"16":{"start":{"line":38,"column":6},"end":{"line":38,"column":81}},"17":{"start":{"line":42,"column":24},"end":{"line":49,"column":6}},"18":{"start":{"line":52,"column":28},"end":{"line":52,"column":30}},"19":{"start":{"line":53,"column":44},"end":{"line":53,"column":46}},"20":{"start":{"line":55,"column":4},"end":{"line":66,"column":5}},"21":{"start":{"line":56,"column":18},"end":{"line":56,"column":36}},"22":{"start":{"line":57,"column":6},"end":{"line":57,"column":23}},"23":{"start":{"line":59,"column":6},"end":{"line":65,"column":7}},"24":{"start":{"line":60,"column":8},"end":{"line":60,"column":27}},"25":{"start":{"line":62,"column":25},"end":{"line":62,"column":52}},"26":{"start":{"line":63,"column":8},"end":{"line":63,"column":57}},"27":{"start":{"line":63,"column":33},"end":{"line":63,"column":57}},"28":{"start":{"line":64,"column":8},"end":{"line":64,"column":37}},"29":{"start":{"line":69,"column":4},"end":{"line":72,"column":5}},"30":{"start":{"line":70,"column":23},"end":{"line":70,"column":41}},"31":{"start":{"line":71,"column":6},"end":{"line":71,"column":48}},"32":{"start":{"line":74,"column":4},"end":{"line":76,"column":6}},"33":{"start":{"line":77,"column":4},"end":{"line":77,"column":23}},"34":{"start":{"line":85,"column":0},"end":{"line":133,"column":5}},"35":{"start":{"line":86,"column":21},"end":{"line":86,"column":42}},"36":{"start":{"line":87,"column":51},"end":{"line":87,"column":59}},"37":{"start":{"line":89,"column":4},"end":{"line":92,"column":5}},"38":{"start":{"line":90,"column":6},"end":{"line":90,"column":66}},"39":{"start":{"line":91,"column":6},"end":{"line":91,"column":13}},"40":{"start":{"line":94,"column":4},"end":{"line":94,"column":68}},"41":{"start":{"line":96,"column":21},"end":{"line":96,"column":40}},"42":{"start":{"line":97,"column":26},"end":{"line":97,"column":60}},"43":{"start":{"line":98,"column":20},"end":{"line":98,"column":22}},"44":{"start":{"line":99,"column":23},"end":{"line":99,"column":31}},"45":{"start":{"line":101,"column":4},"end":{"line":115,"column":5}},"46":{"start":{"line":102,"column":22},"end":{"line":102,"column":63}},"47":{"start":{"line":103,"column":21},"end":{"line":108,"column":8}},"48":{"start":{"line":109,"column":6},"end":{"line":112,"column":7}},"49":{"start":{"line":110,"column":8},"end":{"line":110,"column":42}},"50":{"start":{"line":111,"column":8},"end":{"line":111,"column":40}},"51":{"start":{"line":114,"column":6},"end":{"line":114,"column":86}},"52":{"start":{"line":117,"column":22},"end":{"line":117,"column":38}},"53":{"start":{"line":118,"column":20},"end":{"line":126,"column":6}},"54":{"start":{"line":128,"column":19},"end":{"line":128,"column":37}},"55":{"start":{"line":129,"column":4},"end":{"line":129,"column":24}},"56":{"start":{"line":131,"column":4},"end":{"line":131,"column":60}},"57":{"start":{"line":132,"column":4},"end":{"line":132,"column":33}},"58":{"start":{"line":140,"column":0},"end":{"line":197,"column":5}},"59":{"start":{"line":141,"column":21},"end":{"line":141,"column":42}},"60":{"start":{"line":142,"column":22},"end":{"line":142,"column":50}},"61":{"start":{"line":143,"column":51},"end":{"line":143,"column":59}},"62":{"start":{"line":145,"column":4},"end":{"line":148,"column":5}},"63":{"start":{"line":146,"column":6},"end":{"line":146,"column":64}},"64":{"start":{"line":147,"column":6},"end":{"line":147,"column":13}},"65":{"start":{"line":151,"column":26},"end":{"line":151,"column":65}},"66":{"start":{"line":152,"column":4},"end":{"line":155,"column":5}},"67":{"start":{"line":153,"column":6},"end":{"line":153,"column":66}},"68":{"start":{"line":154,"column":6},"end":{"line":154,"column":13}},"69":{"start":{"line":157,"column":4},"end":{"line":159,"column":6}},"70":{"start":{"line":161,"column":21},"end":{"line":161,"column":40}},"71":{"start":{"line":162,"column":26},"end":{"line":162,"column":60}},"72":{"start":{"line":163,"column":20},"end":{"line":163,"column":46}},"73":{"start":{"line":164,"column":23},"end":{"line":164,"column":64}},"74":{"start":{"line":166,"column":4},"end":{"line":182,"column":5}},"75":{"start":{"line":167,"column":6},"end":{"line":179,"column":7}},"76":{"start":{"line":168,"column":24},"end":{"line":168,"column":65}},"77":{"start":{"line":169,"column":23},"end":{"line":174,"column":10}},"78":{"start":{"line":175,"column":8},"end":{"line":178,"column":9}},"79":{"start":{"line":176,"column":10},"end":{"line":176,"column":44}},"80":{"start":{"line":177,"column":10},"end":{"line":177,"column":42}},"81":{"start":{"line":181,"column":6},"end":{"line":181,"column":84}},"82":{"start":{"line":184,"column":22},"end":{"line":184,"column":38}},"83":{"start":{"line":185,"column":18},"end":{"line":193,"column":6}},"84":{"start":{"line":195,"column":4},"end":{"line":195,"column":57}},"85":{"start":{"line":196,"column":4},"end":{"line":196,"column":43}}},"fnMap":{"0":{"name":"(anonymous_0)","decl":{"start":{"line":17,"column":33},"end":{"line":17,"column":38}},"loc":{"start":{"line":17,"column":106},"end":{"line":78,"column":3}}},"1":{"name":"(anonymous_1)","decl":{"start":{"line":85,"column":32},"end":{"line":85,"column":37}},"loc":{"start":{"line":85,"column":105},"end":{"line":133,"column":3}}},"2":{"name":"(anonymous_2)","decl":{"start":{"line":140,"column":30},"end":{"line":140,"column":35}},"loc":{"start":{"line":140,"column":103},"end":{"line":197,"column":3}}}},"branchMap":{"0":{"loc":{"start":{"line":29,"column":17},"end":{"line":29,"column":42}},"type":"cond-expr","locations":[{"start":{"line":29,"column":27},"end":{"line":29,"column":35}},{"start":{"line":29,"column":38},"end":{"line":29,"column":42}}]},"1":{"loc":{"start":{"line":33,"column":6},"end":{"line":36,"column":7}},"type":"if","locations":[{"start":{"line":33,"column":6},"end":{"line":36,"column":7}},{"start":{},"end":{}}]},"2":{"loc":{"start":{"line":34,"column":8},"end":{"line":34,"column":58}},"type":"if","locations":[{"start":{"line":34,"column":8},"end":{"line":34,"column":58}},{"start":{},"end":{}}]},"3":{"loc":{"start":{"line":35,"column":8},"end":{"line":35,"column":56}},"type":"if","locations":[{"start":{"line":35,"column":8},"end":{"line":35,"column":56}},{"start":{},"end":{}}]},"4":{"loc":{"start":{"line":59,"column":6},"end":{"line":65,"column":7}},"type":"if","locations":[{"start":{"line":59,"column":6},"end":{"line":65,"column":7}},{"start":{"line":61,"column":13},"end":{"line":65,"column":7}}]},"5":{"loc":{"start":{"line":63,"column":8},"end":{"line":63,"column":57}},"type":"if","locations":[{"start":{"line":63,"column":8},"end":{"line":63,"column":57}},{"start":{},"end":{}}]},"6":{"loc":{"start":{"line":71,"column":23},"end":{"line":71,"column":47}},"type":"binary-expr","locations":[{"start":{"line":71,"column":23},"end":{"line":71,"column":41}},{"start":{"line":71,"column":45},"end":{"line":71,"column":47}}]},"7":{"loc":{"start":{"line":89,"column":4},"end":{"line":92,"column":5}},"type":"if","locations":[{"start":{"line":89,"column":4},"end":{"line":92,"column":5}},{"start":{},"end":{}}]},"8":{"loc":{"start":{"line":89,"column":8},"end":{"line":89,"column":29}},"type":"binary-expr","locations":[{"start":{"line":89,"column":8},"end":{"line":89,"column":13}},{"start":{"line":89,"column":17},"end":{"line":89,"column":29}}]},"9":{"loc":{"start":{"line":105,"column":17},"end":{"line":105,"column":42}},"type":"cond-expr","locations":[{"start":{"line":105,"column":27},"end":{"line":105,"column":35}},{"start":{"line":105,"column":38},"end":{"line":105,"column":42}}]},"10":{"loc":{"start":{"line":109,"column":6},"end":{"line":112,"column":7}},"type":"if","locatio
[...]
line":130,"column":57}},{"start":{"line":130,"column":61},"end":{"line":130,"column":70}}]},"23":{"loc":{"start":{"line":131,"column":25},"end":{"line":131,"column":66}},"type":"binary-expr","locations":[{"start":{"line":131,"column":25},"end":{"line":131,"column":43}},{"start":{"line":131,"column":47},"end":{"line":131,"column":60}},{"start":{"line":131,"column":64},"end":{"line":131,"column":66}}]},"24":{"loc":{"start":{"line":132,"column":26},"end":{"line":132,"column":98}},"type":"binary-expr","locations":[{"start":{"line":132,"column":26},"end":{"line":132,"column":51}},{"start":{"line":132,"column":55},"end":{"line":132,"column":74}},{"start":{"line":132,"column":78},"end":{"line":132,"column":92}},{"start":{"line":132,"column":96},"end":{"line":132,"column":98}}]},"25":{"loc":{"start":{"line":138,"column":14},"end":{"line":138,"column":34}},"type":"binary-expr","locations":[{"start":{"line":138,"column":14},"end":{"line":138,"column":28}},{"start":{"line":138,"column":32},"end":{"line":138,"column":34}}]},"26":{"loc":{"start":{"line":139,"column":18},"end":{"line":139,"column":56}},"type":"binary-expr","locations":[{"start":{"line":139,"column":18},"end":{"line":139,"column":36}},{"start":{"line":139,"column":40},"end":{"line":139,"column":56}}]},"27":{"loc":{"start":{"line":140,"column":19},"end":{"line":140,"column":66}},"type":"binary-expr","locations":[{"start":{"line":140,"column":19},"end":{"line":140,"column":38}},{"start":{"line":140,"column":42},"end":{"line":140,"column":66}}]},"28":{"loc":{"start":{"line":141,"column":14},"end":{"line":141,"column":34}},"type":"binary-expr","locations":[{"start":{"line":141,"column":14},"end":{"line":141,"column":28}},{"start":{"line":141,"column":32},"end":{"line":141,"column":34}}]},"29":{"loc":{"start":{"line":142,"column":20},"end":{"line":142,"column":54}},"type":"binary-expr","locations":[{"start":{"line":142,"column":20},"end":{"line":142,"column":40}},{"start":{"line":142,"column":44},"end":{"line":142,"column":54}}]},"30":{"loc":{"start":{"line":143,"column":21},"end":{"line":143,"column":48}},"type":"binary-expr","locations":[{"start":{"line":143,"column":21},"end":{"line":143,"column":42}},{"start":{"line":143,"column":46},"end":{"line":143,"column":48}}]},"31":{"loc":{"start":{"line":144,"column":22},"end":{"line":144,"column":50}},"type":"binary-expr","locations":[{"start":{"line":144,"column":22},"end":{"line":144,"column":44}},{"start":{"line":144,"column":48},"end":{"line":144,"column":50}}]},"32":{"loc":{"start":{"line":145,"column":24},"end":{"line":145,"column":61}},"type":"binary-expr","locations":[{"start":{"line":145,"column":24},"end":{"line":145,"column":48}},{"start":{"line":145,"column":52},"end":{"line":145,"column":61}}]},"33":{"loc":{"start":{"line":146,"column":22},"end":{"line":146,"column":57}},"type":"binary-expr","locations":[{"start":{"line":146,"column":22},"end":{"line":146,"column":44}},{"start":{"line":146,"column":48},"end":{"line":146,"column":57}}]},"34":{"loc":{"start":{"line":147,"column":18},"end":{"line":147,"column":44}},"type":"binary-expr","locations":[{"start":{"line":147,"column":18},"end":{"line":147,"column":36}},{"start":{"line":147,"column":40},"end":{"line":147,"column":44}}]},"35":{"loc":{"start":{"line":148,"column":18},"end":{"line":148,"column":44}},"type":"binary-expr","locations":[{"start":{"line":148,"column":18},"end":{"line":148,"column":36}},{"start":{"line":148,"column":40},"end":{"line":148,"column":44}}]},"36":{"loc":{"start":{"line":149,"column":15},"end":{"line":149,"column":58}},"type":"binary-expr","locations":[{"start":{"line":149,"column":15},"end":{"line":149,"column":30}},{"start":{"line":149,"column":34},"end":{"line":149,"column":58}}]},"37":{"loc":{"start":{"line":157,"column":4},"end":{"line":167,"column":5}},"type":"if","locations":[{"start":{"line":157,"column":4},"end":{"line":167,"column":5}},{"start":{},"end":{}}]},"38":{"loc":{"start":{"line":161,"column":38},"end":{"line":161,"column":74}},"type":"binary-expr","locations":[{"start":{"line":161,"column":38},"end":{"line":161,"column":56}},{"start":{"line":161,"column":60},"end":{"line":161,"column":74}}]},"39":{"loc":{"start":{"line":164,"column":8},"end":{"line":164,"column":28}},"type":"binary-expr","locations":[{"start":{"line":164,"column":8},"end":{"line":164,"column":22}},{"start":{"line":164,"column":26},"end":{"line":164,"column":28}}]}},"s":{"0":7,"1":7,"2":7,"3":7,"4":7,"5":7,"6":0,"7":0,"8":0,"9":0,"10":0,"11":0,"12":0,"13":0,"14":0,"15":0,"16":0,"17":0,"18":0,"19":0,"20":0,"21":0,"22":0,"23":0,"24":0,"25":0,"26":0,"27":0,"28":0,"29":0,"30":0,"31":0,"32":0,"33":0,"34":0,"35":0,"36":0,"37":0,"38":0,"39":0,"40":0,"41":0,"42":0,"43":0,"44":0,"45":0,"46":0,"47":0,"48":0,"49":0,"50":0,"51":0,"52":0,"53":0,"54":0,"55":0,"56":0,"57":7},"f":{"0":0,"1":0,"2":0,"3":0},"b":{"0":[0],"1":[0,0],"2":[0,0],"3":[0,0],"4":[0,0],"5":[0,0],"6":[0,0],"7":[0,0,0],"8":[0,0],"9":[0,0],"10":[0,0],"11":[0,0],"12":[0,0],"13":[0,0],"14":[0,0],"15":[0,0],"16":[0,0],"17":[0,0],"18":[0,0],"19":[0,0],"20":[0,0],"21":[0,0],"22":[0,0,0],"23":[0,0,0],"24":[0,0,0,0],"25":[0,0],"26":[0,0],"27":[0,0],"28":[0,0],"29":[0,0],"30":[0,0],"31":[0,0],"32":[0,0],"33":[0,0],"34":[0,0],"35":[0,0],"36":[0,0],"37":[0,0],"38":[0,0],"39":[0,0]}}
,"C:\\StrayCare\\straycare-backend\\src\\utils\\catchAsync.ts": {"path":"C:\\StrayCare\\straycare-backend\\src\\utils\\catchAsync.ts","statementMap":{"0":{"start":{"line":3,"column":26},"end":{"line":7,"column":1}},"1":{"start":{"line":4,"column":2},"end":{"line":6,"column":4}},"2":{"start":{"line":5,"column":4},"end":{"line":5,"column":35}},"3":{"start":{"line":3,"column":13},"end":{"line":3,"column":26}}},"fnMap":{"0":{"name":"(anonymous_0)","decl":{"start":{"line":3,"column":26},"end":{"line":3,"column":27}},"loc":{"start":{"line":3,"column":100},"end":{"line":7,"column":1}}},"1":{"name":"(anonymous_1)","decl":{"start":{"line":4,"column":9},"end":{"line":4,"column":10}},"loc":{"start":{"line":4,"column":61},"end":{"line":6,"column":3}}}},"branchMap":{},"s":{"0":7,"1":553,"2":0,"3":7},"f":{"0":553,"1":0},"b":{}}
,"C:\\StrayCare\\straycare-backend\\src\\utils\\cloudinaryUpload.ts": {"path":"C:\\StrayCare\\straycare-backend\\src\\utils\\cloudinaryUpload.ts","statementMap":{"0":{"start":{"line":1,"column":31},"end":{"line":44,"column":1}},"1":{"start":{"line":3,"column":4},"end":{"line":5,"column":37}},"2":{"start":{"line":7,"column":2},"end":{"line":43,"column":3}},"3":{"start":{"line":8,"column":27},"end":{"line":8,"column":58}},"4":{"start":{"line":9,"column":4},"end":{"line":22,"column":7}},"5":{"start":{"line":10,"column":21},"end":{"line":18,"column":null}},"6":{"start":{"line":16,"column":10},"end":{"line":16,"column":42}},"7":{"start":{"line":16,"column":21},"end":{"line":16,"column":42}},"8":{"start":{"line":17,"column":10},"end":{"line":17,"column":51}},"9":{"start":{"line":20,"column":27},"end":{"line":20,"column":44}},"10":{"start":{"line":21,"column":6},"end":{"line":21,"column":46}},"11":{"start":{"line":25,"column":4},"end":{"line":25,"column":80}},"12":{"start":{"line":26,"column":21},"end":{"line":26,"column":35}},"13":{"start":{"line":27,"column":17},"end":{"line":27,"column":81}},"14":{"start":{"line":28,"column":4},"end":{"line":28,"column":53}},"15":{"start":{"line":29,"column":4},"end":{"line":29,"column":64}},"16":{"start":{"line":31,"column":21},"end":{"line":34,"column":6}},"17":{"start":{"line":36,"column":4},"end":{"line":39,"column":5}},"18":{"start":{"line":37,"column":22},"end":{"line":37,"column":43}},"19":{"start":{"line":38,"column":6},"end":{"line":38,"column":71}},"20":{"start":{"line":41,"column":20},"end":{"line":41,"column":41}},"21":{"start":{"line":42,"column":4},"end":{"line":42,"column":43}},"22":{"start":{"line":46,"column":0},"end":{"line":46,"column":44}}},"fnMap":{"0":{"name":"(anonymous_0)","decl":{"start":{"line":1,"column":31},"end":{"line":1,"column":36}},"loc":{"start":{"line":1,"column":84},"end":{"line":44,"column":1}}},"1":{"name":"(anonymous_1)","decl":{"start":{"line":9,"column":31},"end":{"line":9,"column":32}},"loc":{"start":{"line":9,"column":51},"end":{"line":22,"column":5}}},"2":{"name":"(anonymous_2)","decl":{"start":{"line":15,"column":8},"end":{"line":15,"column":9}},"loc":{"start":{"line":15,"column":78},"end":{"line":18,"column":9}}}},"branchMap":{"0":{"loc":{"start":{"line":3,"column":4},"end":{"line":5,"column":37}},"type":"binary-expr","locations":[{"start":{"line":3,"column":4},"end":{"line":3,"column":37}},{"start":{"line":4,"column":4},"end":{"line":4,"column":34}},{"start":{"line":5,"column":4},"end":{"line":5,"column":37}}]},"1":{"loc":{"start":{"line":7,"column":2},"end":{"line":43,"column":3}},"type":"if","locations":[{"start":{"line":7,"column":2},"end":{"line":43,"column":3}},{"start":{"line":23,"column":9},"end":{"line":43,"column":3}}]},"2":{"loc":{"start":{"line":16,"column":10},"end":{"line":16,"column":42}},"type":"if","locations":[{"start":{"line":16,"column":10},"end":{"line":16,"column":42}},{"start":{},"end":{}}]},"3":{"loc":{"start":{"line":17,"column":18},"end":{"line":17,"column":49}},"type":"binary-expr","locations":[{"start":{"line":17,"column":18},"end":{"line":17,"column":35}},{"start":{"line":17,"column":39},"end":{"line":17,"column":49}}]},"4":{"loc":{"start":{"line":36,"column":4},"end":{"line":39,"column":5}},"type":"if","locations":[{"start":{"line":36,"column":4},"end":{"line":39,"column":5}},{"start":{},"end":{}}]},"5":{"loc":{"start":{"line":42,"column":11},"end":{"line":42,"column":42}},"type":"binary-expr","locations":[{"start":{"line":42,"column":11},"end":{"line":42,"column":28}},{"start":{"line":42,"column":32},"end":{"line":42,"column":42}}]}},"s":{"0":7,"1":0,"2":0,"3":0,"4":0,"5":0,"6":0,"7":0,"8":0,"9":0,"10":0,"11":0,"12":0,"13":0,"14":0,"15":0,"16":0,"17":0,"18":0,"19":0,"20":0,"21":0,"22":7},"f":{"0":0,"1":0,"2":0},"b":{"0":[0,0,0],"1":[0,0],"2":[0,0],"3":[0,0],"4":[0,0],"5":[0,0]}}
,"C:\\StrayCare\\straycare-backend\\src\\utils\\distance.ts": {"path":"C:\\StrayCare\\straycare-backend\\src\\utils\\distance.ts","statementMap":{"0":{"start":{"line":9,"column":12},"end":{"line":9,"column":16}},"1":{"start":{"line":12,"column":15},"end":{"line":12,"column":46}},"2":{"start":{"line":13,"column":15},"end":{"line":13,"column":46}},"3":{"start":{"line":17,"column":4},"end":{"line":20,"column":29}},"4":{"start":{"line":23,"column":2},"end":{"line":23,"column":60}},"5":{"start":{"line":26,"column":0},"end":{"line":26,"column":33}}},"fnMap":{"0":{"name":"getDistance","decl":{"start":{"line":8,"column":9},"end":{"line":8,"column":20}},"loc":{"start":{"line":8,"column":75},"end":{"line":24,"column":1}}}},"branchMap":{},"s":{"0":0,"1":0,"2":0,"3":0,"4":0,"5":7},"f":{"0":0},"b":{}}
,"C:\\StrayCare\\straycare-backend\\src\\utils\\logger.ts": {"path":"C:\\StrayCare\\straycare-backend\\src\\utils\\logger.ts","statementMap":{"0":{"start":{"line":7,"column":22},"end":{"line":7,"column":46}},"1":{"start":{"line":8,"column":4},"end":{"line":8,"column":64}},"2":{"start":{"line":15,"column":22},"end":{"line":15,"column":46}},"3":{"start":{"line":16,"column":4},"end":{"line":16,"column":65}},"4":{"start":{"line":23,"column":22},"end":{"line":23,"column":46}},"5":{"start":{"line":24,"column":4},"end":{"line":24,"column":68}},"6":{"start":{"line":1,"column":0},"end":{"line":1,"column":13}}},"fnMap":{"0":{"name":"(anonymous_0)","decl":{"start":{"line":6,"column":9},"end":{"line":6,"column":15}},"loc":{"start":{"line":6,"column":48},"end":{"line":9,"column":3}}},"1":{"name":"(anonymous_1)","decl":{"start":{"line":14,"column":9},"end":{"line":14,"column":15}},"loc":{"start":{"line":14,"column":48},"end":{"line":17,"column":3}}},"2":{"name":"(anonymous_2)","decl":{"start":{"line":22,"column":9},"end":{"line":22,"column":15}},"loc":{"start":{"line":22,"column":50},"end":{"line":25,"column":3}}}},"branchMap":{"0":{"loc":{"start":{"line":8,"column":52},"end":{"line":8,"column":62}},"type":"binary-expr","locations":[{"start":{"line":8,"column":52},"end":{"line":8,"column":56}},{"start":{"line":8,"column":60},"end":{"line":8,"column":62}}]},"1":{"loc":{"start":{"line":16,"column":53},"end":{"line":16,"column":63}},"type":"binary-expr","locations":[{"start":{"line":16,"column":53},"end":{"line":16,"column":57}},{"start":{"line":16,"column":61},"end":{"line":16,"column":63}}]},"2":{"loc":{"start":{"line":24,"column":55},"end":{"line":24,"column":66}},"type":"binary-expr","locations":[{"start":{"line":24,"column":55},"end":{"line":24,"column":60}},{"start":{"line":24,"column":64},"end":{"line":24,"column":66}}]}},"s":{"0":0,"1":0,"2":0,"3":0,"4":0,"5":0,"6":7},"f":{"0":0,"1":0,"2":0},"b":{"0":[0,0],"1":[0,0],"2":[0,0]}}
,"C:\\StrayCare\\straycare-backend\\src\\utils\\rescueMathHelper.ts": {"path":"C:\\StrayCare\\straycare-backend\\src\\utils\\rescueMathHelper.ts","statementMap":{"0":{"start":{"line":11,"column":19},"end":{"line":11,"column":32}},"1":{"start":{"line":12,"column":4},"end":{"line":12,"column":55}},"2":{"start":{"line":16,"column":4},"end":{"line":29,"column":5}},"3":{"start":{"line":17,"column":23},"end":{"line":17,"column":83}},"4":{"start":{"line":18,"column":24},"end":{"line":18,"column":85}},"5":{"start":{"line":20,"column":6},"end":{"line":28,"column":7}},"6":{"start":{"line":21,"column":8},"end":{"line":27,"column":10}},"7":{"start":{"line":31,"column":4},"end":{"line":37,"column":6}},"8":{"start":{"line":41,"column":4},"end":{"line":41,"column":31}},"9":{"start":{"line":41,"column":22},"end":{"line":41,"column":31}},"10":{"start":{"line":42,"column":28},"end":{"line":42,"column":49}},"11":{"start":{"line":43,"column":4},"end":{"line":43,"column":100}},"12":{"start":{"line":47,"column":4},"end":{"line":47,"column":51}},"13":{"start":{"line":3,"column":0},"end":{"line":3,"column":13}},"14":{"start":{"line":4,"column":26},"end":{"line":8,"column":4}}},"fnMap":{"0":{"name":"(anonymous_0)","decl":{"start":{"line":10,"column":9},"end":{"line":10,"column":15}},"loc":{"start":{"line":10,"column":67},"end":{"line":13,"column":3}}},"1":{"name":"(anonymous_1)","decl":{"start":{"line":15,"column":9},"end":{"line":15,"column":15}},"loc":{"start":{"line":15,"column":123},"end":{"line":38,"column":3}}},"2":{"name":"(anonymous_2)","decl":{"start":{"line":40,"column":9},"end":{"line":40,"column":15}},"loc":{"start":{"line":40,"column":49},"end":{"line":44,"column":3}}},"3":{"name":"(anonymous_3)","decl":{"start":{"line":46,"column":9},"end":{"line":46,"column":15}},"loc":{"start":{"line":46,"column":44},"end":{"line":48,"column":3}}}},"branchMap":{"0":{"loc":{"start":{"line":10,"column":37},"end":{"line":10,"column":67}},"type":"default-arg","locations":[{"start":{"line":10,"column":63},"end":{"line":10,"column":67}}]},"1":{"loc":{"start":{"line":12,"column":11},"end":{"line":12,"column":54}},"type":"cond-expr","locations":[{"start":{"line":12,"column":37},"end":{"line":12,"column":43}},{"start":{"line":12,"column":46},"end":{"line":12,"column":54}}]},"2":{"loc":{"start":{"line":15,"column":46},"end":{"line":15,"column":103}},"type":"default-arg","locations":[{"start":{"line":15,"column":62},"end":{"line":15,"column":103}}]},"3":{"loc":{"start":{"line":15,"column":105},"end":{"line":15,"column":123}},"type":"default-arg","locations":[{"start":{"line":15,"column":122},"end":{"line":15,"column":123}}]},"4":{"loc":{"start":{"line":16,"column":4},"end":{"line":29,"column":5}},"type":"if","locations":[{"start":{"line":16,"column":4},"end":{"line":29,"column":5}},{"start":{},"end":{}}]},"5":{"loc":{"start":{"line":16,"column":8},"end":{"line":16,"column":42}},"type":"binary-expr","locations":[{"start":{"line":16,"column":8},"end":{"line":16,"column":13}},{"start":{"line":16,"column":17},"end":{"line":16,"column":42}}]},"6":{"loc":{"start":{"line":17,"column":49},"end":{"line":17,"column":76}},"type":"binary-expr","locations":[{"start":{"line":17,"column":49},"end":{"line":17,"column":63}},{"start":{"line":17,"column":67},"end":{"line":17,"column":76}}]},"7":{"loc":{"start":{"line":18,"column":50},"end":{"line":18,"column":78}},"type":"binary-expr","locations":[{"start":{"line":18,"column":50},"end":{"line":18,"column":65}},{"start":{"line":18,"column":69},"end":{"line":18,"column":78}}]},"8":{"loc":{"start":{"line":20,"column":6},"end":{"line":28,"column":7}},"type":"if","locations":[{"start":{"line":20,"column":6},"end":{"line":28,"column":7}},{"start":{},"end":{}}]},"9":{"loc":{"start":{"line":20,"column":10},"end":{"line":20,"column":49}},"type":"binary-expr","locations":[{"start":{"line":20,"column":10},"end":{"line":20,"column":27}},{"start":{"line":20,"column":31},"end":{"line":20,"column":49}}]},"10":{"loc":{"start":{"line":26,"column":19},"end":{"line":26,"column":38}},"type":"binary-expr","locations":[{"start":{"line":26,"column":19},"end":{"line":26,"column":32}},{"start":{"line":26,"column":36},"end":{"line":26,"column":38}}]},"11":{"loc":{"start":{"line":36,"column":15},"end":{"line":36,"column":55}},"type":"binary-expr","locations":[{"start":{"line":36,"column":15},"end":{"line":36,"column":29}},{"start":{"line":36,"column":33},"end":{"line":36,"column":49}},{"start":{"line":36,"column":53},"end":{"line":36,"column":55}}]},"12":{"loc":{"start":{"line":41,"column":4},"end":{"line":41,"column":31}},"type":"if","locations":[{"start":{"line":41,"column":4},"end":{"line":41,"column":31}},{"start":{},"end":{}}]},"13":{"loc":{"start":{"line":41,"column":8},"end":{"line":41,"column":20}},"type":"binary-expr","locations":[{"start":{"line":41,"column":8},"end":{"line":41,"column":13}},{"start":{"line":41,"column":17},"end":{"line":41,"column":20}}]}},"s":{"0":0,"1":0,"2":0,"3":0,"4":0,"5":0,"6":0,"7":0,"8":0,"9":0,"10":0,"11":0,"12":0,"13":7,"14":7},"f":{"0":0,"1":0,"2":0,"3":0},"b":{"0":[0],"1":[0,0],"2":[0],"3":[0],"4":[0,0],"5":[0,0],"6":[0,0],"7":[0,0],"8":[0,0],"9":[0,0],"10":[0,0],"11":[0,0,0],"12":[0,0],"13":[0,0]}}
,"C:\\StrayCare\\straycare-backend\\src\\validators\\authValidator.ts": {"path":"C:\\StrayCare\\straycare-backend\\src\\validators\\authValidator.ts","statementMap":{"0":{"start":{"line":8,"column":45},"end":{"line":8,"column":52}},"1":{"start":{"line":10,"column":4},"end":{"line":12,"column":5}},"2":{"start":{"line":11,"column":6},"end":{"line":11,"column":68}},"3":{"start":{"line":14,"column":4},"end":{"line":16,"column":5}},"4":{"start":{"line":15,"column":6},"end":{"line":15,"column":88}},"5":{"start":{"line":18,"column":23},"end":{"line":18,"column":51}},"6":{"start":{"line":19,"column":4},"end":{"line":21,"column":5}},"7":{"start":{"line":20,"column":6},"end":{"line":20,"column":65}},"8":{"start":{"line":23,"column":4},"end":{"line":23,"column":29}},"9":{"start":{"line":3,"column":0},"end":{"line":3,"column":13}}},"fnMap":{"0":{"name":"(anonymous_0)","decl":{"start":{"line":7,"column":9},"end":{"line":7,"column":15}},"loc":{"start":{"line":7,"column":56},"end":{"line":24,"column":3}}}},"branchMap":{"0":{"loc":{"start":{"line":10,"column":4},"end":{"line":12,"column":5}},"type":"if","locations":[{"start":{"line":10,"column":4},"end":{"line":12,"column":5}},{"start":{},"end":{}}]},"1":{"loc":{"start":{"line":10,"column":8},"end":{"line":10,"column":46}},"type":"binary-expr","locations":[{"start":{"line":10,"column":8},"end":{"line":10,"column":13}},{"start":{"line":10,"column":17},"end":{"line":10,"column":23}},{"start":{"line":10,"column":27},"end":{"line":10,"column":33}},{"start":{"line":10,"column":37},"end":{"line":10,"column":46}}]},"2":{"loc":{"start":{"line":14,"column":4},"end":{"line":16,"column":5}},"type":"if","locations":[{"start":{"line":14,"column":4},"end":{"line":16,"column":5}},{"start":{},"end":{}}]},"3":{"loc":{"start":{"line":19,"column":4},"end":{"line":21,"column":5}},"type":"if","locations":[{"start":{"line":19,"column":4},"end":{"line":21,"column":5}},{"start":{},"end":{}}]}},"s":{"0":0,"1":0,"2":0,"3":0,"4":0,"5":0,"6":0,"7":0,"8":0,"9":8},"f":{"0":0},"b":{"0":[0,0],"1":[0,0,0,0],"2":[0,0],"3":[0,0]}}
}
