TN:
SF:src\controllers\adminAuthController.ts
FN:10,(anonymous_0)
FN:33,(anonymous_1)
FN:54,(anonymous_2)
FNF:3
FNH:0
FNDA:0,(anonymous_0)
FNDA:0,(anonymous_1)
FNDA:0,(anonymous_2)
DA:1,7
DA:3,7
DA:4,7
DA:6,7
DA:7,7
DA:10,7
DA:11,0
DA:13,0
DA:14,0
DA:15,0
DA:16,0
DA:19,0
DA:20,0
DA:21,0
DA:22,0
DA:25,0
DA:30,0
DA:33,7
DA:34,0
DA:36,0
DA:38,0
DA:39,0
DA:40,0
DA:43,0
DA:44,0
DA:45,0
DA:46,0
DA:48,0
DA:49,0
DA:51,0
DA:54,7
DA:55,0
DA:57,0
DA:58,0
DA:59,0
DA:63,0
DA:64,0
DA:66,0
DA:67,0
DA:70,0
DA:75,0
DA:76,0
DA:77,0
DA:80,0
DA:81,0
DA:82,0
DA:85,0
DA:86,0
DA:87,0
DA:89,0
DA:90,0
DA:91,0
DA:94,0
DA:95,0
LF:54
LH:8
BRDA:14,0,0,0
BRDA:14,0,1,0
BRDA:14,1,0,0
BRDA:14,1,1,0
BRDA:20,2,0,0
BRDA:20,2,1,0
BRDA:38,3,0,0
BRDA:38,3,1,0
BRDA:57,4,0,0
BRDA:57,4,1,0
BRDA:57,5,0,0
BRDA:57,5,1,0
BRDA:75,6,0,0
BRDA:75,6,1,0
BRDA:80,7,0,0
BRDA:80,7,1,0
BRDA:89,8,0,0
BRDA:89,8,1,0
BRF:18
BRH:0
end_of_record
TN:
SF:src\controllers\authController.ts
FN:19,(anonymous_0)
FN:88,(anonymous_1)
FN:128,(anonymous_2)
FN:164,(anonymous_3)
FN:181,(anonymous_4)
FN:208,(anonymous_5)
FN:233,(anonymous_6)
FN:258,(anonymous_7)
FN:284,(anonymous_8)
FNF:9
FNH:3
FNDA:49,(anonymous_0)
FNDA:5,(anonymous_1)
FNDA:0,(anonymous_2)
FNDA:2,(anonymous_3)
FNDA:0,(anonymous_4)
FNDA:0,(anonymous_5)
FNDA:0,(anonymous_6)
FNDA:0,(anonymous_7)
FNDA:0,(anonymous_8)
DA:1,7
DA:2,7
DA:3,7
DA:4,7
DA:5,7
DA:6,7
DA:7,7
DA:8,7
DA:10,7
DA:11,7
DA:12,7
DA:13,7
DA:14,7
DA:15,7
DA:17,7
DA:19,7
DA:21,49
DA:22,49
DA:24,49
DA:26,49
DA:27,49
DA:28,1
DA:29,1
DA:32,48
DA:34,48
DA:35,1
DA:36,1
DA:39,47
DA:41,47
DA:49,47
DA:51,47
DA:58,47
DA:73,0
DA:75,0
DA:76,0
DA:77,0
DA:78,0
DA:80,0
DA:84,0
DA:88,7
DA:89,5
DA:91,5
DA:92,0
DA:93,0
DA:96,5
DA:98,5
DA:99,1
DA:100,1
DA:103,4
DA:105,4
DA:106,1
DA:107,1
DA:110,3
DA:112,3
DA:128,7
DA:129,0
DA:130,0
DA:132,0
DA:134,0
DA:135,0
DA:136,0
DA:139,0
DA:140,0
DA:141,0
DA:144,0
DA:150,0
DA:151,0
DA:152,0
DA:155,0
DA:157,0
DA:164,7
DA:165,2
DA:166,2
DA:167,0
DA:168,0
DA:171,2
DA:172,0
DA:173,0
DA:174,0
DA:178,2
DA:181,7
DA:182,0
DA:183,0
DA:187,0
DA:188,0
DA:190,0
DA:191,0
DA:192,0
DA:193,0
DA:195,0
DA:196,0
DA:198,0
DA:203,0
DA:208,7
DA:209,0
DA:211,0
DA:213,0
DA:218,0
DA:219,0
DA:220,0
DA:223,0
DA:224,0
DA:225,0
DA:226,0
DA:228,0
DA:230,0
DA:233,7
DA:234,0
DA:235,0
DA:237,0
DA:239,0
DA:240,0
DA:241,0
DA:244,0
DA:246,0
DA:247,0
DA:248,0
DA:251,0
DA:252,0
DA:253,0
DA:255,0
DA:258,7
DA:259,0
DA:260,0
DA:262,0
DA:263,0
DA:264,0
DA:267,0
DA:268,0
DA:269,0
DA:270,0
DA:271,0
DA:272,0
DA:273,0
DA:274,0
DA:277,0
DA:279,0
DA:281,0
DA:284,7
DA:285,0
DA:287,0
DA:288,0
DA:289,0
DA:294,0
DA:295,0
DA:297,0
DA:298,0
DA:299,0
DA:302,0
DA:304,0
DA:305,0
DA:308,0
DA:312,0
DA:313,0
DA:315,0
DA:317,0
DA:318,0
DA:319,0
DA:322,0
DA:323,0
DA:332,0
DA:340,0
DA:342,0
DA:360,7
LF:164
LH:57
BRDA:27,0,0,1
BRDA:27,0,1,48
BRDA:34,1,0,1
BRDA:34,1,1,47
BRDA:75,2,0,0
BRDA:75,2,1,0
BRDA:75,3,0,0
BRDA:75,3,1,0
BRDA:91,4,0,0
BRDA:91,4,1,5
BRDA:91,5,0,5
BRDA:91,5,1,5
BRDA:98,6,0,1
BRDA:98,6,1,4
BRDA:105,7,0,1
BRDA:105,7,1,3
BRDA:134,8,0,0
BRDA:134,8,1,0
BRDA:139,9,0,0
BRDA:139,9,1,0
BRDA:150,10,0,0
BRDA:150,10,1,0
BRDA:166,11,0,0
BRDA:166,11,1,2
BRDA:171,12,0,0
BRDA:171,12,1,2
BRDA:173,13,0,0
BRDA:173,13,1,0
BRDA:190,14,0,0
BRDA:190,14,1,0
BRDA:218,15,0,0
BRDA:218,15,1,0
BRDA:239,16,0,0
BRDA:239,16,1,0
BRDA:246,17,0,0
BRDA:246,17,1,0
BRDA:262,18,0,0
BRDA:262,18,1,0
BRDA:267,19,0,0
BRDA:267,19,1,0
BRDA:269,20,0,0
BRDA:269,20,1,0
BRDA:271,21,0,0
BRDA:271,21,1,0
BRDA:273,22,0,0
BRDA:273,22,1,0
BRDA:287,23,0,0
BRDA:287,23,1,0
BRDA:304,24,0,0
BRDA:304,24,1,0
BRDA:315,25,0,0
BRDA:315,25,1,0
BRDA:317,26,0,0
BRDA:317,26,1,0
BRDA:318,27,0,0
BRDA:318,27,1,0
BRDA:318,28,0,0
BRDA:318,28,1,0
BRDA:324,29,0,0
BRDA:324,29,1,0
BRDA:328,30,0,0
BRDA:328,30,1,0
BRDA:344,31,0,0
BRDA:344,31,1,0
BRF:64
BRH:13
end_of_record
TN:
SF:src\controllers\callLogController.ts
FN:5,(anonymous_1)
FN:9,(anonymous_2)
FN:28,(anonymous_3)
FN:53,(anonymous_4)
FN:72,(anonymous_5)
FNF:5
FNH:5
FNDA:8,(anonymous_1)
FNDA:4,(anonymous_2)
FNDA:6,(anonymous_3)
FNDA:4,(anonymous_4)
FNDA:4,(anonymous_5)
DA:2,8
DA:3,8
DA:9,8
DA:10,4
DA:11,4
DA:12,4
DA:13,1
DA:14,1
DA:17,3
DA:18,2
DA:20,1
DA:21,1
DA:28,8
DA:29,6
DA:30,6
DA:31,6
DA:33,6
DA:34,1
DA:35,1
DA:38,5
DA:39,4
DA:40,2
DA:42,2
DA:45,1
DA:46,1
DA:53,8
DA:54,4
DA:55,4
DA:56,4
DA:57,1
DA:58,1
DA:61,3
DA:62,2
DA:64,1
DA:65,1
DA:72,8
DA:73,4
DA:74,4
DA:75,4
DA:76,1
DA:77,1
DA:80,3
DA:81,2
DA:83,1
DA:84,1
DA:89,8
LF:46
LH:46
BRDA:12,0,0,1
BRDA:12,0,1,3
BRDA:33,1,0,1
BRDA:33,1,1,5
BRDA:39,2,0,2
BRDA:39,2,1,2
BRDA:56,3,0,1
BRDA:56,3,1,3
BRDA:75,4,0,1
BRDA:75,4,1,3
BRF:10
BRH:10
end_of_record
TN:
SF:src\controllers\chatController.ts
FN:22,(anonymous_1)
FN:36,(anonymous_2)
FN:43,(anonymous_3)
FN:80,(anonymous_4)
FN:175,(anonymous_5)
FN:207,(anonymous_6)
FN:230,(anonymous_7)
FN:260,(anonymous_8)
FN:341,(anonymous_9)
FN:387,(anonymous_10)
FN:408,(anonymous_11)
FNF:11
FNH:9
FNDA:0,(anonymous_1)
FNDA:10,(anonymous_2)
FNDA:1,(anonymous_3)
FNDA:9,(anonymous_4)
FNDA:1,(anonymous_5)
FNDA:2,(anonymous_6)
FNDA:8,(anonymous_7)
FNDA:13,(anonymous_8)
FNDA:2,(anonymous_9)
FNDA:0,(anonymous_10)
FNDA:2,(anonymous_11)
DA:1,8
DA:3,8
DA:4,8
DA:5,8
DA:9,8
DA:13,8
DA:15,8
DA:22,8
DA:23,0
DA:24,0
DA:25,0
DA:26,0
DA:27,0
DA:29,0
DA:31,0
DA:32,0
DA:36,8
DA:37,10
DA:38,10
DA:43,8
DA:44,1
DA:45,1
DA:47,1
DA:56,1
DA:57,1
DA:58,1
DA:59,1
DA:60,2
DA:61,2
DA:63,2
DA:64,0
DA:65,0
DA:66,0
DA:73,1
DA:74,1
DA:80,8
DA:81,9
DA:82,9
DA:83,9
DA:85,9
DA:86,1
DA:87,1
DA:90,8
DA:91,1
DA:92,1
DA:96,7
DA:99,7
DA:105,7
DA:107,1
DA:108,0
DA:111,1
DA:112,1
DA:113,1
DA:114,2
DA:115,2
DA:117,2
DA:118,1
DA:119,1
DA:120,1
DA:125,1
DA:126,1
DA:130,1
DA:137,6
DA:138,6
DA:145,6
DA:150,6
DA:151,6
DA:152,6
DA:153,12
DA:154,12
DA:156,12
DA:157,0
DA:158,0
DA:159,0
DA:165,6
DA:166,6
DA:175,8
DA:176,1
DA:177,1
DA:178,1
DA:179,1
DA:182,1
DA:187,1
DA:188,0
DA:189,0
DA:190,0
DA:193,1
DA:197,1
DA:198,0
DA:201,1
DA:207,1
DA:208,2
DA:209,0
DA:221,2
DA:224,1
DA:225,1
DA:230,8
DA:231,8
DA:239,8
DA:240,8
DA:242,8
DA:243,0
DA:244,0
DA:248,8
DA:253,8
DA:254,1
DA:255,1
DA:256,1
DA:260,13
DA:261,7
DA:262,7
DA:263,7
DA:264,1
DA:265,1
DA:266,1
DA:271,6
DA:284,6
DA:286,6
DA:294,6
DA:295,12
DA:296,12
DA:297,6
DA:298,6
DA:302,6
DA:304,6
DA:305,6
DA:308,6
DA:315,6
DA:316,6
DA:317,6
DA:323,6
DA:328,6
DA:329,12
DA:330,12
DA:333,6
DA:336,6
DA:341,8
DA:342,2
DA:343,2
DA:344,2
DA:347,2
DA:352,2
DA:353,0
DA:354,0
DA:355,0
DA:359,2
DA:368,2
DA:369,2
DA:370,2
DA:373,2
DA:374,2
DA:375,2
DA:379,2
DA:382,2
DA:387,8
DA:388,0
DA:389,0
DA:391,0
DA:397,0
DA:398,0
DA:399,0
DA:402,0
DA:403,0
DA:408,8
DA:409,2
DA:410,2
DA:411,2
DA:413,2
DA:414,2
DA:415,0
DA:416,0
DA:420,2
DA:424,2
DA:425,0
DA:426,0
DA:429,2
DA:431,0
DA:432,0
DA:433,2
DA:435,2
DA:436,0
DA:437,0
DA:440,2
DA:442,2
DA:443,2
DA:444,2
DA:445,2
DA:446,2
DA:447,2
DA:450,2
DA:451,2
DA:452,2
DA:453,2
DA:456,2
DA:459,2
DA:460,2
DA:461,2
DA:465,2
DA:466,2
DA:467,4
DA:471,0
DA:472,0
DA:475,2
DA:478,8
LF:204
LH:161
BRDA:25,0,0,0
BRDA:25,0,1,0
BRDA:27,1,0,0
BRDA:27,1,1,0
BRDA:38,2,0,10
BRDA:38,2,1,0
BRDA:58,3,0,1
BRDA:58,3,1,0
BRDA:60,4,0,2
BRDA:60,4,1,0
BRDA:61,5,0,2
BRDA:61,5,1,2
BRDA:63,6,0,0
BRDA:63,6,1,2
BRDA:65,7,0,0
BRDA:65,7,1,0
BRDA:65,8,0,0
BRDA:65,8,1,0
BRDA:85,9,0,1
BRDA:85,9,1,8
BRDA:90,10,0,1
BRDA:90,10,1,7
BRDA:105,11,0,1
BRDA:105,11,1,6
BRDA:107,12,0,0
BRDA:107,12,1,1
BRDA:107,13,0,1
BRDA:107,13,1,0
BRDA:112,14,0,1
BRDA:112,14,1,0
BRDA:114,15,0,2
BRDA:114,15,1,0
BRDA:115,16,0,2
BRDA:115,16,1,2
BRDA:117,17,0,1
BRDA:117,17,1,1
BRDA:119,18,0,1
BRDA:119,18,1,0
BRDA:119,19,0,1
BRDA:119,19,1,1
BRDA:140,20,0,6
BRDA:140,20,1,6
BRDA:141,21,0,6
BRDA:141,21,1,6
BRDA:151,22,0,6
BRDA:151,22,1,0
BRDA:151,23,0,6
BRDA:151,23,1,6
BRDA:153,24,0,12
BRDA:153,24,1,0
BRDA:154,25,0,12
BRDA:154,25,1,12
BRDA:156,26,0,0
BRDA:156,26,1,12
BRDA:158,27,0,0
BRDA:158,27,1,0
BRDA:158,28,0,0
BRDA:158,28,1,0
BRDA:178,29,0,1
BRDA:187,30,0,0
BRDA:187,30,1,1
BRDA:197,31,0,0
BRDA:197,31,1,1
BRDA:208,32,0,0
BRDA:208,32,1,2
BRDA:235,33,0,8
BRDA:242,34,0,0
BRDA:242,34,1,8
BRDA:253,35,0,1
BRDA:253,35,1,7
BRDA:261,36,0,7
BRDA:261,36,1,0
BRDA:263,37,0,1
BRDA:263,37,1,6
BRDA:274,38,0,6
BRDA:274,38,1,0
BRDA:284,39,0,0
BRDA:284,39,1,6
BRDA:284,40,0,0
BRDA:284,40,1,6
BRDA:284,41,0,6
BRDA:284,41,1,0
BRDA:296,42,0,6
BRDA:296,42,1,6
BRDA:297,43,0,6
BRDA:297,43,1,6
BRDA:316,44,0,6
BRDA:316,44,1,0
BRDA:352,45,0,0
BRDA:352,45,1,2
BRDA:374,46,0,2
BRDA:374,46,1,0
BRDA:397,47,0,0
BRDA:397,47,1,0
BRDA:414,48,0,0
BRDA:414,48,1,2
BRDA:424,49,0,0
BRDA:424,49,1,2
BRDA:429,50,0,0
BRDA:429,50,1,2
BRDA:433,51,0,2
BRDA:433,51,1,0
BRDA:435,52,0,0
BRDA:435,52,1,2
BRDA:450,53,0,2
BRDA:450,53,1,0
BRDA:450,54,0,2
BRDA:450,54,1,2
BRDA:460,55,0,2
BRDA:460,55,1,0
BRF:110
BRH:65
end_of_record
TN:
SF:src\controllers\commentController.ts
FN:17,(anonymous_0)
FN:60,(anonymous_1)
FN:92,(anonymous_2)
FNF:3
FNH:0
FNDA:0,(anonymous_0)
FNDA:0,(anonymous_1)
FNDA:0,(anonymous_2)
DA:1,7
DA:7,7
DA:17,7
DA:18,0
DA:19,0
DA:22,0
DA:27,0
DA:28,0
DA:30,0
DA:31,0
DA:32,0
DA:34,0
DA:35,0
DA:37,0
DA:38,0
DA:39,0
DA:44,0
DA:45,0
DA:46,0
DA:49,0
DA:52,0
DA:60,7
DA:61,0
DA:62,0
DA:64,0
DA:65,0
DA:66,0
DA:69,0
DA:71,0
DA:80,0
DA:81,0
DA:83,0
DA:84,0
DA:92,7
DA:93,0
DA:94,0
DA:96,0
DA:97,0
DA:98,0
DA:102,0
DA:103,0
DA:104,0
DA:105,0
DA:108,0
DA:112,0
DA:121,0
DA:122,0
LF:47
LH:5
BRDA:34,0,0,0
BRDA:34,0,1,0
BRDA:38,1,0,0
BRDA:38,1,1,0
BRDA:46,2,0,0
BRDA:46,2,1,0
BRDA:64,3,0,0
BRDA:64,3,1,0
BRDA:64,4,0,0
BRDA:64,4,1,0
BRDA:73,5,0,0
BRDA:73,5,1,0
BRDA:74,6,0,0
BRDA:74,6,1,0
BRDA:75,7,0,0
BRDA:75,7,1,0
BRDA:96,8,0,0
BRDA:96,8,1,0
BRDA:96,9,0,0
BRDA:96,9,1,0
BRDA:103,10,0,0
BRDA:103,10,1,0
BRDA:114,11,0,0
BRDA:114,11,1,0
BRDA:115,12,0,0
BRDA:115,12,1,0
BRDA:116,13,0,0
BRDA:116,13,1,0
BRF:28
BRH:0
end_of_record
TN:
SF:src\controllers\donationController.ts
FN:33,(anonymous_1)
FN:36,(anonymous_2)
FN:102,(anonymous_3)
FN:133,(anonymous_4)
FN:153,(anonymous_5)
FN:158,(anonymous_6)
FN:165,(anonymous_7)
FN:175,(anonymous_8)
FN:181,(anonymous_9)
FN:210,(anonymous_10)
FNF:10
FNH:1
FNDA:7,(anonymous_1)
FNDA:0,(anonymous_2)
FNDA:0,(anonymous_3)
FNDA:0,(anonymous_4)
FNDA:0,(anonymous_5)
FNDA:0,(anonymous_6)
FNDA:0,(anonymous_7)
FNDA:0,(anonymous_8)
FNDA:0,(anonymous_9)
FNDA:0,(anonymous_10)
DA:1,7
DA:2,7
DA:3,7
DA:5,7
DA:6,7
DA:8,7
DA:9,7
DA:10,7
DA:33,7
DA:34,7
DA:36,7
DA:37,0
DA:38,0
DA:39,0
DA:40,0
DA:43,0
DA:44,0
DA:46,0
DA:47,0
DA:49,0
DA:52,0
DA:53,0
DA:54,0
DA:55,0
DA:57,0
DA:60,0
DA:64,0
DA:65,0
DA:66,0
DA:69,0
DA:70,0
DA:71,0
DA:72,0
DA:75,0
DA:76,0
DA:77,0
DA:79,0
DA:80,0
DA:85,0
DA:102,7
DA:107,0
DA:109,0
DA:130,0
DA:133,7
DA:134,0
DA:136,0
DA:138,0
DA:150,0
DA:153,7
DA:154,0
DA:155,0
DA:158,7
DA:159,0
DA:161,0
DA:162,0
DA:165,7
DA:166,0
DA:167,0
DA:171,0
DA:172,0
DA:175,7
DA:176,0
DA:177,0
DA:178,0
DA:181,7
DA:182,0
DA:183,0
DA:185,0
DA:187,0
DA:188,0
DA:189,0
DA:190,0
DA:192,0
DA:193,0
DA:196,0
DA:197,0
DA:198,0
DA:201,0
DA:203,0
DA:205,0
DA:207,0
DA:210,7
DA:211,0
DA:212,0
DA:216,7
LF:85
LH:20
BRDA:38,0,0,0
BRDA:38,0,1,0
BRDA:46,1,0,0
BRDA:46,1,1,0
BRDA:49,2,0,0
BRDA:49,2,1,0
BRDA:52,3,0,0
BRDA:52,3,1,0
BRDA:64,4,0,0
BRDA:64,4,1,0
BRDA:64,5,0,0
BRDA:64,5,1,0
BRDA:70,6,0,0
BRDA:70,6,1,0
BRDA:70,7,0,0
BRDA:70,7,1,0
BRDA:87,8,0,0
BRDA:87,8,1,0
BRDA:88,9,0,0
BRDA:88,9,1,0
BRDA:89,10,0,0
BRDA:89,10,1,0
BRDA:90,11,0,0
BRDA:90,11,1,0
BRDA:91,12,0,0
BRDA:91,12,1,0
BRDA:92,13,0,0
BRDA:92,13,1,0
BRDA:136,14,0,0
BRDA:136,14,1,0
BRDA:141,15,0,0
BRDA:141,15,1,0
BRDA:142,16,0,0
BRDA:142,16,1,0
BRDA:143,17,0,0
BRDA:143,17,1,0
BRDA:145,18,0,0
BRDA:145,18,1,0
BRDA:146,19,0,0
BRDA:146,19,1,0
BRDA:147,20,0,0
BRDA:147,20,1,0
BRDA:171,21,0,0
BRDA:171,21,1,0
BRDA:187,22,0,0
BRDA:187,22,1,0
BRDA:189,23,0,0
BRDA:189,23,1,0
BRDA:196,24,0,0
BRDA:196,24,1,0
BRDA:34,25,0,7
BRDA:34,25,1,7
BRF:52
BRH:2
end_of_record
TN:
SF:src\controllers\forumController.ts
FN:12,(anonymous_0)
FN:37,(anonymous_1)
FN:42,(anonymous_2)
FN:52,(anonymous_3)
FN:69,(anonymous_4)
FN:143,(anonymous_5)
FN:158,(anonymous_6)
FN:176,(anonymous_7)
FN:189,(anonymous_8)
FN:199,(anonymous_9)
FN:256,(anonymous_10)
FNF:11
FNH:0
FNDA:0,(anonymous_0)
FNDA:0,(anonymous_1)
FNDA:0,(anonymous_2)
FNDA:0,(anonymous_3)
FNDA:0,(anonymous_4)
FNDA:0,(anonymous_5)
FNDA:0,(anonymous_6)
FNDA:0,(anonymous_7)
FNDA:0,(anonymous_8)
FNDA:0,(anonymous_9)
FNDA:0,(anonymous_10)
DA:1,7
DA:3,7
DA:4,7
DA:5,7
DA:12,7
DA:14,0
DA:16,0
DA:17,0
DA:20,0
DA:21,0
DA:22,0
DA:23,0
DA:24,0
DA:25,0
DA:31,0
DA:33,0
DA:35,0
DA:36,0
DA:37,0
DA:41,0
DA:42,0
DA:44,0
DA:48,0
DA:49,0
DA:52,0
DA:65,0
DA:69,7
DA:70,0
DA:71,0
DA:75,0
DA:76,0
DA:77,0
DA:80,0
DA:81,0
DA:83,0
DA:84,0
DA:85,0
DA:86,0
DA:90,0
DA:99,0
DA:106,0
DA:107,0
DA:108,0
DA:113,0
DA:114,0
DA:115,0
DA:123,0
DA:126,0
DA:143,7
DA:144,0
DA:145,0
DA:147,0
DA:148,0
DA:149,0
DA:150,0
DA:154,0
DA:156,0
DA:158,0
DA:159,0
DA:162,0
DA:163,0
DA:166,0
DA:168,0
DA:176,7
DA:177,0
DA:180,0
DA:183,0
DA:184,0
DA:187,0
DA:189,0
DA:199,7
DA:200,0
DA:201,0
DA:204,0
DA:205,0
DA:206,0
DA:209,0
DA:212,0
DA:213,0
DA:217,0
DA:223,0
DA:226,0
DA:231,0
DA:232,0
DA:233,0
DA:234,0
DA:235,0
DA:236,0
DA:237,0
DA:238,0
DA:239,0
DA:241,0
DA:248,0
DA:252,0
DA:256,0
LF:95
LH:9
BRDA:14,0,0,0
BRDA:14,0,1,0
BRDA:16,1,0,0
BRDA:16,1,1,0
BRDA:20,2,0,0
BRDA:20,2,1,0
BRDA:20,3,0,0
BRDA:20,3,1,0
BRDA:33,4,0,0
BRDA:33,4,1,0
BRDA:36,5,0,0
BRDA:36,5,1,0
BRDA:36,6,0,0
BRDA:36,6,1,0
BRDA:48,7,0,0
BRDA:48,7,1,0
BRDA:59,8,0,0
BRDA:59,8,1,0
BRDA:60,9,0,0
BRDA:60,9,1,0
BRDA:62,10,0,0
BRDA:62,10,1,0
BRDA:70,11,0,0
BRDA:75,12,0,0
BRDA:75,12,1,0
BRDA:75,13,0,0
BRDA:75,13,1,0
BRDA:80,14,0,0
BRDA:80,14,1,0
BRDA:81,15,0,0
BRDA:81,15,1,0
BRDA:83,16,0,0
BRDA:83,16,1,0
BRDA:85,17,0,0
BRDA:85,17,1,0
BRDA:95,18,0,0
BRDA:95,18,1,0
BRDA:123,19,0,0
BRDA:123,19,1,0
BRDA:135,20,0,0
BRDA:135,20,1,0
BRDA:136,21,0,0
BRDA:136,21,1,0
BRDA:145,22,0,0
BRDA:145,22,1,0
BRDA:148,23,0,0
BRDA:148,23,1,0
BRDA:156,24,0,0
BRDA:156,24,1,0
BRDA:169,25,0,0
BRDA:169,25,1,0
BRDA:183,26,0,0
BRDA:183,26,1,0
BRDA:191,27,0,0
BRDA:191,27,1,0
BRDA:201,28,0,0
BRDA:204,29,0,0
BRDA:204,29,1,0
BRDA:204,30,0,0
BRDA:204,30,1,0
BRDA:212,31,0,0
BRDA:212,31,1,0
BRDA:231,32,0,0
BRDA:231,32,1,0
BRDA:231,33,0,0
BRDA:231,33,1,0
BRDA:231,33,2,0
BRDA:237,34,0,0
BRDA:237,34,1,0
BRDA:239,35,0,0
BRDA:239,35,1,0
BRDA:244,36,0,0
BRDA:244,36,1,0
BRDA:248,37,0,0
BRDA:248,37,1,0
BRDA:258,38,0,0
BRDA:258,38,1,0
BRF:77
BRH:0
end_of_record
TN:
SF:src\controllers\nearbyController.ts
FN:9,(anonymous_0)
FN:14,(anonymous_1)
FN:28,(anonymous_2)
FN:32,(anonymous_3)
FN:34,(anonymous_4)
FNF:5
FNH:1
FNDA:7,(anonymous_0)
FNDA:0,(anonymous_1)
FNDA:0,(anonymous_2)
FNDA:0,(anonymous_3)
FNDA:0,(anonymous_4)
DA:1,7
DA:4,7
DA:6,7
DA:10,7
DA:14,7
DA:15,0
DA:17,0
DA:28,0
DA:29,0
DA:31,0
DA:32,0
DA:34,0
DA:35,0
DA:37,0
DA:38,0
DA:40,0
DA:41,0
DA:44,0
DA:47,0
LF:19
LH:5
BRDA:35,0,0,0
BRDA:35,0,1,0
BRDA:38,1,0,0
BRDA:38,1,1,0
BRDA:40,2,0,0
BRDA:40,2,1,0
BRF:6
BRH:0
end_of_record
TN:
SF:src\controllers\notificationController.ts
FN:7,(anonymous_0)
FN:14,(anonymous_1)
FNF:2
FNH:0
FNDA:0,(anonymous_0)
FNDA:0,(anonymous_1)
DA:1,7
DA:3,7
DA:7,7
DA:8,0
DA:11,0
DA:14,7
DA:15,0
DA:16,0
DA:17,0
DA:20,7
LF:10
LH:5
BRF:0
BRH:0
end_of_record
TN:
SF:src\controllers\profileController.ts
FN:11,(anonymous_0)
FN:26,(anonymous_1)
FN:58,(anonymous_2)
FN:101,(anonymous_3)
FN:144,(anonymous_4)
FN:167,(anonymous_5)
FN:189,(anonymous_6)
FN:211,(anonymous_7)
FN:231,(anonymous_8)
FNF:9
FNH:3
FNDA:3,(anonymous_0)
FNDA:3,(anonymous_1)
FNDA:0,(anonymous_2)
FNDA:0,(anonymous_3)
FNDA:5,(anonymous_4)
FNDA:0,(anonymous_5)
FNDA:0,(anonymous_6)
FNDA:0,(anonymous_7)
FNDA:0,(anonymous_8)
DA:1,8
DA:2,8
DA:3,8
DA:4,8
DA:5,8
DA:6,8
DA:9,8
DA:11,8
DA:12,3
DA:13,3
DA:15,3
DA:21,3
DA:23,3
DA:26,8
DA:27,3
DA:28,3
DA:30,3
DA:36,3
DA:38,3
DA:39,3
DA:55,3
DA:58,8
DA:59,0
DA:60,0
DA:62,0
DA:79,0
DA:81,0
DA:82,0
DA:98,0
DA:101,8
DA:102,0
DA:103,0
DA:105,0
DA:122,0
DA:124,0
DA:125,0
DA:141,0
DA:144,8
DA:145,5
DA:146,5
DA:147,5
DA:149,5
DA:150,4
DA:151,1
DA:152,1
DA:153,0
DA:154,0
DA:155,0
DA:156,0
DA:159,5
DA:160,2
DA:161,2
DA:164,3
DA:167,8
DA:168,0
DA:169,0
DA:171,0
DA:177,0
DA:178,0
DA:179,0
DA:182,0
DA:183,0
DA:184,0
DA:186,0
DA:189,8
DA:190,0
DA:191,0
DA:193,0
DA:199,0
DA:200,0
DA:201,0
DA:204,0
DA:205,0
DA:206,0
DA:208,0
DA:211,8
DA:212,0
DA:213,0
DA:215,0
DA:221,0
DA:222,0
DA:223,0
DA:226,0
DA:228,0
DA:231,8
DA:232,0
DA:233,0
DA:235,0
DA:241,0
DA:242,0
DA:243,0
DA:246,0
DA:247,0
DA:248,0
DA:250,0
DA:253,8
LF:96
LH:40
BRDA:21,0,0,3
BRDA:21,0,1,1
BRDA:36,1,0,3
BRDA:36,1,1,0
BRDA:44,2,0,3
BRDA:44,2,1,0
BRDA:45,3,0,3
BRDA:45,3,1,0
BRDA:48,4,0,3
BRDA:48,4,1,0
BRDA:49,5,0,3
BRDA:49,5,1,0
BRDA:79,6,0,0
BRDA:79,6,1,0
BRDA:86,7,0,0
BRDA:86,7,1,0
BRDA:86,7,2,0
BRDA:87,8,0,0
BRDA:87,8,1,0
BRDA:88,9,0,0
BRDA:88,9,1,0
BRDA:91,10,0,0
BRDA:91,10,1,0
BRDA:92,11,0,0
BRDA:92,11,1,0
BRDA:122,12,0,0
BRDA:122,12,1,0
BRDA:129,13,0,0
BRDA:129,13,1,0
BRDA:129,13,2,0
BRDA:130,14,0,0
BRDA:130,14,1,0
BRDA:131,15,0,0
BRDA:131,15,1,0
BRDA:134,16,0,0
BRDA:134,16,1,0
BRDA:135,17,0,0
BRDA:135,17,1,0
BRDA:149,18,0,4
BRDA:149,18,1,1
BRDA:151,19,0,1
BRDA:151,19,1,0
BRDA:153,20,0,0
BRDA:153,20,1,0
BRDA:155,21,0,0
BRDA:155,21,1,0
BRDA:159,22,0,2
BRDA:159,22,1,3
BRDA:177,23,0,0
BRDA:177,23,1,0
BRDA:182,24,0,0
BRDA:182,24,1,0
BRDA:183,25,0,0
BRDA:183,25,1,0
BRDA:199,26,0,0
BRDA:199,26,1,0
BRDA:204,27,0,0
BRDA:204,27,1,0
BRDA:205,28,0,0
BRDA:205,28,1,0
BRDA:221,29,0,0
BRDA:221,29,1,0
BRDA:226,30,0,0
BRDA:226,30,1,0
BRDA:241,31,0,0
BRDA:241,31,1,0
BRDA:246,32,0,0
BRDA:246,32,1,0
BRDA:247,33,0,0
BRDA:247,33,1,0
BRF:70
BRH:12
end_of_record
TN:
SF:src\controllers\reportController.ts
FN:9,(anonymous_0)
FN:41,(anonymous_1)
FN:51,(anonymous_2)
FN:60,(anonymous_3)
FN:63,(anonymous_4)
FN:66,(anonymous_5)
FN:88,(anonymous_6)
FN:94,(anonymous_7)
FN:110,(anonymous_8)
FN:133,(anonymous_9)
FN:244,(anonymous_10)
FN:276,(anonymous_11)
FN:280,(anonymous_12)
FN:299,(anonymous_13)
FN:421,(anonymous_14)
FN:438,(anonymous_15)
FNF:16
FNH:0
FNDA:0,(anonymous_0)
FNDA:0,(anonymous_1)
FNDA:0,(anonymous_2)
FNDA:0,(anonymous_3)
FNDA:0,(anonymous_4)
FNDA:0,(anonymous_5)
FNDA:0,(anonymous_6)
FNDA:0,(anonymous_7)
FNDA:0,(anonymous_8)
FNDA:0,(anonymous_9)
FNDA:0,(anonymous_10)
FNDA:0,(anonymous_11)
FNDA:0,(anonymous_12)
FNDA:0,(anonymous_13)
FNDA:0,(anonymous_14)
FNDA:0,(anonymous_15)
DA:1,7
DA:3,7
DA:4,7
DA:9,7
DA:15,0
DA:16,0
DA:32,0
DA:33,0
DA:36,0
DA:37,0
DA:41,7
DA:42,0
DA:44,0
DA:45,0
DA:47,0
DA:51,7
DA:52,0
DA:53,0
DA:55,0
DA:57,0
DA:58,0
DA:59,0
DA:60,0
DA:63,0
DA:66,7
DA:67,0
DA:69,0
DA:70,0
DA:73,0
DA:74,0
DA:81,0
DA:88,7
DA:89,0
DA:90,0
DA:91,0
DA:94,7
DA:95,0
DA:96,0
DA:110,7
DA:111,0
DA:113,0
DA:114,0
DA:115,0
DA:116,0
DA:119,0
DA:120,0
DA:121,0
DA:122,0
DA:125,0
DA:126,0
DA:129,0
DA:133,7
DA:134,0
DA:135,0
DA:137,0
DA:138,0
DA:139,0
DA:140,0
DA:143,0
DA:148,0
DA:149,0
DA:150,0
DA:154,0
DA:162,0
DA:163,0
DA:164,0
DA:169,0
DA:170,0
DA:171,0
DA:172,0
DA:173,0
DA:175,0
DA:177,0
DA:178,0
DA:184,0
DA:185,0
DA:186,0
DA:187,0
DA:211,0
DA:212,0
DA:214,0
DA:217,0
DA:221,0
DA:228,0
DA:229,0
DA:230,0
DA:231,0
DA:236,0
DA:239,0
DA:244,7
DA:245,0
DA:247,0
DA:248,0
DA:249,0
DA:253,0
DA:254,0
DA:255,0
DA:256,0
DA:257,0
DA:258,0
DA:268,0
DA:272,0
DA:276,7
DA:278,0
DA:279,0
DA:280,0
DA:282,0
DA:294,0
DA:295,0
DA:299,7
DA:300,0
DA:301,0
DA:302,0
DA:305,0
DA:306,0
DA:307,0
DA:311,0
DA:312,0
DA:314,0
DA:315,0
DA:316,0
DA:319,0
DA:320,0
DA:321,0
DA:322,0
DA:327,0
DA:330,0
DA:332,0
DA:333,0
DA:334,0
DA:338,0
DA:339,0
DA:341,0
DA:346,0
DA:347,0
DA:348,0
DA:349,0
DA:352,0
DA:357,0
DA:360,0
DA:361,0
DA:365,0
DA:374,0
DA:377,0
DA:378,0
DA:385,0
DA:387,0
DA:389,0
DA:395,0
DA:398,0
DA:399,0
DA:400,0
DA:401,0
DA:407,0
DA:410,0
DA:413,0
DA:417,0
DA:421,7
DA:422,0
DA:424,0
DA:425,0
DA:426,0
DA:429,0
DA:430,0
DA:434,0
DA:438,7
DA:439,0
DA:441,0
DA:442,0
DA:443,0
DA:446,0
DA:447,0
DA:453,0
DA:454,0
DA:455,0
DA:458,0
LF:176
LH:16
BRDA:28,0,0,0
BRDA:28,0,1,0
BRDA:32,1,0,0
BRDA:32,1,1,0
BRDA:42,2,0,0
BRDA:42,2,1,0
BRDA:51,3,0,0
BRDA:53,4,0,0
BRDA:53,4,1,0
BRDA:57,5,0,0
BRDA:57,5,1,0
BRDA:58,6,0,0
BRDA:58,6,1,0
BRDA:59,7,0,0
BRDA:59,7,1,0
BRDA:59,8,0,0
BRDA:59,8,1,0
BRDA:69,9,0,0
BRDA:69,9,1,0
BRDA:69,10,0,0
BRDA:69,10,1,0
BRDA:73,11,0,0
BRDA:73,11,1,0
BRDA:73,12,0,0
BRDA:73,12,1,0
BRDA:89,13,0,0
BRDA:89,13,1,0
BRDA:90,14,0,0
BRDA:90,14,1,0
BRDA:96,15,0,0
BRDA:96,15,1,0
BRDA:119,16,0,0
BRDA:119,16,1,0
BRDA:125,17,0,0
BRDA:125,17,1,0
BRDA:125,18,0,0
BRDA:125,18,1,0
BRDA:137,19,0,0
BRDA:137,19,1,0
BRDA:143,20,0,0
BRDA:143,20,1,0
BRDA:144,21,0,0
BRDA:144,21,1,0
BRDA:144,21,2,0
BRDA:170,22,0,0
BRDA:170,22,1,0
BRDA:175,23,0,0
BRDA:175,23,1,0
BRDA:184,24,0,0
BRDA:184,24,1,0
BRDA:188,25,0,0
BRDA:188,25,1,0
BRDA:188,25,2,0
BRDA:191,26,0,0
BRDA:191,26,1,0
BRDA:192,27,0,0
BRDA:192,27,1,0
BRDA:193,28,0,0
BRDA:193,28,1,0
BRDA:194,29,0,0
BRDA:194,29,1,0
BRDA:195,30,0,0
BRDA:195,30,1,0
BRDA:199,31,0,0
BRDA:199,31,1,0
BRDA:204,32,0,0
BRDA:204,32,1,0
BRDA:208,33,0,0
BRDA:208,33,1,0
BRDA:217,34,0,0
BRDA:217,34,1,0
BRDA:228,35,0,0
BRDA:228,35,1,0
BRDA:247,36,0,0
BRDA:247,36,1,0
BRDA:253,37,0,0
BRDA:253,37,1,0
BRDA:253,38,0,0
BRDA:253,38,1,0
BRDA:257,39,0,0
BRDA:257,39,1,0
BRDA:305,40,0,0
BRDA:305,40,1,0
BRDA:314,41,0,0
BRDA:314,41,1,0
BRDA:320,42,0,0
BRDA:320,42,1,0
BRDA:332,43,0,0
BRDA:332,43,1,0
BRDA:346,44,0,0
BRDA:346,44,1,0
BRDA:346,45,0,0
BRDA:346,45,1,0
BRDA:348,46,0,0
BRDA:348,46,1,0
BRDA:348,47,0,0
BRDA:348,47,1,0
BRDA:360,48,0,0
BRDA:360,48,1,0
BRDA:377,49,0,0
BRDA:377,49,1,0
BRDA:377,50,0,0
BRDA:377,50,1,0
BRDA:385,51,0,0
BRDA:385,51,1,0
BRDA:400,52,0,0
BRDA:400,52,1,0
BRDA:424,53,0,0
BRDA:424,53,1,0
BRDA:441,54,0,0
BRDA:441,54,1,0
BRDA:453,55,0,0
BRDA:453,55,1,0
BRF:113
BRH:0
end_of_record
TN:
SF:src\controllers\rescueController.ts
FN:20,(anonymous_0)
FN:42,(anonymous_1)
FN:48,(anonymous_2)
FN:50,(anonymous_3)
FN:51,(anonymous_4)
FN:55,(anonymous_5)
FN:124,(anonymous_6)
FN:133,(anonymous_7)
FN:168,(anonymous_8)
FN:229,(anonymous_9)
FN:248,(anonymous_10)
FN:253,(anonymous_11)
FN:256,(anonymous_12)
FN:259,(anonymous_13)
FN:262,(anonymous_14)
FN:269,(anonymous_15)
FN:270,(anonymous_16)
FN:271,(anonymous_17)
FN:280,(anonymous_18)
FN:307,(anonymous_19)
FN:308,(anonymous_20)
FN:309,(anonymous_21)
FN:319,(anonymous_22)
FN:367,(anonymous_23)
FN:387,(anonymous_24)
FN:414,(anonymous_25)
FN:433,(anonymous_26)
FN:493,(anonymous_27)
FN:553,(anonymous_28)
FN:622,(anonymous_29)
FNF:30
FNH:0
FNDA:0,(anonymous_0)
FNDA:0,(anonymous_1)
FNDA:0,(anonymous_2)
FNDA:0,(anonymous_3)
FNDA:0,(anonymous_4)
FNDA:0,(anonymous_5)
FNDA:0,(anonymous_6)
FNDA:0,(anonymous_7)
FNDA:0,(anonymous_8)
FNDA:0,(anonymous_9)
FNDA:0,(anonymous_10)
FNDA:0,(anonymous_11)
FNDA:0,(anonymous_12)
FNDA:0,(anonymous_13)
FNDA:0,(anonymous_14)
FNDA:0,(anonymous_15)
FNDA:0,(anonymous_16)
FNDA:0,(anonymous_17)
FNDA:0,(anonymous_18)
FNDA:0,(anonymous_19)
FNDA:0,(anonymous_20)
FNDA:0,(anonymous_21)
FNDA:0,(anonymous_22)
FNDA:0,(anonymous_23)
FNDA:0,(anonymous_24)
FNDA:0,(anonymous_25)
FNDA:0,(anonymous_26)
FNDA:0,(anonymous_27)
FNDA:0,(anonymous_28)
FNDA:0,(anonymous_29)
DA:1,7
DA:6,7
DA:7,7
DA:8,7
DA:9,7
DA:10,7
DA:12,7
DA:13,7
DA:14,7
DA:16,7
DA:17,7
DA:20,7
DA:21,0
DA:22,0
DA:23,0
DA:25,0
DA:26,0
DA:28,0
DA:29,0
DA:31,0
DA:34,7
DA:40,7
DA:42,7
DA:43,0
DA:44,0
DA:45,0
DA:48,7
DA:50,7
DA:51,0
DA:52,0
DA:55,7
DA:56,0
DA:57,0
DA:62,0
DA:63,0
DA:64,0
DA:65,0
DA:76,0
DA:87,0
DA:91,0
DA:93,0
DA:124,7
DA:125,0
DA:126,0
DA:127,0
DA:133,7
DA:134,0
DA:135,0
DA:137,0
DA:138,0
DA:139,0
DA:142,0
DA:143,0
DA:145,0
DA:146,0
DA:147,0
DA:150,0
DA:157,0
DA:158,0
DA:159,0
DA:162,0
DA:164,0
DA:168,7
DA:183,0
DA:184,0
DA:186,0
DA:187,0
DA:188,0
DA:191,0
DA:192,0
DA:193,0
DA:194,0
DA:197,0
DA:213,0
DA:215,0
DA:229,7
DA:230,0
DA:231,0
DA:233,0
DA:234,0
DA:235,0
DA:236,0
DA:237,0
DA:240,0
DA:241,0
DA:243,0
DA:245,0
DA:248,7
DA:249,0
DA:253,0
DA:256,7
DA:257,0
DA:259,0
DA:262,7
DA:263,0
DA:268,0
DA:269,0
DA:270,0
DA:272,0
DA:273,0
DA:274,0
DA:277,0
DA:280,7
DA:281,0
DA:282,0
DA:284,0
DA:285,0
DA:286,0
DA:287,0
DA:290,0
DA:291,0
DA:293,0
DA:294,0
DA:295,0
DA:296,0
DA:297,0
DA:301,0
DA:306,0
DA:307,0
DA:308,0
DA:310,0
DA:311,0
DA:312,0
DA:315,0
DA:316,0
DA:319,7
DA:320,0
DA:321,0
DA:322,0
DA:323,0
DA:326,0
DA:327,0
DA:328,0
DA:329,0
DA:330,0
DA:331,0
DA:334,0
DA:337,0
DA:338,0
DA:346,0
DA:349,0
DA:351,0
DA:352,0
DA:353,0
DA:361,0
DA:364,0
DA:367,7
DA:368,0
DA:369,0
DA:371,0
DA:372,0
DA:373,0
DA:376,0
DA:377,0
DA:387,7
DA:388,0
DA:389,0
DA:391,0
DA:393,0
DA:394,0
DA:395,0
DA:398,0
DA:414,7
DA:415,0
DA:417,0
DA:418,0
DA:419,0
DA:420,0
DA:424,0
DA:429,0
DA:433,7
DA:434,0
DA:435,0
DA:437,0
DA:438,0
DA:439,0
DA:442,0
DA:443,0
DA:444,0
DA:445,0
DA:448,0
DA:449,0
DA:451,0
DA:453,0
DA:455,0
DA:456,0
DA:457,0
DA:458,0
DA:459,0
DA:460,0
DA:461,0
DA:466,0
DA:467,0
DA:470,0
DA:473,0
DA:474,0
DA:475,0
DA:476,0
DA:483,0
DA:488,0
DA:490,0
DA:491,0
DA:492,0
DA:493,0
DA:495,0
DA:496,0
DA:499,0
DA:506,0
DA:507,0
DA:508,0
DA:510,0
DA:526,0
DA:527,0
DA:529,0
DA:530,0
DA:531,0
DA:532,0
DA:533,0
DA:534,0
DA:535,0
DA:540,0
DA:541,0
DA:545,0
DA:549,0
DA:553,7
DA:554,0
DA:555,0
DA:557,0
DA:558,0
DA:559,0
DA:562,0
DA:563,0
DA:564,0
DA:566,0
DA:567,0
DA:569,0
DA:570,0
DA:573,0
DA:574,0
DA:575,0
DA:577,0
DA:578,0
DA:580,0
DA:581,0
DA:584,0
DA:585,0
DA:587,0
DA:588,0
DA:589,0
DA:590,0
DA:591,0
DA:592,0
DA:596,0
DA:597,0
DA:599,0
DA:601,0
DA:602,0
DA:603,0
DA:606,0
DA:607,0
DA:608,0
DA:610,0
DA:612,0
DA:613,0
DA:614,0
DA:617,0
DA:622,7
DA:623,0
DA:624,0
DA:626,0
DA:627,0
DA:628,0
DA:632,0
DA:633,0
DA:634,0
DA:635,0
DA:639,0
DA:640,0
DA:641,0
DA:642,0
DA:643,0
DA:646,0
DA:647,0
DA:648,0
DA:652,0
DA:675,0
DA:676,0
DA:677,0
DA:682,0
DA:684,0
DA:687,0
DA:688,0
DA:689,0
DA:698,0
DA:703,0
DA:704,0
DA:705,0
DA:706,0
DA:707,0
DA:714,0
DA:717,0
LF:301
LH:33
BRDA:22,0,0,0
BRDA:22,0,1,0
BRDA:25,1,0,0
BRDA:25,1,1,0
BRDA:28,2,0,0
BRDA:28,2,1,0
BRDA:43,3,0,0
BRDA:43,3,1,0
BRDA:44,4,0,0
BRDA:44,4,1,0
BRDA:45,5,0,0
BRDA:45,5,1,0
BRDA:48,6,0,0
BRDA:48,6,1,0
BRDA:48,7,0,0
BRDA:48,7,1,0
BRDA:51,8,0,0
BRDA:51,8,1,0
BRDA:52,9,0,0
BRDA:52,9,1,0
BRDA:55,10,0,0
BRDA:55,11,0,0
BRDA:56,12,0,0
BRDA:56,12,1,0
BRDA:58,13,0,0
BRDA:58,13,1,0
BRDA:59,14,0,0
BRDA:59,14,1,0
BRDA:65,15,0,0
BRDA:65,15,1,0
BRDA:68,16,0,0
BRDA:68,16,1,0
BRDA:70,17,0,0
BRDA:70,17,1,0
BRDA:71,18,0,0
BRDA:71,18,1,0
BRDA:76,19,0,0
BRDA:76,19,1,0
BRDA:76,20,0,0
BRDA:76,20,1,0
BRDA:78,21,0,0
BRDA:78,21,1,0
BRDA:78,21,2,0
BRDA:80,22,0,0
BRDA:80,22,1,0
BRDA:80,22,2,0
BRDA:81,23,0,0
BRDA:81,23,1,0
BRDA:81,23,2,0
BRDA:82,24,0,0
BRDA:82,24,1,0
BRDA:82,24,2,0
BRDA:83,25,0,0
BRDA:83,25,1,0
BRDA:87,26,0,0
BRDA:87,26,1,0
BRDA:91,27,0,0
BRDA:91,27,1,0
BRDA:95,28,0,0
BRDA:95,28,1,0
BRDA:96,29,0,0
BRDA:96,29,1,0
BRDA:97,30,0,0
BRDA:97,30,1,0
BRDA:97,30,2,0
BRDA:98,31,0,0
BRDA:98,31,1,0
BRDA:98,31,2,0
BRDA:100,32,0,0
BRDA:100,32,1,0
BRDA:102,33,0,0
BRDA:102,33,1,0
BRDA:103,34,0,0
BRDA:103,34,1,0
BRDA:105,35,0,0
BRDA:105,35,1,0
BRDA:105,35,2,0
BRDA:105,35,3,0
BRDA:106,36,0,0
BRDA:106,36,1,0
BRDA:106,36,2,0
BRDA:107,37,0,0
BRDA:107,37,1,0
BRDA:107,37,2,0
BRDA:108,38,0,0
BRDA:108,38,1,0
BRDA:108,38,2,0
BRDA:112,39,0,0
BRDA:112,39,1,0
BRDA:112,39,2,0
BRDA:113,40,0,0
BRDA:113,40,1,0
BRDA:113,40,2,0
BRDA:119,41,0,0
BRDA:119,41,1,0
BRDA:119,41,2,0
BRDA:135,42,0,0
BRDA:135,42,1,0
BRDA:135,43,0,0
BRDA:135,43,1,0
BRDA:137,44,0,0
BRDA:137,44,1,0
BRDA:137,45,0,0
BRDA:137,45,1,0
BRDA:145,46,0,0
BRDA:145,46,1,0
BRDA:145,47,0,0
BRDA:145,47,1,0
BRDA:157,48,0,0
BRDA:157,48,1,0
BRDA:184,49,0,0
BRDA:184,49,1,0
BRDA:186,50,0,0
BRDA:186,50,1,0
BRDA:192,51,0,0
BRDA:192,51,1,0
BRDA:198,52,0,0
BRDA:198,52,1,0
BRDA:198,52,2,0
BRDA:199,53,0,0
BRDA:199,53,1,0
BRDA:200,54,0,0
BRDA:200,54,1,0
BRDA:201,55,0,0
BRDA:201,55,1,0
BRDA:203,56,0,0
BRDA:203,56,1,0
BRDA:204,57,0,0
BRDA:204,57,1,0
BRDA:205,58,0,0
BRDA:205,58,1,0
BRDA:206,59,0,0
BRDA:206,59,1,0
BRDA:207,60,0,0
BRDA:207,60,1,0
BRDA:208,61,0,0
BRDA:208,61,1,0
BRDA:209,62,0,0
BRDA:209,62,1,0
BRDA:210,63,0,0
BRDA:210,63,1,0
BRDA:222,64,0,0
BRDA:222,64,1,0
BRDA:234,65,0,0
BRDA:234,65,1,0
BRDA:253,66,0,0
BRDA:253,66,1,0
BRDA:269,67,0,0
BRDA:269,67,1,0
BRDA:272,68,0,0
BRDA:272,68,1,0
BRDA:273,69,0,0
BRDA:273,69,1,0
BRDA:281,70,0,0
BRDA:281,70,1,0
BRDA:281,70,2,0
BRDA:281,70,3,0
BRDA:281,70,4,0
BRDA:286,71,0,0
BRDA:286,71,1,0
BRDA:293,72,0,0
BRDA:293,72,1,0
BRDA:293,73,0,0
BRDA:293,73,1,0
BRDA:293,73,2,0
BRDA:293,73,3,0
BRDA:293,73,4,0
BRDA:295,74,0,0
BRDA:295,74,1,0
BRDA:307,75,0,0
BRDA:307,75,1,0
BRDA:310,76,0,0
BRDA:310,76,1,0
BRDA:311,77,0,0
BRDA:311,77,1,0
BRDA:322,78,0,0
BRDA:322,78,1,0
BRDA:326,79,0,0
BRDA:326,79,1,0
BRDA:330,80,0,0
BRDA:330,80,1,0
BRDA:330,81,0,0
BRDA:330,81,1,0
BRDA:341,82,0,0
BRDA:341,82,1,0
BRDA:344,83,0,0
BRDA:344,83,1,0
BRDA:351,84,0,0
BRDA:351,84,1,0
BRDA:352,85,0,0
BRDA:352,85,1,0
BRDA:356,86,0,0
BRDA:356,86,1,0
BRDA:359,87,0,0
BRDA:359,87,1,0
BRDA:371,88,0,0
BRDA:371,88,1,0
BRDA:376,89,0,0
BRDA:376,89,1,0
BRDA:380,90,0,0
BRDA:380,90,1,0
BRDA:383,91,0,0
BRDA:383,91,1,0
BRDA:393,92,0,0
BRDA:393,92,1,0
BRDA:401,93,0,0
BRDA:401,93,1,0
BRDA:406,94,0,0
BRDA:406,94,1,0
BRDA:418,95,0,0
BRDA:418,95,1,0
BRDA:437,96,0,0
BRDA:437,96,1,0
BRDA:437,97,0,0
BRDA:437,97,1,0
BRDA:443,98,0,0
BRDA:443,98,1,0
BRDA:448,99,0,0
BRDA:448,99,1,0
BRDA:453,100,0,0
BRDA:453,100,1,0
BRDA:458,101,0,0
BRDA:458,101,1,0
BRDA:460,102,0,0
BRDA:460,102,1,0
BRDA:463,103,0,0
BRDA:463,103,1,0
BRDA:470,104,0,0
BRDA:470,104,1,0
BRDA:473,105,0,0
BRDA:473,105,1,0
BRDA:473,106,0,0
BRDA:473,106,1,0
BRDA:488,107,0,0
BRDA:488,107,1,0
BRDA:495,108,0,0
BRDA:495,108,1,0
BRDA:495,109,0,0
BRDA:495,109,1,0
BRDA:500,110,0,0
BRDA:500,110,1,0
BRDA:501,111,0,0
BRDA:501,111,1,0
BRDA:506,112,0,0
BRDA:506,112,1,0
BRDA:532,113,0,0
BRDA:532,113,1,0
BRDA:534,114,0,0
BRDA:534,114,1,0
BRDA:545,115,0,0
BRDA:545,115,1,0
BRDA:557,116,0,0
BRDA:557,116,1,0
BRDA:563,117,0,0
BRDA:563,117,1,0
BRDA:566,118,0,0
BRDA:566,118,1,0
BRDA:569,119,0,0
BRDA:569,119,1,0
BRDA:574,120,0,0
BRDA:574,120,1,0
BRDA:577,121,0,0
BRDA:577,121,1,0
BRDA:580,122,0,0
BRDA:580,122,1,0
BRDA:587,123,0,0
BRDA:587,123,1,0
BRDA:588,124,0,0
BRDA:588,124,1,0
BRDA:588,125,0,0
BRDA:588,125,1,0
BRDA:590,126,0,0
BRDA:590,126,1,0
BRDA:590,127,0,0
BRDA:590,127,1,0
BRDA:596,128,0,0
BRDA:596,128,1,0
BRDA:596,129,0,0
BRDA:596,129,1,0
BRDA:596,129,2,0
BRDA:596,129,3,0
BRDA:606,130,0,0
BRDA:606,130,1,0
BRDA:607,131,0,0
BRDA:607,131,1,0
BRDA:607,132,0,0
BRDA:607,132,1,0
BRDA:607,132,2,0
BRDA:607,132,3,0
BRDA:626,133,0,0
BRDA:626,133,1,0
BRDA:633,134,0,0
BRDA:633,134,1,0
BRDA:641,135,0,0
BRDA:641,135,1,0
BRDA:646,136,0,0
BRDA:646,136,1,0
BRDA:654,137,0,0
BRDA:654,137,1,0
BRDA:657,138,0,0
BRDA:657,138,1,0
BRDA:658,139,0,0
BRDA:658,139,1,0
BRDA:659,140,0,0
BRDA:659,140,1,0
BRDA:660,141,0,0
BRDA:660,141,1,0
BRDA:661,142,0,0
BRDA:661,142,1,0
BRDA:662,143,0,0
BRDA:662,143,1,0
BRDA:664,144,0,0
BRDA:664,144,1,0
BRDA:665,145,0,0
BRDA:665,145,1,0
BRDA:666,146,0,0
BRDA:666,146,1,0
BRDA:669,147,0,0
BRDA:669,147,1,0
BRDA:670,148,0,0
BRDA:670,148,1,0
BRDA:676,149,0,0
BRDA:676,149,1,0
BRDA:687,150,0,0
BRDA:687,150,1,0
BRDA:687,151,0,0
BRDA:687,151,1,0
BRDA:705,152,0,0
BRDA:705,152,1,0
BRDA:724,153,0,0
BRDA:724,153,1,0
BRDA:725,154,0,0
BRDA:725,154,1,0
BRF:333
BRH:0
end_of_record
TN:
SF:src\controllers\searchController.ts
FN:8,(anonymous_0)
FN:15,(anonymous_1)
FN:22,(anonymous_2)
FN:35,(anonymous_3)
FN:120,(anonymous_4)
FNF:5
FNH:5
FNDA:11,(anonymous_0)
FNDA:9,(anonymous_1)
FNDA:9,(anonymous_2)
FNDA:9,(anonymous_3)
FNDA:2,(anonymous_4)
DA:1,8
DA:3,8
DA:4,8
DA:8,8
DA:9,11
DA:10,11
DA:11,3
DA:12,3
DA:15,9
DA:16,8
DA:17,0
DA:18,0
DA:22,8
DA:23,9
DA:24,9
DA:35,8
DA:36,9
DA:37,9
DA:50,8
DA:83,7
DA:116,7
DA:119,7
DA:120,7
DA:121,2
DA:122,2
DA:123,2
DA:124,2
DA:125,2
DA:127,1
DA:128,1
DA:129,1
DA:131,1
DA:134,7
DA:137,8
LF:34
LH:32
BRDA:10,0,0,3
BRDA:10,0,1,8
BRDA:10,1,0,11
BRDA:10,1,1,9
BRDA:16,2,0,0
BRDA:16,2,1,8
BRDA:123,3,0,1
BRDA:123,3,1,1
BRDA:124,4,0,0
BRDA:124,4,1,2
BRDA:125,5,0,1
BRDA:125,5,1,1
BRDA:127,6,0,0
BRDA:127,6,1,1
BRDA:128,7,0,0
BRDA:128,7,1,1
BRDA:129,8,0,0
BRDA:129,8,1,1
BRF:18
BRH:13
end_of_record
TN:
SF:src\controllers\supportController.ts
FN:4,(anonymous_0)
FNF:1
FNH:0
FNDA:0,(anonymous_0)
DA:2,7
DA:4,7
DA:5,0
DA:6,0
DA:7,0
DA:9,0
DA:10,0
DA:11,0
DA:14,0
DA:15,0
DA:16,0
DA:19,0
DA:20,0
DA:21,0
DA:22,0
DA:25,0
DA:32,0
DA:34,0
DA:39,0
DA:40,0
LF:20
LH:2
BRDA:9,0,0,0
BRDA:9,0,1,0
BRDA:9,1,0,0
BRDA:9,1,1,0
BRDA:9,1,2,0
BRDA:14,2,0,0
BRDA:14,2,1,0
BRDA:14,3,0,0
BRDA:14,3,1,0
BRDA:14,3,2,0
BRDA:21,4,0,0
BRDA:21,4,1,0
BRF:12
BRH:0
end_of_record
TN:
SF:src\controllers\userController.ts
FN:22,(anonymous_1)
FN:60,(anonymous_2)
FN:93,(anonymous_3)
FN:138,(anonymous_4)
FN:145,(anonymous_5)
FN:175,(anonymous_6)
FN:204,(anonymous_7)
FN:215,(anonymous_8)
FN:235,(anonymous_9)
FN:266,(anonymous_10)
FN:287,(anonymous_11)
FN:342,(anonymous_12)
FN:379,(anonymous_13)
FNF:13
FNH:0
FNDA:0,(anonymous_1)
FNDA:0,(anonymous_2)
FNDA:0,(anonymous_3)
FNDA:0,(anonymous_4)
FNDA:0,(anonymous_5)
FNDA:0,(anonymous_6)
FNDA:0,(anonymous_7)
FNDA:0,(anonymous_8)
FNDA:0,(anonymous_9)
FNDA:0,(anonymous_10)
FNDA:0,(anonymous_11)
FNDA:0,(anonymous_12)
FNDA:0,(anonymous_13)
DA:1,7
DA:3,7
DA:4,7
DA:5,7
DA:6,7
DA:7,7
DA:8,7
DA:9,7
DA:10,7
DA:11,7
DA:12,7
DA:15,7
DA:16,7
DA:17,7
DA:19,7
DA:22,7
DA:23,0
DA:24,0
DA:26,0
DA:27,0
DA:28,0
DA:30,0
DA:32,0
DA:33,0
DA:34,0
DA:37,0
DA:39,0
DA:40,0
DA:42,0
DA:60,7
DA:61,0
DA:62,0
DA:64,0
DA:66,0
DA:67,0
DA:68,0
DA:71,0
DA:72,0
DA:73,0
DA:76,0
DA:77,0
DA:78,0
DA:80,0
DA:86,0
DA:93,7
DA:94,0
DA:95,0
DA:97,0
DA:98,0
DA:99,0
DA:102,0
DA:103,0
DA:104,0
DA:107,0
DA:108,0
DA:109,0
DA:110,0
DA:113,0
DA:114,0
DA:115,0
DA:116,0
DA:119,0
DA:124,0
DA:125,0
DA:126,0
DA:128,0
DA:129,0
DA:132,0
DA:134,0
DA:138,7
DA:139,0
DA:140,0
DA:141,0
DA:145,7
DA:146,0
DA:149,0
DA:150,0
DA:152,0
DA:153,0
DA:154,0
DA:155,0
DA:156,0
DA:157,0
DA:158,0
DA:165,0
DA:166,0
DA:167,0
DA:170,0
DA:171,0
DA:175,7
DA:176,0
DA:177,0
DA:179,0
DA:180,0
DA:181,0
DA:184,0
DA:185,0
DA:186,0
DA:189,0
DA:197,0
DA:204,7
DA:206,0
DA:211,0
DA:215,7
DA:216,0
DA:217,0
DA:218,0
DA:219,0
DA:220,0
DA:221,0
DA:222,0
DA:223,0
DA:224,0
DA:225,0
DA:227,0
DA:229,0
DA:230,0
DA:235,7
DA:236,0
DA:237,0
DA:239,0
DA:240,0
DA:241,0
DA:244,0
DA:266,0
DA:267,0
DA:268,0
DA:271,0
DA:272,0
DA:274,0
DA:283,0
DA:287,7
DA:288,0
DA:289,0
DA:290,0
DA:293,0
DA:294,0
DA:295,0
DA:296,0
DA:297,0
DA:300,0
DA:301,0
DA:302,0
DA:305,0
DA:306,0
DA:309,0
DA:310,0
DA:311,0
DA:312,0
DA:316,0
DA:319,0
DA:320,0
DA:321,0
DA:330,0
DA:342,7
DA:343,0
DA:344,0
DA:346,0
DA:347,0
DA:348,0
DA:351,0
DA:352,0
DA:353,0
DA:356,0
DA:357,0
DA:363,0
DA:364,0
DA:373,0
DA:374,0
DA:379,7
DA:380,0
DA:382,0
DA:383,0
DA:384,0
DA:387,0
DA:388,0
DA:394,0
DA:395,0
DA:397,0
DA:398,0
LF:180
LH:27
BRDA:26,0,0,0
BRDA:26,0,1,0
BRDA:32,1,0,0
BRDA:32,1,1,0
BRDA:66,2,0,0
BRDA:66,2,1,0
BRDA:66,3,0,0
BRDA:66,3,1,0
BRDA:71,4,0,0
BRDA:71,4,1,0
BRDA:71,5,0,0
BRDA:71,5,1,0
BRDA:77,6,0,0
BRDA:77,6,1,0
BRDA:78,7,0,0
BRDA:78,7,1,0
BRDA:97,8,0,0
BRDA:97,8,1,0
BRDA:102,9,0,0
BRDA:102,9,1,0
BRDA:108,10,0,0
BRDA:108,10,1,0
BRDA:114,11,0,0
BRDA:114,11,1,0
BRDA:119,12,0,0
BRDA:119,12,1,0
BRDA:124,13,0,0
BRDA:124,13,1,0
BRDA:152,14,0,0
BRDA:152,14,1,0
BRDA:152,15,0,0
BRDA:152,15,1,0
BRDA:157,16,0,0
BRDA:157,16,1,0
BRDA:166,17,0,0
BRDA:166,17,1,0
BRDA:179,18,0,0
BRDA:179,18,1,0
BRDA:179,19,0,0
BRDA:179,19,1,0
BRDA:179,19,2,0
BRDA:184,20,0,0
BRDA:184,20,1,0
BRDA:218,21,0,0
BRDA:218,21,1,0
BRDA:220,22,0,0
BRDA:220,22,1,0
BRDA:222,23,0,0
BRDA:222,23,1,0
BRDA:224,24,0,0
BRDA:224,24,1,0
BRDA:227,25,0,0
BRDA:227,25,1,0
BRDA:237,26,0,0
BRDA:239,27,0,0
BRDA:239,27,1,0
BRDA:267,28,0,0
BRDA:267,28,1,0
BRDA:268,29,0,0
BRDA:268,29,1,0
BRDA:288,30,0,0
BRDA:288,30,1,0
BRDA:295,31,0,0
BRDA:295,31,1,0
BRDA:300,32,0,0
BRDA:300,32,1,0
BRDA:309,33,0,0
BRDA:309,33,1,0
BRDA:311,34,0,0
BRDA:311,34,1,0
BRDA:320,35,0,0
BRDA:320,35,1,0
BRDA:346,36,0,0
BRDA:346,36,1,0
BRDA:351,37,0,0
BRDA:351,37,1,0
BRDA:382,38,0,0
BRDA:382,38,1,0
BRF:78
BRH:0
end_of_record
TN:
SF:src\enums\CallDirection.enum.ts
FN:1,(anonymous_0)
FNF:1
FNH:1
FNDA:9,(anonymous_0)
DA:1,9
DA:2,9
DA:3,9
LF:3
LH:3
BRDA:1,0,0,9
BRDA:1,0,1,9
BRF:2
BRH:2
end_of_record
TN:
SF:src\enums\CallEvents.ts
FN:3,(anonymous_0)
FNF:1
FNH:1
FNDA:1,(anonymous_0)
DA:3,1
DA:4,1
DA:5,1
DA:6,1
DA:7,1
DA:8,1
DA:9,1
DA:10,1
DA:11,1
DA:12,1
DA:13,1
LF:11
LH:11
BRDA:3,0,0,1
BRDA:3,0,1,1
BRF:2
BRH:2
end_of_record
TN:
SF:src\enums\CallStatus.enum.ts
FN:1,(anonymous_0)
FNF:1
FNH:1
FNDA:10,(anonymous_0)
DA:1,10
DA:2,10
DA:3,10
DA:4,10
DA:5,10
DA:6,10
DA:7,10
DA:8,10
LF:8
LH:8
BRDA:1,0,0,10
BRDA:1,0,1,10
BRF:2
BRH:2
end_of_record
TN:
SF:src\enums\RescueStatus.ts
FN:1,(anonymous_0)
FNF:1
FNH:1
FNDA:7,(anonymous_0)
DA:1,7
DA:2,7
DA:3,7
DA:4,7
DA:5,7
DA:6,7
LF:6
LH:6
BRDA:1,0,0,7
BRDA:1,0,1,7
BRF:2
BRH:2
end_of_record
TN:
SF:src\enums\Role.enum.ts
FN:3,(anonymous_0)
FNF:1
FNH:1
FNDA:8,(anonymous_0)
DA:3,8
DA:4,8
DA:5,8
DA:6,8
DA:7,8
DA:8,8
LF:6
LH:6
BRDA:3,0,0,8
BRDA:3,0,1,8
BRF:2
BRH:2
end_of_record
TN:
SF:src\middleware\authMiddleware.ts
FN:14,(anonymous_0)
FNF:1
FNH:1
FNDA:41,(anonymous_0)
DA:6,8
DA:14,8
DA:15,41
DA:17,41
DA:18,5
DA:19,5
DA:22,36
DA:24,36
DA:25,36
DA:26,34
DA:27,34
DA:29,2
DA:30,2
DA:36,8
DA:37,8
DA:38,8
LF:16
LH:16
BRDA:17,0,0,5
BRDA:17,0,1,36
BRDA:17,1,0,41
BRDA:17,1,1,37
BRF:4
BRH:4
end_of_record
TN:
SF:src\middleware\errorHandler.ts
FN:8,(anonymous_0)
FNF:1
FNH:0
FNDA:0,(anonymous_0)
DA:8,7
DA:9,0
DA:11,0
DA:12,0
DA:14,0
DA:20,7
LF:6
LH:2
BRDA:11,0,0,0
BRDA:11,0,1,0
BRDA:12,1,0,0
BRDA:12,1,1,0
BRDA:16,2,0,0
BRDA:16,2,1,0
BRF:6
BRH:0
end_of_record
TN:
SF:src\services\callLogService.ts
FN:12,(anonymous_1)
FN:30,(anonymous_2)
FN:45,(anonymous_3)
FN:62,(anonymous_4)
FN:79,(anonymous_5)
FN:113,(anonymous_6)
FN:122,(anonymous_7)
FN:149,(anonymous_8)
FN:157,(anonymous_9)
FN:166,(anonymous_10)
FNF:10
FNH:5
FNDA:0,(anonymous_1)
FNDA:0,(anonymous_2)
FNDA:0,(anonymous_3)
FNDA:0,(anonymous_4)
FNDA:0,(anonymous_5)
FNDA:1,(anonymous_6)
FNDA:2,(anonymous_7)
FNDA:2,(anonymous_8)
FNDA:1,(anonymous_9)
FNDA:1,(anonymous_10)
DA:1,9
DA:2,9
DA:3,9
DA:4,9
DA:6,9
DA:13,0
DA:14,0
DA:21,0
DA:23,0
DA:31,0
DA:32,0
DA:37,0
DA:38,0
DA:46,0
DA:47,0
DA:48,0
DA:49,0
DA:50,0
DA:51,0
DA:52,0
DA:55,0
DA:63,0
DA:64,0
DA:65,0
DA:66,0
DA:67,0
DA:68,0
DA:69,0
DA:72,0
DA:80,0
DA:82,0
DA:88,0
DA:89,0
DA:90,0
DA:92,0
DA:94,0
DA:97,0
DA:98,0
DA:99,0
DA:102,0
DA:103,0
DA:106,0
DA:114,1
DA:122,1
DA:123,2
DA:125,2
DA:150,2
DA:154,2
DA:158,1
DA:167,1
DA:168,1
DA:173,0
DA:174,0
DA:179,9
LF:54
LH:15
BRDA:12,0,0,0
BRDA:48,1,0,0
BRDA:48,1,1,0
BRDA:65,2,0,0
BRDA:65,2,1,0
BRDA:88,3,0,0
BRDA:88,3,1,0
BRDA:92,4,0,0
BRDA:92,4,1,0
BRDA:98,5,0,0
BRDA:98,5,1,0
BRDA:138,6,0,1
BRDA:138,6,1,1
BRF:13
BRH:2
end_of_record
TN:
SF:src\services\callSignallingService.ts
FN:10,(anonymous_1)
FN:17,(anonymous_2)
FN:21,(anonymous_3)
FN:29,(anonymous_4)
FN:37,(anonymous_5)
FN:47,(anonymous_6)
FN:83,(anonymous_7)
FN:97,(anonymous_8)
FN:102,(anonymous_9)
FN:109,(anonymous_10)
FN:114,(anonymous_11)
FN:127,(anonymous_12)
FN:136,(anonymous_13)
FN:145,(anonymous_14)
FN:155,(anonymous_15)
FN:162,(anonymous_16)
FN:167,(anonymous_17)
FN:183,(anonymous_18)
FN:188,(anonymous_19)
FNF:19
FNH:10
FNDA:1,(anonymous_1)
FNDA:5,(anonymous_2)
FNDA:4,(anonymous_3)
FNDA:0,(anonymous_4)
FNDA:0,(anonymous_5)
FNDA:3,(anonymous_6)
FNDA:1,(anonymous_7)
FNDA:0,(anonymous_8)
FNDA:1,(anonymous_9)
FNDA:0,(anonymous_10)
FNDA:2,(anonymous_11)
FNDA:2,(anonymous_12)
FNDA:0,(anonymous_13)
FNDA:0,(anonymous_14)
FNDA:1,(anonymous_15)
FNDA:0,(anonymous_16)
FNDA:1,(anonymous_17)
FNDA:0,(anonymous_18)
FNDA:0,(anonymous_19)
DA:4,1
DA:6,1
DA:7,1
DA:8,1
DA:12,1
DA:15,1
DA:18,5
DA:22,4
DA:23,4
DA:24,0
DA:25,0
DA:30,0
DA:31,0
DA:33,0
DA:34,0
DA:38,0
DA:39,0
DA:40,0
DA:41,0
DA:43,0
DA:48,3
DA:50,3
DA:51,3
DA:52,3
DA:53,1
DA:54,1
DA:55,1
DA:56,1
DA:59,0
DA:62,2
DA:63,2
DA:64,2
DA:65,2
DA:66,1
DA:67,1
DA:68,1
DA:71,0
DA:74,1
DA:77,1
DA:80,1
DA:81,1
DA:83,1
DA:84,1
DA:85,1
DA:88,1
DA:91,1
DA:92,1
DA:93,1
DA:97,1
DA:98,0
DA:103,1
DA:104,1
DA:106,1
DA:109,1
DA:110,0
DA:115,2
DA:116,2
DA:117,2
DA:118,1
DA:119,1
DA:120,1
DA:123,0
DA:128,2
DA:129,1
DA:130,1
DA:132,1
DA:133,1
DA:137,0
DA:138,0
DA:139,0
DA:141,0
DA:142,0
DA:146,0
DA:147,0
DA:148,0
DA:151,0
DA:152,0
DA:156,1
DA:157,1
DA:159,1
DA:162,1
DA:163,0
DA:168,1
DA:170,1
DA:175,1
DA:177,1
DA:183,1
DA:184,0
DA:189,0
DA:190,0
DA:191,0
DA:192,0
DA:193,0
DA:194,0
DA:196,0
DA:198,0
DA:201,0
DA:204,0
DA:209,1
LF:99
LH:61
BRDA:23,0,0,0
BRDA:23,0,1,4
BRDA:30,1,0,0
BRDA:30,1,1,0
BRDA:38,2,0,0
BRDA:38,2,1,0
BRDA:40,3,0,0
BRDA:40,3,1,0
BRDA:52,4,0,1
BRDA:52,4,1,2
BRDA:65,5,0,1
BRDA:65,5,1,1
BRDA:117,6,0,1
BRDA:117,6,1,1
BRDA:120,7,0,1
BRDA:120,7,1,1
BRDA:120,7,2,0
BRDA:120,7,3,0
BRDA:128,8,0,1
BRDA:128,8,1,1
BRDA:137,9,0,0
BRDA:137,9,1,0
BRDA:146,10,0,0
BRDA:146,10,1,0
BRDA:168,11,0,1
BRDA:168,11,1,0
BRDA:175,12,0,1
BRDA:175,12,1,0
BRDA:175,13,0,0
BRDA:175,13,1,0
BRDA:192,14,0,0
BRDA:192,14,1,0
BRF:32
BRH:13
end_of_record
TN:
SF:src\services\donorLookupService.ts
FN:4,(anonymous_0)
FN:5,(anonymous_1)
FN:10,(anonymous_2)
FN:14,(anonymous_3)
FNF:4
FNH:0
FNDA:0,(anonymous_0)
FNDA:0,(anonymous_1)
FNDA:0,(anonymous_2)
FNDA:0,(anonymous_3)
DA:1,7
DA:3,7
DA:5,0
DA:7,0
DA:9,0
DA:10,0
DA:11,0
DA:14,0
DA:21,7
LF:9
LH:3
BRDA:16,0,0,0
BRDA:16,0,1,0
BRDA:16,1,0,0
BRDA:16,1,1,0
BRF:4
BRH:0
end_of_record
TN:
SF:src\services\jwtService.ts
FN:12,(anonymous_1)
FN:26,(anonymous_2)
FNF:2
FNH:2
FNDA:53,(anonymous_1)
FNDA:2,(anonymous_2)
DA:1,8
DA:3,8
DA:13,53
DA:14,1
DA:16,52
DA:27,2
DA:28,1
DA:30,1
LF:8
LH:8
BRDA:12,0,0,52
BRDA:13,1,0,1
BRDA:13,1,1,52
BRDA:27,2,0,1
BRDA:27,2,1,1
BRF:5
BRH:5
end_of_record
TN:
SF:src\services\passwordService.ts
FN:11,(anonymous_1)
FN:22,(anonymous_2)
FNF:2
FNH:2
FNDA:49,(anonymous_1)
FNDA:6,(anonymous_2)
DA:1,8
DA:3,8
DA:12,49
DA:23,6
LF:4
LH:4
BRDA:11,0,0,1
BRF:1
BRH:1
end_of_record
TN:
SF:src\services\privacyService.ts
FN:12,(anonymous_0)
FN:35,(anonymous_1)
FN:41,(anonymous_2)
FN:45,(anonymous_3)
FN:79,(anonymous_4)
FN:85,(anonymous_5)
FN:89,(anonymous_6)
FNF:7
FNH:1
FNDA:0,(anonymous_0)
FNDA:11,(anonymous_1)
FNDA:0,(anonymous_2)
FNDA:0,(anonymous_3)
FNDA:0,(anonymous_4)
FNDA:0,(anonymous_5)
FNDA:0,(anonymous_6)
DA:3,9
DA:4,9
DA:5,9
DA:14,0
DA:22,0
DA:25,0
DA:30,0
DA:32,0
DA:36,11
DA:37,11
DA:39,11
DA:41,11
DA:42,0
DA:45,11
DA:46,0
DA:49,11
DA:51,11
DA:53,0
DA:54,0
DA:57,0
DA:60,0
DA:62,0
DA:65,0
DA:66,0
DA:67,0
DA:70,0
DA:72,0
DA:73,0
DA:76,0
DA:80,0
DA:81,0
DA:83,0
DA:85,0
DA:86,0
DA:89,0
DA:90,0
DA:93,0
DA:95,0
DA:97,0
DA:98,0
DA:101,0
DA:104,0
DA:106,0
DA:109,0
DA:110,0
DA:111,0
DA:114,0
DA:116,0
DA:117,0
DA:120,0
DA:124,9
LF:51
LH:11
BRDA:22,0,0,0
BRDA:22,0,1,0
BRDA:30,1,0,0
BRDA:30,1,1,0
BRDA:39,2,0,0
BRDA:39,2,1,11
BRDA:39,3,0,11
BRDA:39,3,1,11
BRDA:41,4,0,0
BRDA:41,4,1,11
BRDA:41,5,0,11
BRDA:41,5,1,11
BRDA:45,6,0,0
BRDA:45,6,1,11
BRDA:45,7,0,11
BRDA:45,7,1,11
BRDA:49,8,0,11
BRDA:49,8,1,0
BRDA:51,9,0,11
BRDA:51,9,1,0
BRDA:53,10,0,0
BRDA:53,10,1,0
BRDA:57,11,0,0
BRDA:57,11,1,0
BRDA:60,12,0,0
BRDA:60,12,1,0
BRDA:65,13,0,0
BRDA:65,13,1,0
BRDA:66,14,0,0
BRDA:66,14,1,0
BRDA:70,15,0,0
BRDA:70,15,1,0
BRDA:72,16,0,0
BRDA:72,16,1,0
BRDA:83,17,0,0
BRDA:83,17,1,0
BRDA:83,18,0,0
BRDA:83,18,1,0
BRDA:85,19,0,0
BRDA:85,19,1,0
BRDA:85,20,0,0
BRDA:85,20,1,0
BRDA:89,21,0,0
BRDA:89,21,1,0
BRDA:89,22,0,0
BRDA:89,22,1,0
BRDA:93,23,0,0
BRDA:93,23,1,0
BRDA:95,24,0,0
BRDA:95,24,1,0
BRDA:97,25,0,0
BRDA:97,25,1,0
BRDA:101,26,0,0
BRDA:101,26,1,0
BRDA:104,27,0,0
BRDA:104,27,1,0
BRDA:109,28,0,0
BRDA:109,28,1,0
BRDA:110,29,0,0
BRDA:110,29,1,0
BRDA:114,30,0,0
BRDA:114,30,1,0
BRDA:116,31,0,0
BRDA:116,31,1,0
BRF:64
BRH:11
end_of_record
TN:
SF:src\services\profileStatsService.ts
FN:130,(anonymous_0)
FN:20,(anonymous_1)
FN:32,(anonymous_2)
FN:61,(anonymous_3)
FN:91,(anonymous_4)
FNF:5
FNH:0
FNDA:0,(anonymous_0)
FNDA:0,(anonymous_1)
FNDA:0,(anonymous_2)
FNDA:0,(anonymous_3)
FNDA:0,(anonymous_4)
DA:1,7
DA:2,7
DA:3,7
DA:4,7
DA:5,7
DA:6,7
DA:7,7
DA:8,7
DA:9,7
DA:18,7
DA:19,7
DA:21,0
DA:22,0
DA:23,0
DA:33,0
DA:34,0
DA:35,0
DA:37,0
DA:40,0
DA:44,0
DA:45,0
DA:47,0
DA:62,0
DA:63,0
DA:64,0
DA:66,0
DA:69,0
DA:74,0
DA:92,0
DA:93,0
DA:94,0
DA:96,0
DA:99,0
DA:104,0
DA:131,0
DA:133,0
DA:135,0
DA:136,0
DA:137,0
DA:140,0
DA:141,0
LF:41
LH:11
BRDA:136,0,0,0
BRDA:136,0,1,0
BRDA:21,1,0,0
BRDA:21,1,1,0
BRDA:25,2,0,0
BRDA:25,2,1,0
BRDA:26,3,0,0
BRDA:26,3,1,0
BRDA:27,4,0,0
BRDA:27,4,1,0
BRDA:33,5,0,0
BRDA:33,5,1,0
BRDA:35,6,0,0
BRDA:35,6,1,0
BRDA:45,7,0,0
BRDA:45,7,1,0
BRDA:49,8,0,0
BRDA:49,8,1,0
BRDA:50,9,0,0
BRDA:50,9,1,0
BRDA:51,10,0,0
BRDA:51,10,1,0
BRDA:52,11,0,0
BRDA:52,11,1,0
BRDA:62,12,0,0
BRDA:62,12,1,0
BRDA:64,13,0,0
BRDA:64,13,1,0
BRDA:76,14,0,0
BRDA:76,14,1,0
BRDA:77,15,0,0
BRDA:77,15,1,0
BRDA:78,16,0,0
BRDA:78,16,1,0
BRDA:79,17,0,0
BRDA:79,17,1,0
BRDA:80,18,0,0
BRDA:80,18,1,0
BRDA:81,19,0,0
BRDA:81,19,1,0
BRDA:82,20,0,0
BRDA:82,20,1,0
BRDA:83,21,0,0
BRDA:83,21,1,0
BRDA:87,22,0,0
BRDA:87,22,1,0
BRDA:92,23,0,0
BRDA:92,23,1,0
BRDA:94,24,0,0
BRDA:94,24,1,0
BRDA:106,25,0,0
BRDA:106,25,1,0
BRDA:107,26,0,0
BRDA:107,26,1,0
BRDA:108,27,0,0
BRDA:108,27,1,0
BRDA:109,28,0,0
BRDA:109,28,1,0
BRDA:110,29,0,0
BRDA:110,29,1,0
BRDA:111,30,0,0
BRDA:111,30,1,0
BRDA:115,31,0,0
BRDA:115,31,1,0
BRDA:116,32,0,0
BRDA:116,32,1,0
BRF:66
BRH:0
end_of_record
TN:
SF:src\services\rescueService.ts
FN:41,(anonymous_1)
FN:56,(anonymous_2)
FN:80,(anonymous_3)
FN:107,(anonymous_4)
FN:147,(anonymous_5)
FNF:5
FNH:0
FNDA:0,(anonymous_1)
FNDA:0,(anonymous_2)
FNDA:0,(anonymous_3)
FNDA:0,(anonymous_4)
FNDA:0,(anonymous_5)
DA:1,7
DA:2,7
DA:3,7
DA:4,7
DA:6,7
DA:7,7
DA:37,7
DA:42,0
DA:44,0
DA:45,0
DA:46,0
DA:47,0
DA:48,0
DA:52,0
DA:54,0
DA:55,0
DA:56,0
DA:57,0
DA:58,0
DA:63,0
DA:64,0
DA:67,0
DA:68,0
DA:71,0
DA:73,0
DA:74,0
DA:77,0
DA:78,0
DA:80,0
DA:81,0
DA:86,0
DA:87,0
DA:88,0
DA:92,0
DA:94,0
DA:108,0
DA:109,0
DA:111,0
DA:132,0
DA:134,0
DA:135,0
DA:143,0
DA:146,0
DA:147,0
DA:148,0
DA:149,0
DA:150,0
DA:151,0
DA:153,0
DA:155,0
DA:156,0
DA:162,0
DA:165,0
DA:169,0
DA:172,0
LF:55
LH:7
BRDA:45,0,0,0
BRDA:45,0,1,0
BRDA:47,1,0,0
BRDA:47,1,1,0
BRDA:47,2,0,0
BRDA:47,2,1,0
BRDA:55,3,0,0
BRDA:55,3,1,0
BRDA:55,4,0,0
BRDA:55,4,1,0
BRDA:55,4,2,0
BRDA:57,5,0,0
BRDA:57,5,1,0
BRDA:63,6,0,0
BRDA:63,6,1,0
BRDA:67,7,0,0
BRDA:67,7,1,0
BRDA:73,8,0,0
BRDA:73,8,1,0
BRDA:86,9,0,0
BRDA:86,9,1,0
BRDA:92,10,0,0
BRDA:92,10,1,0
BRDA:115,11,0,0
BRDA:115,11,1,0
BRDA:116,12,0,0
BRDA:116,12,1,0
BRDA:117,13,0,0
BRDA:117,13,1,0
BRDA:119,14,0,0
BRDA:119,14,1,0
BRDA:120,15,0,0
BRDA:120,15,1,0
BRDA:121,16,0,0
BRDA:121,16,1,0
BRDA:122,17,0,0
BRDA:122,17,1,0
BRDA:123,18,0,0
BRDA:123,18,1,0
BRDA:124,19,0,0
BRDA:124,19,1,0
BRDA:125,20,0,0
BRDA:125,20,1,0
BRDA:126,21,0,0
BRDA:126,21,1,0
BRDA:128,22,0,0
BRDA:128,22,1,0
BRDA:129,23,0,0
BRDA:129,23,1,0
BRDA:134,24,0,0
BRDA:134,24,1,0
BRDA:138,25,0,0
BRDA:138,25,1,0
BRDA:141,26,0,0
BRDA:141,26,1,0
BRDA:146,27,0,0
BRDA:146,27,1,0
BRDA:150,28,0,0
BRDA:150,28,1,0
BRDA:155,29,0,0
BRDA:155,29,1,0
BRDA:155,30,0,0
BRDA:155,30,1,0
BRDA:155,30,2,0
BRF:64
BRH:0
end_of_record
TN:
SF:src\utils\catchAsync.ts
FN:3,(anonymous_0)
FN:4,(anonymous_1)
FNF:2
FNH:2
FNDA:546,(anonymous_0)
FNDA:33,(anonymous_1)
DA:3,7
DA:4,546
DA:5,33
LF:3
LH:3
BRF:0
BRH:0
end_of_record
TN:
SF:src\utils\cloudinaryUpload.ts
FN:1,(anonymous_0)
FN:9,(anonymous_1)
FN:15,(anonymous_2)
FNF:3
FNH:0
FNDA:0,(anonymous_0)
FNDA:0,(anonymous_1)
FNDA:0,(anonymous_2)
DA:1,7
DA:3,0
DA:7,0
DA:8,0
DA:9,0
DA:10,0
DA:16,0
DA:17,0
DA:20,0
DA:21,0
DA:25,0
DA:26,0
DA:27,0
DA:28,0
DA:29,0
DA:31,0
DA:36,0
DA:37,0
DA:38,0
DA:41,0
DA:42,0
DA:46,7
LF:22
LH:2
BRDA:3,0,0,0
BRDA:3,0,1,0
BRDA:3,0,2,0
BRDA:7,1,0,0
BRDA:7,1,1,0
BRDA:16,2,0,0
BRDA:16,2,1,0
BRDA:17,3,0,0
BRDA:17,3,1,0
BRDA:36,4,0,0
BRDA:36,4,1,0
BRDA:42,5,0,0
BRDA:42,5,1,0
BRF:13
BRH:0
end_of_record
TN:
SF:src\utils\distance.ts
FN:8,getDistance
FNF:1
FNH:0
FNDA:0,getDistance
DA:9,0
DA:12,0
DA:13,0
DA:17,0
DA:23,0
DA:26,7
LF:6
LH:1
BRF:0
BRH:0
end_of_record
TN:
SF:src\utils\logger.ts
FN:6,(anonymous_0)
FN:14,(anonymous_1)
FN:22,(anonymous_2)
FNF:3
FNH:0
FNDA:0,(anonymous_0)
FNDA:0,(anonymous_1)
FNDA:0,(anonymous_2)
DA:1,7
DA:7,0
DA:8,0
DA:15,0
DA:16,0
DA:23,0
DA:24,0
LF:7
LH:1
BRDA:8,0,0,0
BRDA:8,0,1,0
BRDA:16,1,0,0
BRDA:16,1,1,0
BRDA:24,2,0,0
BRDA:24,2,1,0
BRF:6
BRH:0
end_of_record
TN:
SF:src\utils\rescueMathHelper.ts
FN:10,(anonymous_0)
FN:15,(anonymous_1)
FN:40,(anonymous_2)
FN:46,(anonymous_3)
FNF:4
FNH:0
FNDA:0,(anonymous_0)
FNDA:0,(anonymous_1)
FNDA:0,(anonymous_2)
FNDA:0,(anonymous_3)
DA:3,7
DA:4,7
DA:11,0
DA:12,0
DA:16,0
DA:17,0
DA:18,0
DA:20,0
DA:21,0
DA:31,0
DA:41,0
DA:42,0
DA:43,0
DA:47,0
LF:14
LH:2
BRDA:10,0,0,0
BRDA:12,1,0,0
BRDA:12,1,1,0
BRDA:15,2,0,0
BRDA:15,3,0,0
BRDA:16,4,0,0
BRDA:16,4,1,0
BRDA:16,5,0,0
BRDA:16,5,1,0
BRDA:17,6,0,0
BRDA:17,6,1,0
BRDA:18,7,0,0
BRDA:18,7,1,0
BRDA:20,8,0,0
BRDA:20,8,1,0
BRDA:20,9,0,0
BRDA:20,9,1,0
BRDA:26,10,0,0
BRDA:26,10,1,0
BRDA:36,11,0,0
BRDA:36,11,1,0
BRDA:36,11,2,0
BRDA:41,12,0,0
BRDA:41,12,1,0
BRDA:41,13,0,0
BRDA:41,13,1,0
BRF:26
BRH:0
end_of_record
TN:
SF:src\validators\authValidator.ts
FN:7,(anonymous_0)
FNF:1
FNH:1
FNDA:56,(anonymous_0)
DA:3,8
DA:8,56
DA:10,56
DA:11,4
DA:14,52
DA:15,2
DA:18,50
DA:19,50
DA:20,1
DA:23,49
LF:10
LH:10
BRDA:10,0,0,4
BRDA:10,0,1,52
BRDA:10,1,0,56
BRDA:10,1,1,55
BRDA:10,1,2,54
BRDA:10,1,3,53
BRDA:14,2,0,2
BRDA:14,2,1,50
BRDA:19,3,0,1
BRDA:19,3,1,49
BRF:10
BRH:10
end_of_record
