TN:
SF:src\controllers\adminAuthController.ts
FN:10,(anonymous_0)
FN:33,(anonymous_1)
FN:54,(anonymous_2)
FNF:3
FNH:0
FNDA:0,(anonymous_0)
FNDA:0,(anonymous_1)
FNDA:0,(anonymous_2)
DA:1,7
DA:3,7
DA:4,7
DA:6,7
DA:7,7
DA:10,7
DA:11,0
DA:13,0
DA:14,0
DA:15,0
DA:16,0
DA:19,0
DA:20,0
DA:21,0
DA:22,0
DA:25,0
DA:30,0
DA:33,7
DA:34,0
DA:36,0
DA:38,0
DA:39,0
DA:40,0
DA:43,0
DA:44,0
DA:45,0
DA:46,0
DA:48,0
DA:49,0
DA:51,0
DA:54,7
DA:55,0
DA:57,0
DA:58,0
DA:59,0
DA:63,0
DA:64,0
DA:66,0
DA:67,0
DA:70,0
DA:75,0
DA:76,0
DA:77,0
DA:80,0
DA:81,0
DA:82,0
DA:85,0
DA:86,0
DA:87,0
DA:89,0
DA:90,0
DA:91,0
DA:94,0
DA:95,0
LF:54
LH:8
BRDA:14,0,0,0
BRDA:14,0,1,0
BRDA:14,1,0,0
BRDA:14,1,1,0
BRDA:20,2,0,0
BRDA:20,2,1,0
BRDA:38,3,0,0
BRDA:38,3,1,0
BRDA:57,4,0,0
BRDA:57,4,1,0
BRDA:57,5,0,0
BRDA:57,5,1,0
BRDA:75,6,0,0
BRDA:75,6,1,0
BRDA:80,7,0,0
BRDA:80,7,1,0
BRDA:89,8,0,0
BRDA:89,8,1,0
BRF:18
BRH:0
end_of_record
TN:
SF:src\controllers\authController.ts
FN:19,(anonymous_0)
FN:88,(anonymous_1)
FN:150,(anonymous_2)
FN:186,(anonymous_3)
FN:203,(anonymous_4)
FN:230,(anonymous_5)
FN:255,(anonymous_6)
FN:280,(anonymous_7)
FN:306,(anonymous_8)
FNF:9
FNH:0
FNDA:0,(anonymous_0)
FNDA:0,(anonymous_1)
FNDA:0,(anonymous_2)
FNDA:0,(anonymous_3)
FNDA:0,(anonymous_4)
FNDA:0,(anonymous_5)
FNDA:0,(anonymous_6)
FNDA:0,(anonymous_7)
FNDA:0,(anonymous_8)
DA:1,7
DA:2,7
DA:3,7
DA:4,7
DA:5,7
DA:6,7
DA:7,7
DA:8,7
DA:10,7
DA:11,7
DA:12,7
DA:13,7
DA:14,7
DA:15,7
DA:17,7
DA:19,7
DA:21,0
DA:22,0
DA:24,0
DA:26,0
DA:27,0
DA:28,0
DA:29,0
DA:32,0
DA:34,0
DA:35,0
DA:36,0
DA:39,0
DA:41,0
DA:49,0
DA:51,0
DA:58,0
DA:73,0
DA:75,0
DA:76,0
DA:77,0
DA:78,0
DA:80,0
DA:84,0
DA:88,7
DA:89,0
DA:91,0
DA:92,0
DA:93,0
DA:96,0
DA:98,0
DA:99,0
DA:100,0
DA:103,0
DA:105,0
DA:106,0
DA:107,0
DA:111,0
DA:113,0
DA:114,0
DA:115,0
DA:116,0
DA:117,0
DA:118,0
DA:119,0
DA:120,0
DA:121,0
DA:124,0
DA:125,0
DA:126,0
DA:129,0
DA:131,0
DA:150,7
DA:151,0
DA:152,0
DA:154,0
DA:156,0
DA:157,0
DA:158,0
DA:161,0
DA:162,0
DA:163,0
DA:166,0
DA:172,0
DA:173,0
DA:174,0
DA:177,0
DA:179,0
DA:186,7
DA:187,0
DA:188,0
DA:189,0
DA:190,0
DA:193,0
DA:194,0
DA:195,0
DA:196,0
DA:200,0
DA:203,7
DA:204,0
DA:205,0
DA:209,0
DA:210,0
DA:212,0
DA:213,0
DA:214,0
DA:215,0
DA:217,0
DA:218,0
DA:220,0
DA:225,0
DA:230,7
DA:231,0
DA:233,0
DA:235,0
DA:240,0
DA:241,0
DA:242,0
DA:245,0
DA:246,0
DA:247,0
DA:248,0
DA:250,0
DA:252,0
DA:255,7
DA:256,0
DA:257,0
DA:259,0
DA:261,0
DA:262,0
DA:263,0
DA:266,0
DA:268,0
DA:269,0
DA:270,0
DA:273,0
DA:274,0
DA:275,0
DA:277,0
DA:280,7
DA:281,0
DA:282,0
DA:284,0
DA:285,0
DA:286,0
DA:289,0
DA:290,0
DA:291,0
DA:292,0
DA:293,0
DA:294,0
DA:295,0
DA:296,0
DA:299,0
DA:301,0
DA:303,0
DA:306,7
DA:307,0
DA:309,0
DA:310,0
DA:311,0
DA:316,0
DA:317,0
DA:319,0
DA:320,0
DA:321,0
DA:324,0
DA:326,0
DA:327,0
DA:330,0
DA:334,0
DA:335,0
DA:337,0
DA:339,0
DA:340,0
DA:341,0
DA:344,0
DA:345,0
DA:354,0
DA:362,0
DA:364,0
DA:382,7
LF:177
LH:25
BRDA:27,0,0,0
BRDA:27,0,1,0
BRDA:34,1,0,0
BRDA:34,1,1,0
BRDA:75,2,0,0
BRDA:75,2,1,0
BRDA:75,3,0,0
BRDA:75,3,1,0
BRDA:91,4,0,0
BRDA:91,4,1,0
BRDA:91,5,0,0
BRDA:91,5,1,0
BRDA:98,6,0,0
BRDA:98,6,1,0
BRDA:105,7,0,0
BRDA:105,7,1,0
BRDA:111,8,0,0
BRDA:111,8,1,0
BRDA:113,9,0,0
BRDA:113,9,1,0
BRDA:115,10,0,0
BRDA:115,10,1,0
BRDA:116,11,0,0
BRDA:116,11,1,0
BRDA:118,12,0,0
BRDA:118,12,1,0
BRDA:119,13,0,0
BRDA:119,13,1,0
BRDA:121,14,0,0
BRDA:121,14,1,0
BRDA:124,15,0,0
BRDA:124,15,1,0
BRDA:144,16,0,0
BRDA:144,16,1,0
BRDA:156,17,0,0
BRDA:156,17,1,0
BRDA:161,18,0,0
BRDA:161,18,1,0
BRDA:172,19,0,0
BRDA:172,19,1,0
BRDA:188,20,0,0
BRDA:188,20,1,0
BRDA:193,21,0,0
BRDA:193,21,1,0
BRDA:195,22,0,0
BRDA:195,22,1,0
BRDA:212,23,0,0
BRDA:212,23,1,0
BRDA:240,24,0,0
BRDA:240,24,1,0
BRDA:261,25,0,0
BRDA:261,25,1,0
BRDA:268,26,0,0
BRDA:268,26,1,0
BRDA:284,27,0,0
BRDA:284,27,1,0
BRDA:289,28,0,0
BRDA:289,28,1,0
BRDA:291,29,0,0
BRDA:291,29,1,0
BRDA:293,30,0,0
BRDA:293,30,1,0
BRDA:295,31,0,0
BRDA:295,31,1,0
BRDA:309,32,0,0
BRDA:309,32,1,0
BRDA:326,33,0,0
BRDA:326,33,1,0
BRDA:337,34,0,0
BRDA:337,34,1,0
BRDA:339,35,0,0
BRDA:339,35,1,0
BRDA:340,36,0,0
BRDA:340,36,1,0
BRDA:340,37,0,0
BRDA:340,37,1,0
BRDA:346,38,0,0
BRDA:346,38,1,0
BRDA:350,39,0,0
BRDA:350,39,1,0
BRDA:366,40,0,0
BRDA:366,40,1,0
BRF:82
BRH:0
end_of_record
TN:
SF:src\controllers\callLogController.ts
FN:5,(anonymous_1)
FN:9,(anonymous_2)
FN:28,(anonymous_3)
FN:53,(anonymous_4)
FN:72,(anonymous_5)
FNF:5
FNH:1
FNDA:8,(anonymous_1)
FNDA:0,(anonymous_2)
FNDA:0,(anonymous_3)
FNDA:0,(anonymous_4)
FNDA:0,(anonymous_5)
DA:2,8
DA:3,8
DA:9,8
DA:10,0
DA:11,0
DA:12,0
DA:13,0
DA:14,0
DA:17,0
DA:18,0
DA:20,0
DA:21,0
DA:28,8
DA:29,0
DA:30,0
DA:31,0
DA:33,0
DA:34,0
DA:35,0
DA:38,0
DA:39,0
DA:40,0
DA:42,0
DA:45,0
DA:46,0
DA:53,8
DA:54,0
DA:55,0
DA:56,0
DA:57,0
DA:58,0
DA:61,0
DA:62,0
DA:64,0
DA:65,0
DA:72,8
DA:73,0
DA:74,0
DA:75,0
DA:76,0
DA:77,0
DA:80,0
DA:81,0
DA:83,0
DA:84,0
DA:89,8
LF:46
LH:7
BRDA:12,0,0,0
BRDA:12,0,1,0
BRDA:33,1,0,0
BRDA:33,1,1,0
BRDA:39,2,0,0
BRDA:39,2,1,0
BRDA:56,3,0,0
BRDA:56,3,1,0
BRDA:75,4,0,0
BRDA:75,4,1,0
BRF:10
BRH:0
end_of_record
TN:
SF:src\controllers\chatController.ts
FN:23,(anonymous_1)
FN:37,(anonymous_2)
FN:44,(anonymous_3)
FN:91,(anonymous_4)
FN:197,(anonymous_5)
FN:229,(anonymous_6)
FN:261,(anonymous_7)
FN:291,(anonymous_8)
FN:382,(anonymous_9)
FN:428,(anonymous_10)
FN:449,(anonymous_11)
FNF:11
FNH:0
FNDA:0,(anonymous_1)
FNDA:0,(anonymous_2)
FNDA:0,(anonymous_3)
FNDA:0,(anonymous_4)
FNDA:0,(anonymous_5)
FNDA:0,(anonymous_6)
FNDA:0,(anonymous_7)
FNDA:0,(anonymous_8)
FNDA:0,(anonymous_9)
FNDA:0,(anonymous_10)
FNDA:0,(anonymous_11)
DA:1,8
DA:3,8
DA:4,8
DA:5,8
DA:9,8
DA:10,8
DA:14,8
DA:16,8
DA:23,8
DA:24,0
DA:25,0
DA:26,0
DA:27,0
DA:28,0
DA:30,0
DA:32,0
DA:33,0
DA:37,8
DA:38,0
DA:39,0
DA:44,8
DA:45,0
DA:46,0
DA:48,0
DA:57,0
DA:58,0
DA:59,0
DA:60,0
DA:61,0
DA:62,0
DA:64,0
DA:65,0
DA:66,0
DA:67,0
DA:73,0
DA:74,0
DA:75,0
DA:77,0
DA:78,0
DA:80,0
DA:84,0
DA:85,0
DA:91,8
DA:92,0
DA:93,0
DA:94,0
DA:96,0
DA:97,0
DA:98,0
DA:101,0
DA:102,0
DA:103,0
DA:107,0
DA:110,0
DA:116,0
DA:118,0
DA:119,0
DA:122,0
DA:123,0
DA:124,0
DA:125,0
DA:126,0
DA:128,0
DA:129,0
DA:130,0
DA:131,0
DA:137,0
DA:138,0
DA:139,0
DA:141,0
DA:142,0
DA:144,0
DA:147,0
DA:148,0
DA:152,0
DA:159,0
DA:160,0
DA:167,0
DA:172,0
DA:173,0
DA:174,0
DA:175,0
DA:176,0
DA:178,0
DA:179,0
DA:180,0
DA:181,0
DA:187,0
DA:188,0
DA:197,8
DA:198,0
DA:199,0
DA:200,0
DA:201,0
DA:204,0
DA:209,0
DA:210,0
DA:211,0
DA:212,0
DA:215,0
DA:219,0
DA:220,0
DA:223,0
DA:229,0
DA:230,0
DA:231,0
DA:243,0
DA:244,0
DA:245,0
DA:247,0
DA:248,0
DA:250,0
DA:252,0
DA:255,0
DA:256,0
DA:261,8
DA:262,0
DA:270,0
DA:271,0
DA:273,0
DA:274,0
DA:275,0
DA:279,0
DA:284,0
DA:285,0
DA:286,0
DA:287,0
DA:291,0
DA:292,0
DA:293,0
DA:294,0
DA:295,0
DA:296,0
DA:297,0
DA:302,0
DA:315,0
DA:317,0
DA:325,0
DA:326,0
DA:327,0
DA:328,0
DA:329,0
DA:333,0
DA:335,0
DA:336,0
DA:339,0
DA:343,0
DA:344,0
DA:345,0
DA:347,0
DA:348,0
DA:350,0
DA:356,0
DA:357,0
DA:358,0
DA:364,0
DA:369,0
DA:370,0
DA:371,0
DA:374,0
DA:377,0
DA:382,8
DA:383,0
DA:384,0
DA:385,0
DA:388,0
DA:393,0
DA:394,0
DA:395,0
DA:396,0
DA:400,0
DA:409,0
DA:410,0
DA:411,0
DA:414,0
DA:415,0
DA:416,0
DA:420,0
DA:423,0
DA:428,8
DA:429,0
DA:430,0
DA:432,0
DA:438,0
DA:439,0
DA:440,0
DA:443,0
DA:444,0
DA:449,8
DA:450,0
DA:451,0
DA:452,0
DA:454,0
DA:455,0
DA:456,0
DA:457,0
DA:461,0
DA:465,0
DA:466,0
DA:467,0
DA:470,0
DA:472,0
DA:473,0
DA:474,0
DA:476,0
DA:477,0
DA:478,0
DA:481,0
DA:483,0
DA:484,0
DA:485,0
DA:486,0
DA:487,0
DA:488,0
DA:491,0
DA:492,0
DA:493,0
DA:494,0
DA:497,0
DA:500,0
DA:501,0
DA:502,0
DA:506,0
DA:507,0
DA:508,0
DA:512,0
DA:513,0
DA:516,0
DA:519,8
LF:229
LH:18
BRDA:26,0,0,0
BRDA:26,0,1,0
BRDA:28,1,0,0
BRDA:28,1,1,0
BRDA:39,2,0,0
BRDA:39,2,1,0
BRDA:59,3,0,0
BRDA:59,3,1,0
BRDA:61,4,0,0
BRDA:61,4,1,0
BRDA:62,5,0,0
BRDA:62,5,1,0
BRDA:64,6,0,0
BRDA:64,6,1,0
BRDA:66,7,0,0
BRDA:66,7,1,0
BRDA:66,8,0,0
BRDA:66,8,1,0
BRDA:73,9,0,0
BRDA:73,9,1,0
BRDA:73,10,0,0
BRDA:73,10,1,0
BRDA:96,11,0,0
BRDA:96,11,1,0
BRDA:101,12,0,0
BRDA:101,12,1,0
BRDA:116,13,0,0
BRDA:116,13,1,0
BRDA:118,14,0,0
BRDA:118,14,1,0
BRDA:118,15,0,0
BRDA:118,15,1,0
BRDA:123,16,0,0
BRDA:123,16,1,0
BRDA:125,17,0,0
BRDA:125,17,1,0
BRDA:126,18,0,0
BRDA:126,18,1,0
BRDA:128,19,0,0
BRDA:128,19,1,0
BRDA:130,20,0,0
BRDA:130,20,1,0
BRDA:130,21,0,0
BRDA:130,21,1,0
BRDA:137,22,0,0
BRDA:137,22,1,0
BRDA:137,23,0,0
BRDA:137,23,1,0
BRDA:162,24,0,0
BRDA:162,24,1,0
BRDA:163,25,0,0
BRDA:163,25,1,0
BRDA:173,26,0,0
BRDA:173,26,1,0
BRDA:173,27,0,0
BRDA:173,27,1,0
BRDA:175,28,0,0
BRDA:175,28,1,0
BRDA:176,29,0,0
BRDA:176,29,1,0
BRDA:178,30,0,0
BRDA:178,30,1,0
BRDA:180,31,0,0
BRDA:180,31,1,0
BRDA:180,32,0,0
BRDA:180,32,1,0
BRDA:200,33,0,0
BRDA:209,34,0,0
BRDA:209,34,1,0
BRDA:219,35,0,0
BRDA:219,35,1,0
BRDA:230,36,0,0
BRDA:230,36,1,0
BRDA:243,37,0,0
BRDA:243,37,1,0
BRDA:243,38,0,0
BRDA:243,38,1,0
BRDA:266,39,0,0
BRDA:273,40,0,0
BRDA:273,40,1,0
BRDA:284,41,0,0
BRDA:284,41,1,0
BRDA:292,42,0,0
BRDA:292,42,1,0
BRDA:294,43,0,0
BRDA:294,43,1,0
BRDA:305,44,0,0
BRDA:305,44,1,0
BRDA:315,45,0,0
BRDA:315,45,1,0
BRDA:315,46,0,0
BRDA:315,46,1,0
BRDA:315,47,0,0
BRDA:315,47,1,0
BRDA:327,48,0,0
BRDA:327,48,1,0
BRDA:328,49,0,0
BRDA:328,49,1,0
BRDA:343,50,0,0
BRDA:343,50,1,0
BRDA:343,51,0,0
BRDA:343,51,1,0
BRDA:343,51,2,0
BRDA:357,52,0,0
BRDA:357,52,1,0
BRDA:393,53,0,0
BRDA:393,53,1,0
BRDA:415,54,0,0
BRDA:415,54,1,0
BRDA:438,55,0,0
BRDA:438,55,1,0
BRDA:455,56,0,0
BRDA:455,56,1,0
BRDA:465,57,0,0
BRDA:465,57,1,0
BRDA:470,58,0,0
BRDA:470,58,1,0
BRDA:474,59,0,0
BRDA:474,59,1,0
BRDA:476,60,0,0
BRDA:476,60,1,0
BRDA:491,61,0,0
BRDA:491,61,1,0
BRDA:491,62,0,0
BRDA:491,62,1,0
BRDA:501,63,0,0
BRDA:501,63,1,0
BRF:127
BRH:0
end_of_record
TN:
SF:src\controllers\commentController.ts
FN:17,(anonymous_0)
FN:85,(anonymous_1)
FN:140,(anonymous_2)
FNF:3
FNH:0
FNDA:0,(anonymous_0)
FNDA:0,(anonymous_1)
FNDA:0,(anonymous_2)
DA:1,7
DA:7,7
DA:17,7
DA:18,0
DA:19,0
DA:21,0
DA:22,0
DA:23,0
DA:25,0
DA:26,0
DA:27,0
DA:33,0
DA:34,0
DA:35,0
DA:38,0
DA:42,0
DA:52,0
DA:53,0
DA:55,0
DA:56,0
DA:57,0
DA:59,0
DA:60,0
DA:62,0
DA:63,0
DA:64,0
DA:69,0
DA:70,0
DA:71,0
DA:74,0
DA:77,0
DA:85,7
DA:86,0
DA:87,0
DA:89,0
DA:90,0
DA:91,0
DA:94,0
DA:96,0
DA:97,0
DA:98,0
DA:99,0
DA:101,0
DA:102,0
DA:103,0
DA:109,0
DA:110,0
DA:111,0
DA:114,0
DA:117,0
DA:118,0
DA:128,0
DA:129,0
DA:131,0
DA:132,0
DA:140,7
DA:141,0
DA:142,0
DA:143,0
DA:145,0
DA:146,0
DA:147,0
DA:151,0
DA:152,0
DA:153,0
DA:154,0
DA:157,0
DA:161,0
DA:162,0
DA:163,0
DA:164,0
DA:166,0
DA:167,0
DA:168,0
DA:169,0
DA:175,0
DA:176,0
DA:177,0
DA:181,0
DA:184,0
DA:185,0
DA:195,0
DA:196,0
LF:83
LH:5
BRDA:29,0,0,0
BRDA:29,0,1,0
BRDA:33,1,0,0
BRDA:33,1,1,0
BRDA:34,2,0,0
BRDA:34,2,1,0
BRDA:35,3,0,0
BRDA:35,3,1,0
BRDA:59,4,0,0
BRDA:59,4,1,0
BRDA:63,5,0,0
BRDA:63,5,1,0
BRDA:71,6,0,0
BRDA:71,6,1,0
BRDA:89,7,0,0
BRDA:89,7,1,0
BRDA:89,8,0,0
BRDA:89,8,1,0
BRDA:105,9,0,0
BRDA:105,9,1,0
BRDA:109,10,0,0
BRDA:109,10,1,0
BRDA:111,11,0,0
BRDA:111,11,1,0
BRDA:121,12,0,0
BRDA:121,12,1,0
BRDA:121,12,2,0
BRDA:122,13,0,0
BRDA:122,13,1,0
BRDA:122,13,2,0
BRDA:123,14,0,0
BRDA:123,14,1,0
BRDA:145,15,0,0
BRDA:145,15,1,0
BRDA:145,16,0,0
BRDA:145,16,1,0
BRDA:152,17,0,0
BRDA:152,17,1,0
BRDA:163,18,0,0
BRDA:163,18,1,0
BRDA:164,19,0,0
BRDA:164,19,1,0
BRDA:167,20,0,0
BRDA:167,20,1,0
BRDA:171,21,0,0
BRDA:171,21,1,0
BRDA:175,22,0,0
BRDA:175,22,1,0
BRDA:177,23,0,0
BRDA:177,23,1,0
BRDA:188,24,0,0
BRDA:188,24,1,0
BRDA:188,24,2,0
BRDA:189,25,0,0
BRDA:189,25,1,0
BRDA:189,25,2,0
BRDA:190,26,0,0
BRDA:190,26,1,0
BRF:58
BRH:0
end_of_record
TN:
SF:src\controllers\donationController.ts
FN:33,(anonymous_1)
FN:36,(anonymous_2)
FN:102,(anonymous_3)
FN:133,(anonymous_4)
FN:160,(anonymous_5)
FN:165,(anonymous_6)
FN:172,(anonymous_7)
FN:182,(anonymous_8)
FN:188,(anonymous_9)
FN:217,(anonymous_10)
FNF:10
FNH:1
FNDA:7,(anonymous_1)
FNDA:0,(anonymous_2)
FNDA:0,(anonymous_3)
FNDA:0,(anonymous_4)
FNDA:0,(anonymous_5)
FNDA:0,(anonymous_6)
FNDA:0,(anonymous_7)
FNDA:0,(anonymous_8)
FNDA:0,(anonymous_9)
FNDA:0,(anonymous_10)
DA:1,7
DA:2,7
DA:3,7
DA:5,7
DA:6,7
DA:8,7
DA:9,7
DA:10,7
DA:33,7
DA:34,7
DA:36,7
DA:37,0
DA:38,0
DA:39,0
DA:40,0
DA:43,0
DA:44,0
DA:46,0
DA:47,0
DA:49,0
DA:52,0
DA:53,0
DA:54,0
DA:55,0
DA:57,0
DA:60,0
DA:64,0
DA:65,0
DA:66,0
DA:69,0
DA:70,0
DA:71,0
DA:72,0
DA:75,0
DA:76,0
DA:77,0
DA:79,0
DA:80,0
DA:85,0
DA:102,7
DA:107,0
DA:109,0
DA:130,0
DA:133,7
DA:134,0
DA:136,0
DA:139,0
DA:140,0
DA:141,0
DA:142,0
DA:145,0
DA:157,0
DA:160,7
DA:161,0
DA:162,0
DA:165,7
DA:166,0
DA:168,0
DA:169,0
DA:172,7
DA:173,0
DA:174,0
DA:178,0
DA:179,0
DA:182,7
DA:183,0
DA:184,0
DA:185,0
DA:188,7
DA:189,0
DA:190,0
DA:192,0
DA:194,0
DA:195,0
DA:196,0
DA:197,0
DA:199,0
DA:200,0
DA:203,0
DA:204,0
DA:205,0
DA:208,0
DA:210,0
DA:212,0
DA:214,0
DA:217,7
DA:218,0
DA:219,0
DA:223,7
LF:89
LH:20
BRDA:38,0,0,0
BRDA:38,0,1,0
BRDA:46,1,0,0
BRDA:46,1,1,0
BRDA:49,2,0,0
BRDA:49,2,1,0
BRDA:52,3,0,0
BRDA:52,3,1,0
BRDA:64,4,0,0
BRDA:64,4,1,0
BRDA:64,5,0,0
BRDA:64,5,1,0
BRDA:70,6,0,0
BRDA:70,6,1,0
BRDA:70,7,0,0
BRDA:70,7,1,0
BRDA:87,8,0,0
BRDA:87,8,1,0
BRDA:88,9,0,0
BRDA:88,9,1,0
BRDA:89,10,0,0
BRDA:89,10,1,0
BRDA:90,11,0,0
BRDA:90,11,1,0
BRDA:91,12,0,0
BRDA:91,12,1,0
BRDA:92,13,0,0
BRDA:92,13,1,0
BRDA:136,14,0,0
BRDA:136,14,1,0
BRDA:140,15,0,0
BRDA:140,15,1,0
BRDA:148,16,0,0
BRDA:148,16,1,0
BRDA:149,17,0,0
BRDA:149,17,1,0
BRDA:150,18,0,0
BRDA:150,18,1,0
BRDA:152,19,0,0
BRDA:152,19,1,0
BRDA:153,20,0,0
BRDA:153,20,1,0
BRDA:154,21,0,0
BRDA:154,21,1,0
BRDA:178,22,0,0
BRDA:178,22,1,0
BRDA:194,23,0,0
BRDA:194,23,1,0
BRDA:196,24,0,0
BRDA:196,24,1,0
BRDA:203,25,0,0
BRDA:203,25,1,0
BRDA:34,26,0,7
BRDA:34,26,1,7
BRF:54
BRH:2
end_of_record
TN:
SF:src\controllers\forumController.ts
FN:12,(anonymous_0)
FN:37,(anonymous_1)
FN:42,(anonymous_2)
FN:52,(anonymous_3)
FN:70,(anonymous_4)
FN:144,(anonymous_5)
FN:159,(anonymous_6)
FN:177,(anonymous_7)
FN:200,(anonymous_8)
FN:230,(anonymous_9)
FN:312,(anonymous_10)
FN:330,(anonymous_11)
FNF:12
FNH:0
FNDA:0,(anonymous_0)
FNDA:0,(anonymous_1)
FNDA:0,(anonymous_2)
FNDA:0,(anonymous_3)
FNDA:0,(anonymous_4)
FNDA:0,(anonymous_5)
FNDA:0,(anonymous_6)
FNDA:0,(anonymous_7)
FNDA:0,(anonymous_8)
FNDA:0,(anonymous_9)
FNDA:0,(anonymous_10)
FNDA:0,(anonymous_11)
DA:1,7
DA:3,7
DA:4,7
DA:5,7
DA:12,7
DA:14,0
DA:16,0
DA:17,0
DA:20,0
DA:21,0
DA:22,0
DA:23,0
DA:24,0
DA:25,0
DA:31,0
DA:33,0
DA:35,0
DA:36,0
DA:37,0
DA:41,0
DA:42,0
DA:44,0
DA:48,0
DA:49,0
DA:52,0
DA:66,0
DA:70,7
DA:71,0
DA:72,0
DA:76,0
DA:77,0
DA:78,0
DA:81,0
DA:82,0
DA:84,0
DA:85,0
DA:86,0
DA:87,0
DA:91,0
DA:100,0
DA:107,0
DA:108,0
DA:109,0
DA:114,0
DA:115,0
DA:116,0
DA:124,0
DA:127,0
DA:144,7
DA:145,0
DA:146,0
DA:148,0
DA:149,0
DA:150,0
DA:151,0
DA:155,0
DA:157,0
DA:159,0
DA:160,0
DA:163,0
DA:164,0
DA:167,0
DA:169,0
DA:177,7
DA:178,0
DA:181,0
DA:182,0
DA:183,0
DA:184,0
DA:185,0
DA:186,0
DA:191,0
DA:194,0
DA:195,0
DA:198,0
DA:199,0
DA:201,0
DA:202,0
DA:203,0
DA:204,0
DA:205,0
DA:206,0
DA:210,0
DA:212,0
DA:223,0
DA:230,7
DA:231,0
DA:232,0
DA:235,0
DA:236,0
DA:237,0
DA:240,0
DA:241,0
DA:243,0
DA:244,0
DA:245,0
DA:246,0
DA:247,0
DA:248,0
DA:249,0
DA:250,0
DA:255,0
DA:256,0
DA:257,0
DA:258,0
DA:259,0
DA:260,0
DA:264,0
DA:266,0
DA:269,0
DA:270,0
DA:274,0
DA:281,0
DA:284,0
DA:289,0
DA:290,0
DA:291,0
DA:293,0
DA:294,0
DA:295,0
DA:296,0
DA:297,0
DA:299,0
DA:308,0
DA:312,0
DA:321,0
DA:330,7
DA:331,0
DA:332,0
DA:334,0
DA:335,0
DA:336,0
DA:339,0
DA:340,0
DA:341,0
DA:342,0
DA:345,0
DA:346,0
DA:347,0
DA:350,0
DA:352,0
DA:354,0
DA:355,0
LF:143
LH:10
BRDA:14,0,0,0
BRDA:14,0,1,0
BRDA:16,1,0,0
BRDA:16,1,1,0
BRDA:20,2,0,0
BRDA:20,2,1,0
BRDA:20,3,0,0
BRDA:20,3,1,0
BRDA:33,4,0,0
BRDA:33,4,1,0
BRDA:36,5,0,0
BRDA:36,5,1,0
BRDA:36,6,0,0
BRDA:36,6,1,0
BRDA:48,7,0,0
BRDA:48,7,1,0
BRDA:59,8,0,0
BRDA:59,8,1,0
BRDA:60,9,0,0
BRDA:60,9,1,0
BRDA:60,10,0,0
BRDA:60,10,1,0
BRDA:61,11,0,0
BRDA:61,11,1,0
BRDA:63,12,0,0
BRDA:63,12,1,0
BRDA:71,13,0,0
BRDA:76,14,0,0
BRDA:76,14,1,0
BRDA:76,15,0,0
BRDA:76,15,1,0
BRDA:81,16,0,0
BRDA:81,16,1,0
BRDA:82,17,0,0
BRDA:82,17,1,0
BRDA:84,18,0,0
BRDA:84,18,1,0
BRDA:86,19,0,0
BRDA:86,19,1,0
BRDA:96,20,0,0
BRDA:96,20,1,0
BRDA:124,21,0,0
BRDA:124,21,1,0
BRDA:136,22,0,0
BRDA:136,22,1,0
BRDA:137,23,0,0
BRDA:137,23,1,0
BRDA:146,24,0,0
BRDA:146,24,1,0
BRDA:149,25,0,0
BRDA:149,25,1,0
BRDA:157,26,0,0
BRDA:157,26,1,0
BRDA:170,27,0,0
BRDA:170,27,1,0
BRDA:182,28,0,0
BRDA:182,28,1,0
BRDA:182,29,0,0
BRDA:182,29,1,0
BRDA:194,30,0,0
BRDA:194,30,1,0
BRDA:201,31,0,0
BRDA:201,31,1,0
BRDA:202,32,0,0
BRDA:202,32,1,0
BRDA:202,33,0,0
BRDA:202,33,1,0
BRDA:202,33,2,0
BRDA:202,33,3,0
BRDA:204,34,0,0
BRDA:204,34,1,0
BRDA:206,35,0,0
BRDA:206,35,1,0
BRDA:206,36,0,0
BRDA:206,36,1,0
BRDA:210,37,0,0
BRDA:210,37,1,0
BRDA:214,38,0,0
BRDA:214,38,1,0
BRDA:216,39,0,0
BRDA:216,39,1,0
BRDA:216,40,0,0
BRDA:216,40,1,0
BRDA:235,41,0,0
BRDA:235,41,1,0
BRDA:235,42,0,0
BRDA:235,42,1,0
BRDA:240,43,0,0
BRDA:240,43,1,0
BRDA:240,44,0,0
BRDA:240,44,1,0
BRDA:241,45,0,0
BRDA:241,45,1,0
BRDA:241,45,2,0
BRDA:243,46,0,0
BRDA:243,46,1,0
BRDA:243,47,0,0
BRDA:243,47,1,0
BRDA:247,48,0,0
BRDA:247,48,1,0
BRDA:247,49,0,0
BRDA:247,49,1,0
BRDA:250,50,0,0
BRDA:250,50,1,0
BRDA:250,51,0,0
BRDA:250,51,1,0
BRDA:256,52,0,0
BRDA:256,52,1,0
BRDA:256,53,0,0
BRDA:256,53,1,0
BRDA:256,53,2,0
BRDA:256,53,3,0
BRDA:258,54,0,0
BRDA:258,54,1,0
BRDA:260,55,0,0
BRDA:260,55,1,0
BRDA:260,56,0,0
BRDA:260,56,1,0
BRDA:264,57,0,0
BRDA:264,57,1,0
BRDA:269,58,0,0
BRDA:269,58,1,0
BRDA:289,59,0,0
BRDA:289,59,1,0
BRDA:289,60,0,0
BRDA:289,60,1,0
BRDA:290,61,0,0
BRDA:290,61,1,0
BRDA:291,62,0,0
BRDA:291,62,1,0
BRDA:291,62,2,0
BRDA:293,63,0,0
BRDA:293,63,1,0
BRDA:293,64,0,0
BRDA:293,64,1,0
BRDA:302,65,0,0
BRDA:302,65,1,0
BRDA:308,66,0,0
BRDA:308,66,1,0
BRDA:314,67,0,0
BRDA:314,67,1,0
BRDA:315,68,0,0
BRDA:315,68,1,0
BRDA:332,69,0,0
BRDA:332,69,1,0
BRDA:334,70,0,0
BRDA:334,70,1,0
BRDA:340,71,0,0
BRDA:340,71,1,0
BRDA:345,72,0,0
BRDA:345,72,1,0
BRDA:345,73,0,0
BRDA:345,73,1,0
BRF:153
BRH:0
end_of_record
TN:
SF:src\controllers\nearbyController.ts
FN:9,(anonymous_0)
FN:14,(anonymous_1)
FN:28,(anonymous_2)
FN:32,(anonymous_3)
FN:34,(anonymous_4)
FNF:5
FNH:1
FNDA:7,(anonymous_0)
FNDA:0,(anonymous_1)
FNDA:0,(anonymous_2)
FNDA:0,(anonymous_3)
FNDA:0,(anonymous_4)
DA:1,7
DA:4,7
DA:6,7
DA:10,7
DA:14,7
DA:15,0
DA:17,0
DA:28,0
DA:29,0
DA:31,0
DA:32,0
DA:34,0
DA:35,0
DA:37,0
DA:38,0
DA:40,0
DA:41,0
DA:44,0
DA:47,0
LF:19
LH:5
BRDA:35,0,0,0
BRDA:35,0,1,0
BRDA:38,1,0,0
BRDA:38,1,1,0
BRDA:40,2,0,0
BRDA:40,2,1,0
BRF:6
BRH:0
end_of_record
TN:
SF:src\controllers\notificationController.ts
FN:7,(anonymous_0)
FN:14,(anonymous_1)
FNF:2
FNH:0
FNDA:0,(anonymous_0)
FNDA:0,(anonymous_1)
DA:1,7
DA:3,7
DA:7,7
DA:8,0
DA:11,0
DA:14,7
DA:15,0
DA:16,0
DA:17,0
DA:20,7
LF:10
LH:5
BRF:0
BRH:0
end_of_record
TN:
SF:src\controllers\profileController.ts
FN:11,(anonymous_0)
FN:26,(anonymous_1)
FN:58,(anonymous_2)
FN:101,(anonymous_3)
FN:144,(anonymous_4)
FN:167,(anonymous_5)
FN:189,(anonymous_6)
FN:211,(anonymous_7)
FN:231,(anonymous_8)
FNF:9
FNH:0
FNDA:0,(anonymous_0)
FNDA:0,(anonymous_1)
FNDA:0,(anonymous_2)
FNDA:0,(anonymous_3)
FNDA:0,(anonymous_4)
FNDA:0,(anonymous_5)
FNDA:0,(anonymous_6)
FNDA:0,(anonymous_7)
FNDA:0,(anonymous_8)
DA:1,8
DA:2,8
DA:3,8
DA:4,8
DA:5,8
DA:6,8
DA:9,8
DA:11,8
DA:12,0
DA:13,0
DA:15,0
DA:21,0
DA:23,0
DA:26,8
DA:27,0
DA:28,0
DA:30,0
DA:36,0
DA:38,0
DA:39,0
DA:55,0
DA:58,8
DA:59,0
DA:60,0
DA:62,0
DA:79,0
DA:81,0
DA:82,0
DA:98,0
DA:101,8
DA:102,0
DA:103,0
DA:105,0
DA:122,0
DA:124,0
DA:125,0
DA:141,0
DA:144,8
DA:145,0
DA:146,0
DA:147,0
DA:149,0
DA:150,0
DA:151,0
DA:152,0
DA:153,0
DA:154,0
DA:155,0
DA:156,0
DA:159,0
DA:160,0
DA:161,0
DA:164,0
DA:167,8
DA:168,0
DA:169,0
DA:171,0
DA:177,0
DA:178,0
DA:179,0
DA:182,0
DA:183,0
DA:184,0
DA:186,0
DA:189,8
DA:190,0
DA:191,0
DA:193,0
DA:199,0
DA:200,0
DA:201,0
DA:204,0
DA:205,0
DA:206,0
DA:208,0
DA:211,8
DA:212,0
DA:213,0
DA:215,0
DA:221,0
DA:222,0
DA:223,0
DA:226,0
DA:228,0
DA:231,8
DA:232,0
DA:233,0
DA:235,0
DA:241,0
DA:242,0
DA:243,0
DA:246,0
DA:247,0
DA:248,0
DA:250,0
DA:253,8
LF:96
LH:17
BRDA:21,0,0,0
BRDA:21,0,1,0
BRDA:36,1,0,0
BRDA:36,1,1,0
BRDA:44,2,0,0
BRDA:44,2,1,0
BRDA:45,3,0,0
BRDA:45,3,1,0
BRDA:48,4,0,0
BRDA:48,4,1,0
BRDA:49,5,0,0
BRDA:49,5,1,0
BRDA:79,6,0,0
BRDA:79,6,1,0
BRDA:86,7,0,0
BRDA:86,7,1,0
BRDA:86,7,2,0
BRDA:87,8,0,0
BRDA:87,8,1,0
BRDA:88,9,0,0
BRDA:88,9,1,0
BRDA:91,10,0,0
BRDA:91,10,1,0
BRDA:92,11,0,0
BRDA:92,11,1,0
BRDA:122,12,0,0
BRDA:122,12,1,0
BRDA:129,13,0,0
BRDA:129,13,1,0
BRDA:129,13,2,0
BRDA:130,14,0,0
BRDA:130,14,1,0
BRDA:131,15,0,0
BRDA:131,15,1,0
BRDA:134,16,0,0
BRDA:134,16,1,0
BRDA:135,17,0,0
BRDA:135,17,1,0
BRDA:149,18,0,0
BRDA:149,18,1,0
BRDA:151,19,0,0
BRDA:151,19,1,0
BRDA:153,20,0,0
BRDA:153,20,1,0
BRDA:155,21,0,0
BRDA:155,21,1,0
BRDA:159,22,0,0
BRDA:159,22,1,0
BRDA:177,23,0,0
BRDA:177,23,1,0
BRDA:182,24,0,0
BRDA:182,24,1,0
BRDA:183,25,0,0
BRDA:183,25,1,0
BRDA:199,26,0,0
BRDA:199,26,1,0
BRDA:204,27,0,0
BRDA:204,27,1,0
BRDA:205,28,0,0
BRDA:205,28,1,0
BRDA:221,29,0,0
BRDA:221,29,1,0
BRDA:226,30,0,0
BRDA:226,30,1,0
BRDA:241,31,0,0
BRDA:241,31,1,0
BRDA:246,32,0,0
BRDA:246,32,1,0
BRDA:247,33,0,0
BRDA:247,33,1,0
BRF:70
BRH:0
end_of_record
TN:
SF:src\controllers\reportController.ts
FN:9,(anonymous_0)
FN:41,(anonymous_1)
FN:51,(anonymous_2)
FN:60,(anonymous_3)
FN:63,(anonymous_4)
FN:66,(anonymous_5)
FN:88,(anonymous_6)
FN:94,(anonymous_7)
FN:110,(anonymous_8)
FN:133,(anonymous_9)
FN:245,(anonymous_10)
FN:299,(anonymous_11)
FN:303,(anonymous_12)
FN:322,(anonymous_13)
FN:457,(anonymous_14)
FN:474,(anonymous_15)
FNF:16
FNH:0
FNDA:0,(anonymous_0)
FNDA:0,(anonymous_1)
FNDA:0,(anonymous_2)
FNDA:0,(anonymous_3)
FNDA:0,(anonymous_4)
FNDA:0,(anonymous_5)
FNDA:0,(anonymous_6)
FNDA:0,(anonymous_7)
FNDA:0,(anonymous_8)
FNDA:0,(anonymous_9)
FNDA:0,(anonymous_10)
FNDA:0,(anonymous_11)
FNDA:0,(anonymous_12)
FNDA:0,(anonymous_13)
FNDA:0,(anonymous_14)
FNDA:0,(anonymous_15)
DA:1,7
DA:3,7
DA:4,7
DA:9,7
DA:15,0
DA:16,0
DA:32,0
DA:33,0
DA:36,0
DA:37,0
DA:41,7
DA:42,0
DA:44,0
DA:45,0
DA:47,0
DA:51,7
DA:52,0
DA:53,0
DA:55,0
DA:57,0
DA:58,0
DA:59,0
DA:60,0
DA:63,0
DA:66,7
DA:67,0
DA:69,0
DA:70,0
DA:73,0
DA:74,0
DA:81,0
DA:88,7
DA:89,0
DA:90,0
DA:91,0
DA:94,7
DA:95,0
DA:96,0
DA:110,7
DA:111,0
DA:113,0
DA:114,0
DA:115,0
DA:116,0
DA:119,0
DA:120,0
DA:121,0
DA:122,0
DA:125,0
DA:126,0
DA:129,0
DA:133,7
DA:134,0
DA:135,0
DA:137,0
DA:138,0
DA:139,0
DA:140,0
DA:143,0
DA:148,0
DA:149,0
DA:150,0
DA:154,0
DA:162,0
DA:163,0
DA:164,0
DA:169,0
DA:170,0
DA:171,0
DA:172,0
DA:173,0
DA:175,0
DA:177,0
DA:178,0
DA:185,0
DA:186,0
DA:187,0
DA:188,0
DA:212,0
DA:213,0
DA:215,0
DA:218,0
DA:222,0
DA:229,0
DA:230,0
DA:231,0
DA:232,0
DA:237,0
DA:240,0
DA:245,7
DA:246,0
DA:248,0
DA:249,0
DA:250,0
DA:254,0
DA:255,0
DA:256,0
DA:257,0
DA:258,0
DA:259,0
DA:269,0
DA:274,0
DA:275,0
DA:276,0
DA:278,0
DA:283,0
DA:284,0
DA:285,0
DA:286,0
DA:287,0
DA:289,0
DA:292,0
DA:295,0
DA:299,7
DA:301,0
DA:302,0
DA:303,0
DA:305,0
DA:317,0
DA:318,0
DA:322,7
DA:323,0
DA:324,0
DA:325,0
DA:328,0
DA:329,0
DA:330,0
DA:334,0
DA:335,0
DA:337,0
DA:338,0
DA:339,0
DA:342,0
DA:343,0
DA:344,0
DA:345,0
DA:350,0
DA:353,0
DA:355,0
DA:356,0
DA:357,0
DA:361,0
DA:362,0
DA:364,0
DA:369,0
DA:370,0
DA:373,0
DA:376,0
DA:377,0
DA:378,0
DA:379,0
DA:382,0
DA:385,0
DA:386,0
DA:389,0
DA:393,0
DA:396,0
DA:397,0
DA:401,0
DA:410,0
DA:413,0
DA:414,0
DA:421,0
DA:423,0
DA:425,0
DA:431,0
DA:434,0
DA:435,0
DA:436,0
DA:437,0
DA:443,0
DA:446,0
DA:449,0
DA:453,0
DA:457,7
DA:458,0
DA:460,0
DA:461,0
DA:462,0
DA:465,0
DA:466,0
DA:470,0
DA:474,7
DA:475,0
DA:477,0
DA:478,0
DA:479,0
DA:482,0
DA:483,0
DA:489,0
DA:490,0
DA:491,0
DA:494,0
LF:193
LH:16
BRDA:28,0,0,0
BRDA:28,0,1,0
BRDA:32,1,0,0
BRDA:32,1,1,0
BRDA:42,2,0,0
BRDA:42,2,1,0
BRDA:51,3,0,0
BRDA:53,4,0,0
BRDA:53,4,1,0
BRDA:57,5,0,0
BRDA:57,5,1,0
BRDA:58,6,0,0
BRDA:58,6,1,0
BRDA:59,7,0,0
BRDA:59,7,1,0
BRDA:59,8,0,0
BRDA:59,8,1,0
BRDA:69,9,0,0
BRDA:69,9,1,0
BRDA:69,10,0,0
BRDA:69,10,1,0
BRDA:73,11,0,0
BRDA:73,11,1,0
BRDA:73,12,0,0
BRDA:73,12,1,0
BRDA:89,13,0,0
BRDA:89,13,1,0
BRDA:90,14,0,0
BRDA:90,14,1,0
BRDA:96,15,0,0
BRDA:96,15,1,0
BRDA:119,16,0,0
BRDA:119,16,1,0
BRDA:125,17,0,0
BRDA:125,17,1,0
BRDA:125,18,0,0
BRDA:125,18,1,0
BRDA:137,19,0,0
BRDA:137,19,1,0
BRDA:143,20,0,0
BRDA:143,20,1,0
BRDA:144,21,0,0
BRDA:144,21,1,0
BRDA:144,21,2,0
BRDA:170,22,0,0
BRDA:170,22,1,0
BRDA:175,23,0,0
BRDA:175,23,1,0
BRDA:185,24,0,0
BRDA:185,24,1,0
BRDA:189,25,0,0
BRDA:189,25,1,0
BRDA:189,25,2,0
BRDA:192,26,0,0
BRDA:192,26,1,0
BRDA:192,26,2,0
BRDA:192,26,3,0
BRDA:192,26,4,0
BRDA:193,27,0,0
BRDA:193,27,1,0
BRDA:193,28,0,0
BRDA:193,28,1,0
BRDA:193,29,0,0
BRDA:193,29,1,0
BRDA:194,30,0,0
BRDA:194,30,1,0
BRDA:194,31,0,0
BRDA:194,31,1,0
BRDA:194,31,2,0
BRDA:195,32,0,0
BRDA:195,32,1,0
BRDA:195,33,0,0
BRDA:195,33,1,0
BRDA:195,33,2,0
BRDA:196,34,0,0
BRDA:196,34,1,0
BRDA:196,35,0,0
BRDA:196,35,1,0
BRDA:196,35,2,0
BRDA:196,35,3,0
BRDA:200,36,0,0
BRDA:200,36,1,0
BRDA:205,37,0,0
BRDA:205,37,1,0
BRDA:209,38,0,0
BRDA:209,38,1,0
BRDA:209,38,2,0
BRDA:218,39,0,0
BRDA:218,39,1,0
BRDA:229,40,0,0
BRDA:229,40,1,0
BRDA:248,41,0,0
BRDA:248,41,1,0
BRDA:254,42,0,0
BRDA:254,42,1,0
BRDA:254,43,0,0
BRDA:254,43,1,0
BRDA:258,44,0,0
BRDA:258,44,1,0
BRDA:283,45,0,0
BRDA:283,45,1,0
BRDA:283,46,0,0
BRDA:283,46,1,0
BRDA:286,47,0,0
BRDA:286,47,1,0
BRDA:286,48,0,0
BRDA:286,48,1,0
BRDA:328,49,0,0
BRDA:328,49,1,0
BRDA:337,50,0,0
BRDA:337,50,1,0
BRDA:343,51,0,0
BRDA:343,51,1,0
BRDA:355,52,0,0
BRDA:355,52,1,0
BRDA:369,53,0,0
BRDA:369,53,1,0
BRDA:377,54,0,0
BRDA:377,54,1,0
BRDA:382,55,0,0
BRDA:382,55,1,0
BRDA:382,55,2,0
BRDA:385,56,0,0
BRDA:385,56,1,0
BRDA:396,57,0,0
BRDA:396,57,1,0
BRDA:413,58,0,0
BRDA:413,58,1,0
BRDA:413,59,0,0
BRDA:413,59,1,0
BRDA:421,60,0,0
BRDA:421,60,1,0
BRDA:436,61,0,0
BRDA:436,61,1,0
BRDA:460,62,0,0
BRDA:460,62,1,0
BRDA:477,63,0,0
BRDA:477,63,1,0
BRDA:489,64,0,0
BRDA:489,64,1,0
BRF:140
BRH:0
end_of_record
TN:
SF:src\controllers\rescueController.ts
FN:19,(anonymous_0)
FN:41,(anonymous_1)
FN:47,(anonymous_2)
FN:49,(anonymous_3)
FN:50,(anonymous_4)
FN:54,(anonymous_5)
FN:126,(anonymous_6)
FN:258,(anonymous_7)
FN:267,(anonymous_8)
FN:307,(anonymous_9)
FN:385,(anonymous_10)
FN:404,(anonymous_11)
FN:409,(anonymous_12)
FN:412,(anonymous_13)
FN:415,(anonymous_14)
FN:418,(anonymous_15)
FN:425,(anonymous_16)
FN:426,(anonymous_17)
FN:427,(anonymous_18)
FN:436,(anonymous_19)
FN:483,(anonymous_20)
FN:490,(anonymous_21)
FN:496,(anonymous_22)
FN:506,(anonymous_23)
FN:558,(anonymous_24)
FN:580,(anonymous_25)
FN:612,(anonymous_26)
FN:639,(anonymous_27)
FN:704,(anonymous_28)
FN:764,(anonymous_29)
FN:861,(anonymous_30)
FNF:31
FNH:0
FNDA:0,(anonymous_0)
FNDA:0,(anonymous_1)
FNDA:0,(anonymous_2)
FNDA:0,(anonymous_3)
FNDA:0,(anonymous_4)
FNDA:0,(anonymous_5)
FNDA:0,(anonymous_6)
FNDA:0,(anonymous_7)
FNDA:0,(anonymous_8)
FNDA:0,(anonymous_9)
FNDA:0,(anonymous_10)
FNDA:0,(anonymous_11)
FNDA:0,(anonymous_12)
FNDA:0,(anonymous_13)
FNDA:0,(anonymous_14)
FNDA:0,(anonymous_15)
FNDA:0,(anonymous_16)
FNDA:0,(anonymous_17)
FNDA:0,(anonymous_18)
FNDA:0,(anonymous_19)
FNDA:0,(anonymous_20)
FNDA:0,(anonymous_21)
FNDA:0,(anonymous_22)
FNDA:0,(anonymous_23)
FNDA:0,(anonymous_24)
FNDA:0,(anonymous_25)
FNDA:0,(anonymous_26)
FNDA:0,(anonymous_27)
FNDA:0,(anonymous_28)
FNDA:0,(anonymous_29)
FNDA:0,(anonymous_30)
DA:1,7
DA:6,7
DA:7,7
DA:8,7
DA:9,7
DA:10,7
DA:12,7
DA:13,7
DA:14,7
DA:15,7
DA:16,7
DA:19,7
DA:20,0
DA:21,0
DA:22,0
DA:24,0
DA:25,0
DA:27,0
DA:28,0
DA:30,0
DA:33,7
DA:39,7
DA:41,7
DA:42,0
DA:43,0
DA:44,0
DA:47,7
DA:49,7
DA:50,0
DA:51,0
DA:54,7
DA:55,0
DA:56,0
DA:61,0
DA:62,0
DA:63,0
DA:64,0
DA:75,0
DA:86,0
DA:90,0
DA:92,0
DA:126,7
DA:127,0
DA:128,0
DA:129,0
DA:131,0
DA:135,0
DA:136,0
DA:137,0
DA:138,0
DA:139,0
DA:141,0
DA:142,0
DA:143,0
DA:144,0
DA:146,0
DA:147,0
DA:148,0
DA:149,0
DA:150,0
DA:155,0
DA:158,0
DA:159,0
DA:165,0
DA:171,0
DA:172,0
DA:173,0
DA:174,0
DA:175,0
DA:176,0
DA:177,0
DA:178,0
DA:180,0
DA:183,0
DA:184,0
DA:185,0
DA:186,0
DA:187,0
DA:188,0
DA:190,0
DA:191,0
DA:192,0
DA:194,0
DA:207,0
DA:208,0
DA:209,0
DA:211,0
DA:212,0
DA:213,0
DA:216,0
DA:217,0
DA:220,0
DA:221,0
DA:222,0
DA:225,0
DA:226,0
DA:227,0
DA:229,0
DA:230,0
DA:231,0
DA:232,0
DA:234,0
DA:235,0
DA:236,0
DA:237,0
DA:238,0
DA:239,0
DA:240,0
DA:251,0
DA:254,0
DA:258,7
DA:259,0
DA:260,0
DA:261,0
DA:267,7
DA:268,0
DA:269,0
DA:270,0
DA:272,0
DA:273,0
DA:274,0
DA:277,0
DA:278,0
DA:280,0
DA:281,0
DA:282,0
DA:285,0
DA:287,0
DA:296,0
DA:297,0
DA:298,0
DA:301,0
DA:303,0
DA:307,7
DA:324,0
DA:325,0
DA:327,0
DA:328,0
DA:329,0
DA:332,0
DA:333,0
DA:334,0
DA:335,0
DA:338,0
DA:339,0
DA:340,0
DA:341,0
DA:344,0
DA:345,0
DA:346,0
DA:347,0
DA:348,0
DA:351,0
DA:353,0
DA:369,0
DA:371,0
DA:385,7
DA:386,0
DA:387,0
DA:389,0
DA:390,0
DA:391,0
DA:392,0
DA:393,0
DA:396,0
DA:397,0
DA:399,0
DA:401,0
DA:404,7
DA:405,0
DA:409,0
DA:412,7
DA:413,0
DA:415,0
DA:418,7
DA:419,0
DA:424,0
DA:425,0
DA:426,0
DA:428,0
DA:429,0
DA:430,0
DA:433,0
DA:436,7
DA:437,0
DA:438,0
DA:439,0
DA:441,0
DA:443,0
DA:444,0
DA:446,0
DA:447,0
DA:448,0
DA:451,0
DA:452,0
DA:453,0
DA:455,0
DA:456,0
DA:459,0
DA:460,0
DA:461,0
DA:462,0
DA:466,0
DA:472,0
DA:477,0
DA:482,0
DA:484,0
DA:485,0
DA:489,0
DA:491,0
DA:492,0
DA:496,0
DA:497,0
DA:498,0
DA:499,0
DA:502,0
DA:503,0
DA:506,7
DA:507,0
DA:508,0
DA:509,0
DA:510,0
DA:513,0
DA:514,0
DA:515,0
DA:516,0
DA:517,0
DA:518,0
DA:521,0
DA:524,0
DA:525,0
DA:527,0
DA:535,0
DA:538,0
DA:540,0
DA:541,0
DA:542,0
DA:544,0
DA:552,0
DA:555,0
DA:558,7
DA:559,0
DA:560,0
DA:562,0
DA:563,0
DA:564,0
DA:567,0
DA:568,0
DA:570,0
DA:580,7
DA:581,0
DA:582,0
DA:584,0
DA:586,0
DA:587,0
DA:588,0
DA:592,0
DA:593,0
DA:597,0
DA:599,0
DA:612,7
DA:613,0
DA:615,0
DA:616,0
DA:617,0
DA:618,0
DA:622,0
DA:627,0
DA:628,0
DA:629,0
DA:632,0
DA:633,0
DA:635,0
DA:639,7
DA:640,0
DA:641,0
DA:643,0
DA:644,0
DA:645,0
DA:648,0
DA:649,0
DA:650,0
DA:651,0
DA:654,0
DA:655,0
DA:656,0
DA:659,0
DA:660,0
DA:662,0
DA:664,0
DA:666,0
DA:667,0
DA:668,0
DA:669,0
DA:670,0
DA:671,0
DA:672,0
DA:677,0
DA:678,0
DA:681,0
DA:684,0
DA:685,0
DA:686,0
DA:687,0
DA:694,0
DA:699,0
DA:701,0
DA:702,0
DA:703,0
DA:704,0
DA:706,0
DA:707,0
DA:710,0
DA:717,0
DA:718,0
DA:719,0
DA:721,0
DA:737,0
DA:738,0
DA:740,0
DA:741,0
DA:742,0
DA:743,0
DA:744,0
DA:745,0
DA:746,0
DA:751,0
DA:752,0
DA:756,0
DA:760,0
DA:764,7
DA:765,0
DA:766,0
DA:768,0
DA:769,0
DA:770,0
DA:773,0
DA:774,0
DA:775,0
DA:777,0
DA:778,0
DA:780,0
DA:781,0
DA:784,0
DA:785,0
DA:786,0
DA:788,0
DA:789,0
DA:791,0
DA:792,0
DA:796,0
DA:797,0
DA:798,0
DA:799,0
DA:800,0
DA:801,0
DA:806,0
DA:807,0
DA:808,0
DA:809,0
DA:810,0
DA:811,0
DA:815,0
DA:816,0
DA:818,0
DA:819,0
DA:820,0
DA:821,0
DA:822,0
DA:824,0
DA:830,0
DA:831,0
DA:832,0
DA:833,0
DA:834,0
DA:835,0
DA:836,0
DA:837,0
DA:842,0
DA:845,0
DA:846,0
DA:850,0
DA:851,0
DA:852,0
DA:853,0
DA:856,0
DA:861,7
DA:862,0
DA:863,0
DA:865,0
DA:866,0
DA:867,0
DA:871,0
DA:872,0
DA:873,0
DA:874,0
DA:878,0
DA:879,0
DA:880,0
DA:881,0
DA:882,0
DA:886,0
DA:887,0
DA:888,0
DA:891,0
DA:892,0
DA:893,0
DA:897,0
DA:920,0
DA:921,0
DA:922,0
DA:927,0
DA:929,0
DA:932,0
DA:933,0
DA:934,0
DA:943,0
DA:948,0
DA:949,0
DA:950,0
DA:951,0
DA:952,0
DA:959,0
DA:962,0
LF:424
LH:34
BRDA:21,0,0,0
BRDA:21,0,1,0
BRDA:24,1,0,0
BRDA:24,1,1,0
BRDA:27,2,0,0
BRDA:27,2,1,0
BRDA:42,3,0,0
BRDA:42,3,1,0
BRDA:43,4,0,0
BRDA:43,4,1,0
BRDA:44,5,0,0
BRDA:44,5,1,0
BRDA:47,6,0,0
BRDA:47,6,1,0
BRDA:47,7,0,0
BRDA:47,7,1,0
BRDA:50,8,0,0
BRDA:50,8,1,0
BRDA:51,9,0,0
BRDA:51,9,1,0
BRDA:54,10,0,0
BRDA:54,11,0,0
BRDA:55,12,0,0
BRDA:55,12,1,0
BRDA:57,13,0,0
BRDA:57,13,1,0
BRDA:58,14,0,0
BRDA:58,14,1,0
BRDA:64,15,0,0
BRDA:64,15,1,0
BRDA:67,16,0,0
BRDA:67,16,1,0
BRDA:69,17,0,0
BRDA:69,17,1,0
BRDA:70,18,0,0
BRDA:70,18,1,0
BRDA:75,19,0,0
BRDA:75,19,1,0
BRDA:75,20,0,0
BRDA:75,20,1,0
BRDA:77,21,0,0
BRDA:77,21,1,0
BRDA:77,21,2,0
BRDA:79,22,0,0
BRDA:79,22,1,0
BRDA:79,22,2,0
BRDA:80,23,0,0
BRDA:80,23,1,0
BRDA:80,23,2,0
BRDA:81,24,0,0
BRDA:81,24,1,0
BRDA:81,24,2,0
BRDA:82,25,0,0
BRDA:82,25,1,0
BRDA:86,26,0,0
BRDA:86,26,1,0
BRDA:90,27,0,0
BRDA:90,27,1,0
BRDA:94,28,0,0
BRDA:94,28,1,0
BRDA:95,29,0,0
BRDA:95,29,1,0
BRDA:96,30,0,0
BRDA:96,30,1,0
BRDA:96,30,2,0
BRDA:97,31,0,0
BRDA:97,31,1,0
BRDA:97,31,2,0
BRDA:97,31,3,0
BRDA:99,32,0,0
BRDA:99,32,1,0
BRDA:101,33,0,0
BRDA:101,33,1,0
BRDA:102,34,0,0
BRDA:102,34,1,0
BRDA:103,35,0,0
BRDA:103,35,1,0
BRDA:103,35,2,0
BRDA:104,36,0,0
BRDA:104,36,1,0
BRDA:104,36,2,0
BRDA:105,37,0,0
BRDA:105,37,1,0
BRDA:105,37,2,0
BRDA:107,38,0,0
BRDA:107,38,1,0
BRDA:107,38,2,0
BRDA:107,38,3,0
BRDA:108,39,0,0
BRDA:108,39,1,0
BRDA:108,39,2,0
BRDA:109,40,0,0
BRDA:109,40,1,0
BRDA:109,40,2,0
BRDA:110,41,0,0
BRDA:110,41,1,0
BRDA:110,41,2,0
BRDA:114,42,0,0
BRDA:114,42,1,0
BRDA:114,42,2,0
BRDA:115,43,0,0
BRDA:115,43,1,0
BRDA:115,43,2,0
BRDA:122,44,0,0
BRDA:122,44,1,0
BRDA:122,44,2,0
BRDA:126,45,0,0
BRDA:126,46,0,0
BRDA:135,47,0,0
BRDA:135,47,1,0
BRDA:136,48,0,0
BRDA:136,48,1,0
BRDA:137,49,0,0
BRDA:137,49,1,0
BRDA:138,50,0,0
BRDA:138,50,1,0
BRDA:138,51,0,0
BRDA:138,51,1,0
BRDA:139,52,0,0
BRDA:139,52,1,0
BRDA:141,53,0,0
BRDA:141,53,1,0
BRDA:141,54,0,0
BRDA:141,54,1,0
BRDA:146,55,0,0
BRDA:146,55,1,0
BRDA:146,56,0,0
BRDA:146,56,1,0
BRDA:146,56,2,0
BRDA:147,57,0,0
BRDA:147,57,1,0
BRDA:148,58,0,0
BRDA:148,58,1,0
BRDA:149,59,0,0
BRDA:149,59,1,0
BRDA:149,60,0,0
BRDA:149,60,1,0
BRDA:153,61,0,0
BRDA:153,61,1,0
BRDA:153,61,2,0
BRDA:158,62,0,0
BRDA:158,62,1,0
BRDA:158,63,0,0
BRDA:158,63,1,0
BRDA:165,64,0,0
BRDA:165,64,1,0
BRDA:165,64,2,0
BRDA:165,64,3,0
BRDA:165,64,4,0
BRDA:171,65,0,0
BRDA:171,65,1,0
BRDA:171,66,0,0
BRDA:171,66,1,0
BRDA:175,67,0,0
BRDA:175,67,1,0
BRDA:183,68,0,0
BRDA:183,68,1,0
BRDA:183,69,0,0
BRDA:183,69,1,0
BRDA:185,70,0,0
BRDA:185,70,1,0
BRDA:186,71,0,0
BRDA:186,71,1,0
BRDA:186,71,2,0
BRDA:187,72,0,0
BRDA:187,72,1,0
BRDA:187,72,2,0
BRDA:188,73,0,0
BRDA:188,73,1,0
BRDA:188,73,2,0
BRDA:188,73,3,0
BRDA:200,74,0,0
BRDA:200,74,1,0
BRDA:208,75,0,0
BRDA:208,75,1,0
BRDA:212,76,0,0
BRDA:212,76,1,0
BRDA:212,77,0,0
BRDA:212,77,1,0
BRDA:216,78,0,0
BRDA:216,78,1,0
BRDA:216,79,0,0
BRDA:216,79,1,0
BRDA:221,80,0,0
BRDA:221,80,1,0
BRDA:221,81,0,0
BRDA:221,81,1,0
BRDA:225,82,0,0
BRDA:225,82,1,0
BRDA:225,82,2,0
BRDA:225,82,3,0
BRDA:225,82,4,0
BRDA:226,83,0,0
BRDA:226,83,1,0
BRDA:226,83,2,0
BRDA:226,83,3,0
BRDA:226,83,4,0
BRDA:227,84,0,0
BRDA:227,84,1,0
BRDA:227,84,2,0
BRDA:227,84,3,0
BRDA:227,84,4,0
BRDA:227,84,5,0
BRDA:229,85,0,0
BRDA:229,85,1,0
BRDA:229,86,0,0
BRDA:229,86,1,0
BRDA:234,87,0,0
BRDA:234,87,1,0
BRDA:235,88,0,0
BRDA:235,88,1,0
BRDA:236,89,0,0
BRDA:236,89,1,0
BRDA:237,90,0,0
BRDA:237,90,1,0
BRDA:238,91,0,0
BRDA:238,91,1,0
BRDA:239,92,0,0
BRDA:239,92,1,0
BRDA:242,93,0,0
BRDA:242,93,1,0
BRDA:246,94,0,0
BRDA:246,94,1,0
BRDA:251,95,0,0
BRDA:251,95,1,0
BRDA:269,96,0,0
BRDA:269,96,1,0
BRDA:269,97,0,0
BRDA:269,97,1,0
BRDA:270,98,0,0
BRDA:270,98,1,0
BRDA:270,99,0,0
BRDA:270,99,1,0
BRDA:272,100,0,0
BRDA:272,100,1,0
BRDA:272,101,0,0
BRDA:272,101,1,0
BRDA:280,102,0,0
BRDA:280,102,1,0
BRDA:280,103,0,0
BRDA:280,103,1,0
BRDA:285,104,0,0
BRDA:285,104,1,0
BRDA:296,105,0,0
BRDA:296,105,1,0
BRDA:325,106,0,0
BRDA:325,106,1,0
BRDA:327,107,0,0
BRDA:327,107,1,0
BRDA:333,108,0,0
BRDA:333,108,1,0
BRDA:339,109,0,0
BRDA:339,109,1,0
BRDA:345,110,0,0
BRDA:345,110,1,0
BRDA:345,110,2,0
BRDA:345,110,3,0
BRDA:345,111,0,0
BRDA:345,111,1,0
BRDA:347,112,0,0
BRDA:347,112,1,0
BRDA:347,113,0,0
BRDA:347,113,1,0
BRDA:351,114,0,0
BRDA:351,114,1,0
BRDA:351,114,2,0
BRDA:354,115,0,0
BRDA:354,115,1,0
BRDA:355,116,0,0
BRDA:355,116,1,0
BRDA:356,117,0,0
BRDA:356,117,1,0
BRDA:356,117,2,0
BRDA:357,118,0,0
BRDA:357,118,1,0
BRDA:357,118,2,0
BRDA:357,118,3,0
BRDA:357,118,4,0
BRDA:358,119,0,0
BRDA:358,119,1,0
BRDA:358,120,0,0
BRDA:358,120,1,0
BRDA:358,121,0,0
BRDA:358,121,1,0
BRDA:359,122,0,0
BRDA:359,122,1,0
BRDA:359,123,0,0
BRDA:359,123,1,0
BRDA:359,123,2,0
BRDA:360,124,0,0
BRDA:360,124,1,0
BRDA:360,125,0,0
BRDA:360,125,1,0
BRDA:360,125,2,0
BRDA:360,125,3,0
BRDA:361,126,0,0
BRDA:361,126,1,0
BRDA:361,127,0,0
BRDA:361,127,1,0
BRDA:361,127,2,0
BRDA:361,127,3,0
BRDA:362,128,0,0
BRDA:362,128,1,0
BRDA:362,129,0,0
BRDA:362,129,1,0
BRDA:363,130,0,0
BRDA:363,130,1,0
BRDA:363,131,0,0
BRDA:363,131,1,0
BRDA:364,132,0,0
BRDA:364,132,1,0
BRDA:365,133,0,0
BRDA:365,133,1,0
BRDA:366,134,0,0
BRDA:366,134,1,0
BRDA:366,134,2,0
BRDA:366,134,3,0
BRDA:366,134,4,0
BRDA:366,134,5,0
BRDA:378,135,0,0
BRDA:378,135,1,0
BRDA:390,136,0,0
BRDA:390,136,1,0
BRDA:409,137,0,0
BRDA:409,137,1,0
BRDA:425,138,0,0
BRDA:425,138,1,0
BRDA:428,139,0,0
BRDA:428,139,1,0
BRDA:429,140,0,0
BRDA:429,140,1,0
BRDA:437,141,0,0
BRDA:437,141,1,0
BRDA:437,141,2,0
BRDA:437,141,3,0
BRDA:438,142,0,0
BRDA:438,142,1,0
BRDA:438,143,0,0
BRDA:438,143,1,0
BRDA:438,143,2,0
BRDA:439,144,0,0
BRDA:439,144,1,0
BRDA:447,145,0,0
BRDA:447,145,1,0
BRDA:447,146,0,0
BRDA:447,146,1,0
BRDA:452,147,0,0
BRDA:452,147,1,0
BRDA:455,148,0,0
BRDA:455,148,1,0
BRDA:459,149,0,0
BRDA:459,149,1,0
BRDA:484,150,0,0
BRDA:484,150,1,0
BRDA:485,151,0,0
BRDA:485,151,1,0
BRDA:491,152,0,0
BRDA:491,152,1,0
BRDA:497,153,0,0
BRDA:497,153,1,0
BRDA:498,154,0,0
BRDA:498,154,1,0
BRDA:509,155,0,0
BRDA:509,155,1,0
BRDA:513,156,0,0
BRDA:513,156,1,0
BRDA:517,157,0,0
BRDA:517,157,1,0
BRDA:517,158,0,0
BRDA:517,158,1,0
BRDA:525,159,0,0
BRDA:525,159,1,0
BRDA:530,160,0,0
BRDA:530,160,1,0
BRDA:533,161,0,0
BRDA:533,161,1,0
BRDA:540,162,0,0
BRDA:540,162,1,0
BRDA:541,163,0,0
BRDA:541,163,1,0
BRDA:542,164,0,0
BRDA:542,164,1,0
BRDA:547,165,0,0
BRDA:547,165,1,0
BRDA:550,166,0,0
BRDA:550,166,1,0
BRDA:562,167,0,0
BRDA:562,167,1,0
BRDA:567,168,0,0
BRDA:567,168,1,0
BRDA:568,169,0,0
BRDA:568,169,1,0
BRDA:573,170,0,0
BRDA:573,170,1,0
BRDA:576,171,0,0
BRDA:576,171,1,0
BRDA:586,172,0,0
BRDA:586,172,1,0
BRDA:592,173,0,0
BRDA:592,173,1,0
BRDA:593,174,0,0
BRDA:593,174,1,0
BRDA:603,175,0,0
BRDA:603,175,1,0
BRDA:604,176,0,0
BRDA:604,176,1,0
BRDA:607,177,0,0
BRDA:607,177,1,0
BRDA:616,178,0,0
BRDA:616,178,1,0
BRDA:627,179,0,0
BRDA:627,179,1,0
BRDA:633,180,0,0
BRDA:633,180,1,0
BRDA:643,181,0,0
BRDA:643,181,1,0
BRDA:643,182,0,0
BRDA:643,182,1,0
BRDA:649,183,0,0
BRDA:649,183,1,0
BRDA:654,184,0,0
BRDA:654,184,1,0
BRDA:654,185,0,0
BRDA:654,185,1,0
BRDA:654,185,2,0
BRDA:654,185,3,0
BRDA:659,186,0,0
BRDA:659,186,1,0
BRDA:664,187,0,0
BRDA:664,187,1,0
BRDA:669,188,0,0
BRDA:669,188,1,0
BRDA:671,189,0,0
BRDA:671,189,1,0
BRDA:674,190,0,0
BRDA:674,190,1,0
BRDA:681,191,0,0
BRDA:681,191,1,0
BRDA:684,192,0,0
BRDA:684,192,1,0
BRDA:684,193,0,0
BRDA:684,193,1,0
BRDA:699,194,0,0
BRDA:699,194,1,0
BRDA:706,195,0,0
BRDA:706,195,1,0
BRDA:706,196,0,0
BRDA:706,196,1,0
BRDA:711,197,0,0
BRDA:711,197,1,0
BRDA:712,198,0,0
BRDA:712,198,1,0
BRDA:717,199,0,0
BRDA:717,199,1,0
BRDA:743,200,0,0
BRDA:743,200,1,0
BRDA:745,201,0,0
BRDA:745,201,1,0
BRDA:756,202,0,0
BRDA:756,202,1,0
BRDA:768,203,0,0
BRDA:768,203,1,0
BRDA:768,204,0,0
BRDA:768,204,1,0
BRDA:774,205,0,0
BRDA:774,205,1,0
BRDA:777,206,0,0
BRDA:777,206,1,0
BRDA:780,207,0,0
BRDA:780,207,1,0
BRDA:785,208,0,0
BRDA:785,208,1,0
BRDA:788,209,0,0
BRDA:788,209,1,0
BRDA:791,210,0,0
BRDA:791,210,1,0
BRDA:796,211,0,0
BRDA:796,211,1,0
BRDA:797,212,0,0
BRDA:797,212,1,0
BRDA:797,213,0,0
BRDA:797,213,1,0
BRDA:797,213,2,0
BRDA:799,214,0,0
BRDA:799,214,1,0
BRDA:799,215,0,0
BRDA:799,215,1,0
BRDA:806,216,0,0
BRDA:806,216,1,0
BRDA:806,217,0,0
BRDA:806,217,1,0
BRDA:809,218,0,0
BRDA:809,218,1,0
BRDA:809,219,0,0
BRDA:809,219,1,0
BRDA:818,220,0,0
BRDA:818,220,1,0
BRDA:820,221,0,0
BRDA:820,221,1,0
BRDA:821,222,0,0
BRDA:821,222,1,0
BRDA:821,223,0,0
BRDA:821,223,1,0
BRDA:821,223,2,0
BRDA:821,223,3,0
BRDA:831,224,0,0
BRDA:831,224,1,0
BRDA:831,225,0,0
BRDA:831,225,1,0
BRDA:831,225,2,0
BRDA:834,226,0,0
BRDA:834,226,1,0
BRDA:836,227,0,0
BRDA:836,227,1,0
BRDA:839,228,0,0
BRDA:839,228,1,0
BRDA:845,229,0,0
BRDA:845,229,1,0
BRDA:850,230,0,0
BRDA:850,230,1,0
BRDA:865,231,0,0
BRDA:865,231,1,0
BRDA:872,232,0,0
BRDA:872,232,1,0
BRDA:880,233,0,0
BRDA:880,233,1,0
BRDA:886,234,0,0
BRDA:886,234,1,0
BRDA:886,235,0,0
BRDA:886,235,1,0
BRDA:891,236,0,0
BRDA:891,236,1,0
BRDA:899,237,0,0
BRDA:899,237,1,0
BRDA:902,238,0,0
BRDA:902,238,1,0
BRDA:903,239,0,0
BRDA:903,239,1,0
BRDA:904,240,0,0
BRDA:904,240,1,0
BRDA:905,241,0,0
BRDA:905,241,1,0
BRDA:906,242,0,0
BRDA:906,242,1,0
BRDA:907,243,0,0
BRDA:907,243,1,0
BRDA:909,244,0,0
BRDA:909,244,1,0
BRDA:910,245,0,0
BRDA:910,245,1,0
BRDA:911,246,0,0
BRDA:911,246,1,0
BRDA:914,247,0,0
BRDA:914,247,1,0
BRDA:915,248,0,0
BRDA:915,248,1,0
BRDA:921,249,0,0
BRDA:921,249,1,0
BRDA:932,250,0,0
BRDA:932,250,1,0
BRDA:932,251,0,0
BRDA:932,251,1,0
BRDA:950,252,0,0
BRDA:950,252,1,0
BRDA:969,253,0,0
BRDA:969,253,1,0
BRDA:970,254,0,0
BRDA:970,254,1,0
BRF:568
BRH:0
end_of_record
TN:
SF:src\controllers\searchController.ts
FN:8,(anonymous_0)
FN:15,(anonymous_1)
FN:22,(anonymous_2)
FN:35,(anonymous_3)
FN:127,(anonymous_4)
FNF:5
FNH:0
FNDA:0,(anonymous_0)
FNDA:0,(anonymous_1)
FNDA:0,(anonymous_2)
FNDA:0,(anonymous_3)
FNDA:0,(anonymous_4)
DA:1,8
DA:3,8
DA:4,8
DA:8,8
DA:9,0
DA:10,0
DA:11,0
DA:12,0
DA:15,0
DA:16,0
DA:17,0
DA:18,0
DA:22,0
DA:23,0
DA:24,0
DA:35,0
DA:36,0
DA:37,0
DA:50,0
DA:89,0
DA:123,0
DA:126,0
DA:127,0
DA:128,0
DA:129,0
DA:130,0
DA:131,0
DA:132,0
DA:134,0
DA:135,0
DA:136,0
DA:138,0
DA:141,0
DA:144,8
LF:34
LH:5
BRDA:10,0,0,0
BRDA:10,0,1,0
BRDA:10,1,0,0
BRDA:10,1,1,0
BRDA:16,2,0,0
BRDA:16,2,1,0
BRDA:130,3,0,0
BRDA:130,3,1,0
BRDA:131,4,0,0
BRDA:131,4,1,0
BRDA:132,5,0,0
BRDA:132,5,1,0
BRDA:134,6,0,0
BRDA:134,6,1,0
BRDA:135,7,0,0
BRDA:135,7,1,0
BRDA:136,8,0,0
BRDA:136,8,1,0
BRF:18
BRH:0
end_of_record
TN:
SF:src\controllers\supportController.ts
FN:4,(anonymous_0)
FN:44,(anonymous_1)
FN:57,(anonymous_2)
FNF:3
FNH:0
FNDA:0,(anonymous_0)
FNDA:0,(anonymous_1)
FNDA:0,(anonymous_2)
DA:2,7
DA:4,7
DA:5,0
DA:6,0
DA:7,0
DA:9,0
DA:10,0
DA:11,0
DA:14,0
DA:15,0
DA:16,0
DA:19,0
DA:20,0
DA:21,0
DA:22,0
DA:25,0
DA:32,0
DA:34,0
DA:39,0
DA:40,0
DA:44,7
DA:45,0
DA:46,0
DA:50,0
DA:52,0
DA:53,0
DA:57,7
DA:58,0
DA:59,0
DA:60,0
DA:62,0
DA:63,0
DA:64,0
DA:65,0
DA:68,0
DA:69,0
DA:70,0
DA:72,0
DA:74,0
DA:75,0
DA:76,0
DA:79,0
DA:81,0
DA:82,0
LF:44
LH:4
BRDA:9,0,0,0
BRDA:9,0,1,0
BRDA:9,1,0,0
BRDA:9,1,1,0
BRDA:9,1,2,0
BRDA:14,2,0,0
BRDA:14,2,1,0
BRDA:14,3,0,0
BRDA:14,3,1,0
BRDA:14,3,2,0
BRDA:21,4,0,0
BRDA:21,4,1,0
BRDA:63,5,0,0
BRDA:63,5,1,0
BRDA:63,6,0,0
BRDA:63,6,1,0
BRDA:69,7,0,0
BRDA:69,7,1,0
BRDA:70,8,0,0
BRDA:70,8,1,0
BRDA:74,9,0,0
BRDA:74,9,1,0
BRF:22
BRH:0
end_of_record
TN:
SF:src\controllers\userController.ts
FN:22,(anonymous_1)
FN:60,(anonymous_2)
FN:93,(anonymous_3)
FN:138,(anonymous_4)
FN:145,(anonymous_5)
FN:175,(anonymous_6)
FN:204,(anonymous_7)
FN:215,(anonymous_8)
FN:235,(anonymous_9)
FN:266,(anonymous_10)
FN:287,(anonymous_11)
FN:342,(anonymous_12)
FN:379,(anonymous_13)
FNF:13
FNH:0
FNDA:0,(anonymous_1)
FNDA:0,(anonymous_2)
FNDA:0,(anonymous_3)
FNDA:0,(anonymous_4)
FNDA:0,(anonymous_5)
FNDA:0,(anonymous_6)
FNDA:0,(anonymous_7)
FNDA:0,(anonymous_8)
FNDA:0,(anonymous_9)
FNDA:0,(anonymous_10)
FNDA:0,(anonymous_11)
FNDA:0,(anonymous_12)
FNDA:0,(anonymous_13)
DA:1,7
DA:3,7
DA:4,7
DA:5,7
DA:6,7
DA:7,7
DA:8,7
DA:9,7
DA:10,7
DA:11,7
DA:12,7
DA:15,7
DA:16,7
DA:17,7
DA:19,7
DA:22,7
DA:23,0
DA:24,0
DA:26,0
DA:27,0
DA:28,0
DA:30,0
DA:32,0
DA:33,0
DA:34,0
DA:37,0
DA:39,0
DA:40,0
DA:42,0
DA:60,7
DA:61,0
DA:62,0
DA:64,0
DA:66,0
DA:67,0
DA:68,0
DA:71,0
DA:72,0
DA:73,0
DA:76,0
DA:77,0
DA:78,0
DA:80,0
DA:86,0
DA:93,7
DA:94,0
DA:95,0
DA:97,0
DA:98,0
DA:99,0
DA:102,0
DA:103,0
DA:104,0
DA:107,0
DA:108,0
DA:109,0
DA:110,0
DA:113,0
DA:114,0
DA:115,0
DA:116,0
DA:119,0
DA:124,0
DA:125,0
DA:126,0
DA:128,0
DA:129,0
DA:132,0
DA:134,0
DA:138,7
DA:139,0
DA:140,0
DA:141,0
DA:145,7
DA:146,0
DA:149,0
DA:150,0
DA:152,0
DA:153,0
DA:154,0
DA:155,0
DA:156,0
DA:157,0
DA:158,0
DA:165,0
DA:166,0
DA:167,0
DA:170,0
DA:171,0
DA:175,7
DA:176,0
DA:177,0
DA:179,0
DA:180,0
DA:181,0
DA:184,0
DA:185,0
DA:186,0
DA:189,0
DA:197,0
DA:204,7
DA:206,0
DA:211,0
DA:215,7
DA:216,0
DA:217,0
DA:218,0
DA:219,0
DA:220,0
DA:221,0
DA:222,0
DA:223,0
DA:224,0
DA:225,0
DA:227,0
DA:229,0
DA:230,0
DA:235,7
DA:236,0
DA:237,0
DA:239,0
DA:240,0
DA:241,0
DA:244,0
DA:266,0
DA:267,0
DA:268,0
DA:271,0
DA:272,0
DA:274,0
DA:283,0
DA:287,7
DA:288,0
DA:289,0
DA:290,0
DA:293,0
DA:294,0
DA:295,0
DA:296,0
DA:297,0
DA:300,0
DA:301,0
DA:302,0
DA:305,0
DA:306,0
DA:309,0
DA:310,0
DA:311,0
DA:312,0
DA:316,0
DA:319,0
DA:320,0
DA:321,0
DA:330,0
DA:342,7
DA:343,0
DA:344,0
DA:346,0
DA:347,0
DA:348,0
DA:351,0
DA:352,0
DA:353,0
DA:356,0
DA:357,0
DA:363,0
DA:364,0
DA:373,0
DA:374,0
DA:379,7
DA:380,0
DA:382,0
DA:383,0
DA:384,0
DA:387,0
DA:388,0
DA:394,0
DA:395,0
DA:397,0
DA:398,0
LF:180
LH:27
BRDA:26,0,0,0
BRDA:26,0,1,0
BRDA:32,1,0,0
BRDA:32,1,1,0
BRDA:66,2,0,0
BRDA:66,2,1,0
BRDA:66,3,0,0
BRDA:66,3,1,0
BRDA:71,4,0,0
BRDA:71,4,1,0
BRDA:71,5,0,0
BRDA:71,5,1,0
BRDA:77,6,0,0
BRDA:77,6,1,0
BRDA:78,7,0,0
BRDA:78,7,1,0
BRDA:97,8,0,0
BRDA:97,8,1,0
BRDA:102,9,0,0
BRDA:102,9,1,0
BRDA:108,10,0,0
BRDA:108,10,1,0
BRDA:114,11,0,0
BRDA:114,11,1,0
BRDA:119,12,0,0
BRDA:119,12,1,0
BRDA:124,13,0,0
BRDA:124,13,1,0
BRDA:152,14,0,0
BRDA:152,14,1,0
BRDA:152,15,0,0
BRDA:152,15,1,0
BRDA:157,16,0,0
BRDA:157,16,1,0
BRDA:166,17,0,0
BRDA:166,17,1,0
BRDA:179,18,0,0
BRDA:179,18,1,0
BRDA:179,19,0,0
BRDA:179,19,1,0
BRDA:179,19,2,0
BRDA:184,20,0,0
BRDA:184,20,1,0
BRDA:218,21,0,0
BRDA:218,21,1,0
BRDA:220,22,0,0
BRDA:220,22,1,0
BRDA:222,23,0,0
BRDA:222,23,1,0
BRDA:224,24,0,0
BRDA:224,24,1,0
BRDA:227,25,0,0
BRDA:227,25,1,0
BRDA:237,26,0,0
BRDA:239,27,0,0
BRDA:239,27,1,0
BRDA:267,28,0,0
BRDA:267,28,1,0
BRDA:268,29,0,0
BRDA:268,29,1,0
BRDA:288,30,0,0
BRDA:288,30,1,0
BRDA:295,31,0,0
BRDA:295,31,1,0
BRDA:300,32,0,0
BRDA:300,32,1,0
BRDA:309,33,0,0
BRDA:309,33,1,0
BRDA:311,34,0,0
BRDA:311,34,1,0
BRDA:320,35,0,0
BRDA:320,35,1,0
BRDA:346,36,0,0
BRDA:346,36,1,0
BRDA:351,37,0,0
BRDA:351,37,1,0
BRDA:382,38,0,0
BRDA:382,38,1,0
BRF:78
BRH:0
end_of_record
TN:
SF:src\enums\CallDirection.enum.ts
FN:1,(anonymous_0)
FNF:1
FNH:1
FNDA:9,(anonymous_0)
DA:1,9
DA:2,9
DA:3,9
LF:3
LH:3
BRDA:1,0,0,9
BRDA:1,0,1,9
BRF:2
BRH:2
end_of_record
TN:
SF:src\enums\CallEvents.ts
FN:3,(anonymous_0)
FNF:1
FNH:1
FNDA:1,(anonymous_0)
DA:3,1
DA:4,1
DA:5,1
DA:6,1
DA:7,1
DA:8,1
DA:9,1
DA:10,1
DA:11,1
DA:12,1
DA:13,1
LF:11
LH:11
BRDA:3,0,0,1
BRDA:3,0,1,1
BRF:2
BRH:2
end_of_record
TN:
SF:src\enums\CallStatus.enum.ts
FN:1,(anonymous_0)
FNF:1
FNH:1
FNDA:10,(anonymous_0)
DA:1,10
DA:2,10
DA:3,10
DA:4,10
DA:5,10
DA:6,10
DA:7,10
DA:8,10
LF:8
LH:8
BRDA:1,0,0,10
BRDA:1,0,1,10
BRF:2
BRH:2
end_of_record
TN:
SF:src\enums\RescueStatus.ts
FN:1,(anonymous_0)
FNF:1
FNH:1
FNDA:7,(anonymous_0)
DA:1,7
DA:2,7
DA:3,7
DA:4,7
DA:5,7
DA:6,7
LF:6
LH:6
BRDA:1,0,0,7
BRDA:1,0,1,7
BRF:2
BRH:2
end_of_record
TN:
SF:src\enums\Role.enum.ts
FN:3,(anonymous_0)
FNF:1
FNH:1
FNDA:8,(anonymous_0)
DA:3,8
DA:4,8
DA:5,8
DA:6,8
DA:7,8
DA:8,8
LF:6
LH:6
BRDA:3,0,0,8
BRDA:3,0,1,8
BRF:2
BRH:2
end_of_record
TN:
SF:src\middleware\authMiddleware.ts
FN:14,(anonymous_0)
FN:34,(anonymous_1)
FNF:2
FNH:0
FNDA:0,(anonymous_0)
FNDA:0,(anonymous_1)
DA:6,8
DA:14,8
DA:15,0
DA:17,0
DA:18,0
DA:19,0
DA:22,0
DA:24,0
DA:25,0
DA:26,0
DA:27,0
DA:29,0
DA:30,0
DA:34,8
DA:35,0
DA:37,0
DA:38,0
DA:39,0
DA:40,0
DA:41,0
DA:46,0
DA:51,8
DA:52,8
DA:53,8
LF:24
LH:6
BRDA:17,0,0,0
BRDA:17,0,1,0
BRDA:17,1,0,0
BRDA:17,1,1,0
BRDA:37,2,0,0
BRDA:37,2,1,0
BRDA:37,3,0,0
BRDA:37,3,1,0
BRF:8
BRH:0
end_of_record
TN:
SF:src\middleware\errorHandler.ts
FN:8,(anonymous_0)
FNF:1
FNH:0
FNDA:0,(anonymous_0)
DA:8,7
DA:9,0
DA:11,0
DA:12,0
DA:14,0
DA:20,7
LF:6
LH:2
BRDA:11,0,0,0
BRDA:11,0,1,0
BRDA:12,1,0,0
BRDA:12,1,1,0
BRDA:16,2,0,0
BRDA:16,2,1,0
BRF:6
BRH:0
end_of_record
TN:
SF:src\services\callLogService.ts
FN:12,(anonymous_1)
FN:30,(anonymous_2)
FN:45,(anonymous_3)
FN:62,(anonymous_4)
FN:79,(anonymous_5)
FN:113,(anonymous_6)
FN:122,(anonymous_7)
FN:149,(anonymous_8)
FN:157,(anonymous_9)
FN:166,(anonymous_10)
FNF:10
FNH:0
FNDA:0,(anonymous_1)
FNDA:0,(anonymous_2)
FNDA:0,(anonymous_3)
FNDA:0,(anonymous_4)
FNDA:0,(anonymous_5)
FNDA:0,(anonymous_6)
FNDA:0,(anonymous_7)
FNDA:0,(anonymous_8)
FNDA:0,(anonymous_9)
FNDA:0,(anonymous_10)
DA:1,9
DA:2,9
DA:3,9
DA:4,9
DA:6,9
DA:13,0
DA:14,0
DA:21,0
DA:23,0
DA:31,0
DA:32,0
DA:37,0
DA:38,0
DA:46,0
DA:47,0
DA:48,0
DA:49,0
DA:50,0
DA:51,0
DA:52,0
DA:55,0
DA:63,0
DA:64,0
DA:65,0
DA:66,0
DA:67,0
DA:68,0
DA:69,0
DA:72,0
DA:80,0
DA:82,0
DA:88,0
DA:89,0
DA:90,0
DA:92,0
DA:94,0
DA:97,0
DA:98,0
DA:99,0
DA:102,0
DA:103,0
DA:106,0
DA:114,0
DA:122,0
DA:123,0
DA:125,0
DA:150,0
DA:154,0
DA:158,0
DA:167,0
DA:168,0
DA:173,0
DA:174,0
DA:179,9
LF:54
LH:6
BRDA:12,0,0,0
BRDA:48,1,0,0
BRDA:48,1,1,0
BRDA:65,2,0,0
BRDA:65,2,1,0
BRDA:88,3,0,0
BRDA:88,3,1,0
BRDA:92,4,0,0
BRDA:92,4,1,0
BRDA:98,5,0,0
BRDA:98,5,1,0
BRDA:138,6,0,0
BRDA:138,6,1,0
BRF:13
BRH:0
end_of_record
TN:
SF:src\services\callSignallingService.ts
FN:10,(anonymous_1)
FN:17,(anonymous_2)
FN:21,(anonymous_3)
FN:29,(anonymous_4)
FN:37,(anonymous_5)
FN:47,(anonymous_6)
FN:83,(anonymous_7)
FN:97,(anonymous_8)
FN:102,(anonymous_9)
FN:109,(anonymous_10)
FN:114,(anonymous_11)
FN:127,(anonymous_12)
FN:136,(anonymous_13)
FN:145,(anonymous_14)
FN:155,(anonymous_15)
FN:162,(anonymous_16)
FN:167,(anonymous_17)
FN:183,(anonymous_18)
FN:188,(anonymous_19)
FNF:19
FNH:1
FNDA:1,(anonymous_1)
FNDA:0,(anonymous_2)
FNDA:0,(anonymous_3)
FNDA:0,(anonymous_4)
FNDA:0,(anonymous_5)
FNDA:0,(anonymous_6)
FNDA:0,(anonymous_7)
FNDA:0,(anonymous_8)
FNDA:0,(anonymous_9)
FNDA:0,(anonymous_10)
FNDA:0,(anonymous_11)
FNDA:0,(anonymous_12)
FNDA:0,(anonymous_13)
FNDA:0,(anonymous_14)
FNDA:0,(anonymous_15)
FNDA:0,(anonymous_16)
FNDA:0,(anonymous_17)
FNDA:0,(anonymous_18)
FNDA:0,(anonymous_19)
DA:4,1
DA:6,1
DA:7,1
DA:8,1
DA:12,1
DA:15,1
DA:18,0
DA:22,0
DA:23,0
DA:24,0
DA:25,0
DA:30,0
DA:31,0
DA:33,0
DA:34,0
DA:38,0
DA:39,0
DA:40,0
DA:41,0
DA:43,0
DA:48,0
DA:50,0
DA:51,0
DA:52,0
DA:53,0
DA:54,0
DA:55,0
DA:56,0
DA:59,0
DA:62,0
DA:63,0
DA:64,0
DA:65,0
DA:66,0
DA:67,0
DA:68,0
DA:71,0
DA:74,0
DA:77,0
DA:80,0
DA:81,0
DA:83,0
DA:84,0
DA:85,0
DA:88,0
DA:91,0
DA:92,0
DA:93,0
DA:97,0
DA:98,0
DA:103,0
DA:104,0
DA:106,0
DA:109,0
DA:110,0
DA:115,0
DA:116,0
DA:117,0
DA:118,0
DA:119,0
DA:120,0
DA:123,0
DA:128,0
DA:129,0
DA:130,0
DA:132,0
DA:133,0
DA:137,0
DA:138,0
DA:139,0
DA:141,0
DA:142,0
DA:146,0
DA:147,0
DA:148,0
DA:151,0
DA:152,0
DA:156,0
DA:157,0
DA:159,0
DA:162,0
DA:163,0
DA:168,0
DA:170,0
DA:175,0
DA:177,0
DA:183,0
DA:184,0
DA:189,0
DA:190,0
DA:191,0
DA:192,0
DA:193,0
DA:194,0
DA:196,0
DA:198,0
DA:201,0
DA:204,0
DA:209,1
LF:99
LH:7
BRDA:23,0,0,0
BRDA:23,0,1,0
BRDA:30,1,0,0
BRDA:30,1,1,0
BRDA:38,2,0,0
BRDA:38,2,1,0
BRDA:40,3,0,0
BRDA:40,3,1,0
BRDA:52,4,0,0
BRDA:52,4,1,0
BRDA:65,5,0,0
BRDA:65,5,1,0
BRDA:117,6,0,0
BRDA:117,6,1,0
BRDA:120,7,0,0
BRDA:120,7,1,0
BRDA:120,7,2,0
BRDA:120,7,3,0
BRDA:128,8,0,0
BRDA:128,8,1,0
BRDA:137,9,0,0
BRDA:137,9,1,0
BRDA:146,10,0,0
BRDA:146,10,1,0
BRDA:168,11,0,0
BRDA:168,11,1,0
BRDA:175,12,0,0
BRDA:175,12,1,0
BRDA:175,13,0,0
BRDA:175,13,1,0
BRDA:192,14,0,0
BRDA:192,14,1,0
BRF:32
BRH:0
end_of_record
TN:
SF:src\services\donorLookupService.ts
FN:4,(anonymous_0)
FN:5,(anonymous_1)
FN:10,(anonymous_2)
FN:14,(anonymous_3)
FNF:4
FNH:0
FNDA:0,(anonymous_0)
FNDA:0,(anonymous_1)
FNDA:0,(anonymous_2)
FNDA:0,(anonymous_3)
DA:1,7
DA:3,7
DA:5,0
DA:7,0
DA:9,0
DA:10,0
DA:11,0
DA:14,0
DA:21,7
LF:9
LH:3
BRDA:16,0,0,0
BRDA:16,0,1,0
BRDA:16,1,0,0
BRDA:16,1,1,0
BRF:4
BRH:0
end_of_record
TN:
SF:src\services\jwtService.ts
FN:12,(anonymous_1)
FN:26,(anonymous_2)
FNF:2
FNH:0
FNDA:0,(anonymous_1)
FNDA:0,(anonymous_2)
DA:1,8
DA:3,8
DA:13,0
DA:14,0
DA:16,0
DA:27,0
DA:28,0
DA:30,0
LF:8
LH:2
BRDA:12,0,0,0
BRDA:13,1,0,0
BRDA:13,1,1,0
BRDA:27,2,0,0
BRDA:27,2,1,0
BRF:5
BRH:0
end_of_record
TN:
SF:src\services\messageEncryptionService.ts
FN:18,encryptMessage
FN:48,decryptMessage
FNF:2
FNH:0
FNDA:0,encryptMessage
FNDA:0,decryptMessage
DA:1,8
DA:3,8
DA:4,8
DA:18,8
DA:20,0
DA:21,0
DA:22,0
DA:25,0
DA:26,0
DA:28,0
DA:30,0
DA:31,0
DA:33,0
DA:35,0
DA:48,8
DA:49,0
DA:50,0
DA:51,0
DA:54,0
DA:55,0
DA:56,0
DA:58,0
DA:59,0
DA:61,0
DA:62,0
DA:64,0
LF:26
LH:5
BRDA:21,0,0,0
BRDA:21,0,1,0
BRDA:50,1,0,0
BRDA:50,1,1,0
BRF:4
BRH:0
end_of_record
TN:
SF:src\services\passwordService.ts
FN:11,(anonymous_1)
FN:22,(anonymous_2)
FNF:2
FNH:0
FNDA:0,(anonymous_1)
FNDA:0,(anonymous_2)
DA:1,8
DA:3,8
DA:12,0
DA:23,0
LF:4
LH:2
BRDA:11,0,0,0
BRF:1
BRH:0
end_of_record
TN:
SF:src\services\privacyService.ts
FN:12,(anonymous_0)
FN:35,(anonymous_1)
FN:41,(anonymous_2)
FN:45,(anonymous_3)
FN:79,(anonymous_4)
FN:85,(anonymous_5)
FN:89,(anonymous_6)
FNF:7
FNH:0
FNDA:0,(anonymous_0)
FNDA:0,(anonymous_1)
FNDA:0,(anonymous_2)
FNDA:0,(anonymous_3)
FNDA:0,(anonymous_4)
FNDA:0,(anonymous_5)
FNDA:0,(anonymous_6)
DA:3,9
DA:4,9
DA:5,9
DA:14,0
DA:22,0
DA:25,0
DA:30,0
DA:32,0
DA:36,0
DA:37,0
DA:39,0
DA:41,0
DA:42,0
DA:45,0
DA:46,0
DA:49,0
DA:51,0
DA:53,0
DA:54,0
DA:57,0
DA:60,0
DA:62,0
DA:65,0
DA:66,0
DA:67,0
DA:70,0
DA:72,0
DA:73,0
DA:76,0
DA:80,0
DA:81,0
DA:83,0
DA:85,0
DA:86,0
DA:89,0
DA:90,0
DA:93,0
DA:95,0
DA:97,0
DA:98,0
DA:101,0
DA:104,0
DA:106,0
DA:109,0
DA:110,0
DA:111,0
DA:114,0
DA:116,0
DA:117,0
DA:120,0
DA:124,9
LF:51
LH:4
BRDA:22,0,0,0
BRDA:22,0,1,0
BRDA:30,1,0,0
BRDA:30,1,1,0
BRDA:39,2,0,0
BRDA:39,2,1,0
BRDA:39,3,0,0
BRDA:39,3,1,0
BRDA:41,4,0,0
BRDA:41,4,1,0
BRDA:41,5,0,0
BRDA:41,5,1,0
BRDA:45,6,0,0
BRDA:45,6,1,0
BRDA:45,7,0,0
BRDA:45,7,1,0
BRDA:49,8,0,0
BRDA:49,8,1,0
BRDA:51,9,0,0
BRDA:51,9,1,0
BRDA:53,10,0,0
BRDA:53,10,1,0
BRDA:57,11,0,0
BRDA:57,11,1,0
BRDA:60,12,0,0
BRDA:60,12,1,0
BRDA:65,13,0,0
BRDA:65,13,1,0
BRDA:66,14,0,0
BRDA:66,14,1,0
BRDA:70,15,0,0
BRDA:70,15,1,0
BRDA:72,16,0,0
BRDA:72,16,1,0
BRDA:83,17,0,0
BRDA:83,17,1,0
BRDA:83,18,0,0
BRDA:83,18,1,0
BRDA:85,19,0,0
BRDA:85,19,1,0
BRDA:85,20,0,0
BRDA:85,20,1,0
BRDA:89,21,0,0
BRDA:89,21,1,0
BRDA:89,22,0,0
BRDA:89,22,1,0
BRDA:93,23,0,0
BRDA:93,23,1,0
BRDA:95,24,0,0
BRDA:95,24,1,0
BRDA:97,25,0,0
BRDA:97,25,1,0
BRDA:101,26,0,0
BRDA:101,26,1,0
BRDA:104,27,0,0
BRDA:104,27,1,0
BRDA:109,28,0,0
BRDA:109,28,1,0
BRDA:110,29,0,0
BRDA:110,29,1,0
BRDA:114,30,0,0
BRDA:114,30,1,0
BRDA:116,31,0,0
BRDA:116,31,1,0
BRF:64
BRH:0
end_of_record
TN:
SF:src\services\profileStatsService.ts
FN:138,(anonymous_0)
FN:20,(anonymous_1)
FN:32,(anonymous_2)
FN:65,(anonymous_3)
FN:97,(anonymous_4)
FNF:5
FNH:0
FNDA:0,(anonymous_0)
FNDA:0,(anonymous_1)
FNDA:0,(anonymous_2)
FNDA:0,(anonymous_3)
FNDA:0,(anonymous_4)
DA:1,7
DA:2,7
DA:3,7
DA:4,7
DA:5,7
DA:6,7
DA:7,7
DA:8,7
DA:9,7
DA:18,7
DA:19,7
DA:21,0
DA:22,0
DA:23,0
DA:33,0
DA:34,0
DA:35,0
DA:37,0
DA:38,0
DA:41,0
DA:45,0
DA:48,0
DA:50,0
DA:66,0
DA:67,0
DA:68,0
DA:70,0
DA:71,0
DA:74,0
DA:79,0
DA:98,0
DA:99,0
DA:100,0
DA:102,0
DA:103,0
DA:106,0
DA:111,0
DA:139,0
DA:141,0
DA:143,0
DA:144,0
DA:145,0
DA:148,0
DA:149,0
LF:44
LH:11
BRDA:144,0,0,0
BRDA:144,0,1,0
BRDA:21,1,0,0
BRDA:21,1,1,0
BRDA:25,2,0,0
BRDA:25,2,1,0
BRDA:26,3,0,0
BRDA:26,3,1,0
BRDA:27,4,0,0
BRDA:27,4,1,0
BRDA:33,5,0,0
BRDA:33,5,1,0
BRDA:35,6,0,0
BRDA:35,6,1,0
BRDA:48,7,0,0
BRDA:48,7,1,0
BRDA:52,8,0,0
BRDA:52,8,1,0
BRDA:53,9,0,0
BRDA:53,9,1,0
BRDA:54,10,0,0
BRDA:54,10,1,0
BRDA:55,11,0,0
BRDA:55,11,1,0
BRDA:66,12,0,0
BRDA:66,12,1,0
BRDA:68,13,0,0
BRDA:68,13,1,0
BRDA:81,14,0,0
BRDA:81,14,1,0
BRDA:82,15,0,0
BRDA:82,15,1,0
BRDA:83,16,0,0
BRDA:83,16,1,0
BRDA:84,17,0,0
BRDA:84,17,1,0
BRDA:85,18,0,0
BRDA:85,18,1,0
BRDA:86,19,0,0
BRDA:86,19,1,0
BRDA:87,20,0,0
BRDA:87,20,1,0
BRDA:88,21,0,0
BRDA:88,21,1,0
BRDA:93,22,0,0
BRDA:93,22,1,0
BRDA:98,23,0,0
BRDA:98,23,1,0
BRDA:100,24,0,0
BRDA:100,24,1,0
BRDA:113,25,0,0
BRDA:113,25,1,0
BRDA:114,26,0,0
BRDA:114,26,1,0
BRDA:115,27,0,0
BRDA:115,27,1,0
BRDA:116,28,0,0
BRDA:116,28,1,0
BRDA:117,29,0,0
BRDA:117,29,1,0
BRDA:118,30,0,0
BRDA:118,30,1,0
BRDA:123,31,0,0
BRDA:123,31,1,0
BRDA:124,32,0,0
BRDA:124,32,1,0
BRF:66
BRH:0
end_of_record
TN:
SF:src\services\rescueService.ts
FN:43,(anonymous_1)
FN:59,(anonymous_2)
FN:83,(anonymous_3)
FN:120,(anonymous_4)
FNF:4
FNH:0
FNDA:0,(anonymous_1)
FNDA:0,(anonymous_2)
FNDA:0,(anonymous_3)
FNDA:0,(anonymous_4)
DA:1,7
DA:2,7
DA:3,7
DA:4,7
DA:6,7
DA:7,7
DA:39,7
DA:44,0
DA:45,0
DA:47,0
DA:48,0
DA:49,0
DA:50,0
DA:51,0
DA:55,0
DA:57,0
DA:58,0
DA:59,0
DA:60,0
DA:61,0
DA:66,0
DA:67,0
DA:70,0
DA:71,0
DA:74,0
DA:76,0
DA:77,0
DA:80,0
DA:81,0
DA:83,0
DA:85,0
DA:86,0
DA:87,0
DA:88,0
DA:89,0
DA:90,0
DA:94,0
DA:99,0
DA:100,0
DA:101,0
DA:105,0
DA:107,0
DA:121,0
DA:122,0
DA:123,0
DA:125,0
DA:126,0
DA:127,0
DA:130,0
DA:131,0
DA:132,0
DA:134,0
DA:155,0
DA:157,0
DA:158,0
DA:166,0
DA:169,0
LF:57
LH:7
BRDA:44,0,0,0
BRDA:47,1,0,0
BRDA:47,1,1,0
BRDA:48,2,0,0
BRDA:48,2,1,0
BRDA:48,3,0,0
BRDA:48,3,1,0
BRDA:50,4,0,0
BRDA:50,4,1,0
BRDA:50,5,0,0
BRDA:50,5,1,0
BRDA:58,6,0,0
BRDA:58,6,1,0
BRDA:58,7,0,0
BRDA:58,7,1,0
BRDA:58,7,2,0
BRDA:60,8,0,0
BRDA:60,8,1,0
BRDA:66,9,0,0
BRDA:66,9,1,0
BRDA:70,10,0,0
BRDA:70,10,1,0
BRDA:70,11,0,0
BRDA:70,11,1,0
BRDA:76,12,0,0
BRDA:76,12,1,0
BRDA:85,13,0,0
BRDA:85,13,1,0
BRDA:86,14,0,0
BRDA:86,14,1,0
BRDA:87,15,0,0
BRDA:87,15,1,0
BRDA:89,16,0,0
BRDA:89,16,1,0
BRDA:89,17,0,0
BRDA:89,17,1,0
BRDA:99,18,0,0
BRDA:99,18,1,0
BRDA:105,19,0,0
BRDA:105,19,1,0
BRDA:126,20,0,0
BRDA:126,20,1,0
BRDA:126,21,0,0
BRDA:126,21,1,0
BRDA:130,22,0,0
BRDA:130,22,1,0
BRDA:130,22,2,0
BRDA:131,23,0,0
BRDA:131,23,1,0
BRDA:131,23,2,0
BRDA:132,24,0,0
BRDA:132,24,1,0
BRDA:132,24,2,0
BRDA:132,24,3,0
BRDA:138,25,0,0
BRDA:138,25,1,0
BRDA:139,26,0,0
BRDA:139,26,1,0
BRDA:140,27,0,0
BRDA:140,27,1,0
BRDA:141,28,0,0
BRDA:141,28,1,0
BRDA:142,29,0,0
BRDA:142,29,1,0
BRDA:143,30,0,0
BRDA:143,30,1,0
BRDA:144,31,0,0
BRDA:144,31,1,0
BRDA:145,32,0,0
BRDA:145,32,1,0
BRDA:146,33,0,0
BRDA:146,33,1,0
BRDA:147,34,0,0
BRDA:147,34,1,0
BRDA:148,35,0,0
BRDA:148,35,1,0
BRDA:149,36,0,0
BRDA:149,36,1,0
BRDA:157,37,0,0
BRDA:157,37,1,0
BRDA:161,38,0,0
BRDA:161,38,1,0
BRDA:164,39,0,0
BRDA:164,39,1,0
BRF:84
BRH:0
end_of_record
TN:
SF:src\utils\catchAsync.ts
FN:3,(anonymous_0)
FN:4,(anonymous_1)
FNF:2
FNH:1
FNDA:553,(anonymous_0)
FNDA:0,(anonymous_1)
DA:3,7
DA:4,553
DA:5,0
LF:3
LH:2
BRF:0
BRH:0
end_of_record
TN:
SF:src\utils\cloudinaryUpload.ts
FN:1,(anonymous_0)
FN:9,(anonymous_1)
FN:15,(anonymous_2)
FNF:3
FNH:0
FNDA:0,(anonymous_0)
FNDA:0,(anonymous_1)
FNDA:0,(anonymous_2)
DA:1,7
DA:3,0
DA:7,0
DA:8,0
DA:9,0
DA:10,0
DA:16,0
DA:17,0
DA:20,0
DA:21,0
DA:25,0
DA:26,0
DA:27,0
DA:28,0
DA:29,0
DA:31,0
DA:36,0
DA:37,0
DA:38,0
DA:41,0
DA:42,0
DA:46,7
LF:22
LH:2
BRDA:3,0,0,0
BRDA:3,0,1,0
BRDA:3,0,2,0
BRDA:7,1,0,0
BRDA:7,1,1,0
BRDA:16,2,0,0
BRDA:16,2,1,0
BRDA:17,3,0,0
BRDA:17,3,1,0
BRDA:36,4,0,0
BRDA:36,4,1,0
BRDA:42,5,0,0
BRDA:42,5,1,0
BRF:13
BRH:0
end_of_record
TN:
SF:src\utils\distance.ts
FN:8,getDistance
FNF:1
FNH:0
FNDA:0,getDistance
DA:9,0
DA:12,0
DA:13,0
DA:17,0
DA:23,0
DA:26,7
LF:6
LH:1
BRF:0
BRH:0
end_of_record
TN:
SF:src\utils\logger.ts
FN:6,(anonymous_0)
FN:14,(anonymous_1)
FN:22,(anonymous_2)
FNF:3
FNH:0
FNDA:0,(anonymous_0)
FNDA:0,(anonymous_1)
FNDA:0,(anonymous_2)
DA:1,7
DA:7,0
DA:8,0
DA:15,0
DA:16,0
DA:23,0
DA:24,0
LF:7
LH:1
BRDA:8,0,0,0
BRDA:8,0,1,0
BRDA:16,1,0,0
BRDA:16,1,1,0
BRDA:24,2,0,0
BRDA:24,2,1,0
BRF:6
BRH:0
end_of_record
TN:
SF:src\utils\rescueMathHelper.ts
FN:10,(anonymous_0)
FN:15,(anonymous_1)
FN:40,(anonymous_2)
FN:46,(anonymous_3)
FNF:4
FNH:0
FNDA:0,(anonymous_0)
FNDA:0,(anonymous_1)
FNDA:0,(anonymous_2)
FNDA:0,(anonymous_3)
DA:3,7
DA:4,7
DA:11,0
DA:12,0
DA:16,0
DA:17,0
DA:18,0
DA:20,0
DA:21,0
DA:31,0
DA:41,0
DA:42,0
DA:43,0
DA:47,0
LF:14
LH:2
BRDA:10,0,0,0
BRDA:12,1,0,0
BRDA:12,1,1,0
BRDA:15,2,0,0
BRDA:15,3,0,0
BRDA:16,4,0,0
BRDA:16,4,1,0
BRDA:16,5,0,0
BRDA:16,5,1,0
BRDA:17,6,0,0
BRDA:17,6,1,0
BRDA:18,7,0,0
BRDA:18,7,1,0
BRDA:20,8,0,0
BRDA:20,8,1,0
BRDA:20,9,0,0
BRDA:20,9,1,0
BRDA:26,10,0,0
BRDA:26,10,1,0
BRDA:36,11,0,0
BRDA:36,11,1,0
BRDA:36,11,2,0
BRDA:41,12,0,0
BRDA:41,12,1,0
BRDA:41,13,0,0
BRDA:41,13,1,0
BRF:26
BRH:0
end_of_record
TN:
SF:src\validators\authValidator.ts
FN:7,(anonymous_0)
FNF:1
FNH:0
FNDA:0,(anonymous_0)
DA:3,8
DA:8,0
DA:10,0
DA:11,0
DA:14,0
DA:15,0
DA:18,0
DA:19,0
DA:20,0
DA:23,0
LF:10
LH:1
BRDA:10,0,0,0
BRDA:10,0,1,0
BRDA:10,1,0,0
BRDA:10,1,1,0
BRDA:10,1,2,0
BRDA:10,1,3,0
BRDA:14,2,0,0
BRDA:14,2,1,0
BRDA:19,3,0,0
BRDA:19,3,1,0
BRF:10
BRH:0
end_of_record
